#-----------------------------------------------------------
# Webtalk v2017.4 (64-bit)
# SW Build 2086221 on Fri Dec 15 20:55:39 MST 2017
# 
# Start of session at: Tue Jan  5 21:53:35 2021
# Process ID: 5664
# Current directory: C:/Users/labview/gpio_interrupt_f/gpio_interrupt_f.sdk/webtalk
# Command line: wbtcv.exe -mode batch -source sdk_webtalk.tcl
# Log file: C:/Users/labview/gpio_interrupt_f/gpio_interrupt_f.sdk/webtalk/webtalk.log
# Journal file: C:/Users/labview/gpio_interrupt_f/gpio_interrupt_f.sdk/webtalk\webtalk.jou
#-----------------------------------------------------------
source sdk_webtalk.tcl
# webtalk_init -webtalk_dir C:\\Users\\labview\\gpio_interrupt_f\\gpio_interrupt_f.sdk\\webtalk
# webtalk_register_client -client project
# webtalk_add_data -client project -key date_generated -value "2021-01-05 21:53:34" -context "software_version_and_target_device"
# webtalk_add_data -client project -key product_version -value "SDK v2017.4" -context "software_version_and_target_device"
# webtalk_add_data -client project -key build_version -value "2017.4" -context "software_version_and_target_device"
# webtalk_add_data -client project -key os_platform -value "amd64" -context "software_version_and_target_device"
# webtalk_add_data -client project -key registration_id -value "211943722_0_0_107" -context "software_version_and_target_device"
# webtalk_add_data -client project -key tool_flow -value "SDK" -context "software_version_and_target_device"
# webtalk_add_data -client project -key beta -value "false" -context "software_version_and_target_device"
# webtalk_add_data -client project -key route_design -value "NA" -context "software_version_and_target_device"
# webtalk_add_data -client project -key target_family -value "NA" -context "software_version_and_target_device"
# webtalk_add_data -client project -key target_device -value "NA" -context "software_version_and_target_device"
# webtalk_add_data -client project -key target_package -value "NA" -context "software_version_and_target_device"
# webtalk_add_data -client project -key target_speed -value "NA" -context "software_version_and_target_device"
# webtalk_add_data -client project -key random_id -value "ujd6s68cv6u1e9ti0m72g7bpb8" -context "software_version_and_target_device"
# webtalk_add_data -client project -key project_id -value "2017.4_123" -context "software_version_and_target_device"
# webtalk_add_data -client project -key project_iteration -value "123" -context "software_version_and_target_device"
# webtalk_add_data -client project -key os_name -value "Microsoft Windows 8 or later , 64-bit" -context "user_environment"
# webtalk_add_data -client project -key os_release -value "major release  (build 9200)" -context "user_environment"
# webtalk_add_data -client project -key cpu_name -value "Intel(R) Core(TM) i3-8100 CPU @ 3.60GHz" -context "user_environment"
# webtalk_add_data -client project -key cpu_speed -value "3600 MHz" -context "user_environment"
# webtalk_add_data -client project -key total_processors -value "1" -context "user_environment"
# webtalk_add_data -client project -key system_ram -value "8.418 GB" -context "user_environment"
# webtalk_register_client -client sdk
# webtalk_add_data -client sdk -key uid -value "1609860122569" -context "sdk\\\\hardware/1609860122569"
# webtalk_add_data -client sdk -key isZynq -value "false" -context "sdk\\\\hardware/1609860122569"
# webtalk_add_data -client sdk -key isZynqMP -value "false" -context "sdk\\\\hardware/1609860122569"
# webtalk_add_data -client sdk -key Processors -value "1" -context "sdk\\\\hardware/1609860122569"
# webtalk_add_data -client sdk -key VivadoVersion -value "2017.4" -context "sdk\\\\hardware/1609860122569"
# webtalk_add_data -client sdk -key Arch -value "artix7" -context "sdk\\\\hardware/1609860122569"
# webtalk_add_data -client sdk -key Device -value "7a100t" -context "sdk\\\\hardware/1609860122569"
# webtalk_add_data -client sdk -key IsHandoff -value "true" -context "sdk\\\\hardware/1609860122569"
# webtalk_add_data -client sdk -key os -value "NA" -context "sdk\\\\hardware/1609860122569"
# webtalk_add_data -client sdk -key apptemplate -value "NA" -context "sdk\\\\hardware/1609860122569"
# webtalk_add_data -client sdk -key RecordType -value "HWCreation" -context "sdk\\\\hardware/1609860122569"
# webtalk_add_data -client sdk -key uid -value "1609860340418" -context "sdk\\\\bsp/1609860340418"
# webtalk_add_data -client sdk -key hwid -value "1609860122569" -context "sdk\\\\bsp/1609860340418"
# webtalk_add_data -client sdk -key os -value "standalone" -context "sdk\\\\bsp/1609860340418"
# webtalk_add_data -client sdk -key apptemplate -value "hello_world" -context "sdk\\\\bsp/1609860340418"
# webtalk_add_data -client sdk -key RecordType -value "BSPCreation" -context "sdk\\\\bsp/1609860340418"
# webtalk_add_data -client sdk -key uid -value "1609860347749" -context "sdk\\\\application/1609860347749"
# webtalk_add_data -client sdk -key hwid -value "1609860122569" -context "sdk\\\\application/1609860347749"
# webtalk_add_data -client sdk -key bspid -value "1609860340418" -context "sdk\\\\application/1609860347749"
# webtalk_add_data -client sdk -key newbsp -value "true" -context "sdk\\\\application/1609860347749"
# webtalk_add_data -client sdk -key os -value "standalone" -context "sdk\\\\application/1609860347749"
# webtalk_add_data -client sdk -key apptemplate -value "hello_world" -context "sdk\\\\application/1609860347749"
# webtalk_add_data -client sdk -key RecordType -value "APPCreation" -context "sdk\\\\application/1609860347749"
# webtalk_add_data -client sdk -key LangUsed -value "C" -context "sdk\\\\application/1609860347749"
# webtalk_add_data -client sdk -key Procused -value "microblaze" -context "sdk\\\\application/1609860347749"
# webtalk_add_data -client sdk -key projSize -value "99.30859375" -context "sdk\\\\application/1609860347749"
# webtalk_add_data -client sdk -key uid -value "NA" -context "sdk\\\\bsp/1609863814001"
# webtalk_add_data -client sdk -key RecordType -value "ToolUsage" -context "sdk\\\\bsp/1609863814001"
# webtalk_add_data -client sdk -key BootgenCount -value "0" -context "sdk\\\\bsp/1609863814001"
# webtalk_add_data -client sdk -key DebugCount -value "8" -context "sdk\\\\bsp/1609863814001"
# webtalk_add_data -client sdk -key PerfCount -value "0" -context "sdk\\\\bsp/1609863814001"
# webtalk_add_data -client sdk -key FlashCount -value "0" -context "sdk\\\\bsp/1609863814001"
# webtalk_add_data -client sdk -key CrossTriggCount -value "0" -context "sdk\\\\bsp/1609863814001"
# webtalk_add_data -client sdk -key QemuDebugCount -value "0" -context "sdk\\\\bsp/1609863814001"
# webtalk_transmit -clientid 3101615416 -regid "211943722_0_0_107" -xml C:\\Users\\labview\\gpio_interrupt_f\\gpio_interrupt_f.sdk\\webtalk\\usage_statistics_ext_sdk.xml -html C:\\Users\\labview\\gpio_interrupt_f\\gpio_interrupt_f.sdk\\webtalk\\usage_statistics_ext_sdk.html -wdm C:\\Users\\labview\\gpio_interrupt_f\\gpio_interrupt_f.sdk\\webtalk\\sdk_webtalk.wdm -intro "<H3>SDK Usage Report</H3><BR>"
# webtalk_terminate
INFO: [Common 17-206] Exiting Webtalk at Tue Jan  5 21:53:37 2021...
