20:48:47 INFO  : Registering command handlers for SDK TCF services
20:48:48 INFO  : Launching XSCT server: xsct.bat -interactive C:\Users\labview\custom_slv_io_port\custom_slv_io_port.sdk\temp_xsdb_launch_script.tcl
20:48:52 INFO  : XSCT server has started successfully.
20:48:52 INFO  : Successfully done setting XSCT server connection channel  
20:48:52 INFO  : Successfully done setting SDK workspace  
20:48:52 INFO  : Processing command line option -hwspec C:/Users/labview/custom_slv_io_port/custom_slv_io_port.sdk/design_1_wrapper.hdf.
20:52:09 INFO  : Connected to target on host '127.0.0.1' and port '3121'.
20:52:11 INFO  : 'targets -set -filter {jtag_cable_name =~ "Digilent Nexys4DDR 210292744993A" && level==0} -index 0' command is executed.
20:52:13 INFO  : FPGA configured successfully with bitstream "C:/Users/labview/custom_slv_io_port/custom_slv_io_port.sdk/design_1_wrapper_hw_platform_0/download.bit"
20:52:56 INFO  : 'targets -set -filter {jtag_cable_name =~ "Digilent Nexys4DDR 210292744993A" && level==0} -index 0' command is executed.
20:52:56 INFO  : 'fpga -state' command is executed.
20:52:56 INFO  : Connected to target on host '127.0.0.1' and port '3121'.
20:52:56 INFO  : Jtag cable 'Digilent Nexys4DDR 210292744993A' is selected.
20:52:56 INFO  : 'jtag frequency' command is executed.
20:52:56 INFO  : Context for processor 'microblaze_0' is selected.
20:52:56 INFO  : Processor reset is completed for 'microblaze_0'.
20:52:56 INFO  : Context for processor 'microblaze_0' is selected.
20:52:56 INFO  : The application 'C:/Users/labview/custom_slv_io_port/custom_slv_io_port.sdk/top/Debug/top.elf' is downloaded to processor 'microblaze_0'.
20:52:56 INFO  : ----------------XSDB Script----------------
connect -url tcp:127.0.0.1:3121
targets -set -nocase -filter {name =~ "microblaze*#0" && bscan=="USER2"  && jtag_cable_name =~ "Digilent Nexys4DDR 210292744993A"} -index 0
rst -processor
targets -set -nocase -filter {name =~ "microblaze*#0" && bscan=="USER2"  && jtag_cable_name =~ "Digilent Nexys4DDR 210292744993A"} -index 0
dow C:/Users/labview/custom_slv_io_port/custom_slv_io_port.sdk/top/Debug/top.elf
----------------End of Script----------------

20:52:56 INFO  : Memory regions updated for context MicroBlaze #0
20:52:56 INFO  : Memory regions updated for context MicroBlaze #0
20:52:56 INFO  : Context for processor 'microblaze_0' is selected.
20:52:56 INFO  : 'con' command is executed.
20:52:56 INFO  : ----------------XSDB Script (After Launch)----------------
targets -set -nocase -filter {name =~ "microblaze*#0" && bscan=="USER2"  && jtag_cable_name =~ "Digilent Nexys4DDR 210292744993A"} -index 0
con
----------------End of Script----------------

20:52:56 INFO  : Launch script is exported to file 'C:\Users\labview\custom_slv_io_port\custom_slv_io_port.sdk\.sdk\launch_scripts\xilinx_c-c++_application_(system_debugger)\system_debugger_using_debug_top.elf_on_local.tcl'
20:53:31 INFO  : Disconnected from the channel tcfchan#1.
20:53:32 INFO  : 'targets -set -filter {jtag_cable_name =~ "Digilent Nexys4DDR 210292744993A" && level==0} -index 0' command is executed.
20:53:32 INFO  : 'fpga -state' command is executed.
20:53:32 INFO  : Connected to target on host '127.0.0.1' and port '3121'.
20:53:32 INFO  : Jtag cable 'Digilent Nexys4DDR 210292744993A' is selected.
20:53:32 INFO  : 'jtag frequency' command is executed.
20:53:32 INFO  : Context for processor 'microblaze_0' is selected.
20:53:32 INFO  : Processor reset is completed for 'microblaze_0'.
20:53:32 INFO  : Context for processor 'microblaze_0' is selected.
20:53:32 INFO  : The application 'C:/Users/labview/custom_slv_io_port/custom_slv_io_port.sdk/top/Debug/top.elf' is downloaded to processor 'microblaze_0'.
20:53:32 INFO  : ----------------XSDB Script----------------
connect -url tcp:127.0.0.1:3121
targets -set -nocase -filter {name =~ "microblaze*#0" && bscan=="USER2"  && jtag_cable_name =~ "Digilent Nexys4DDR 210292744993A"} -index 0
rst -processor
targets -set -nocase -filter {name =~ "microblaze*#0" && bscan=="USER2"  && jtag_cable_name =~ "Digilent Nexys4DDR 210292744993A"} -index 0
dow C:/Users/labview/custom_slv_io_port/custom_slv_io_port.sdk/top/Debug/top.elf
----------------End of Script----------------

20:53:32 INFO  : Memory regions updated for context MicroBlaze #0
20:53:32 INFO  : Memory regions updated for context MicroBlaze #0
20:53:32 INFO  : Context for processor 'microblaze_0' is selected.
20:53:32 INFO  : 'con' command is executed.
20:53:32 INFO  : ----------------XSDB Script (After Launch)----------------
targets -set -nocase -filter {name =~ "microblaze*#0" && bscan=="USER2"  && jtag_cable_name =~ "Digilent Nexys4DDR 210292744993A"} -index 0
con
----------------End of Script----------------

20:53:32 INFO  : Launch script is exported to file 'C:\Users\labview\custom_slv_io_port\custom_slv_io_port.sdk\.sdk\launch_scripts\xilinx_c-c++_application_(system_debugger)\system_debugger_using_debug_top.elf_on_local.tcl'
20:54:00 INFO  : Disconnected from the channel tcfchan#2.
20:54:02 INFO  : 'targets -set -filter {jtag_cable_name =~ "Digilent Nexys4DDR 210292744993A" && level==0} -index 0' command is executed.
20:54:02 INFO  : 'fpga -state' command is executed.
20:54:02 INFO  : Connected to target on host '127.0.0.1' and port '3121'.
20:54:02 INFO  : Jtag cable 'Digilent Nexys4DDR 210292744993A' is selected.
20:54:02 INFO  : 'jtag frequency' command is executed.
20:54:02 INFO  : Context for processor 'microblaze_0' is selected.
20:54:02 INFO  : Processor reset is completed for 'microblaze_0'.
20:54:02 INFO  : Context for processor 'microblaze_0' is selected.
20:54:02 INFO  : The application 'C:/Users/labview/custom_slv_io_port/custom_slv_io_port.sdk/top/Debug/top.elf' is downloaded to processor 'microblaze_0'.
20:54:02 INFO  : ----------------XSDB Script----------------
connect -url tcp:127.0.0.1:3121
targets -set -nocase -filter {name =~ "microblaze*#0" && bscan=="USER2"  && jtag_cable_name =~ "Digilent Nexys4DDR 210292744993A"} -index 0
rst -processor
targets -set -nocase -filter {name =~ "microblaze*#0" && bscan=="USER2"  && jtag_cable_name =~ "Digilent Nexys4DDR 210292744993A"} -index 0
dow C:/Users/labview/custom_slv_io_port/custom_slv_io_port.sdk/top/Debug/top.elf
----------------End of Script----------------

20:54:02 INFO  : Memory regions updated for context MicroBlaze #0
20:54:02 INFO  : Memory regions updated for context MicroBlaze #0
20:54:02 INFO  : Context for processor 'microblaze_0' is selected.
20:54:02 INFO  : 'con' command is executed.
20:54:02 INFO  : ----------------XSDB Script (After Launch)----------------
targets -set -nocase -filter {name =~ "microblaze*#0" && bscan=="USER2"  && jtag_cable_name =~ "Digilent Nexys4DDR 210292744993A"} -index 0
con
----------------End of Script----------------

20:54:02 INFO  : Launch script is exported to file 'C:\Users\labview\custom_slv_io_port\custom_slv_io_port.sdk\.sdk\launch_scripts\xilinx_c-c++_application_(system_debugger)\system_debugger_using_debug_top.elf_on_local.tcl'
21:04:37 INFO  : Disconnected from the channel tcfchan#3.
21:15:53 INFO  : Registering command handlers for SDK TCF services
21:15:54 INFO  : Launching XSCT server: xsct.bat -interactive C:\Users\labview\custom_slv_io_port\custom_slv_io_port.sdk\temp_xsdb_launch_script.tcl
21:16:00 INFO  : XSCT server has started successfully.
21:16:00 INFO  : Successfully done setting XSCT server connection channel  
21:16:00 INFO  : Successfully done setting SDK workspace  
21:16:00 INFO  : Processing command line option -hwspec C:/Users/labview/custom_slv_io_port/custom_slv_io_port.sdk/design_1_wrapper.hdf.
21:16:00 INFO  : Checking for hwspec changes in the project design_1_wrapper_hw_platform_0.
21:16:01 INFO  : SDK has detected change in the last modified timestamps for source hardware specification file Source:1609602248313,  Project:1609600298720
21:16:01 INFO  : The hardware specification for project 'design_1_wrapper_hw_platform_0' is different from C:/Users/labview/custom_slv_io_port/custom_slv_io_port.sdk/design_1_wrapper.hdf.
21:16:01 INFO  : Copied contents of C:/Users/labview/custom_slv_io_port/custom_slv_io_port.sdk/design_1_wrapper.hdf into \design_1_wrapper_hw_platform_0\system.hdf.
21:16:02 INFO  : Synchronizing projects in the workspace with the hardware platform specification changes.
21:16:06 INFO  : 
21:16:07 INFO  : Updating hardware inferred compiler options for top.
21:16:07 INFO  : Clearing existing target manager status.
21:16:07 WARN  : Given IPC port value is invalid. Using default port 2350
21:16:07 WARN  : Given XMD timeout value is invalid. Using default value of 50000
21:16:09 WARN  : Given XMD transaction timeout value is invalid. Using default value of 60000 milli seconds
21:16:59 INFO  : Connected to target on host '127.0.0.1' and port '3121'.
21:17:01 INFO  : 'targets -set -filter {jtag_cable_name =~ "Digilent Nexys4DDR 210292744993A" && level==0} -index 0' command is executed.
21:17:03 INFO  : FPGA configured successfully with bitstream "C:/Users/labview/custom_slv_io_port/custom_slv_io_port.sdk/design_1_wrapper_hw_platform_0/download.bit"
21:17:30 INFO  : 'targets -set -filter {jtag_cable_name =~ "Digilent Nexys4DDR 210292744993A" && level==0} -index 0' command is executed.
21:17:30 INFO  : 'fpga -state' command is executed.
21:17:30 INFO  : Connected to target on host '127.0.0.1' and port '3121'.
21:17:30 INFO  : Jtag cable 'Digilent Nexys4DDR 210292744993A' is selected.
21:17:30 INFO  : 'jtag frequency' command is executed.
21:17:30 INFO  : Context for processor 'microblaze_0' is selected.
21:17:30 INFO  : Processor reset is completed for 'microblaze_0'.
21:17:30 INFO  : Context for processor 'microblaze_0' is selected.
21:17:30 INFO  : The application 'C:/Users/labview/custom_slv_io_port/custom_slv_io_port.sdk/top/Debug/top.elf' is downloaded to processor 'microblaze_0'.
21:17:30 INFO  : ----------------XSDB Script----------------
connect -url tcp:127.0.0.1:3121
targets -set -nocase -filter {name =~ "microblaze*#0" && bscan=="USER2"  && jtag_cable_name =~ "Digilent Nexys4DDR 210292744993A"} -index 0
rst -processor
targets -set -nocase -filter {name =~ "microblaze*#0" && bscan=="USER2"  && jtag_cable_name =~ "Digilent Nexys4DDR 210292744993A"} -index 0
dow C:/Users/labview/custom_slv_io_port/custom_slv_io_port.sdk/top/Debug/top.elf
----------------End of Script----------------

21:17:30 INFO  : Memory regions updated for context MicroBlaze #0
21:17:30 INFO  : Memory regions updated for context MicroBlaze #0
21:17:30 INFO  : Context for processor 'microblaze_0' is selected.
21:17:30 INFO  : 'con' command is executed.
21:17:30 INFO  : ----------------XSDB Script (After Launch)----------------
targets -set -nocase -filter {name =~ "microblaze*#0" && bscan=="USER2"  && jtag_cable_name =~ "Digilent Nexys4DDR 210292744993A"} -index 0
con
----------------End of Script----------------

21:17:30 INFO  : Launch script is exported to file 'C:\Users\labview\custom_slv_io_port\custom_slv_io_port.sdk\.sdk\launch_scripts\xilinx_c-c++_application_(system_debugger)\system_debugger_using_debug_top.elf_on_local.tcl'
21:17:56 INFO  : Disconnected from the channel tcfchan#1.
21:17:57 INFO  : 'targets -set -filter {jtag_cable_name =~ "Digilent Nexys4DDR 210292744993A" && level==0} -index 0' command is executed.
21:17:57 INFO  : 'fpga -state' command is executed.
21:17:57 INFO  : Connected to target on host '127.0.0.1' and port '3121'.
21:17:57 INFO  : Jtag cable 'Digilent Nexys4DDR 210292744993A' is selected.
21:17:57 INFO  : 'jtag frequency' command is executed.
21:17:57 INFO  : Context for processor 'microblaze_0' is selected.
21:17:57 INFO  : Processor reset is completed for 'microblaze_0'.
21:17:57 INFO  : Context for processor 'microblaze_0' is selected.
21:17:57 INFO  : The application 'C:/Users/labview/custom_slv_io_port/custom_slv_io_port.sdk/top/Debug/top.elf' is downloaded to processor 'microblaze_0'.
21:17:57 INFO  : ----------------XSDB Script----------------
connect -url tcp:127.0.0.1:3121
targets -set -nocase -filter {name =~ "microblaze*#0" && bscan=="USER2"  && jtag_cable_name =~ "Digilent Nexys4DDR 210292744993A"} -index 0
rst -processor
targets -set -nocase -filter {name =~ "microblaze*#0" && bscan=="USER2"  && jtag_cable_name =~ "Digilent Nexys4DDR 210292744993A"} -index 0
dow C:/Users/labview/custom_slv_io_port/custom_slv_io_port.sdk/top/Debug/top.elf
----------------End of Script----------------

21:17:57 INFO  : Memory regions updated for context MicroBlaze #0
21:17:57 INFO  : Memory regions updated for context MicroBlaze #0
21:17:57 INFO  : Context for processor 'microblaze_0' is selected.
21:17:57 INFO  : 'con' command is executed.
21:17:57 INFO  : ----------------XSDB Script (After Launch)----------------
targets -set -nocase -filter {name =~ "microblaze*#0" && bscan=="USER2"  && jtag_cable_name =~ "Digilent Nexys4DDR 210292744993A"} -index 0
con
----------------End of Script----------------

21:17:57 INFO  : Launch script is exported to file 'C:\Users\labview\custom_slv_io_port\custom_slv_io_port.sdk\.sdk\launch_scripts\xilinx_c-c++_application_(system_debugger)\system_debugger_using_debug_top.elf_on_local.tcl'
21:18:12 INFO  : Disconnected from the channel tcfchan#2.
21:18:13 INFO  : 'targets -set -filter {jtag_cable_name =~ "Digilent Nexys4DDR 210292744993A" && level==0} -index 0' command is executed.
21:18:13 INFO  : 'fpga -state' command is executed.
21:18:13 INFO  : Connected to target on host '127.0.0.1' and port '3121'.
21:18:13 INFO  : Jtag cable 'Digilent Nexys4DDR 210292744993A' is selected.
21:18:13 INFO  : 'jtag frequency' command is executed.
21:18:13 INFO  : Context for processor 'microblaze_0' is selected.
21:18:13 INFO  : Processor reset is completed for 'microblaze_0'.
21:18:13 INFO  : Context for processor 'microblaze_0' is selected.
21:18:13 INFO  : The application 'C:/Users/labview/custom_slv_io_port/custom_slv_io_port.sdk/top/Debug/top.elf' is downloaded to processor 'microblaze_0'.
21:18:13 INFO  : ----------------XSDB Script----------------
connect -url tcp:127.0.0.1:3121
targets -set -nocase -filter {name =~ "microblaze*#0" && bscan=="USER2"  && jtag_cable_name =~ "Digilent Nexys4DDR 210292744993A"} -index 0
rst -processor
targets -set -nocase -filter {name =~ "microblaze*#0" && bscan=="USER2"  && jtag_cable_name =~ "Digilent Nexys4DDR 210292744993A"} -index 0
dow C:/Users/labview/custom_slv_io_port/custom_slv_io_port.sdk/top/Debug/top.elf
----------------End of Script----------------

21:18:13 INFO  : Memory regions updated for context MicroBlaze #0
21:18:13 INFO  : Memory regions updated for context MicroBlaze #0
21:18:13 INFO  : Context for processor 'microblaze_0' is selected.
21:18:13 INFO  : 'con' command is executed.
21:18:13 INFO  : ----------------XSDB Script (After Launch)----------------
targets -set -nocase -filter {name =~ "microblaze*#0" && bscan=="USER2"  && jtag_cable_name =~ "Digilent Nexys4DDR 210292744993A"} -index 0
con
----------------End of Script----------------

21:18:13 INFO  : Launch script is exported to file 'C:\Users\labview\custom_slv_io_port\custom_slv_io_port.sdk\.sdk\launch_scripts\xilinx_c-c++_application_(system_debugger)\system_debugger_using_debug_top.elf_on_local.tcl'
21:18:38 INFO  : Disconnected from the channel tcfchan#3.
21:18:39 INFO  : 'targets -set -filter {jtag_cable_name =~ "Digilent Nexys4DDR 210292744993A" && level==0} -index 0' command is executed.
21:18:39 INFO  : 'fpga -state' command is executed.
21:18:39 INFO  : Connected to target on host '127.0.0.1' and port '3121'.
21:18:40 INFO  : Jtag cable 'Digilent Nexys4DDR 210292744993A' is selected.
21:18:40 INFO  : 'jtag frequency' command is executed.
21:18:40 INFO  : Context for processor 'microblaze_0' is selected.
21:18:40 INFO  : Processor reset is completed for 'microblaze_0'.
21:18:40 INFO  : Context for processor 'microblaze_0' is selected.
21:18:40 INFO  : The application 'C:/Users/labview/custom_slv_io_port/custom_slv_io_port.sdk/top/Debug/top.elf' is downloaded to processor 'microblaze_0'.
21:18:40 INFO  : ----------------XSDB Script----------------
connect -url tcp:127.0.0.1:3121
targets -set -nocase -filter {name =~ "microblaze*#0" && bscan=="USER2"  && jtag_cable_name =~ "Digilent Nexys4DDR 210292744993A"} -index 0
rst -processor
targets -set -nocase -filter {name =~ "microblaze*#0" && bscan=="USER2"  && jtag_cable_name =~ "Digilent Nexys4DDR 210292744993A"} -index 0
dow C:/Users/labview/custom_slv_io_port/custom_slv_io_port.sdk/top/Debug/top.elf
----------------End of Script----------------

21:18:40 INFO  : Memory regions updated for context MicroBlaze #0
21:18:40 INFO  : Memory regions updated for context MicroBlaze #0
21:18:40 INFO  : Context for processor 'microblaze_0' is selected.
21:18:40 INFO  : 'con' command is executed.
21:18:40 INFO  : ----------------XSDB Script (After Launch)----------------
targets -set -nocase -filter {name =~ "microblaze*#0" && bscan=="USER2"  && jtag_cable_name =~ "Digilent Nexys4DDR 210292744993A"} -index 0
con
----------------End of Script----------------

21:18:40 INFO  : Launch script is exported to file 'C:\Users\labview\custom_slv_io_port\custom_slv_io_port.sdk\.sdk\launch_scripts\xilinx_c-c++_application_(system_debugger)\system_debugger_using_debug_top.elf_on_local.tcl'
21:20:16 INFO  : Disconnected from the channel tcfchan#4.
21:20:17 ERROR : Unexpected error while parsing XMD response ?: com.google.gson.JsonSyntaxException: com.google.gson.stream.MalformedJsonException: invalid number or unquoted string near 
