13:59:02 INFO  : Registering command handlers for SDK TCF services
13:59:03 INFO  : Launching XSCT server: xsct.bat -interactive C:\Users\labview\gpio_sw\gpio_sw.sdk\temp_xsdb_launch_script.tcl
13:59:07 INFO  : XSCT server has started successfully.
13:59:08 INFO  : Successfully done setting XSCT server connection channel  
13:59:08 INFO  : Successfully done setting SDK workspace  
13:59:08 INFO  : Processing command line option -hwspec C:/Users/labview/gpio_sw/gpio_sw.sdk/design_1_wrapper.hdf.
14:06:13 INFO  : Connected to target on host '127.0.0.1' and port '3121'.
14:06:15 INFO  : 'targets -set -filter {jtag_cable_name =~ "Digilent Nexys4DDR 210292744993A" && level==0} -index 0' command is executed.
14:06:17 INFO  : FPGA configured successfully with bitstream "C:/Users/labview/gpio_sw/gpio_sw.sdk/design_1_wrapper_hw_platform_0/download.bit"
14:06:33 INFO  : 'targets -set -filter {jtag_cable_name =~ "Digilent Nexys4DDR 210292744993A" && level==0} -index 0' command is executed.
14:06:33 INFO  : 'fpga -state' command is executed.
14:06:33 INFO  : Connected to target on host '127.0.0.1' and port '3121'.
14:06:33 INFO  : Jtag cable 'Digilent Nexys4DDR 210292744993A' is selected.
14:06:33 INFO  : 'jtag frequency' command is executed.
14:06:33 INFO  : Context for processor 'microblaze_0' is selected.
14:06:34 INFO  : Processor reset is completed for 'microblaze_0'.
14:06:34 INFO  : Context for processor 'microblaze_0' is selected.
14:06:34 INFO  : The application 'C:/Users/labview/gpio_sw/gpio_sw.sdk/top/Debug/top.elf' is downloaded to processor 'microblaze_0'.
14:06:34 INFO  : ----------------XSDB Script----------------
connect -url tcp:127.0.0.1:3121
targets -set -nocase -filter {name =~ "microblaze*#0" && bscan=="USER2"  && jtag_cable_name =~ "Digilent Nexys4DDR 210292744993A"} -index 0
rst -processor
targets -set -nocase -filter {name =~ "microblaze*#0" && bscan=="USER2"  && jtag_cable_name =~ "Digilent Nexys4DDR 210292744993A"} -index 0
dow C:/Users/labview/gpio_sw/gpio_sw.sdk/top/Debug/top.elf
----------------End of Script----------------

14:06:34 INFO  : Memory regions updated for context MicroBlaze #0
14:06:34 INFO  : Memory regions updated for context MicroBlaze #0
14:06:34 INFO  : Context for processor 'microblaze_0' is selected.
14:06:34 INFO  : 'con' command is executed.
14:06:34 INFO  : ----------------XSDB Script (After Launch)----------------
targets -set -nocase -filter {name =~ "microblaze*#0" && bscan=="USER2"  && jtag_cable_name =~ "Digilent Nexys4DDR 210292744993A"} -index 0
con
----------------End of Script----------------

14:06:34 INFO  : Launch script is exported to file 'C:\Users\labview\gpio_sw\gpio_sw.sdk\.sdk\launch_scripts\xilinx_c-c++_application_(system_debugger)\system_debugger_using_debug_top.elf_on_local.tcl'
14:07:07 INFO  : Disconnected from the channel tcfchan#1.
14:07:08 INFO  : 'targets -set -filter {jtag_cable_name =~ "Digilent Nexys4DDR 210292744993A" && level==0} -index 0' command is executed.
14:07:08 INFO  : 'fpga -state' command is executed.
14:07:08 INFO  : Connected to target on host '127.0.0.1' and port '3121'.
14:07:08 INFO  : Jtag cable 'Digilent Nexys4DDR 210292744993A' is selected.
14:07:08 INFO  : 'jtag frequency' command is executed.
14:07:08 INFO  : Context for processor 'microblaze_0' is selected.
14:07:08 INFO  : Processor reset is completed for 'microblaze_0'.
14:07:08 INFO  : Context for processor 'microblaze_0' is selected.
14:07:08 INFO  : The application 'C:/Users/labview/gpio_sw/gpio_sw.sdk/top/Debug/top.elf' is downloaded to processor 'microblaze_0'.
14:07:08 INFO  : ----------------XSDB Script----------------
connect -url tcp:127.0.0.1:3121
targets -set -nocase -filter {name =~ "microblaze*#0" && bscan=="USER2"  && jtag_cable_name =~ "Digilent Nexys4DDR 210292744993A"} -index 0
rst -processor
targets -set -nocase -filter {name =~ "microblaze*#0" && bscan=="USER2"  && jtag_cable_name =~ "Digilent Nexys4DDR 210292744993A"} -index 0
dow C:/Users/labview/gpio_sw/gpio_sw.sdk/top/Debug/top.elf
----------------End of Script----------------

14:07:08 INFO  : Memory regions updated for context MicroBlaze #0
14:07:08 INFO  : Memory regions updated for context MicroBlaze #0
14:07:08 INFO  : Context for processor 'microblaze_0' is selected.
14:07:08 INFO  : 'con' command is executed.
14:07:08 INFO  : ----------------XSDB Script (After Launch)----------------
targets -set -nocase -filter {name =~ "microblaze*#0" && bscan=="USER2"  && jtag_cable_name =~ "Digilent Nexys4DDR 210292744993A"} -index 0
con
----------------End of Script----------------

14:07:08 INFO  : Launch script is exported to file 'C:\Users\labview\gpio_sw\gpio_sw.sdk\.sdk\launch_scripts\xilinx_c-c++_application_(system_debugger)\system_debugger_using_debug_top.elf_on_local.tcl'
14:07:29 INFO  : Disconnected from the channel tcfchan#2.
14:07:30 INFO  : 'targets -set -filter {jtag_cable_name =~ "Digilent Nexys4DDR 210292744993A" && level==0} -index 0' command is executed.
14:07:30 INFO  : 'fpga -state' command is executed.
14:07:30 INFO  : Connected to target on host '127.0.0.1' and port '3121'.
14:07:30 INFO  : Jtag cable 'Digilent Nexys4DDR 210292744993A' is selected.
14:07:30 INFO  : 'jtag frequency' command is executed.
14:07:30 INFO  : Context for processor 'microblaze_0' is selected.
14:07:30 INFO  : Processor reset is completed for 'microblaze_0'.
14:07:30 INFO  : Context for processor 'microblaze_0' is selected.
14:07:31 INFO  : The application 'C:/Users/labview/gpio_sw/gpio_sw.sdk/top/Debug/top.elf' is downloaded to processor 'microblaze_0'.
14:07:31 INFO  : ----------------XSDB Script----------------
connect -url tcp:127.0.0.1:3121
targets -set -nocase -filter {name =~ "microblaze*#0" && bscan=="USER2"  && jtag_cable_name =~ "Digilent Nexys4DDR 210292744993A"} -index 0
rst -processor
targets -set -nocase -filter {name =~ "microblaze*#0" && bscan=="USER2"  && jtag_cable_name =~ "Digilent Nexys4DDR 210292744993A"} -index 0
dow C:/Users/labview/gpio_sw/gpio_sw.sdk/top/Debug/top.elf
----------------End of Script----------------

14:07:31 INFO  : Memory regions updated for context MicroBlaze #0
14:07:31 INFO  : Memory regions updated for context MicroBlaze #0
14:07:31 INFO  : Context for processor 'microblaze_0' is selected.
14:07:31 INFO  : 'con' command is executed.
14:07:31 INFO  : ----------------XSDB Script (After Launch)----------------
targets -set -nocase -filter {name =~ "microblaze*#0" && bscan=="USER2"  && jtag_cable_name =~ "Digilent Nexys4DDR 210292744993A"} -index 0
con
----------------End of Script----------------

14:07:31 INFO  : Launch script is exported to file 'C:\Users\labview\gpio_sw\gpio_sw.sdk\.sdk\launch_scripts\xilinx_c-c++_application_(system_debugger)\system_debugger_using_debug_top.elf_on_local.tcl'
14:08:34 INFO  : Disconnected from the channel tcfchan#3.
