15:04:54 INFO  : Registering command handlers for SDK TCF services
15:04:55 INFO  : Launching XSCT server: xsct.bat -interactive C:\Users\labview\project_117\project_117.sdk\temp_xsdb_launch_script.tcl
15:05:01 INFO  : XSCT server has started successfully.
15:05:02 INFO  : Successfully done setting XSCT server connection channel  
15:05:02 INFO  : Successfully done setting SDK workspace  
15:05:02 INFO  : Processing command line option -hwspec C:/Users/labview/project_117/project_117.sdk/design_1_wrapper.hdf.
15:16:10 INFO  : Connected to target on host '127.0.0.1' and port '3121'.
15:16:12 INFO  : 'targets -set -filter {jtag_cable_name =~ "Digilent Nexys4DDR 210292744993A" && level==0} -index 0' command is executed.
15:16:14 INFO  : FPGA configured successfully with bitstream "C:/Users/labview/project_117/project_117.sdk/design_1_wrapper_hw_platform_0/download.bit"
15:18:11 INFO  : 'targets -set -filter {jtag_cable_name =~ "Digilent Nexys4DDR 210292744993A" && level==0} -index 0' command is executed.
15:18:11 INFO  : 'fpga -state' command is executed.
15:18:11 INFO  : Connected to target on host '127.0.0.1' and port '3121'.
15:18:11 INFO  : Jtag cable 'Digilent Nexys4DDR 210292744993A' is selected.
15:18:11 INFO  : 'jtag frequency' command is executed.
15:18:11 INFO  : Context for processor 'microblaze_0' is selected.
15:18:11 INFO  : Processor reset is completed for 'microblaze_0'.
15:18:11 INFO  : Context for processor 'microblaze_0' is selected.
15:18:11 INFO  : The application 'C:/Users/labview/project_117/project_117.sdk/top/Debug/top.elf' is downloaded to processor 'microblaze_0'.
15:18:11 INFO  : ----------------XSDB Script----------------
connect -url tcp:127.0.0.1:3121
targets -set -nocase -filter {name =~ "microblaze*#0" && bscan=="USER2"  && jtag_cable_name =~ "Digilent Nexys4DDR 210292744993A"} -index 0
rst -processor
targets -set -nocase -filter {name =~ "microblaze*#0" && bscan=="USER2"  && jtag_cable_name =~ "Digilent Nexys4DDR 210292744993A"} -index 0
dow C:/Users/labview/project_117/project_117.sdk/top/Debug/top.elf
----------------End of Script----------------

15:18:12 INFO  : Memory regions updated for context MicroBlaze #0
15:18:12 INFO  : Memory regions updated for context MicroBlaze #0
15:18:12 INFO  : Context for processor 'microblaze_0' is selected.
15:18:12 INFO  : 'con' command is executed.
15:18:12 INFO  : ----------------XSDB Script (After Launch)----------------
targets -set -nocase -filter {name =~ "microblaze*#0" && bscan=="USER2"  && jtag_cable_name =~ "Digilent Nexys4DDR 210292744993A"} -index 0
con
----------------End of Script----------------

15:18:12 INFO  : Launch script is exported to file 'C:\Users\labview\project_117\project_117.sdk\.sdk\launch_scripts\xilinx_c-c++_application_(system_debugger)\system_debugger_using_debug_top.elf_on_local.tcl'
15:18:25 INFO  : Disconnected from the channel tcfchan#1.
15:18:26 INFO  : 'targets -set -filter {jtag_cable_name =~ "Digilent Nexys4DDR 210292744993A" && level==0} -index 0' command is executed.
15:18:26 INFO  : 'fpga -state' command is executed.
15:18:26 INFO  : Connected to target on host '127.0.0.1' and port '3121'.
15:18:26 INFO  : Jtag cable 'Digilent Nexys4DDR 210292744993A' is selected.
15:18:26 INFO  : 'jtag frequency' command is executed.
15:18:26 INFO  : Context for processor 'microblaze_0' is selected.
15:18:26 INFO  : Processor reset is completed for 'microblaze_0'.
15:18:26 INFO  : Context for processor 'microblaze_0' is selected.
15:18:26 INFO  : The application 'C:/Users/labview/project_117/project_117.sdk/top/Debug/top.elf' is downloaded to processor 'microblaze_0'.
15:18:26 INFO  : ----------------XSDB Script----------------
connect -url tcp:127.0.0.1:3121
targets -set -nocase -filter {name =~ "microblaze*#0" && bscan=="USER2"  && jtag_cable_name =~ "Digilent Nexys4DDR 210292744993A"} -index 0
rst -processor
targets -set -nocase -filter {name =~ "microblaze*#0" && bscan=="USER2"  && jtag_cable_name =~ "Digilent Nexys4DDR 210292744993A"} -index 0
dow C:/Users/labview/project_117/project_117.sdk/top/Debug/top.elf
----------------End of Script----------------

15:18:26 INFO  : Memory regions updated for context MicroBlaze #0
15:18:26 INFO  : Memory regions updated for context MicroBlaze #0
15:18:27 INFO  : Context for processor 'microblaze_0' is selected.
15:18:27 INFO  : 'con' command is executed.
15:18:27 INFO  : ----------------XSDB Script (After Launch)----------------
targets -set -nocase -filter {name =~ "microblaze*#0" && bscan=="USER2"  && jtag_cable_name =~ "Digilent Nexys4DDR 210292744993A"} -index 0
con
----------------End of Script----------------

15:18:27 INFO  : Launch script is exported to file 'C:\Users\labview\project_117\project_117.sdk\.sdk\launch_scripts\xilinx_c-c++_application_(system_debugger)\system_debugger_using_debug_top.elf_on_local.tcl'
15:29:09 INFO  : Disconnected from the channel tcfchan#2.
15:29:10 INFO  : 'targets -set -filter {jtag_cable_name =~ "Digilent Nexys4DDR 210292744993A" && level==0} -index 0' command is executed.
15:29:10 INFO  : 'fpga -state' command is executed.
15:29:10 INFO  : Connected to target on host '127.0.0.1' and port '3121'.
15:29:10 INFO  : Jtag cable 'Digilent Nexys4DDR 210292744993A' is selected.
15:29:10 INFO  : 'jtag frequency' command is executed.
15:29:10 INFO  : Context for processor 'microblaze_0' is selected.
15:29:10 INFO  : Processor reset is completed for 'microblaze_0'.
15:29:10 INFO  : Context for processor 'microblaze_0' is selected.
15:29:11 INFO  : The application 'C:/Users/labview/project_117/project_117.sdk/top/Debug/top.elf' is downloaded to processor 'microblaze_0'.
15:29:11 INFO  : ----------------XSDB Script----------------
connect -url tcp:127.0.0.1:3121
targets -set -nocase -filter {name =~ "microblaze*#0" && bscan=="USER2"  && jtag_cable_name =~ "Digilent Nexys4DDR 210292744993A"} -index 0
rst -processor
targets -set -nocase -filter {name =~ "microblaze*#0" && bscan=="USER2"  && jtag_cable_name =~ "Digilent Nexys4DDR 210292744993A"} -index 0
dow C:/Users/labview/project_117/project_117.sdk/top/Debug/top.elf
----------------End of Script----------------

15:29:11 INFO  : Memory regions updated for context MicroBlaze #0
15:29:11 INFO  : Memory regions updated for context MicroBlaze #0
15:29:11 INFO  : Context for processor 'microblaze_0' is selected.
15:29:11 INFO  : 'con' command is executed.
15:29:11 INFO  : ----------------XSDB Script (After Launch)----------------
targets -set -nocase -filter {name =~ "microblaze*#0" && bscan=="USER2"  && jtag_cable_name =~ "Digilent Nexys4DDR 210292744993A"} -index 0
con
----------------End of Script----------------

15:29:11 INFO  : Launch script is exported to file 'C:\Users\labview\project_117\project_117.sdk\.sdk\launch_scripts\xilinx_c-c++_application_(system_debugger)\system_debugger_using_debug_top.elf_on_local.tcl'
15:29:25 INFO  : Disconnected from the channel tcfchan#3.
15:29:26 INFO  : 'targets -set -filter {jtag_cable_name =~ "Digilent Nexys4DDR 210292744993A" && level==0} -index 0' command is executed.
15:29:26 INFO  : 'fpga -state' command is executed.
15:29:26 INFO  : Connected to target on host '127.0.0.1' and port '3121'.
15:29:27 INFO  : Jtag cable 'Digilent Nexys4DDR 210292744993A' is selected.
15:29:27 INFO  : 'jtag frequency' command is executed.
15:29:27 INFO  : Context for processor 'microblaze_0' is selected.
15:29:27 INFO  : Processor reset is completed for 'microblaze_0'.
15:29:27 INFO  : Context for processor 'microblaze_0' is selected.
15:29:27 INFO  : The application 'C:/Users/labview/project_117/project_117.sdk/top/Debug/top.elf' is downloaded to processor 'microblaze_0'.
15:29:27 INFO  : ----------------XSDB Script----------------
connect -url tcp:127.0.0.1:3121
targets -set -nocase -filter {name =~ "microblaze*#0" && bscan=="USER2"  && jtag_cable_name =~ "Digilent Nexys4DDR 210292744993A"} -index 0
rst -processor
targets -set -nocase -filter {name =~ "microblaze*#0" && bscan=="USER2"  && jtag_cable_name =~ "Digilent Nexys4DDR 210292744993A"} -index 0
dow C:/Users/labview/project_117/project_117.sdk/top/Debug/top.elf
----------------End of Script----------------

15:29:27 INFO  : Memory regions updated for context MicroBlaze #0
15:29:27 INFO  : Memory regions updated for context MicroBlaze #0
15:29:27 INFO  : Context for processor 'microblaze_0' is selected.
15:29:27 INFO  : 'con' command is executed.
15:29:27 INFO  : ----------------XSDB Script (After Launch)----------------
targets -set -nocase -filter {name =~ "microblaze*#0" && bscan=="USER2"  && jtag_cable_name =~ "Digilent Nexys4DDR 210292744993A"} -index 0
con
----------------End of Script----------------

15:29:27 INFO  : Launch script is exported to file 'C:\Users\labview\project_117\project_117.sdk\.sdk\launch_scripts\xilinx_c-c++_application_(system_debugger)\system_debugger_using_debug_top.elf_on_local.tcl'
15:29:55 INFO  : Disconnected from the channel tcfchan#4.
15:29:56 INFO  : 'targets -set -filter {jtag_cable_name =~ "Digilent Nexys4DDR 210292744993A" && level==0} -index 0' command is executed.
15:29:56 INFO  : 'fpga -state' command is executed.
15:29:56 INFO  : Connected to target on host '127.0.0.1' and port '3121'.
15:29:56 INFO  : Jtag cable 'Digilent Nexys4DDR 210292744993A' is selected.
15:29:56 INFO  : 'jtag frequency' command is executed.
15:29:57 INFO  : Context for processor 'microblaze_0' is selected.
15:29:57 INFO  : Processor reset is completed for 'microblaze_0'.
15:29:57 INFO  : Context for processor 'microblaze_0' is selected.
15:29:57 INFO  : The application 'C:/Users/labview/project_117/project_117.sdk/top/Debug/top.elf' is downloaded to processor 'microblaze_0'.
15:29:57 INFO  : ----------------XSDB Script----------------
connect -url tcp:127.0.0.1:3121
targets -set -nocase -filter {name =~ "microblaze*#0" && bscan=="USER2"  && jtag_cable_name =~ "Digilent Nexys4DDR 210292744993A"} -index 0
rst -processor
targets -set -nocase -filter {name =~ "microblaze*#0" && bscan=="USER2"  && jtag_cable_name =~ "Digilent Nexys4DDR 210292744993A"} -index 0
dow C:/Users/labview/project_117/project_117.sdk/top/Debug/top.elf
----------------End of Script----------------

15:29:57 INFO  : Memory regions updated for context MicroBlaze #0
15:29:57 INFO  : Memory regions updated for context MicroBlaze #0
15:29:57 INFO  : Context for processor 'microblaze_0' is selected.
15:29:57 INFO  : 'con' command is executed.
15:29:57 INFO  : ----------------XSDB Script (After Launch)----------------
targets -set -nocase -filter {name =~ "microblaze*#0" && bscan=="USER2"  && jtag_cable_name =~ "Digilent Nexys4DDR 210292744993A"} -index 0
con
----------------End of Script----------------

15:29:57 INFO  : Launch script is exported to file 'C:\Users\labview\project_117\project_117.sdk\.sdk\launch_scripts\xilinx_c-c++_application_(system_debugger)\system_debugger_using_debug_top.elf_on_local.tcl'
15:30:31 INFO  : Disconnected from the channel tcfchan#5.
15:30:33 INFO  : 'targets -set -filter {jtag_cable_name =~ "Digilent Nexys4DDR 210292744993A" && level==0} -index 0' command is executed.
15:30:33 INFO  : 'fpga -state' command is executed.
15:30:33 INFO  : Connected to target on host '127.0.0.1' and port '3121'.
15:30:33 INFO  : Jtag cable 'Digilent Nexys4DDR 210292744993A' is selected.
15:30:33 INFO  : 'jtag frequency' command is executed.
15:30:33 INFO  : Context for processor 'microblaze_0' is selected.
15:30:33 INFO  : Processor reset is completed for 'microblaze_0'.
15:30:33 INFO  : Context for processor 'microblaze_0' is selected.
15:30:33 INFO  : The application 'C:/Users/labview/project_117/project_117.sdk/top/Debug/top.elf' is downloaded to processor 'microblaze_0'.
15:30:33 INFO  : ----------------XSDB Script----------------
connect -url tcp:127.0.0.1:3121
targets -set -nocase -filter {name =~ "microblaze*#0" && bscan=="USER2"  && jtag_cable_name =~ "Digilent Nexys4DDR 210292744993A"} -index 0
rst -processor
targets -set -nocase -filter {name =~ "microblaze*#0" && bscan=="USER2"  && jtag_cable_name =~ "Digilent Nexys4DDR 210292744993A"} -index 0
dow C:/Users/labview/project_117/project_117.sdk/top/Debug/top.elf
----------------End of Script----------------

15:30:33 INFO  : Memory regions updated for context MicroBlaze #0
15:30:33 INFO  : Memory regions updated for context MicroBlaze #0
15:30:33 INFO  : Context for processor 'microblaze_0' is selected.
15:30:33 INFO  : 'con' command is executed.
15:30:33 INFO  : ----------------XSDB Script (After Launch)----------------
targets -set -nocase -filter {name =~ "microblaze*#0" && bscan=="USER2"  && jtag_cable_name =~ "Digilent Nexys4DDR 210292744993A"} -index 0
con
----------------End of Script----------------

15:30:33 INFO  : Launch script is exported to file 'C:\Users\labview\project_117\project_117.sdk\.sdk\launch_scripts\xilinx_c-c++_application_(system_debugger)\system_debugger_using_debug_top.elf_on_local.tcl'
15:31:09 INFO  : Disconnected from the channel tcfchan#6.
15:31:10 INFO  : 'targets -set -filter {jtag_cable_name =~ "Digilent Nexys4DDR 210292744993A" && level==0} -index 0' command is executed.
15:31:10 INFO  : 'fpga -state' command is executed.
15:31:10 INFO  : Connected to target on host '127.0.0.1' and port '3121'.
15:31:10 INFO  : Jtag cable 'Digilent Nexys4DDR 210292744993A' is selected.
15:31:10 INFO  : 'jtag frequency' command is executed.
15:31:10 INFO  : Context for processor 'microblaze_0' is selected.
15:31:10 INFO  : Processor reset is completed for 'microblaze_0'.
15:31:10 INFO  : Context for processor 'microblaze_0' is selected.
15:31:10 INFO  : The application 'C:/Users/labview/project_117/project_117.sdk/top/Debug/top.elf' is downloaded to processor 'microblaze_0'.
15:31:10 INFO  : ----------------XSDB Script----------------
connect -url tcp:127.0.0.1:3121
targets -set -nocase -filter {name =~ "microblaze*#0" && bscan=="USER2"  && jtag_cable_name =~ "Digilent Nexys4DDR 210292744993A"} -index 0
rst -processor
targets -set -nocase -filter {name =~ "microblaze*#0" && bscan=="USER2"  && jtag_cable_name =~ "Digilent Nexys4DDR 210292744993A"} -index 0
dow C:/Users/labview/project_117/project_117.sdk/top/Debug/top.elf
----------------End of Script----------------

15:31:10 INFO  : Memory regions updated for context MicroBlaze #0
15:31:10 INFO  : Memory regions updated for context MicroBlaze #0
15:31:10 INFO  : Context for processor 'microblaze_0' is selected.
15:31:10 INFO  : 'con' command is executed.
15:31:10 INFO  : ----------------XSDB Script (After Launch)----------------
targets -set -nocase -filter {name =~ "microblaze*#0" && bscan=="USER2"  && jtag_cable_name =~ "Digilent Nexys4DDR 210292744993A"} -index 0
con
----------------End of Script----------------

15:31:10 INFO  : Launch script is exported to file 'C:\Users\labview\project_117\project_117.sdk\.sdk\launch_scripts\xilinx_c-c++_application_(system_debugger)\system_debugger_using_debug_top.elf_on_local.tcl'
15:31:39 INFO  : Disconnected from the channel tcfchan#7.
15:31:41 INFO  : 'targets -set -filter {jtag_cable_name =~ "Digilent Nexys4DDR 210292744993A" && level==0} -index 0' command is executed.
15:31:41 INFO  : 'fpga -state' command is executed.
15:31:41 INFO  : Connected to target on host '127.0.0.1' and port '3121'.
15:31:41 INFO  : Jtag cable 'Digilent Nexys4DDR 210292744993A' is selected.
15:31:41 INFO  : 'jtag frequency' command is executed.
15:31:41 INFO  : Context for processor 'microblaze_0' is selected.
15:31:41 INFO  : Processor reset is completed for 'microblaze_0'.
15:31:41 INFO  : Context for processor 'microblaze_0' is selected.
15:31:41 INFO  : The application 'C:/Users/labview/project_117/project_117.sdk/top/Debug/top.elf' is downloaded to processor 'microblaze_0'.
15:31:41 INFO  : ----------------XSDB Script----------------
connect -url tcp:127.0.0.1:3121
targets -set -nocase -filter {name =~ "microblaze*#0" && bscan=="USER2"  && jtag_cable_name =~ "Digilent Nexys4DDR 210292744993A"} -index 0
rst -processor
targets -set -nocase -filter {name =~ "microblaze*#0" && bscan=="USER2"  && jtag_cable_name =~ "Digilent Nexys4DDR 210292744993A"} -index 0
dow C:/Users/labview/project_117/project_117.sdk/top/Debug/top.elf
----------------End of Script----------------

15:31:41 INFO  : Memory regions updated for context MicroBlaze #0
15:31:41 INFO  : Memory regions updated for context MicroBlaze #0
15:31:41 INFO  : Context for processor 'microblaze_0' is selected.
15:31:41 INFO  : 'con' command is executed.
15:31:41 INFO  : ----------------XSDB Script (After Launch)----------------
targets -set -nocase -filter {name =~ "microblaze*#0" && bscan=="USER2"  && jtag_cable_name =~ "Digilent Nexys4DDR 210292744993A"} -index 0
con
----------------End of Script----------------

15:31:41 INFO  : Launch script is exported to file 'C:\Users\labview\project_117\project_117.sdk\.sdk\launch_scripts\xilinx_c-c++_application_(system_debugger)\system_debugger_using_debug_top.elf_on_local.tcl'
15:33:07 INFO  : Disconnected from the channel tcfchan#8.
15:33:08 INFO  : 'targets -set -filter {jtag_cable_name =~ "Digilent Nexys4DDR 210292744993A" && level==0} -index 0' command is executed.
15:33:08 INFO  : 'fpga -state' command is executed.
15:33:08 INFO  : Connected to target on host '127.0.0.1' and port '3121'.
15:33:08 INFO  : Jtag cable 'Digilent Nexys4DDR 210292744993A' is selected.
15:33:08 INFO  : 'jtag frequency' command is executed.
15:33:08 INFO  : Context for processor 'microblaze_0' is selected.
15:33:08 INFO  : Processor reset is completed for 'microblaze_0'.
15:33:08 INFO  : Context for processor 'microblaze_0' is selected.
15:33:08 INFO  : The application 'C:/Users/labview/project_117/project_117.sdk/top/Debug/top.elf' is downloaded to processor 'microblaze_0'.
15:33:08 INFO  : ----------------XSDB Script----------------
connect -url tcp:127.0.0.1:3121
targets -set -nocase -filter {name =~ "microblaze*#0" && bscan=="USER2"  && jtag_cable_name =~ "Digilent Nexys4DDR 210292744993A"} -index 0
rst -processor
targets -set -nocase -filter {name =~ "microblaze*#0" && bscan=="USER2"  && jtag_cable_name =~ "Digilent Nexys4DDR 210292744993A"} -index 0
dow C:/Users/labview/project_117/project_117.sdk/top/Debug/top.elf
----------------End of Script----------------

15:33:08 INFO  : Memory regions updated for context MicroBlaze #0
15:33:08 INFO  : Memory regions updated for context MicroBlaze #0
15:33:08 INFO  : Context for processor 'microblaze_0' is selected.
15:33:08 INFO  : 'con' command is executed.
15:33:08 INFO  : ----------------XSDB Script (After Launch)----------------
targets -set -nocase -filter {name =~ "microblaze*#0" && bscan=="USER2"  && jtag_cable_name =~ "Digilent Nexys4DDR 210292744993A"} -index 0
con
----------------End of Script----------------

15:33:08 INFO  : Launch script is exported to file 'C:\Users\labview\project_117\project_117.sdk\.sdk\launch_scripts\xilinx_c-c++_application_(system_debugger)\system_debugger_using_debug_top.elf_on_local.tcl'
15:33:50 INFO  : Disconnected from the channel tcfchan#9.
15:33:51 INFO  : 'targets -set -filter {jtag_cable_name =~ "Digilent Nexys4DDR 210292744993A" && level==0} -index 0' command is executed.
15:33:51 INFO  : 'fpga -state' command is executed.
15:33:51 INFO  : Connected to target on host '127.0.0.1' and port '3121'.
15:33:52 INFO  : Jtag cable 'Digilent Nexys4DDR 210292744993A' is selected.
15:33:52 INFO  : 'jtag frequency' command is executed.
15:33:52 INFO  : Context for processor 'microblaze_0' is selected.
15:33:52 INFO  : Processor reset is completed for 'microblaze_0'.
15:33:52 INFO  : Context for processor 'microblaze_0' is selected.
15:33:52 INFO  : The application 'C:/Users/labview/project_117/project_117.sdk/top/Debug/top.elf' is downloaded to processor 'microblaze_0'.
15:33:52 INFO  : ----------------XSDB Script----------------
connect -url tcp:127.0.0.1:3121
targets -set -nocase -filter {name =~ "microblaze*#0" && bscan=="USER2"  && jtag_cable_name =~ "Digilent Nexys4DDR 210292744993A"} -index 0
rst -processor
targets -set -nocase -filter {name =~ "microblaze*#0" && bscan=="USER2"  && jtag_cable_name =~ "Digilent Nexys4DDR 210292744993A"} -index 0
dow C:/Users/labview/project_117/project_117.sdk/top/Debug/top.elf
----------------End of Script----------------

15:33:52 INFO  : Memory regions updated for context MicroBlaze #0
15:33:52 INFO  : Memory regions updated for context MicroBlaze #0
15:33:52 INFO  : Context for processor 'microblaze_0' is selected.
15:33:52 INFO  : 'con' command is executed.
15:33:52 INFO  : ----------------XSDB Script (After Launch)----------------
targets -set -nocase -filter {name =~ "microblaze*#0" && bscan=="USER2"  && jtag_cable_name =~ "Digilent Nexys4DDR 210292744993A"} -index 0
con
----------------End of Script----------------

15:33:52 INFO  : Launch script is exported to file 'C:\Users\labview\project_117\project_117.sdk\.sdk\launch_scripts\xilinx_c-c++_application_(system_debugger)\system_debugger_using_debug_top.elf_on_local.tcl'
15:34:13 INFO  : Disconnected from the channel tcfchan#10.
15:34:14 INFO  : 'targets -set -filter {jtag_cable_name =~ "Digilent Nexys4DDR 210292744993A" && level==0} -index 0' command is executed.
15:34:14 INFO  : 'fpga -state' command is executed.
15:34:14 INFO  : Connected to target on host '127.0.0.1' and port '3121'.
15:34:14 INFO  : Jtag cable 'Digilent Nexys4DDR 210292744993A' is selected.
15:34:14 INFO  : 'jtag frequency' command is executed.
15:34:14 INFO  : Context for processor 'microblaze_0' is selected.
15:34:14 INFO  : Processor reset is completed for 'microblaze_0'.
15:34:14 INFO  : Context for processor 'microblaze_0' is selected.
15:34:14 INFO  : The application 'C:/Users/labview/project_117/project_117.sdk/top/Debug/top.elf' is downloaded to processor 'microblaze_0'.
15:34:14 INFO  : ----------------XSDB Script----------------
connect -url tcp:127.0.0.1:3121
targets -set -nocase -filter {name =~ "microblaze*#0" && bscan=="USER2"  && jtag_cable_name =~ "Digilent Nexys4DDR 210292744993A"} -index 0
rst -processor
targets -set -nocase -filter {name =~ "microblaze*#0" && bscan=="USER2"  && jtag_cable_name =~ "Digilent Nexys4DDR 210292744993A"} -index 0
dow C:/Users/labview/project_117/project_117.sdk/top/Debug/top.elf
----------------End of Script----------------

15:34:14 INFO  : Memory regions updated for context MicroBlaze #0
15:34:14 INFO  : Memory regions updated for context MicroBlaze #0
15:34:14 INFO  : Context for processor 'microblaze_0' is selected.
15:34:14 INFO  : 'con' command is executed.
15:34:14 INFO  : ----------------XSDB Script (After Launch)----------------
targets -set -nocase -filter {name =~ "microblaze*#0" && bscan=="USER2"  && jtag_cable_name =~ "Digilent Nexys4DDR 210292744993A"} -index 0
con
----------------End of Script----------------

15:34:14 INFO  : Launch script is exported to file 'C:\Users\labview\project_117\project_117.sdk\.sdk\launch_scripts\xilinx_c-c++_application_(system_debugger)\system_debugger_using_debug_top.elf_on_local.tcl'
15:35:01 INFO  : Disconnected from the channel tcfchan#11.
15:35:02 INFO  : 'targets -set -filter {jtag_cable_name =~ "Digilent Nexys4DDR 210292744993A" && level==0} -index 0' command is executed.
15:35:02 INFO  : 'fpga -state' command is executed.
15:35:02 INFO  : Connected to target on host '127.0.0.1' and port '3121'.
15:35:03 INFO  : Jtag cable 'Digilent Nexys4DDR 210292744993A' is selected.
15:35:03 INFO  : 'jtag frequency' command is executed.
15:35:03 INFO  : Context for processor 'microblaze_0' is selected.
15:35:03 INFO  : Processor reset is completed for 'microblaze_0'.
15:35:03 INFO  : Context for processor 'microblaze_0' is selected.
15:35:03 INFO  : The application 'C:/Users/labview/project_117/project_117.sdk/top/Debug/top.elf' is downloaded to processor 'microblaze_0'.
15:35:03 INFO  : ----------------XSDB Script----------------
connect -url tcp:127.0.0.1:3121
targets -set -nocase -filter {name =~ "microblaze*#0" && bscan=="USER2"  && jtag_cable_name =~ "Digilent Nexys4DDR 210292744993A"} -index 0
rst -processor
targets -set -nocase -filter {name =~ "microblaze*#0" && bscan=="USER2"  && jtag_cable_name =~ "Digilent Nexys4DDR 210292744993A"} -index 0
dow C:/Users/labview/project_117/project_117.sdk/top/Debug/top.elf
----------------End of Script----------------

15:35:03 INFO  : Memory regions updated for context MicroBlaze #0
15:35:03 INFO  : Memory regions updated for context MicroBlaze #0
15:35:03 INFO  : Context for processor 'microblaze_0' is selected.
15:35:03 INFO  : 'con' command is executed.
15:35:03 INFO  : ----------------XSDB Script (After Launch)----------------
targets -set -nocase -filter {name =~ "microblaze*#0" && bscan=="USER2"  && jtag_cable_name =~ "Digilent Nexys4DDR 210292744993A"} -index 0
con
----------------End of Script----------------

15:35:03 INFO  : Launch script is exported to file 'C:\Users\labview\project_117\project_117.sdk\.sdk\launch_scripts\xilinx_c-c++_application_(system_debugger)\system_debugger_using_debug_top.elf_on_local.tcl'
15:35:19 INFO  : Disconnected from the channel tcfchan#12.
15:35:20 INFO  : 'targets -set -filter {jtag_cable_name =~ "Digilent Nexys4DDR 210292744993A" && level==0} -index 0' command is executed.
15:35:20 INFO  : 'fpga -state' command is executed.
15:35:20 INFO  : Connected to target on host '127.0.0.1' and port '3121'.
15:35:20 INFO  : Jtag cable 'Digilent Nexys4DDR 210292744993A' is selected.
15:35:20 INFO  : 'jtag frequency' command is executed.
15:35:21 INFO  : Context for processor 'microblaze_0' is selected.
15:35:21 INFO  : Processor reset is completed for 'microblaze_0'.
15:35:21 INFO  : Context for processor 'microblaze_0' is selected.
15:35:21 INFO  : The application 'C:/Users/labview/project_117/project_117.sdk/top/Debug/top.elf' is downloaded to processor 'microblaze_0'.
15:35:21 INFO  : ----------------XSDB Script----------------
connect -url tcp:127.0.0.1:3121
targets -set -nocase -filter {name =~ "microblaze*#0" && bscan=="USER2"  && jtag_cable_name =~ "Digilent Nexys4DDR 210292744993A"} -index 0
rst -processor
targets -set -nocase -filter {name =~ "microblaze*#0" && bscan=="USER2"  && jtag_cable_name =~ "Digilent Nexys4DDR 210292744993A"} -index 0
dow C:/Users/labview/project_117/project_117.sdk/top/Debug/top.elf
----------------End of Script----------------

15:35:21 INFO  : Memory regions updated for context MicroBlaze #0
15:35:21 INFO  : Memory regions updated for context MicroBlaze #0
15:35:21 INFO  : Context for processor 'microblaze_0' is selected.
15:35:21 INFO  : 'con' command is executed.
15:35:21 INFO  : ----------------XSDB Script (After Launch)----------------
targets -set -nocase -filter {name =~ "microblaze*#0" && bscan=="USER2"  && jtag_cable_name =~ "Digilent Nexys4DDR 210292744993A"} -index 0
con
----------------End of Script----------------

15:35:21 INFO  : Launch script is exported to file 'C:\Users\labview\project_117\project_117.sdk\.sdk\launch_scripts\xilinx_c-c++_application_(system_debugger)\system_debugger_using_debug_top.elf_on_local.tcl'
15:38:42 INFO  : Disconnected from the channel tcfchan#13.
16:04:54 INFO  : Registering command handlers for SDK TCF services
16:04:55 INFO  : Launching XSCT server: xsct.bat -interactive C:\Users\labview\project_117\project_117.sdk\temp_xsdb_launch_script.tcl
16:05:01 INFO  : XSCT server has started successfully.
16:05:01 INFO  : Successfully done setting XSCT server connection channel  
16:05:02 INFO  : Successfully done setting SDK workspace  
16:05:02 INFO  : Processing command line option -hwspec C:/Users/labview/project_117/project_117.sdk/design_1_wrapper.hdf.
16:05:02 INFO  : Checking for hwspec changes in the project design_1_wrapper_hw_platform_0.
16:05:03 INFO  : SDK has detected change in the last modified timestamps for source hardware specification file Source:1609842819575,  Project:1609839225502
16:05:03 INFO  : The hardware specification for project 'design_1_wrapper_hw_platform_0' is different from C:/Users/labview/project_117/project_117.sdk/design_1_wrapper.hdf.
16:05:03 INFO  : Copied contents of C:/Users/labview/project_117/project_117.sdk/design_1_wrapper.hdf into \design_1_wrapper_hw_platform_0\system.hdf.
16:05:04 INFO  : Synchronizing projects in the workspace with the hardware platform specification changes.
16:05:10 INFO  : 
16:05:11 INFO  : Updating hardware inferred compiler options for top.
16:05:11 INFO  : Clearing existing target manager status.
16:05:11 WARN  : Given IPC port value is invalid. Using default port 2350
16:05:11 WARN  : Given XMD timeout value is invalid. Using default value of 50000
16:05:13 WARN  : Given XMD transaction timeout value is invalid. Using default value of 60000 milli seconds
16:25:28 INFO  : Connected to target on host '127.0.0.1' and port '3121'.
16:25:30 INFO  : 'targets -set -filter {jtag_cable_name =~ "Digilent Nexys4DDR 210292744993A" && level==0} -index 0' command is executed.
16:25:32 INFO  : FPGA configured successfully with bitstream "C:/Users/labview/project_117/project_117.sdk/design_1_wrapper_hw_platform_0/download.bit"
16:25:45 INFO  : 'targets -set -filter {jtag_cable_name =~ "Digilent Nexys4DDR 210292744993A" && level==0} -index 0' command is executed.
16:25:45 INFO  : 'fpga -state' command is executed.
16:25:45 INFO  : Connected to target on host '127.0.0.1' and port '3121'.
16:25:46 INFO  : Jtag cable 'Digilent Nexys4DDR 210292744993A' is selected.
16:25:46 INFO  : 'jtag frequency' command is executed.
16:25:46 INFO  : Context for processor 'microblaze_0' is selected.
16:25:46 INFO  : Processor reset is completed for 'microblaze_0'.
16:25:46 INFO  : Context for processor 'microblaze_0' is selected.
16:25:46 INFO  : The application 'C:/Users/labview/project_117/project_117.sdk/top/Debug/top.elf' is downloaded to processor 'microblaze_0'.
16:25:46 INFO  : ----------------XSDB Script----------------
connect -url tcp:127.0.0.1:3121
targets -set -nocase -filter {name =~ "microblaze*#0" && bscan=="USER2"  && jtag_cable_name =~ "Digilent Nexys4DDR 210292744993A"} -index 0
rst -processor
targets -set -nocase -filter {name =~ "microblaze*#0" && bscan=="USER2"  && jtag_cable_name =~ "Digilent Nexys4DDR 210292744993A"} -index 0
dow C:/Users/labview/project_117/project_117.sdk/top/Debug/top.elf
----------------End of Script----------------

16:25:46 INFO  : Memory regions updated for context MicroBlaze #0
16:25:46 INFO  : Memory regions updated for context MicroBlaze #0
16:25:46 INFO  : Context for processor 'microblaze_0' is selected.
16:25:46 INFO  : 'con' command is executed.
16:25:46 INFO  : ----------------XSDB Script (After Launch)----------------
targets -set -nocase -filter {name =~ "microblaze*#0" && bscan=="USER2"  && jtag_cable_name =~ "Digilent Nexys4DDR 210292744993A"} -index 0
con
----------------End of Script----------------

16:25:46 INFO  : Launch script is exported to file 'C:\Users\labview\project_117\project_117.sdk\.sdk\launch_scripts\xilinx_c-c++_application_(system_debugger)\system_debugger_using_debug_top.elf_on_local.tcl'
16:29:03 INFO  : Connected to target on host '127.0.0.1' and port '3121'.
16:29:03 INFO  : 'targets -set -filter {jtag_cable_name =~ "Digilent Nexys4DDR 210292744993A" && level==0} -index 0' command is executed.
16:29:05 INFO  : FPGA configured successfully with bitstream "C:/Users/labview/project_117/project_117.sdk/design_1_wrapper_hw_platform_0/download.bit"
16:29:25 INFO  : Disconnected from the channel tcfchan#1.
16:29:26 INFO  : 'targets -set -filter {jtag_cable_name =~ "Digilent Nexys4DDR 210292744993A" && level==0} -index 0' command is executed.
16:29:26 INFO  : 'fpga -state' command is executed.
16:29:26 INFO  : Connected to target on host '127.0.0.1' and port '3121'.
16:29:26 INFO  : Jtag cable 'Digilent Nexys4DDR 210292744993A' is selected.
16:29:26 INFO  : 'jtag frequency' command is executed.
16:29:26 INFO  : Context for processor 'microblaze_0' is selected.
16:29:26 INFO  : Processor reset is completed for 'microblaze_0'.
16:29:26 INFO  : Context for processor 'microblaze_0' is selected.
16:29:26 INFO  : The application 'C:/Users/labview/project_117/project_117.sdk/top/Debug/top.elf' is downloaded to processor 'microblaze_0'.
16:29:26 INFO  : ----------------XSDB Script----------------
connect -url tcp:127.0.0.1:3121
targets -set -nocase -filter {name =~ "microblaze*#0" && bscan=="USER2"  && jtag_cable_name =~ "Digilent Nexys4DDR 210292744993A"} -index 0
rst -processor
targets -set -nocase -filter {name =~ "microblaze*#0" && bscan=="USER2"  && jtag_cable_name =~ "Digilent Nexys4DDR 210292744993A"} -index 0
dow C:/Users/labview/project_117/project_117.sdk/top/Debug/top.elf
----------------End of Script----------------

16:29:26 INFO  : Memory regions updated for context MicroBlaze #0
16:29:26 INFO  : Memory regions updated for context MicroBlaze #0
16:29:26 INFO  : Context for processor 'microblaze_0' is selected.
16:29:26 INFO  : 'con' command is executed.
16:29:26 INFO  : ----------------XSDB Script (After Launch)----------------
targets -set -nocase -filter {name =~ "microblaze*#0" && bscan=="USER2"  && jtag_cable_name =~ "Digilent Nexys4DDR 210292744993A"} -index 0
con
----------------End of Script----------------

16:29:26 INFO  : Launch script is exported to file 'C:\Users\labview\project_117\project_117.sdk\.sdk\launch_scripts\xilinx_c-c++_application_(system_debugger)\system_debugger_using_debug_top.elf_on_local.tcl'
16:35:07 INFO  : Disconnected from the channel tcfchan#2.
16:35:08 INFO  : 'targets -set -filter {jtag_cable_name =~ "Digilent Nexys4DDR 210292744993A" && level==0} -index 0' command is executed.
16:35:08 INFO  : 'fpga -state' command is executed.
16:35:08 INFO  : Connected to target on host '127.0.0.1' and port '3121'.
16:35:08 INFO  : Jtag cable 'Digilent Nexys4DDR 210292744993A' is selected.
16:35:08 INFO  : 'jtag frequency' command is executed.
16:35:08 INFO  : Context for processor 'microblaze_0' is selected.
16:35:08 INFO  : Processor reset is completed for 'microblaze_0'.
16:35:08 INFO  : Context for processor 'microblaze_0' is selected.
16:35:08 INFO  : The application 'C:/Users/labview/project_117/project_117.sdk/top/Debug/top.elf' is downloaded to processor 'microblaze_0'.
16:35:08 INFO  : ----------------XSDB Script----------------
connect -url tcp:127.0.0.1:3121
targets -set -nocase -filter {name =~ "microblaze*#0" && bscan=="USER2"  && jtag_cable_name =~ "Digilent Nexys4DDR 210292744993A"} -index 0
rst -processor
targets -set -nocase -filter {name =~ "microblaze*#0" && bscan=="USER2"  && jtag_cable_name =~ "Digilent Nexys4DDR 210292744993A"} -index 0
dow C:/Users/labview/project_117/project_117.sdk/top/Debug/top.elf
----------------End of Script----------------

16:35:08 INFO  : Memory regions updated for context MicroBlaze #0
16:35:08 INFO  : Memory regions updated for context MicroBlaze #0
16:35:08 INFO  : Context for processor 'microblaze_0' is selected.
16:35:08 INFO  : 'con' command is executed.
16:35:08 INFO  : ----------------XSDB Script (After Launch)----------------
targets -set -nocase -filter {name =~ "microblaze*#0" && bscan=="USER2"  && jtag_cable_name =~ "Digilent Nexys4DDR 210292744993A"} -index 0
con
----------------End of Script----------------

16:35:08 INFO  : Launch script is exported to file 'C:\Users\labview\project_117\project_117.sdk\.sdk\launch_scripts\xilinx_c-c++_application_(system_debugger)\system_debugger_using_debug_top.elf_on_local.tcl'
16:36:53 INFO  : Disconnected from the channel tcfchan#3.
16:36:54 INFO  : 'targets -set -filter {jtag_cable_name =~ "Digilent Nexys4DDR 210292744993A" && level==0} -index 0' command is executed.
16:36:54 INFO  : 'fpga -state' command is executed.
16:36:54 INFO  : Connected to target on host '127.0.0.1' and port '3121'.
16:36:55 INFO  : Jtag cable 'Digilent Nexys4DDR 210292744993A' is selected.
16:36:55 INFO  : 'jtag frequency' command is executed.
16:36:55 INFO  : Context for processor 'microblaze_0' is selected.
16:36:55 INFO  : Processor reset is completed for 'microblaze_0'.
16:36:55 INFO  : Context for processor 'microblaze_0' is selected.
16:36:55 INFO  : The application 'C:/Users/labview/project_117/project_117.sdk/top/Debug/top.elf' is downloaded to processor 'microblaze_0'.
16:36:55 INFO  : ----------------XSDB Script----------------
connect -url tcp:127.0.0.1:3121
targets -set -nocase -filter {name =~ "microblaze*#0" && bscan=="USER2"  && jtag_cable_name =~ "Digilent Nexys4DDR 210292744993A"} -index 0
rst -processor
targets -set -nocase -filter {name =~ "microblaze*#0" && bscan=="USER2"  && jtag_cable_name =~ "Digilent Nexys4DDR 210292744993A"} -index 0
dow C:/Users/labview/project_117/project_117.sdk/top/Debug/top.elf
----------------End of Script----------------

16:36:55 INFO  : Memory regions updated for context MicroBlaze #0
16:36:55 INFO  : Memory regions updated for context MicroBlaze #0
16:36:55 INFO  : Context for processor 'microblaze_0' is selected.
16:36:55 INFO  : 'con' command is executed.
16:36:55 INFO  : ----------------XSDB Script (After Launch)----------------
targets -set -nocase -filter {name =~ "microblaze*#0" && bscan=="USER2"  && jtag_cable_name =~ "Digilent Nexys4DDR 210292744993A"} -index 0
con
----------------End of Script----------------

16:36:55 INFO  : Launch script is exported to file 'C:\Users\labview\project_117\project_117.sdk\.sdk\launch_scripts\xilinx_c-c++_application_(system_debugger)\system_debugger_using_debug_top.elf_on_local.tcl'
16:38:04 INFO  : Disconnected from the channel tcfchan#4.
16:38:05 INFO  : 'targets -set -filter {jtag_cable_name =~ "Digilent Nexys4DDR 210292744993A" && level==0} -index 0' command is executed.
16:38:05 INFO  : 'fpga -state' command is executed.
16:38:05 INFO  : Connected to target on host '127.0.0.1' and port '3121'.
16:38:05 INFO  : Jtag cable 'Digilent Nexys4DDR 210292744993A' is selected.
16:38:05 INFO  : 'jtag frequency' command is executed.
16:38:05 INFO  : Context for processor 'microblaze_0' is selected.
16:38:05 INFO  : Processor reset is completed for 'microblaze_0'.
16:38:05 INFO  : Context for processor 'microblaze_0' is selected.
16:38:05 INFO  : The application 'C:/Users/labview/project_117/project_117.sdk/top/Debug/top.elf' is downloaded to processor 'microblaze_0'.
16:38:05 INFO  : ----------------XSDB Script----------------
connect -url tcp:127.0.0.1:3121
targets -set -nocase -filter {name =~ "microblaze*#0" && bscan=="USER2"  && jtag_cable_name =~ "Digilent Nexys4DDR 210292744993A"} -index 0
rst -processor
targets -set -nocase -filter {name =~ "microblaze*#0" && bscan=="USER2"  && jtag_cable_name =~ "Digilent Nexys4DDR 210292744993A"} -index 0
dow C:/Users/labview/project_117/project_117.sdk/top/Debug/top.elf
----------------End of Script----------------

16:38:05 INFO  : Memory regions updated for context MicroBlaze #0
16:38:05 INFO  : Memory regions updated for context MicroBlaze #0
16:38:05 INFO  : Context for processor 'microblaze_0' is selected.
16:38:05 INFO  : 'con' command is executed.
16:38:05 INFO  : ----------------XSDB Script (After Launch)----------------
targets -set -nocase -filter {name =~ "microblaze*#0" && bscan=="USER2"  && jtag_cable_name =~ "Digilent Nexys4DDR 210292744993A"} -index 0
con
----------------End of Script----------------

16:38:05 INFO  : Launch script is exported to file 'C:\Users\labview\project_117\project_117.sdk\.sdk\launch_scripts\xilinx_c-c++_application_(system_debugger)\system_debugger_using_debug_top.elf_on_local.tcl'
16:39:32 INFO  : Disconnected from the channel tcfchan#5.
16:39:33 INFO  : 'targets -set -filter {jtag_cable_name =~ "Digilent Nexys4DDR 210292744993A" && level==0} -index 0' command is executed.
16:39:33 INFO  : 'fpga -state' command is executed.
16:39:33 INFO  : Connected to target on host '127.0.0.1' and port '3121'.
16:39:33 INFO  : Jtag cable 'Digilent Nexys4DDR 210292744993A' is selected.
16:39:33 INFO  : 'jtag frequency' command is executed.
16:39:33 INFO  : Context for processor 'microblaze_0' is selected.
16:39:33 INFO  : Processor reset is completed for 'microblaze_0'.
16:39:33 INFO  : Context for processor 'microblaze_0' is selected.
16:39:33 INFO  : The application 'C:/Users/labview/project_117/project_117.sdk/top/Debug/top.elf' is downloaded to processor 'microblaze_0'.
16:39:33 INFO  : ----------------XSDB Script----------------
connect -url tcp:127.0.0.1:3121
targets -set -nocase -filter {name =~ "microblaze*#0" && bscan=="USER2"  && jtag_cable_name =~ "Digilent Nexys4DDR 210292744993A"} -index 0
rst -processor
targets -set -nocase -filter {name =~ "microblaze*#0" && bscan=="USER2"  && jtag_cable_name =~ "Digilent Nexys4DDR 210292744993A"} -index 0
dow C:/Users/labview/project_117/project_117.sdk/top/Debug/top.elf
----------------End of Script----------------

16:39:33 INFO  : Memory regions updated for context MicroBlaze #0
16:39:33 INFO  : Memory regions updated for context MicroBlaze #0
16:39:33 INFO  : Context for processor 'microblaze_0' is selected.
16:39:33 INFO  : 'con' command is executed.
16:39:33 INFO  : ----------------XSDB Script (After Launch)----------------
targets -set -nocase -filter {name =~ "microblaze*#0" && bscan=="USER2"  && jtag_cable_name =~ "Digilent Nexys4DDR 210292744993A"} -index 0
con
----------------End of Script----------------

16:39:33 INFO  : Launch script is exported to file 'C:\Users\labview\project_117\project_117.sdk\.sdk\launch_scripts\xilinx_c-c++_application_(system_debugger)\system_debugger_using_debug_top.elf_on_local.tcl'
16:39:48 INFO  : Disconnected from the channel tcfchan#6.
16:39:50 INFO  : 'targets -set -filter {jtag_cable_name =~ "Digilent Nexys4DDR 210292744993A" && level==0} -index 0' command is executed.
16:39:50 INFO  : 'fpga -state' command is executed.
16:39:50 INFO  : Connected to target on host '127.0.0.1' and port '3121'.
16:39:50 INFO  : Jtag cable 'Digilent Nexys4DDR 210292744993A' is selected.
16:39:50 INFO  : 'jtag frequency' command is executed.
16:39:50 INFO  : Context for processor 'microblaze_0' is selected.
16:39:50 INFO  : Processor reset is completed for 'microblaze_0'.
16:39:50 INFO  : Context for processor 'microblaze_0' is selected.
16:39:50 INFO  : The application 'C:/Users/labview/project_117/project_117.sdk/top/Debug/top.elf' is downloaded to processor 'microblaze_0'.
16:39:50 INFO  : ----------------XSDB Script----------------
connect -url tcp:127.0.0.1:3121
targets -set -nocase -filter {name =~ "microblaze*#0" && bscan=="USER2"  && jtag_cable_name =~ "Digilent Nexys4DDR 210292744993A"} -index 0
rst -processor
targets -set -nocase -filter {name =~ "microblaze*#0" && bscan=="USER2"  && jtag_cable_name =~ "Digilent Nexys4DDR 210292744993A"} -index 0
dow C:/Users/labview/project_117/project_117.sdk/top/Debug/top.elf
----------------End of Script----------------

16:39:50 INFO  : Memory regions updated for context MicroBlaze #0
16:39:50 INFO  : Memory regions updated for context MicroBlaze #0
16:39:50 INFO  : Context for processor 'microblaze_0' is selected.
16:39:50 INFO  : 'con' command is executed.
16:39:50 INFO  : ----------------XSDB Script (After Launch)----------------
targets -set -nocase -filter {name =~ "microblaze*#0" && bscan=="USER2"  && jtag_cable_name =~ "Digilent Nexys4DDR 210292744993A"} -index 0
con
----------------End of Script----------------

16:39:50 INFO  : Launch script is exported to file 'C:\Users\labview\project_117\project_117.sdk\.sdk\launch_scripts\xilinx_c-c++_application_(system_debugger)\system_debugger_using_debug_top.elf_on_local.tcl'
16:46:12 INFO  : Disconnected from the channel tcfchan#7.
16:46:14 ERROR : Unexpected error while parsing XMD response ?: com.google.gson.JsonSyntaxException: com.google.gson.stream.MalformedJsonException: invalid number or unquoted string near 
