MIG: 18:44:42 : xml_input_file: board.prj
MIG: 18:44:42 : Absolute path of xml_input_file: c:/Users/labview/project_107/project_107.srcs/sources_1/bd/design_1/ip/design_1_mig_7series_0_0/board.prj
MIG: 18:44:42 : xml_input_file: board.prj
MIG: 18:44:42 : Absolute path of xml_input_file: c:/Users/labview/project_107/project_107.srcs/sources_1/bd/design_1/ip/design_1_mig_7series_0_0/board.prj
MIG: 18:44:42 : In updateAllModelParams
MIG: 18:44:42 : ################# RUNNING MIG BATCH ###################
MIG: 18:44:42 : Writing IN file for 'design_1_mig_7series_0_0'...compDirPath: c:/Xilinx/Vivado/2017.4/data/ip/xilinx/mig_7series_v4_0... instDirPath: c:/Users/labview/project_107/project_107.srcs/sources_1/bd/design_1/ip/design_1_mig_7series_0_0
MIG: 18:44:42 : synp_flow:  -- synthesis_mode: Other
MIG: 18:44:42 : outputDirectory: c:/Users/labview/project_107/project_107.srcs/sources_1/bd/design_1/ip/design_1_mig_7series_0_0/_tmp/
MIG: 18:44:42 : vivado_mode: xpg_bd
MIG: 18:44:42 : isPortInterface: 0
MIG: 18:44:42 : isPortInterface: 0
MIG: 18:44:42 : isPortInterface: 0
MIG: 18:44:42 : isPortInterface: 0
MIG: 18:44:42 : isPortInterface: 0
MIG: 18:44:42 : isPortInterface: 0
MIG: 18:44:42 : isPortInterface: 0
MIG: 18:44:42 : isPortInterface: 0
MIG: 18:44:42 : isPortInterface: 0
MIG: 18:44:42 : isPortInterface: 0
MIG: 18:44:42 : isPortInterface: 0
MIG: 18:44:42 : isPortInterface: 0
MIG: 18:44:42 : isPortInterface: 0
MIG: 18:44:42 : isPortInterface: 0
MIG: 18:44:42 : isPortInterface: 0
MIG: 18:44:42 : isPortInterface: 0
MIG: 18:44:42 : isPortInterface: 0
MIG: 18:44:42 : isPortInterface: 0
MIG: 18:44:42 : isPortInterface: 0
MIG: 18:44:42 : isPortInterface: 0
MIG: 18:44:42 : isPortInterface: 0
MIG: 18:44:42 : isPortInterface: 0
MIG: 18:44:42 : isPortInterface: 0
MIG: 18:44:42 : isPortInterface: 0
MIG: 18:44:42 : isPortInterface: 0
MIG: 18:44:42 : isPortInterface: 0
MIG: 18:44:42 : isPortInterface: 0
MIG: 18:44:42 : isPortInterface: 0
MIG: 18:44:42 : isPortInterface: 0
MIG: 18:44:42 : isPortInterface: 0
MIG: 18:44:42 : isPortInterface: 0
MIG: 18:44:42 : isPortInterface: 0
MIG: 18:44:42 : isPortInterface: 0
MIG: 18:44:42 : isPortInterface: 0
MIG: 18:44:42 : isPortInterface: 0
MIG: 18:44:42 : isPortInterface: 0
MIG: 18:44:42 : isPortInterface: 0
MIG: 18:44:42 : isPortInterface: 0
MIG: 18:44:42 : isPortInterface: 0
MIG: 18:44:42 : isPortInterface: 0
MIG: 18:44:42 : isPortInterface: 0
MIG: 18:44:42 : isPortInterface: 0
MIG: 18:44:42 : isPortInterface: 0
MIG: 18:44:42 : isPortInterface: 0
MIG: 18:44:42 : isPortInterface: 0
MIG: 18:44:42 : isPortInterface: 0
MIG: 18:44:42 : isPortInterface: 0
MIG: 18:44:42 : isPortInterface: 0
MIG: 18:44:42 : isPortInterface: 0
MIG: 18:44:42 : isPortInterface: 0
MIG: 18:44:42 : isPortInterface: 0
MIG: 18:44:42 : isPortInterface: 0
MIG: 18:44:42 : isPortInterface: 0
MIG: 18:44:42 : isPortInterface: 0
MIG: 18:44:42 : isPortInterface: 0
MIG: 18:44:42 : isPortInterface: 0
MIG: 18:44:42 : isPortInterface: 0
MIG: 18:44:42 : isPortInterface: 0
MIG: 18:44:42 : isPortInterface: 0
MIG: 18:44:42 : isPortInterface: 0
MIG: 18:44:42 : isPortInterface: 0
MIG: 18:44:42 : isPortInterface: 0
MIG: 18:44:42 : isPortInterface: 0
MIG: 18:44:42 : isPortInterface: 0
MIG: 18:44:42 : isPortInterface: 0
MIG: 18:44:42 : isPortInterface: 0
MIG: 18:44:42 : isPortInterface: 0
MIG: 18:44:42 : isPortInterface: 0
MIG: 18:44:42 : isPortInterface: 0
MIG: 18:44:42 : isPortInterface: 0
MIG: 18:44:42 : isPortInterface: 0
MIG: 18:44:42 : isPortInterface: 0
MIG: 18:44:42 : isPortInterface: 0
MIG: 18:44:42 : isPortInterface: 0
MIG: 18:44:42 : isPortInterface: 0
MIG: 18:44:42 : isPortInterface: 0
MIG: 18:44:42 : isPortInterface: 0
MIG: 18:44:42 : isPortInterface: 0
MIG: 18:44:42 : isPortInterface: 0
MIG: 18:44:42 : isPortInterface: 0
MIG: 18:44:42 : isPortInterface: 0
MIG: 18:44:42 : isPortInterface: 0
MIG: 18:44:42 : isPortInterface: 0
MIG: 18:44:42 : isPortInterface: 0
MIG: 18:44:42 : isPortInterface: 0
MIG: 18:44:42 : isPortInterface: 0
MIG: 18:44:42 : isPortInterface: 0
MIG: 18:44:42 : isPortInterface: 0
MIG: 18:44:42 : isPortInterface: 0
MIG: 18:44:42 : isPortInterface: 0
MIG: 18:44:42 : isPortInterface: 0
MIG: 18:44:42 : isPortInterface: 0
MIG: 18:44:42 : isPortInterface: 0
MIG: 18:44:42 : isPortInterface: 0
MIG: 18:44:42 : isPortInterface: 0
MIG: 18:44:42 : isPortInterface: 0
MIG: 18:44:42 : isPortInterface: 0
MIG: 18:44:42 : isPortInterface: 0
MIG: 18:44:42 : isPortInterface: 0
MIG: 18:44:42 : isPortInterface: 0
MIG: 18:44:42 : isPortInterface: 0
MIG: 18:44:42 : isPortInterface: 0
MIG: 18:44:42 : isPortInterface: 0
MIG: 18:44:42 : isPortInterface: 0
MIG: 18:44:42 : isPortInterface: 0
MIG: 18:44:42 : isPortInterface: 0
MIG: 18:44:42 : isPortInterface: 0
MIG: 18:44:42 : isPortInterface: 0
MIG: 18:44:42 : isPortInterface: 0
MIG: 18:44:42 : isPortInterface: 0
MIG: 18:44:42 : isPortInterface: 0
MIG: 18:44:42 : isPortInterface: 0
MIG: 18:44:42 : isPortInterface: 0
MIG: 18:44:42 : isPortInterface: 0
MIG: 18:44:42 : isPortInterface: 0
MIG: 18:44:42 : isPortInterface: 0
MIG: 18:44:42 : isPortInterface: 0
MIG: 18:44:42 : isPortInterface: 1
MIG: 18:44:42 : isPortInterface: 0
MIG: 18:44:42 : isPortInterface: 0
MIG: 18:44:42 : isPortInterface: 0
MIG: 18:44:42 : isPortInterface: 0
MIG: 18:44:42 : isPortInterface: 0
MIG: 18:44:42 : isPortInterface: 0
MIG: 18:44:42 : isPortInterface: 0
MIG: 18:44:42 : isPortInterface: 0
MIG: 18:44:42 : isPortInterface: 0
MIG: 18:44:42 : isPortInterface: 0
MIG: 18:44:42 :  locked false  
MIG: 18:44:42 : HDL Language: Verilog
MIG: 18:44:42 : compInfo: true
MIG: 18:44:42 : Vivado Options xc7a100t csg324 -1
MIG: 18:44:42 : 1: xc7a100t 2: csg324 3: -1
MIG: 18:44:42 : relative mig path: coregen/ip/xilinx/other/com/xilinx/ip/mig_7series_v4_0/bin/nt64/mig.exe
MIG: 18:44:42 : xilinx_path: C:/Xilinx/Vivado/2017.4/ids_lite/ISE
MIG: 18:44:42 : I am in catch area
MIG: 18:44:42 : Running C:/Xilinx/Vivado/2017.4/ids_lite/ISE/coregen/ip/xilinx/other/com/xilinx/ip/mig_7series_v4_0/bin/nt64/mig.exe -cg_exc_inp c:/Users/labview/project_107/project_107.srcs/sources_1/bd/design_1/ip/design_1_mig_7series_0_0/xil_txt.in -cg_exc_out c:/Users/labview/project_107/project_107.srcs/sources_1/bd/design_1/ip/design_1_mig_7series_0_0/xil_txt.out ... 
MIG: 18:44:55 : XML_INPUT_FILE: c:/Users/labview/project_107/project_107.srcs/sources_1/bd/design_1/ip/design_1_mig_7series_0_0/board.prj
MIG: 18:44:55 : Component_Name: design_1_mig_7series_0_0
MIG: 18:44:55 : Moving design_1_mig_7series_0_0 ...
MIG: 18:44:55 : Moving design_1_mig_7series_0_0.veo ...
MIG: 18:44:55 : Moving design_1_mig_7series_0_0_xmdf.tcl ...
MIG: 18:44:55 : XGUI hdlLanguage: Verilog
MIG: 18:44:55 : xgui vivado_mode: xpg_bd
MIG: 18:44:55 : xgui hdlLanguage: Verilog -- hdlExt: v
MIG: 18:44:55 : Reading C:/Users/labview/project_107/project_107.srcs/sources_1/bd/design_1/ip/design_1_mig_7series_0_0/design_1_mig_7series_0_0/user_design/rtl/design_1_mig_7series_0_0_mig.v ...
MIG: 18:44:56 : 1
MIG: 18:44:56 : Inside fn mem: DDR2
MIG: 18:44:56 : detect_uiclk: 81247969
MIG: 18:44:56 : cntrl:  memtype: DDR2
MIG: 18:44:56 : 1200
MIG: 18:44:56 :  MMCM_VCO single ctrl param_name: MMCM_VCO --  possibleMaxVcoVal: 1200 
MIG: 18:44:56 : DDR2
MIG: 18:44:56 : 1
MIG: 18:44:56 : 81247969
MIG: 18:44:56 : 
MIG: 18:44:56 :  polarity_value: 1
MIG: 18:44:56 : 
MIG: 18:44:56 : 
MIG: 18:44:56 : cntrl:  memtype: DDR2
MIG: 18:44:56 : Prasad ----: isMMCMExtraClkParam:: MMCM_CLKOUT0_EN --- "TRUE"
MIG: 18:44:56 : TRUE
MIG: 18:44:56 :  MMCM Enable Param: MMCM_CLKOUT0_EN ==> TRUE
MIG: 18:44:56 : Prasad ----: isMMCMExtraClkParam:: MMCM_CLKOUT1_EN --- "FALSE"
MIG: 18:44:56 : 
MIG: 18:44:56 :  MMCM Enable Param: MMCM_CLKOUT1_EN ==> FALSE
MIG: 18:44:56 : Prasad ----: isMMCMExtraClkParam:: MMCM_CLKOUT2_EN --- "FALSE"
MIG: 18:44:56 : 
MIG: 18:44:56 :  MMCM Enable Param: MMCM_CLKOUT2_EN ==> FALSE
MIG: 18:44:56 : Prasad ----: isMMCMExtraClkParam:: MMCM_CLKOUT3_EN --- "FALSE"
MIG: 18:44:56 : 
MIG: 18:44:56 :  MMCM Enable Param: MMCM_CLKOUT3_EN ==> FALSE
MIG: 18:44:56 : Prasad ----: isMMCMExtraClkParam:: MMCM_CLKOUT4_EN --- "FALSE"
MIG: 18:44:56 : 
MIG: 18:44:56 :  MMCM Enable Param: MMCM_CLKOUT4_EN ==> FALSE
MIG: 18:44:56 : Prasad ----: isMMCMExtraClkParam:: MMCM_CLKOUT0_DIVIDE --- 12.000
MIG: 18:44:56 : possibleMaxVcoVal:: 1200 ---- paramName: MMCM_CLKOUT0_DIVIDE
MIG: 18:44:56 : 100000000
MIG: 18:44:56 :  MMCM Extra Param: MMCM_CLKOUT0_FREQ ==> 100000000
MIG: 18:44:56 : Prasad ----: isMMCMExtraClkParam:: MMCM_CLKOUT1_DIVIDE --- 1
MIG: 18:44:56 : possibleMaxVcoVal:: 1200 ---- paramName: MMCM_CLKOUT1_DIVIDE
MIG: 18:44:56 : 1200000000
MIG: 18:44:56 :  MMCM Extra Param: MMCM_CLKOUT1_FREQ ==> 1200000000
MIG: 18:44:56 : Prasad ----: isMMCMExtraClkParam:: MMCM_CLKOUT2_DIVIDE --- 1
MIG: 18:44:56 : possibleMaxVcoVal:: 1200 ---- paramName: MMCM_CLKOUT2_DIVIDE
MIG: 18:44:56 : 1200000000
MIG: 18:44:56 :  MMCM Extra Param: MMCM_CLKOUT2_FREQ ==> 1200000000
MIG: 18:44:56 : Prasad ----: isMMCMExtraClkParam:: MMCM_CLKOUT3_DIVIDE --- 1
MIG: 18:44:56 : possibleMaxVcoVal:: 1200 ---- paramName: MMCM_CLKOUT3_DIVIDE
MIG: 18:44:56 : 1200000000
MIG: 18:44:56 :  MMCM Extra Param: MMCM_CLKOUT3_FREQ ==> 1200000000
MIG: 18:44:56 : Prasad ----: isMMCMExtraClkParam:: MMCM_CLKOUT4_DIVIDE --- 1
MIG: 18:44:56 : possibleMaxVcoVal:: 1200 ---- paramName: MMCM_CLKOUT4_DIVIDE
MIG: 18:44:56 : 1200000000
MIG: 18:44:56 :  MMCM Extra Param: MMCM_CLKOUT4_FREQ ==> 1200000000
MIG: 18:44:56 :  Invalid Param: DDR2_RST_ACT_LOW ==> 1
MIG: 18:44:56 : 
MIG: 18:44:56 :  Valid Param: DDR2_BANK_WIDTH ==> 3
MIG: 18:44:56 : 
MIG: 18:44:56 :  Valid Param: DDR2_CK_WIDTH ==> 1
MIG: 18:44:56 :  Invalid Param: DDR2_COL_WIDTH ==> 10
MIG: 18:44:56 : 
MIG: 18:44:56 :  Valid Param: DDR2_CS_WIDTH ==> 1
MIG: 18:44:56 : 
MIG: 18:44:56 :  Valid Param: DDR2_nCS_PER_RANK ==> 1
MIG: 18:44:56 : 
MIG: 18:44:56 :  Valid Param: DDR2_CKE_WIDTH ==> 1
MIG: 18:44:56 :  Invalid Param: DDR2_DATA_BUF_ADDR_WIDTH ==> 5
MIG: 18:44:56 :  Invalid Param: DDR2_DQ_CNT_WIDTH ==> 4
MIG: 18:44:56 :  Invalid Param: DDR2_DQ_PER_DM ==> 8
MIG: 18:44:56 : 2
MIG: 18:44:56 :  Valid Param: DDR2_DM_WIDTH ==> 2
MIG: 18:44:56 : 16
MIG: 18:44:56 :  Valid Param: DDR2_DQ_WIDTH ==> 16
MIG: 18:44:56 : 2
MIG: 18:44:56 :  Valid Param: DDR2_DQS_WIDTH ==> 2
MIG: 18:44:56 : 
MIG: 18:44:56 :  Valid Param: DDR2_DQS_CNT_WIDTH ==> 1
MIG: 18:44:56 :  Invalid Param: DDR2_DRAM_WIDTH ==> 8
MIG: 18:44:56 : 
MIG: 18:44:56 :  Valid Param: ECC ==> OFF
MIG: 18:44:56 : 16
MIG: 18:44:56 :  Valid Param: DDR2_DATA_WIDTH ==> 16
MIG: 18:44:56 :  Invalid Param: ECC_TEST ==> "OFF"
MIG: 18:44:56 :  Invalid Param: DDR2_PAYLOAD_WIDTH ==> (ECC_TEST == "OFF") ? DATA_WIDTH : DQ_WIDTH
MIG: 18:44:56 :  Invalid Param: DDR2_MEM_ADDR_ORDER ==> "BANK_ROW_COLUMN"
MIG: 18:44:56 :  Invalid Param: DDR2_nBANK_MACHS ==> 4
MIG: 18:44:56 :  Invalid Param: DDR2_RANKS ==> 1
MIG: 18:44:56 : 
MIG: 18:44:56 :  Valid Param: DDR2_ODT_WIDTH ==> 1
MIG: 18:44:56 : 13
MIG: 18:44:56 :  Valid Param: DDR2_ROW_WIDTH ==> 13
MIG: 18:44:56 : 27
MIG: 18:44:56 :  Valid Param: DDR2_ADDR_WIDTH ==> 27
MIG: 18:44:56 : 
MIG: 18:44:56 :  Valid Param: DDR2_USE_CS_PORT ==> 1
MIG: 18:44:56 : 
MIG: 18:44:56 :  Valid Param: DDR2_USE_DM_PORT ==> 1
MIG: 18:44:56 : 
MIG: 18:44:56 :  Valid Param: DDR2_USE_ODT_PORT ==> 1
MIG: 18:44:56 :  Invalid Param: DDR2_PHY_CONTROL_MASTER_BANK ==> 0
MIG: 18:44:56 :  Invalid Param: DDR2_MEM_DENSITY ==> "1Gb"
MIG: 18:44:56 :  Invalid Param: DDR2_MEM_SPEEDGRADE ==> "25E"
MIG: 18:44:56 :  Invalid Param: DDR2_MEM_DEVICE_WIDTH ==> 16
MIG: 18:44:56 :  Invalid Param: DDR2_AL ==> "0"
MIG: 18:44:56 :  Invalid Param: DDR2_nAL ==> 0
MIG: 18:44:56 :  Invalid Param: DDR2_BURST_MODE ==> "8"
MIG: 18:44:56 :  Invalid Param: DDR2_BURST_TYPE ==> "SEQ"
MIG: 18:44:56 :  Invalid Param: DDR2_CL ==> 5
MIG: 18:44:56 :  Invalid Param: DDR2_OUTPUT_DRV ==> "HIGH"
MIG: 18:44:56 :  Invalid Param: DDR2_RTT_NOM ==> "50"
MIG: 18:44:56 :  Invalid Param: DDR2_ADDR_CMD_MODE ==> "1T"
MIG: 18:44:56 : 
MIG: 18:44:56 :  Valid Param: DDR2_REG_CTRL ==> OFF
MIG: 18:44:56 :  Invalid Param: DDR2_CLKIN_PERIOD ==> 5000
MIG: 18:44:56 :  Invalid Param: DDR2_CLKFBOUT_MULT ==> 13
MIG: 18:44:56 :  Invalid Param: DDR2_DIVCLK_DIVIDE ==> 2
MIG: 18:44:56 :  Invalid Param: DDR2_CLKOUT0_PHASE ==> 0.0
MIG: 18:44:56 :  Invalid Param: DDR2_CLKOUT0_DIVIDE ==> 2
MIG: 18:44:56 :  Invalid Param: DDR2_CLKOUT1_DIVIDE ==> 4
MIG: 18:44:56 :  Invalid Param: DDR2_CLKOUT2_DIVIDE ==> 64
MIG: 18:44:56 :  Invalid Param: DDR2_CLKOUT3_DIVIDE ==> 16
MIG: 18:44:56 :  Invalid Param: DDR2_MMCM_VCO ==> 1200
MIG: 18:44:56 :  Invalid Param: DDR2_MMCM_MULT_F ==> 14
MIG: 18:44:56 :  Invalid Param: DDR2_MMCM_DIVCLK_DIVIDE ==> 1
MIG: 18:44:56 :  Invalid Param: DDR2_MMCM_CLKOUT0_EN ==> "TRUE"
MIG: 18:44:56 :  Invalid Param: DDR2_MMCM_CLKOUT1_EN ==> "FALSE"
MIG: 18:44:56 :  Invalid Param: DDR2_MMCM_CLKOUT2_EN ==> "FALSE"
MIG: 18:44:56 :  Invalid Param: DDR2_MMCM_CLKOUT3_EN ==> "FALSE"
MIG: 18:44:56 :  Invalid Param: DDR2_MMCM_CLKOUT4_EN ==> "FALSE"
MIG: 18:44:56 :  Invalid Param: DDR2_MMCM_CLKOUT0_DIVIDE ==> 12.000
MIG: 18:44:56 :  Invalid Param: DDR2_MMCM_CLKOUT1_DIVIDE ==> 1
MIG: 18:44:56 :  Invalid Param: DDR2_MMCM_CLKOUT2_DIVIDE ==> 1
MIG: 18:44:56 :  Invalid Param: DDR2_MMCM_CLKOUT3_DIVIDE ==> 1
MIG: 18:44:56 :  Invalid Param: DDR2_MMCM_CLKOUT4_DIVIDE ==> 1
MIG: 18:44:56 :  Invalid Param: DDR2_tCKE ==> 7500
MIG: 18:44:56 :  Invalid Param: DDR2_tFAW ==> 45000
MIG: 18:44:56 :  Invalid Param: DDR2_tPRDI ==> 1_000_000
MIG: 18:44:56 :  Invalid Param: DDR2_tRAS ==> 40000
MIG: 18:44:56 :  Invalid Param: DDR2_tRCD ==> 15000
MIG: 18:44:56 :  Invalid Param: DDR2_tREFI ==> 7800000
MIG: 18:44:56 :  Invalid Param: DDR2_tRFC ==> 127500
MIG: 18:44:56 :  Invalid Param: DDR2_tRP ==> 12500
MIG: 18:44:56 :  Invalid Param: DDR2_tRRD ==> 10000
MIG: 18:44:56 :  Invalid Param: DDR2_tRTP ==> 7500
MIG: 18:44:56 :  Invalid Param: DDR2_tWTR ==> 7500
MIG: 18:44:56 :  Invalid Param: DDR2_tZQI ==> 128_000_000
MIG: 18:44:56 :  Invalid Param: DDR2_tZQCS ==> 64
MIG: 18:44:56 :  Invalid Param: DDR2_SIM_BYPASS_INIT_CAL ==> "OFF"
MIG: 18:44:56 :  Invalid Param: DDR2_SIMULATION ==> "FALSE"
MIG: 18:44:56 :  Invalid Param: DDR2_BYTE_LANES_B0 ==> 4'b1111
MIG: 18:44:56 :  Invalid Param: DDR2_BYTE_LANES_B1 ==> 4'b0000
MIG: 18:44:56 :  Invalid Param: DDR2_BYTE_LANES_B2 ==> 4'b0000
MIG: 18:44:56 :  Invalid Param: DDR2_BYTE_LANES_B3 ==> 4'b0000
MIG: 18:44:56 :  Invalid Param: DDR2_BYTE_LANES_B4 ==> 4'b0000
MIG: 18:44:56 :  Invalid Param: DDR2_DATA_CTL_B0 ==> 4'b0101
MIG: 18:44:56 :  Invalid Param: DDR2_DATA_CTL_B1 ==> 4'b0000
MIG: 18:44:56 :  Invalid Param: DDR2_DATA_CTL_B2 ==> 4'b0000
MIG: 18:44:56 :  Invalid Param: DDR2_DATA_CTL_B3 ==> 4'b0000
MIG: 18:44:56 :  Invalid Param: DDR2_DATA_CTL_B4 ==> 4'b0000
MIG: 18:44:56 :  Invalid Param: DDR2_PHY_0_BITLANES ==> 48'hFFC_3F7_FFF_3FE
MIG: 18:44:56 :  Invalid Param: DDR2_PHY_1_BITLANES ==> 48'h000_000_000_000
MIG: 18:44:56 :  Invalid Param: DDR2_PHY_2_BITLANES ==> 48'h000_000_000_000
MIG: 18:44:56 :  Invalid Param: DDR2_CK_BYTE_MAP ==> 144'h00_00_00_00_00_00_00_00_00_00_00_00_00_00_00_00_00_03
MIG: 18:44:56 :  Invalid Param: DDR2_ADDR_MAP ==> 192'h000_000_000_010_033_01A_019_032_03A_034_018_036_012_011_017_015
MIG: 18:44:56 :  Invalid Param: DDR2_BANK_MAP ==> 36'h013_016_01B
MIG: 18:44:56 :  Invalid Param: DDR2_CAS_MAP ==> 12'h039
MIG: 18:44:56 :  Invalid Param: DDR2_CKE_ODT_BYTE_MAP ==> 8'h00
MIG: 18:44:56 :  Invalid Param: DDR2_CKE_MAP ==> 96'h000_000_000_000_000_000_000_038
MIG: 18:44:56 :  Invalid Param: DDR2_ODT_MAP ==> 96'h000_000_000_000_000_000_000_035
MIG: 18:44:56 :  Invalid Param: DDR2_CS_MAP ==> 120'h000_000_000_000_000_000_000_000_000_037
MIG: 18:44:56 :  Invalid Param: DDR2_PARITY_MAP ==> 12'h000
MIG: 18:44:56 :  Invalid Param: DDR2_RAS_MAP ==> 12'h014
MIG: 18:44:56 :  Invalid Param: DDR2_WE_MAP ==> 12'h03B
MIG: 18:44:56 :  Invalid Param: DDR2_DQS_BYTE_MAP ==> 144'h00_00_00_00_00_00_00_00_00_00_00_00_00_00_00_00_02_00
MIG: 18:44:56 :  Invalid Param: DDR2_DATA0_MAP ==> 96'h008_004_009_007_005_001_006_003
MIG: 18:44:56 :  Invalid Param: DDR2_DATA1_MAP ==> 96'h022_028_020_024_027_025_026_021
MIG: 18:44:56 :  Invalid Param: DDR2_DATA2_MAP ==> 96'h000_000_000_000_000_000_000_000
MIG: 18:44:56 :  Invalid Param: DDR2_DATA3_MAP ==> 96'h000_000_000_000_000_000_000_000
MIG: 18:44:56 :  Invalid Param: DDR2_DATA4_MAP ==> 96'h000_000_000_000_000_000_000_000
MIG: 18:44:56 :  Invalid Param: DDR2_DATA5_MAP ==> 96'h000_000_000_000_000_000_000_000
MIG: 18:44:56 :  Invalid Param: DDR2_DATA6_MAP ==> 96'h000_000_000_000_000_000_000_000
MIG: 18:44:56 :  Invalid Param: DDR2_DATA7_MAP ==> 96'h000_000_000_000_000_000_000_000
MIG: 18:44:56 :  Invalid Param: DDR2_DATA8_MAP ==> 96'h000_000_000_000_000_000_000_000
MIG: 18:44:56 :  Invalid Param: DDR2_DATA9_MAP ==> 96'h000_000_000_000_000_000_000_000
MIG: 18:44:56 :  Invalid Param: DDR2_DATA10_MAP ==> 96'h000_000_000_000_000_000_000_000
MIG: 18:44:56 :  Invalid Param: DDR2_DATA11_MAP ==> 96'h000_000_000_000_000_000_000_000
MIG: 18:44:56 :  Invalid Param: DDR2_DATA12_MAP ==> 96'h000_000_000_000_000_000_000_000
MIG: 18:44:56 :  Invalid Param: DDR2_DATA13_MAP ==> 96'h000_000_000_000_000_000_000_000
MIG: 18:44:56 :  Invalid Param: DDR2_DATA14_MAP ==> 96'h000_000_000_000_000_000_000_000
MIG: 18:44:56 :  Invalid Param: DDR2_DATA15_MAP ==> 96'h000_000_000_000_000_000_000_000
MIG: 18:44:56 :  Invalid Param: DDR2_DATA16_MAP ==> 96'h000_000_000_000_000_000_000_000
MIG: 18:44:56 :  Invalid Param: DDR2_DATA17_MAP ==> 96'h000_000_000_000_000_000_000_000
MIG: 18:44:56 :  Invalid Param: DDR2_MASK0_MAP ==> 108'h000_000_000_000_000_000_000_029_002
MIG: 18:44:56 :  Invalid Param: DDR2_MASK1_MAP ==> 108'h000_000_000_000_000_000_000_000_000
MIG: 18:44:56 :  Invalid Param: DDR2_SLOT_0_CONFIG ==> 8'b0000_0001
MIG: 18:44:56 :  Invalid Param: DDR2_SLOT_1_CONFIG ==> 8'b0000_0000
MIG: 18:44:56 :  Invalid Param: DDR2_IBUF_LPWR_MODE ==> "OFF"
MIG: 18:44:56 :  Invalid Param: DDR2_DATA_IO_IDLE_PWRDWN ==> "ON"
MIG: 18:44:56 :  Invalid Param: DDR2_BANK_TYPE ==> "HR_IO"
MIG: 18:44:56 :  Invalid Param: DDR2_DATA_IO_PRIM_TYPE ==> "HR_LP"
MIG: 18:44:56 :  Invalid Param: DDR2_CKE_ODT_AUX ==> "FALSE"
MIG: 18:44:56 :  Invalid Param: DDR2_USER_REFRESH ==> "OFF"
MIG: 18:44:56 :  Invalid Param: DDR2_WRLVL ==> "OFF"
MIG: 18:44:56 :  Invalid Param: DDR2_ORDERING ==> "NORM"
MIG: 18:44:56 :  Invalid Param: DDR2_CALIB_ROW_ADD ==> 16'h0000
MIG: 18:44:56 :  Invalid Param: DDR2_CALIB_COL_ADD ==> 12'h000
MIG: 18:44:56 :  Invalid Param: DDR2_CALIB_BA_ADD ==> 3'h0
MIG: 18:44:56 :  Invalid Param: DDR2_TCQ ==> 100
MIG: 18:44:56 :  Invalid Param: DDR2_IODELAY_GRP0 ==> "DESIGN_1_MIG_7SERIES_0_0_IODELAY_MIG0"
MIG: 18:44:56 :  Invalid Param: DDR2_SYSCLK_TYPE ==> "NO_BUFFER"
MIG: 18:44:56 :  Invalid Param: DDR2_REFCLK_TYPE ==> "USE_SYSTEM_CLOCK"
MIG: 18:44:56 :  Invalid Param: DDR2_SYS_RST_PORT ==> "FALSE"
MIG: 18:44:56 :  Invalid Param: DDR2_CMD_PIPE_PLUS1 ==> "ON"
MIG: 18:44:56 :  Invalid Param: DDR2_DRAM_TYPE ==> "DDR2"
MIG: 18:44:56 :  Invalid Param: DDR2_CAL_WIDTH ==> "HALF"
MIG: 18:44:56 :  Invalid Param: DDR2_STARVE_LIMIT ==> 2
MIG: 18:44:56 :  Invalid Param: DDR2_REFCLK_FREQ ==> 200.0
MIG: 18:44:56 :  Invalid Param: DDR2_DIFF_TERM_REFCLK ==> "TRUE"
MIG: 18:44:56 :  Invalid Param: DDR2_tCK ==> 3077
MIG: 18:44:56 : 4
MIG: 18:44:56 :  Valid Param: DDR2_nCK_PER_CLK ==> 4
MIG: 18:44:56 :  Invalid Param: DDR2_DIFF_TERM_SYSCLK ==> "TRUE"
MIG: 18:44:56 : TRUE
MIG: 18:44:56 :  Valid Param: UI_EXTRA_CLOCKS ==> TRUE
MIG: 18:44:56 : 1
MIG: 18:44:56 :  Valid Param: C_S_AXI_ID_WIDTH ==> 1
MIG: 18:44:56 : 134217728
MIG: 18:44:56 :  Valid Param: C_S_AXI_MEM_SIZE ==> 134217728
MIG: 18:44:56 : 
MIG: 18:44:56 :  Valid Param: C_S_AXI_ADDR_WIDTH ==> 32
MIG: 18:44:56 : 64
MIG: 18:44:56 :  Valid Param: C_S_AXI_DATA_WIDTH ==> 64
MIG: 18:44:56 :  Invalid Param: DDR2_C_MC_nCK_PER_CLK ==> 4
MIG: 18:44:56 :  Invalid Param: C_S_AXI_SUPPORTS_NARROW_BURST ==> 0
MIG: 18:44:56 :  Invalid Param: DDR2_C_RD_WR_ARB_ALGORITHM ==> "RD_PRI_REG"
MIG: 18:44:56 :  Invalid Param: C_S_AXI_REG_EN0 ==> 20'h00000
MIG: 18:44:56 :  Invalid Param: C_S_AXI_REG_EN1 ==> 20'h00000
MIG: 18:44:56 : 
MIG: 18:44:56 :  Valid Param: C_S_AXI_CTRL_ADDR_WIDTH ==> 32
MIG: 18:44:56 : 
MIG: 18:44:56 :  Valid Param: C_S_AXI_CTRL_DATA_WIDTH ==> 32
MIG: 18:44:56 :  Invalid Param: C_S_AXI_BASEADDR ==> 32'h0000_0000
MIG: 18:44:56 :  Invalid Param: C_ECC_ONOFF_RESET_VALUE ==> 1
MIG: 18:44:56 :  Invalid Param: C_ECC_CE_COUNTER_WIDTH ==> 8
MIG: 18:44:56 : 
MIG: 18:44:56 :  Valid Param: DDR2_DEBUG_PORT ==> OFF
MIG: 18:44:56 : 
MIG: 18:44:56 :  Invalid Param: DDR2_TEMP_MON_CONTROL ==> "INTERNAL"
MIG: 18:44:56 : NOBUF
MIG: 18:44:56 : NONE
MIG: 18:44:56 : 
MIG: 18:44:56 : Same Interface
MIG: 18:48:14 : Running synthesis.xit
MIG: 18:48:14 : IGN:     <ModuleName>design_1_mig_7series_0_2</ModuleName> <==>     <ModuleName>design_1_mig_7series_0_0</ModuleName> 
MIG: 18:48:14 : ERR:     <Version>2.2</Version> <==>     <Version>4.0</Version> 
MIG: 18:48:14 : ################# RUNNING MIG BATCH ###################
MIG: 18:48:14 : Writing IN file for 'design_1_mig_7series_0_0'...compDirPath: c:/Xilinx/Vivado/2017.4/data/ip/xilinx/mig_7series_v4_0... instDirPath: c:/Users/labview/project_107/project_107.srcs/sources_1/bd/design_1/ip/design_1_mig_7series_0_0
MIG: 18:48:14 : synp_flow:  -- synthesis_mode: Other
MIG: 18:48:14 : outputDirectory: c:/Users/labview/project_107/project_107.srcs/sources_1/bd/design_1/ip/design_1_mig_7series_0_0/_tmp/
MIG: 18:48:14 : vivado_mode: xpg_bd
MIG: 18:48:14 : isPortInterface: 0
MIG: 18:48:14 : isPortInterface: 0
MIG: 18:48:14 : isPortInterface: 0
MIG: 18:48:14 : isPortInterface: 0
MIG: 18:48:14 : isPortInterface: 0
MIG: 18:48:14 : isPortInterface: 0
MIG: 18:48:14 : isPortInterface: 0
MIG: 18:48:14 : isPortInterface: 0
MIG: 18:48:14 : isPortInterface: 0
MIG: 18:48:14 : isPortInterface: 0
MIG: 18:48:14 : isPortInterface: 0
MIG: 18:48:14 : isPortInterface: 0
MIG: 18:48:14 : isPortInterface: 0
MIG: 18:48:14 : isPortInterface: 0
MIG: 18:48:14 : isPortInterface: 0
MIG: 18:48:14 : isPortInterface: 0
MIG: 18:48:14 : isPortInterface: 0
MIG: 18:48:14 : isPortInterface: 0
MIG: 18:48:14 : isPortInterface: 0
MIG: 18:48:14 : isPortInterface: 0
MIG: 18:48:14 : isPortInterface: 0
MIG: 18:48:14 : isPortInterface: 0
MIG: 18:48:14 : isPortInterface: 0
MIG: 18:48:14 : isPortInterface: 0
MIG: 18:48:14 : isPortInterface: 0
MIG: 18:48:14 : isPortInterface: 0
MIG: 18:48:14 : isPortInterface: 0
MIG: 18:48:14 : isPortInterface: 0
MIG: 18:48:14 : isPortInterface: 0
MIG: 18:48:14 : isPortInterface: 0
MIG: 18:48:14 : isPortInterface: 0
MIG: 18:48:14 : isPortInterface: 0
MIG: 18:48:14 : isPortInterface: 0
MIG: 18:48:14 : isPortInterface: 0
MIG: 18:48:14 : isPortInterface: 0
MIG: 18:48:14 : isPortInterface: 0
MIG: 18:48:14 : isPortInterface: 0
MIG: 18:48:14 : isPortInterface: 0
MIG: 18:48:14 : isPortInterface: 0
MIG: 18:48:14 : isPortInterface: 0
MIG: 18:48:14 : isPortInterface: 0
MIG: 18:48:14 : isPortInterface: 0
MIG: 18:48:14 : isPortInterface: 0
MIG: 18:48:14 : isPortInterface: 0
MIG: 18:48:14 : isPortInterface: 0
MIG: 18:48:14 : isPortInterface: 0
MIG: 18:48:14 : isPortInterface: 0
MIG: 18:48:14 : isPortInterface: 0
MIG: 18:48:14 : isPortInterface: 0
MIG: 18:48:14 : isPortInterface: 0
MIG: 18:48:14 : isPortInterface: 0
MIG: 18:48:14 : isPortInterface: 0
MIG: 18:48:14 : isPortInterface: 0
MIG: 18:48:14 : isPortInterface: 0
MIG: 18:48:14 : isPortInterface: 0
MIG: 18:48:14 : isPortInterface: 0
MIG: 18:48:14 : isPortInterface: 0
MIG: 18:48:14 : isPortInterface: 0
MIG: 18:48:14 : isPortInterface: 0
MIG: 18:48:14 : isPortInterface: 0
MIG: 18:48:14 : isPortInterface: 0
MIG: 18:48:14 : isPortInterface: 0
MIG: 18:48:14 : isPortInterface: 0
MIG: 18:48:14 : isPortInterface: 0
MIG: 18:48:14 : isPortInterface: 0
MIG: 18:48:14 : isPortInterface: 0
MIG: 18:48:14 : isPortInterface: 0
MIG: 18:48:14 : isPortInterface: 0
MIG: 18:48:14 : isPortInterface: 0
MIG: 18:48:14 : isPortInterface: 0
MIG: 18:48:14 : isPortInterface: 0
MIG: 18:48:14 : isPortInterface: 0
MIG: 18:48:14 : isPortInterface: 0
MIG: 18:48:14 : isPortInterface: 0
MIG: 18:48:14 : isPortInterface: 0
MIG: 18:48:14 : isPortInterface: 0
MIG: 18:48:14 : isPortInterface: 0
MIG: 18:48:14 : isPortInterface: 0
MIG: 18:48:14 : isPortInterface: 0
MIG: 18:48:14 : isPortInterface: 0
MIG: 18:48:14 : isPortInterface: 0
MIG: 18:48:14 : isPortInterface: 0
MIG: 18:48:14 : isPortInterface: 0
MIG: 18:48:14 : isPortInterface: 0
MIG: 18:48:14 : isPortInterface: 0
MIG: 18:48:14 : isPortInterface: 0
MIG: 18:48:14 : isPortInterface: 0
MIG: 18:48:14 : isPortInterface: 0
MIG: 18:48:14 : isPortInterface: 0
MIG: 18:48:14 : isPortInterface: 0
MIG: 18:48:14 : isPortInterface: 0
MIG: 18:48:14 : isPortInterface: 0
MIG: 18:48:14 : isPortInterface: 0
MIG: 18:48:14 : isPortInterface: 0
MIG: 18:48:14 : isPortInterface: 0
MIG: 18:48:14 : isPortInterface: 0
MIG: 18:48:14 : isPortInterface: 0
MIG: 18:48:14 : isPortInterface: 0
MIG: 18:48:14 : isPortInterface: 0
MIG: 18:48:14 : isPortInterface: 0
MIG: 18:48:14 : isPortInterface: 0
MIG: 18:48:14 : isPortInterface: 0
MIG: 18:48:14 : isPortInterface: 0
MIG: 18:48:14 : isPortInterface: 0
MIG: 18:48:14 : isPortInterface: 0
MIG: 18:48:14 : isPortInterface: 0
MIG: 18:48:14 : isPortInterface: 0
MIG: 18:48:14 : isPortInterface: 0
MIG: 18:48:14 : isPortInterface: 0
MIG: 18:48:14 : isPortInterface: 0
MIG: 18:48:14 : isPortInterface: 0
MIG: 18:48:14 : isPortInterface: 0
MIG: 18:48:14 : isPortInterface: 0
MIG: 18:48:14 : isPortInterface: 0
MIG: 18:48:14 : isPortInterface: 0
MIG: 18:48:14 : isPortInterface: 0
MIG: 18:48:14 : isPortInterface: 0
MIG: 18:48:14 : isPortInterface: 1
MIG: 18:48:14 : isPortInterface: 0
MIG: 18:48:14 : isPortInterface: 0
MIG: 18:48:14 : isPortInterface: 0
MIG: 18:48:14 : isPortInterface: 0
MIG: 18:48:14 : isPortInterface: 0
MIG: 18:48:14 : isPortInterface: 0
MIG: 18:48:14 : isPortInterface: 0
MIG: 18:48:14 : isPortInterface: 0
MIG: 18:48:14 : isPortInterface: 0
MIG: 18:48:14 : isPortInterface: 0
MIG: 18:48:14 :  locked false  
MIG: 18:48:14 : HDL Language: Verilog
MIG: 18:48:14 : compInfo: false
MIG: 18:48:14 : Vivado Options xc7a100t csg324 -1
MIG: 18:48:14 : 1: xc7a100t 2: csg324 3: -1
MIG: 18:48:14 : relative mig path: coregen/ip/xilinx/other/com/xilinx/ip/mig_7series_v4_0/bin/nt64/mig.exe
MIG: 18:48:14 : xilinx_path: C:/Xilinx/Vivado/2017.4/ids_lite/ISE
MIG: 18:48:14 : I am in catch area
MIG: 18:48:14 : Running C:/Xilinx/Vivado/2017.4/ids_lite/ISE/coregen/ip/xilinx/other/com/xilinx/ip/mig_7series_v4_0/bin/nt64/mig.exe -cg_exc_inp c:/Users/labview/project_107/project_107.srcs/sources_1/bd/design_1/ip/design_1_mig_7series_0_0/xil_txt.in -cg_exc_out c:/Users/labview/project_107/project_107.srcs/sources_1/bd/design_1/ip/design_1_mig_7series_0_0/xil_txt.out ... 
MIG: 18:48:23 : XML_INPUT_FILE: c:/Users/labview/project_107/project_107.srcs/sources_1/bd/design_1/ip/design_1_mig_7series_0_0/board.prj
MIG: 18:48:23 : Component_Name: design_1_mig_7series_0_0
MIG: 18:48:23 : Moving design_1_mig_7series_0_0 ...
MIG: 18:48:23 : Moving design_1_mig_7series_0_0.veo ...
MIG: 18:48:23 : Moving design_1_mig_7series_0_0_xmdf.tcl ...
MIG: 18:48:23 : Running vlog_synth_rpr.xit
MIG: 18:48:23 : IGN:     <ModuleName>design_1_mig_7series_0_2</ModuleName> <==>     <ModuleName>design_1_mig_7series_0_0</ModuleName> 
MIG: 18:48:23 : ERR:     <Version>2.2</Version> <==>     <Version>4.0</Version> 
MIG: 18:48:23 : ################# RUNNING MIG BATCH ###################
MIG: 18:48:23 : Writing IN file for 'design_1_mig_7series_0_0'...compDirPath: c:/Xilinx/Vivado/2017.4/data/ip/xilinx/mig_7series_v4_0... instDirPath: c:/Users/labview/project_107/project_107.srcs/sources_1/bd/design_1/ip/design_1_mig_7series_0_0
MIG: 18:48:23 : synp_flow:  -- synthesis_mode: Other
MIG: 18:48:23 : outputDirectory: c:/Users/labview/project_107/project_107.srcs/sources_1/bd/design_1/ip/design_1_mig_7series_0_0/_tmp/
MIG: 18:48:23 : vivado_mode: xpg_bd
MIG: 18:48:23 : isPortInterface: 0
MIG: 18:48:23 : isPortInterface: 0
MIG: 18:48:23 : isPortInterface: 0
MIG: 18:48:23 : isPortInterface: 0
MIG: 18:48:23 : isPortInterface: 0
MIG: 18:48:23 : isPortInterface: 0
MIG: 18:48:23 : isPortInterface: 0
MIG: 18:48:23 : isPortInterface: 0
MIG: 18:48:23 : isPortInterface: 0
MIG: 18:48:23 : isPortInterface: 0
MIG: 18:48:23 : isPortInterface: 0
MIG: 18:48:23 : isPortInterface: 0
MIG: 18:48:23 : isPortInterface: 0
MIG: 18:48:23 : isPortInterface: 0
MIG: 18:48:23 : isPortInterface: 0
MIG: 18:48:23 : isPortInterface: 0
MIG: 18:48:23 : isPortInterface: 0
MIG: 18:48:23 : isPortInterface: 0
MIG: 18:48:23 : isPortInterface: 0
MIG: 18:48:23 : isPortInterface: 0
MIG: 18:48:23 : isPortInterface: 0
MIG: 18:48:23 : isPortInterface: 0
MIG: 18:48:23 : isPortInterface: 0
MIG: 18:48:23 : isPortInterface: 0
MIG: 18:48:23 : isPortInterface: 0
MIG: 18:48:23 : isPortInterface: 0
MIG: 18:48:23 : isPortInterface: 0
MIG: 18:48:23 : isPortInterface: 0
MIG: 18:48:23 : isPortInterface: 0
MIG: 18:48:23 : isPortInterface: 0
MIG: 18:48:23 : isPortInterface: 0
MIG: 18:48:23 : isPortInterface: 0
MIG: 18:48:23 : isPortInterface: 0
MIG: 18:48:23 : isPortInterface: 0
MIG: 18:48:23 : isPortInterface: 0
MIG: 18:48:23 : isPortInterface: 0
MIG: 18:48:23 : isPortInterface: 0
MIG: 18:48:23 : isPortInterface: 0
MIG: 18:48:23 : isPortInterface: 0
MIG: 18:48:23 : isPortInterface: 0
MIG: 18:48:23 : isPortInterface: 0
MIG: 18:48:23 : isPortInterface: 0
MIG: 18:48:23 : isPortInterface: 0
MIG: 18:48:23 : isPortInterface: 0
MIG: 18:48:23 : isPortInterface: 0
MIG: 18:48:23 : isPortInterface: 0
MIG: 18:48:23 : isPortInterface: 0
MIG: 18:48:23 : isPortInterface: 0
MIG: 18:48:23 : isPortInterface: 0
MIG: 18:48:23 : isPortInterface: 0
MIG: 18:48:23 : isPortInterface: 0
MIG: 18:48:23 : isPortInterface: 0
MIG: 18:48:23 : isPortInterface: 0
MIG: 18:48:23 : isPortInterface: 0
MIG: 18:48:23 : isPortInterface: 0
MIG: 18:48:23 : isPortInterface: 0
MIG: 18:48:23 : isPortInterface: 0
MIG: 18:48:23 : isPortInterface: 0
MIG: 18:48:23 : isPortInterface: 0
MIG: 18:48:23 : isPortInterface: 0
MIG: 18:48:23 : isPortInterface: 0
MIG: 18:48:23 : isPortInterface: 0
MIG: 18:48:23 : isPortInterface: 0
MIG: 18:48:23 : isPortInterface: 0
MIG: 18:48:23 : isPortInterface: 0
MIG: 18:48:23 : isPortInterface: 0
MIG: 18:48:23 : isPortInterface: 0
MIG: 18:48:23 : isPortInterface: 0
MIG: 18:48:23 : isPortInterface: 0
MIG: 18:48:23 : isPortInterface: 0
MIG: 18:48:23 : isPortInterface: 0
MIG: 18:48:23 : isPortInterface: 0
MIG: 18:48:23 : isPortInterface: 0
MIG: 18:48:23 : isPortInterface: 0
MIG: 18:48:23 : isPortInterface: 0
MIG: 18:48:23 : isPortInterface: 0
MIG: 18:48:23 : isPortInterface: 0
MIG: 18:48:23 : isPortInterface: 0
MIG: 18:48:23 : isPortInterface: 0
MIG: 18:48:23 : isPortInterface: 0
MIG: 18:48:23 : isPortInterface: 0
MIG: 18:48:23 : isPortInterface: 0
MIG: 18:48:23 : isPortInterface: 0
MIG: 18:48:23 : isPortInterface: 0
MIG: 18:48:23 : isPortInterface: 0
MIG: 18:48:23 : isPortInterface: 0
MIG: 18:48:23 : isPortInterface: 0
MIG: 18:48:23 : isPortInterface: 0
MIG: 18:48:23 : isPortInterface: 0
MIG: 18:48:23 : isPortInterface: 0
MIG: 18:48:23 : isPortInterface: 0
MIG: 18:48:23 : isPortInterface: 0
MIG: 18:48:23 : isPortInterface: 0
MIG: 18:48:23 : isPortInterface: 0
MIG: 18:48:23 : isPortInterface: 0
MIG: 18:48:23 : isPortInterface: 0
MIG: 18:48:23 : isPortInterface: 0
MIG: 18:48:23 : isPortInterface: 0
MIG: 18:48:23 : isPortInterface: 0
MIG: 18:48:23 : isPortInterface: 0
MIG: 18:48:23 : isPortInterface: 0
MIG: 18:48:23 : isPortInterface: 0
MIG: 18:48:23 : isPortInterface: 0
MIG: 18:48:23 : isPortInterface: 0
MIG: 18:48:23 : isPortInterface: 0
MIG: 18:48:23 : isPortInterface: 0
MIG: 18:48:23 : isPortInterface: 0
MIG: 18:48:23 : isPortInterface: 0
MIG: 18:48:23 : isPortInterface: 0
MIG: 18:48:23 : isPortInterface: 0
MIG: 18:48:23 : isPortInterface: 0
MIG: 18:48:23 : isPortInterface: 0
MIG: 18:48:23 : isPortInterface: 0
MIG: 18:48:23 : isPortInterface: 0
MIG: 18:48:23 : isPortInterface: 0
MIG: 18:48:23 : isPortInterface: 0
MIG: 18:48:23 : isPortInterface: 0
MIG: 18:48:23 : isPortInterface: 1
MIG: 18:48:23 : isPortInterface: 0
MIG: 18:48:23 : isPortInterface: 0
MIG: 18:48:23 : isPortInterface: 0
MIG: 18:48:23 : isPortInterface: 0
MIG: 18:48:23 : isPortInterface: 0
MIG: 18:48:23 : isPortInterface: 0
MIG: 18:48:23 : isPortInterface: 0
MIG: 18:48:23 : isPortInterface: 0
MIG: 18:48:23 : isPortInterface: 0
MIG: 18:48:23 : isPortInterface: 0
MIG: 18:48:23 :  locked false  
MIG: 18:48:23 : HDL Language: Verilog
MIG: 18:48:23 : compInfo: false
MIG: 18:48:23 : Vivado Options xc7a100t csg324 -1
MIG: 18:48:23 : 1: xc7a100t 2: csg324 3: -1
MIG: 18:48:23 : relative mig path: coregen/ip/xilinx/other/com/xilinx/ip/mig_7series_v4_0/bin/nt64/mig.exe
MIG: 18:48:23 : xilinx_path: C:/Xilinx/Vivado/2017.4/ids_lite/ISE
MIG: 18:48:23 : I am in catch area
MIG: 18:48:23 : Running C:/Xilinx/Vivado/2017.4/ids_lite/ISE/coregen/ip/xilinx/other/com/xilinx/ip/mig_7series_v4_0/bin/nt64/mig.exe -cg_exc_inp c:/Users/labview/project_107/project_107.srcs/sources_1/bd/design_1/ip/design_1_mig_7series_0_0/xil_txt.in -cg_exc_out c:/Users/labview/project_107/project_107.srcs/sources_1/bd/design_1/ip/design_1_mig_7series_0_0/xil_txt.out ... 
MIG: 18:48:32 : XML_INPUT_FILE: c:/Users/labview/project_107/project_107.srcs/sources_1/bd/design_1/ip/design_1_mig_7series_0_0/board.prj
MIG: 18:48:32 : Component_Name: design_1_mig_7series_0_0
MIG: 18:48:32 : Moving design_1_mig_7series_0_0 ...
MIG: 18:48:32 : Moving design_1_mig_7series_0_0.veo ...
MIG: 18:48:32 : Moving design_1_mig_7series_0_0_xmdf.tcl ...
MIG: 18:48:33 : Running simulation.xit
MIG: 18:48:33 : IGN:     <ModuleName>design_1_mig_7series_0_2</ModuleName> <==>     <ModuleName>design_1_mig_7series_0_0</ModuleName> 
MIG: 18:48:33 : ERR:     <Version>2.2</Version> <==>     <Version>4.0</Version> 
MIG: 18:48:33 : ################# RUNNING MIG BATCH ###################
MIG: 18:48:33 : Writing IN file for 'design_1_mig_7series_0_0'...compDirPath: c:/Xilinx/Vivado/2017.4/data/ip/xilinx/mig_7series_v4_0... instDirPath: c:/Users/labview/project_107/project_107.srcs/sources_1/bd/design_1/ip/design_1_mig_7series_0_0
MIG: 18:48:33 : synp_flow:  -- synthesis_mode: Other
MIG: 18:48:33 : outputDirectory: c:/Users/labview/project_107/project_107.srcs/sources_1/bd/design_1/ip/design_1_mig_7series_0_0/_tmp/
MIG: 18:48:33 : vivado_mode: xpg_bd
MIG: 18:48:33 : isPortInterface: 0
MIG: 18:48:33 : isPortInterface: 0
MIG: 18:48:33 : isPortInterface: 0
MIG: 18:48:33 : isPortInterface: 0
MIG: 18:48:33 : isPortInterface: 0
MIG: 18:48:33 : isPortInterface: 0
MIG: 18:48:33 : isPortInterface: 0
MIG: 18:48:33 : isPortInterface: 0
MIG: 18:48:33 : isPortInterface: 0
MIG: 18:48:33 : isPortInterface: 0
MIG: 18:48:33 : isPortInterface: 0
MIG: 18:48:33 : isPortInterface: 0
MIG: 18:48:33 : isPortInterface: 0
MIG: 18:48:33 : isPortInterface: 0
MIG: 18:48:33 : isPortInterface: 0
MIG: 18:48:33 : isPortInterface: 0
MIG: 18:48:33 : isPortInterface: 0
MIG: 18:48:33 : isPortInterface: 0
MIG: 18:48:33 : isPortInterface: 0
MIG: 18:48:33 : isPortInterface: 0
MIG: 18:48:33 : isPortInterface: 0
MIG: 18:48:33 : isPortInterface: 0
MIG: 18:48:33 : isPortInterface: 0
MIG: 18:48:33 : isPortInterface: 0
MIG: 18:48:33 : isPortInterface: 0
MIG: 18:48:33 : isPortInterface: 0
MIG: 18:48:33 : isPortInterface: 0
MIG: 18:48:33 : isPortInterface: 0
MIG: 18:48:33 : isPortInterface: 0
MIG: 18:48:33 : isPortInterface: 0
MIG: 18:48:33 : isPortInterface: 0
MIG: 18:48:33 : isPortInterface: 0
MIG: 18:48:33 : isPortInterface: 0
MIG: 18:48:33 : isPortInterface: 0
MIG: 18:48:33 : isPortInterface: 0
MIG: 18:48:33 : isPortInterface: 0
MIG: 18:48:33 : isPortInterface: 0
MIG: 18:48:33 : isPortInterface: 0
MIG: 18:48:33 : isPortInterface: 0
MIG: 18:48:33 : isPortInterface: 0
MIG: 18:48:33 : isPortInterface: 0
MIG: 18:48:33 : isPortInterface: 0
MIG: 18:48:33 : isPortInterface: 0
MIG: 18:48:33 : isPortInterface: 0
MIG: 18:48:33 : isPortInterface: 0
MIG: 18:48:33 : isPortInterface: 0
MIG: 18:48:33 : isPortInterface: 0
MIG: 18:48:33 : isPortInterface: 0
MIG: 18:48:33 : isPortInterface: 0
MIG: 18:48:33 : isPortInterface: 0
MIG: 18:48:33 : isPortInterface: 0
MIG: 18:48:33 : isPortInterface: 0
MIG: 18:48:33 : isPortInterface: 0
MIG: 18:48:33 : isPortInterface: 0
MIG: 18:48:33 : isPortInterface: 0
MIG: 18:48:33 : isPortInterface: 0
MIG: 18:48:33 : isPortInterface: 0
MIG: 18:48:33 : isPortInterface: 0
MIG: 18:48:33 : isPortInterface: 0
MIG: 18:48:33 : isPortInterface: 0
MIG: 18:48:33 : isPortInterface: 0
MIG: 18:48:33 : isPortInterface: 0
MIG: 18:48:33 : isPortInterface: 0
MIG: 18:48:33 : isPortInterface: 0
MIG: 18:48:33 : isPortInterface: 0
MIG: 18:48:33 : isPortInterface: 0
MIG: 18:48:33 : isPortInterface: 0
MIG: 18:48:33 : isPortInterface: 0
MIG: 18:48:33 : isPortInterface: 0
MIG: 18:48:33 : isPortInterface: 0
MIG: 18:48:33 : isPortInterface: 0
MIG: 18:48:33 : isPortInterface: 0
MIG: 18:48:33 : isPortInterface: 0
MIG: 18:48:33 : isPortInterface: 0
MIG: 18:48:33 : isPortInterface: 0
MIG: 18:48:33 : isPortInterface: 0
MIG: 18:48:33 : isPortInterface: 0
MIG: 18:48:33 : isPortInterface: 0
MIG: 18:48:33 : isPortInterface: 0
MIG: 18:48:33 : isPortInterface: 0
MIG: 18:48:33 : isPortInterface: 0
MIG: 18:48:33 : isPortInterface: 0
MIG: 18:48:33 : isPortInterface: 0
MIG: 18:48:33 : isPortInterface: 0
MIG: 18:48:33 : isPortInterface: 0
MIG: 18:48:33 : isPortInterface: 0
MIG: 18:48:33 : isPortInterface: 0
MIG: 18:48:33 : isPortInterface: 0
MIG: 18:48:33 : isPortInterface: 0
MIG: 18:48:33 : isPortInterface: 0
MIG: 18:48:33 : isPortInterface: 0
MIG: 18:48:33 : isPortInterface: 0
MIG: 18:48:33 : isPortInterface: 0
MIG: 18:48:33 : isPortInterface: 0
MIG: 18:48:33 : isPortInterface: 0
MIG: 18:48:33 : isPortInterface: 0
MIG: 18:48:33 : isPortInterface: 0
MIG: 18:48:33 : isPortInterface: 0
MIG: 18:48:33 : isPortInterface: 0
MIG: 18:48:33 : isPortInterface: 0
MIG: 18:48:33 : isPortInterface: 0
MIG: 18:48:33 : isPortInterface: 0
MIG: 18:48:33 : isPortInterface: 0
MIG: 18:48:33 : isPortInterface: 0
MIG: 18:48:33 : isPortInterface: 0
MIG: 18:48:33 : isPortInterface: 0
MIG: 18:48:33 : isPortInterface: 0
MIG: 18:48:33 : isPortInterface: 0
MIG: 18:48:33 : isPortInterface: 0
MIG: 18:48:33 : isPortInterface: 0
MIG: 18:48:33 : isPortInterface: 0
MIG: 18:48:33 : isPortInterface: 0
MIG: 18:48:33 : isPortInterface: 0
MIG: 18:48:33 : isPortInterface: 0
MIG: 18:48:33 : isPortInterface: 0
MIG: 18:48:33 : isPortInterface: 0
MIG: 18:48:33 : isPortInterface: 0
MIG: 18:48:33 : isPortInterface: 1
MIG: 18:48:33 : isPortInterface: 0
MIG: 18:48:33 : isPortInterface: 0
MIG: 18:48:33 : isPortInterface: 0
MIG: 18:48:33 : isPortInterface: 0
MIG: 18:48:33 : isPortInterface: 0
MIG: 18:48:33 : isPortInterface: 0
MIG: 18:48:33 : isPortInterface: 0
MIG: 18:48:33 : isPortInterface: 0
MIG: 18:48:33 : isPortInterface: 0
MIG: 18:48:33 : isPortInterface: 0
MIG: 18:48:33 :  locked false  
MIG: 18:48:33 : HDL Language: Verilog
MIG: 18:48:33 : compInfo: false
MIG: 18:48:33 : Vivado Options xc7a100t csg324 -1
MIG: 18:48:33 : 1: xc7a100t 2: csg324 3: -1
MIG: 18:48:33 : relative mig path: coregen/ip/xilinx/other/com/xilinx/ip/mig_7series_v4_0/bin/nt64/mig.exe
MIG: 18:48:33 : xilinx_path: C:/Xilinx/Vivado/2017.4/ids_lite/ISE
MIG: 18:48:33 : I am in catch area
MIG: 18:48:33 : Running C:/Xilinx/Vivado/2017.4/ids_lite/ISE/coregen/ip/xilinx/other/com/xilinx/ip/mig_7series_v4_0/bin/nt64/mig.exe -cg_exc_inp c:/Users/labview/project_107/project_107.srcs/sources_1/bd/design_1/ip/design_1_mig_7series_0_0/xil_txt.in -cg_exc_out c:/Users/labview/project_107/project_107.srcs/sources_1/bd/design_1/ip/design_1_mig_7series_0_0/xil_txt.out ... 
MIG: 18:48:40 : XML_INPUT_FILE: c:/Users/labview/project_107/project_107.srcs/sources_1/bd/design_1/ip/design_1_mig_7series_0_0/board.prj
MIG: 18:48:40 : Component_Name: design_1_mig_7series_0_0
MIG: 18:48:40 : Moving design_1_mig_7series_0_0 ...
MIG: 18:48:40 : Moving design_1_mig_7series_0_0.veo ...
MIG: 18:48:40 : Moving design_1_mig_7series_0_0_xmdf.tcl ...
MIG: 18:48:40 : Running vlog_sim_rpr.xit .. PRASAD DBG1
MIG: 18:48:40 : IGN:     <ModuleName>design_1_mig_7series_0_2</ModuleName> <==>     <ModuleName>design_1_mig_7series_0_0</ModuleName> 
MIG: 18:48:40 : ERR:     <Version>2.2</Version> <==>     <Version>4.0</Version> 
MIG: 18:48:40 : ################# RUNNING MIG BATCH ###################
MIG: 18:48:40 : Writing IN file for 'design_1_mig_7series_0_0'...compDirPath: c:/Xilinx/Vivado/2017.4/data/ip/xilinx/mig_7series_v4_0... instDirPath: c:/Users/labview/project_107/project_107.srcs/sources_1/bd/design_1/ip/design_1_mig_7series_0_0
MIG: 18:48:40 : synp_flow:  -- synthesis_mode: Other
MIG: 18:48:40 : outputDirectory: c:/Users/labview/project_107/project_107.srcs/sources_1/bd/design_1/ip/design_1_mig_7series_0_0/_tmp/
MIG: 18:48:40 : vivado_mode: xpg_bd
MIG: 18:48:40 : isPortInterface: 0
MIG: 18:48:40 : isPortInterface: 0
MIG: 18:48:40 : isPortInterface: 0
MIG: 18:48:40 : isPortInterface: 0
MIG: 18:48:40 : isPortInterface: 0
MIG: 18:48:40 : isPortInterface: 0
MIG: 18:48:40 : isPortInterface: 0
MIG: 18:48:40 : isPortInterface: 0
MIG: 18:48:40 : isPortInterface: 0
MIG: 18:48:40 : isPortInterface: 0
MIG: 18:48:40 : isPortInterface: 0
MIG: 18:48:40 : isPortInterface: 0
MIG: 18:48:40 : isPortInterface: 0
MIG: 18:48:40 : isPortInterface: 0
MIG: 18:48:40 : isPortInterface: 0
MIG: 18:48:40 : isPortInterface: 0
MIG: 18:48:40 : isPortInterface: 0
MIG: 18:48:40 : isPortInterface: 0
MIG: 18:48:40 : isPortInterface: 0
MIG: 18:48:40 : isPortInterface: 0
MIG: 18:48:40 : isPortInterface: 0
MIG: 18:48:40 : isPortInterface: 0
MIG: 18:48:40 : isPortInterface: 0
MIG: 18:48:40 : isPortInterface: 0
MIG: 18:48:40 : isPortInterface: 0
MIG: 18:48:40 : isPortInterface: 0
MIG: 18:48:40 : isPortInterface: 0
MIG: 18:48:40 : isPortInterface: 0
MIG: 18:48:40 : isPortInterface: 0
MIG: 18:48:40 : isPortInterface: 0
MIG: 18:48:40 : isPortInterface: 0
MIG: 18:48:40 : isPortInterface: 0
MIG: 18:48:40 : isPortInterface: 0
MIG: 18:48:40 : isPortInterface: 0
MIG: 18:48:40 : isPortInterface: 0
MIG: 18:48:40 : isPortInterface: 0
MIG: 18:48:40 : isPortInterface: 0
MIG: 18:48:40 : isPortInterface: 0
MIG: 18:48:40 : isPortInterface: 0
MIG: 18:48:40 : isPortInterface: 0
MIG: 18:48:40 : isPortInterface: 0
MIG: 18:48:40 : isPortInterface: 0
MIG: 18:48:40 : isPortInterface: 0
MIG: 18:48:40 : isPortInterface: 0
MIG: 18:48:40 : isPortInterface: 0
MIG: 18:48:40 : isPortInterface: 0
MIG: 18:48:40 : isPortInterface: 0
MIG: 18:48:40 : isPortInterface: 0
MIG: 18:48:40 : isPortInterface: 0
MIG: 18:48:40 : isPortInterface: 0
MIG: 18:48:40 : isPortInterface: 0
MIG: 18:48:40 : isPortInterface: 0
MIG: 18:48:40 : isPortInterface: 0
MIG: 18:48:40 : isPortInterface: 0
MIG: 18:48:40 : isPortInterface: 0
MIG: 18:48:40 : isPortInterface: 0
MIG: 18:48:40 : isPortInterface: 0
MIG: 18:48:40 : isPortInterface: 0
MIG: 18:48:40 : isPortInterface: 0
MIG: 18:48:40 : isPortInterface: 0
MIG: 18:48:40 : isPortInterface: 0
MIG: 18:48:40 : isPortInterface: 0
MIG: 18:48:40 : isPortInterface: 0
MIG: 18:48:40 : isPortInterface: 0
MIG: 18:48:40 : isPortInterface: 0
MIG: 18:48:40 : isPortInterface: 0
MIG: 18:48:40 : isPortInterface: 0
MIG: 18:48:40 : isPortInterface: 0
MIG: 18:48:40 : isPortInterface: 0
MIG: 18:48:40 : isPortInterface: 0
MIG: 18:48:40 : isPortInterface: 0
MIG: 18:48:40 : isPortInterface: 0
MIG: 18:48:40 : isPortInterface: 0
MIG: 18:48:40 : isPortInterface: 0
MIG: 18:48:40 : isPortInterface: 0
MIG: 18:48:40 : isPortInterface: 0
MIG: 18:48:40 : isPortInterface: 0
MIG: 18:48:40 : isPortInterface: 0
MIG: 18:48:40 : isPortInterface: 0
MIG: 18:48:40 : isPortInterface: 0
MIG: 18:48:40 : isPortInterface: 0
MIG: 18:48:40 : isPortInterface: 0
MIG: 18:48:40 : isPortInterface: 0
MIG: 18:48:40 : isPortInterface: 0
MIG: 18:48:40 : isPortInterface: 0
MIG: 18:48:40 : isPortInterface: 0
MIG: 18:48:40 : isPortInterface: 0
MIG: 18:48:40 : isPortInterface: 0
MIG: 18:48:40 : isPortInterface: 0
MIG: 18:48:40 : isPortInterface: 0
MIG: 18:48:40 : isPortInterface: 0
MIG: 18:48:40 : isPortInterface: 0
MIG: 18:48:40 : isPortInterface: 0
MIG: 18:48:40 : isPortInterface: 0
MIG: 18:48:40 : isPortInterface: 0
MIG: 18:48:40 : isPortInterface: 0
MIG: 18:48:40 : isPortInterface: 0
MIG: 18:48:40 : isPortInterface: 0
MIG: 18:48:40 : isPortInterface: 0
MIG: 18:48:40 : isPortInterface: 0
MIG: 18:48:40 : isPortInterface: 0
MIG: 18:48:40 : isPortInterface: 0
MIG: 18:48:40 : isPortInterface: 0
MIG: 18:48:40 : isPortInterface: 0
MIG: 18:48:40 : isPortInterface: 0
MIG: 18:48:40 : isPortInterface: 0
MIG: 18:48:40 : isPortInterface: 0
MIG: 18:48:40 : isPortInterface: 0
MIG: 18:48:40 : isPortInterface: 0
MIG: 18:48:40 : isPortInterface: 0
MIG: 18:48:40 : isPortInterface: 0
MIG: 18:48:40 : isPortInterface: 0
MIG: 18:48:40 : isPortInterface: 0
MIG: 18:48:40 : isPortInterface: 0
MIG: 18:48:40 : isPortInterface: 0
MIG: 18:48:40 : isPortInterface: 0
MIG: 18:48:40 : isPortInterface: 0
MIG: 18:48:40 : isPortInterface: 1
MIG: 18:48:40 : isPortInterface: 0
MIG: 18:48:40 : isPortInterface: 0
MIG: 18:48:40 : isPortInterface: 0
MIG: 18:48:40 : isPortInterface: 0
MIG: 18:48:40 : isPortInterface: 0
MIG: 18:48:40 : isPortInterface: 0
MIG: 18:48:40 : isPortInterface: 0
MIG: 18:48:40 : isPortInterface: 0
MIG: 18:48:40 : isPortInterface: 0
MIG: 18:48:40 : isPortInterface: 0
MIG: 18:48:40 :  locked false  
MIG: 18:48:40 : HDL Language: Verilog
MIG: 18:48:40 : compInfo: false
MIG: 18:48:40 : Vivado Options xc7a100t csg324 -1
MIG: 18:48:40 : 1: xc7a100t 2: csg324 3: -1
MIG: 18:48:40 : relative mig path: coregen/ip/xilinx/other/com/xilinx/ip/mig_7series_v4_0/bin/nt64/mig.exe
MIG: 18:48:40 : xilinx_path: C:/Xilinx/Vivado/2017.4/ids_lite/ISE
MIG: 18:48:40 : I am in catch area
MIG: 18:48:40 : Running C:/Xilinx/Vivado/2017.4/ids_lite/ISE/coregen/ip/xilinx/other/com/xilinx/ip/mig_7series_v4_0/bin/nt64/mig.exe -cg_exc_inp c:/Users/labview/project_107/project_107.srcs/sources_1/bd/design_1/ip/design_1_mig_7series_0_0/xil_txt.in -cg_exc_out c:/Users/labview/project_107/project_107.srcs/sources_1/bd/design_1/ip/design_1_mig_7series_0_0/xil_txt.out ... 
MIG: 18:48:47 : XML_INPUT_FILE: c:/Users/labview/project_107/project_107.srcs/sources_1/bd/design_1/ip/design_1_mig_7series_0_0/board.prj
MIG: 18:48:47 : Component_Name: design_1_mig_7series_0_0
MIG: 18:48:47 : Moving design_1_mig_7series_0_0 ...
MIG: 18:48:47 : Moving design_1_mig_7series_0_0.veo ...
MIG: 18:48:47 : Moving design_1_mig_7series_0_0_xmdf.tcl ...
MIG: 18:48:47 : Running implementation.xit
MIG: 18:48:48 : IGN:     <ModuleName>design_1_mig_7series_0_2</ModuleName> <==>     <ModuleName>design_1_mig_7series_0_0</ModuleName> 
MIG: 18:48:48 : ERR:     <Version>2.2</Version> <==>     <Version>4.0</Version> 
MIG: 18:48:48 : ################# RUNNING MIG BATCH ###################
MIG: 18:48:48 : Writing IN file for 'design_1_mig_7series_0_0'...compDirPath: c:/Xilinx/Vivado/2017.4/data/ip/xilinx/mig_7series_v4_0... instDirPath: c:/Users/labview/project_107/project_107.srcs/sources_1/bd/design_1/ip/design_1_mig_7series_0_0
MIG: 18:48:48 : synp_flow:  -- synthesis_mode: Other
MIG: 18:48:48 : outputDirectory: c:/Users/labview/project_107/project_107.srcs/sources_1/bd/design_1/ip/design_1_mig_7series_0_0/_tmp/
MIG: 18:48:48 : vivado_mode: xpg_bd
MIG: 18:48:48 : isPortInterface: 0
MIG: 18:48:48 : isPortInterface: 0
MIG: 18:48:48 : isPortInterface: 0
MIG: 18:48:48 : isPortInterface: 0
MIG: 18:48:48 : isPortInterface: 0
MIG: 18:48:48 : isPortInterface: 0
MIG: 18:48:48 : isPortInterface: 0
MIG: 18:48:48 : isPortInterface: 0
MIG: 18:48:48 : isPortInterface: 0
MIG: 18:48:48 : isPortInterface: 0
MIG: 18:48:48 : isPortInterface: 0
MIG: 18:48:48 : isPortInterface: 0
MIG: 18:48:48 : isPortInterface: 0
MIG: 18:48:48 : isPortInterface: 0
MIG: 18:48:48 : isPortInterface: 0
MIG: 18:48:48 : isPortInterface: 0
MIG: 18:48:48 : isPortInterface: 0
MIG: 18:48:48 : isPortInterface: 0
MIG: 18:48:48 : isPortInterface: 0
MIG: 18:48:48 : isPortInterface: 0
MIG: 18:48:48 : isPortInterface: 0
MIG: 18:48:48 : isPortInterface: 0
MIG: 18:48:48 : isPortInterface: 0
MIG: 18:48:48 : isPortInterface: 0
MIG: 18:48:48 : isPortInterface: 0
MIG: 18:48:48 : isPortInterface: 0
MIG: 18:48:48 : isPortInterface: 0
MIG: 18:48:48 : isPortInterface: 0
MIG: 18:48:48 : isPortInterface: 0
MIG: 18:48:48 : isPortInterface: 0
MIG: 18:48:48 : isPortInterface: 0
MIG: 18:48:48 : isPortInterface: 0
MIG: 18:48:48 : isPortInterface: 0
MIG: 18:48:48 : isPortInterface: 0
MIG: 18:48:48 : isPortInterface: 0
MIG: 18:48:48 : isPortInterface: 0
MIG: 18:48:48 : isPortInterface: 0
MIG: 18:48:48 : isPortInterface: 0
MIG: 18:48:48 : isPortInterface: 0
MIG: 18:48:48 : isPortInterface: 0
MIG: 18:48:48 : isPortInterface: 0
MIG: 18:48:48 : isPortInterface: 0
MIG: 18:48:48 : isPortInterface: 0
MIG: 18:48:48 : isPortInterface: 0
MIG: 18:48:48 : isPortInterface: 0
MIG: 18:48:48 : isPortInterface: 0
MIG: 18:48:48 : isPortInterface: 0
MIG: 18:48:48 : isPortInterface: 0
MIG: 18:48:48 : isPortInterface: 0
MIG: 18:48:48 : isPortInterface: 0
MIG: 18:48:48 : isPortInterface: 0
MIG: 18:48:48 : isPortInterface: 0
MIG: 18:48:48 : isPortInterface: 0
MIG: 18:48:48 : isPortInterface: 0
MIG: 18:48:48 : isPortInterface: 0
MIG: 18:48:48 : isPortInterface: 0
MIG: 18:48:48 : isPortInterface: 0
MIG: 18:48:48 : isPortInterface: 0
MIG: 18:48:48 : isPortInterface: 0
MIG: 18:48:48 : isPortInterface: 0
MIG: 18:48:48 : isPortInterface: 0
MIG: 18:48:48 : isPortInterface: 0
MIG: 18:48:48 : isPortInterface: 0
MIG: 18:48:48 : isPortInterface: 0
MIG: 18:48:48 : isPortInterface: 0
MIG: 18:48:48 : isPortInterface: 0
MIG: 18:48:48 : isPortInterface: 0
MIG: 18:48:48 : isPortInterface: 0
MIG: 18:48:48 : isPortInterface: 0
MIG: 18:48:48 : isPortInterface: 0
MIG: 18:48:48 : isPortInterface: 0
MIG: 18:48:48 : isPortInterface: 0
MIG: 18:48:48 : isPortInterface: 0
MIG: 18:48:48 : isPortInterface: 0
MIG: 18:48:48 : isPortInterface: 0
MIG: 18:48:48 : isPortInterface: 0
MIG: 18:48:48 : isPortInterface: 0
MIG: 18:48:48 : isPortInterface: 0
MIG: 18:48:48 : isPortInterface: 0
MIG: 18:48:48 : isPortInterface: 0
MIG: 18:48:48 : isPortInterface: 0
MIG: 18:48:48 : isPortInterface: 0
MIG: 18:48:48 : isPortInterface: 0
MIG: 18:48:48 : isPortInterface: 0
MIG: 18:48:48 : isPortInterface: 0
MIG: 18:48:48 : isPortInterface: 0
MIG: 18:48:48 : isPortInterface: 0
MIG: 18:48:48 : isPortInterface: 0
MIG: 18:48:48 : isPortInterface: 0
MIG: 18:48:48 : isPortInterface: 0
MIG: 18:48:48 : isPortInterface: 0
MIG: 18:48:48 : isPortInterface: 0
MIG: 18:48:48 : isPortInterface: 0
MIG: 18:48:48 : isPortInterface: 0
MIG: 18:48:48 : isPortInterface: 0
MIG: 18:48:48 : isPortInterface: 0
MIG: 18:48:48 : isPortInterface: 0
MIG: 18:48:48 : isPortInterface: 0
MIG: 18:48:48 : isPortInterface: 0
MIG: 18:48:48 : isPortInterface: 0
MIG: 18:48:48 : isPortInterface: 0
MIG: 18:48:48 : isPortInterface: 0
MIG: 18:48:48 : isPortInterface: 0
MIG: 18:48:48 : isPortInterface: 0
MIG: 18:48:48 : isPortInterface: 0
MIG: 18:48:48 : isPortInterface: 0
MIG: 18:48:48 : isPortInterface: 0
MIG: 18:48:48 : isPortInterface: 0
MIG: 18:48:48 : isPortInterface: 0
MIG: 18:48:48 : isPortInterface: 0
MIG: 18:48:48 : isPortInterface: 0
MIG: 18:48:48 : isPortInterface: 0
MIG: 18:48:48 : isPortInterface: 0
MIG: 18:48:48 : isPortInterface: 0
MIG: 18:48:48 : isPortInterface: 0
MIG: 18:48:48 : isPortInterface: 0
MIG: 18:48:48 : isPortInterface: 0
MIG: 18:48:48 : isPortInterface: 1
MIG: 18:48:48 : isPortInterface: 0
MIG: 18:48:48 : isPortInterface: 0
MIG: 18:48:48 : isPortInterface: 0
MIG: 18:48:48 : isPortInterface: 0
MIG: 18:48:48 : isPortInterface: 0
MIG: 18:48:48 : isPortInterface: 0
MIG: 18:48:48 : isPortInterface: 0
MIG: 18:48:48 : isPortInterface: 0
MIG: 18:48:48 : isPortInterface: 0
MIG: 18:48:48 : isPortInterface: 0
MIG: 18:48:48 :  locked false  
MIG: 18:48:48 : HDL Language: Verilog
MIG: 18:48:48 : compInfo: false
MIG: 18:48:48 : Vivado Options xc7a100t csg324 -1
MIG: 18:48:48 : 1: xc7a100t 2: csg324 3: -1
MIG: 18:48:48 : relative mig path: coregen/ip/xilinx/other/com/xilinx/ip/mig_7series_v4_0/bin/nt64/mig.exe
MIG: 18:48:48 : xilinx_path: C:/Xilinx/Vivado/2017.4/ids_lite/ISE
MIG: 18:48:48 : I am in catch area
MIG: 18:48:48 : Running C:/Xilinx/Vivado/2017.4/ids_lite/ISE/coregen/ip/xilinx/other/com/xilinx/ip/mig_7series_v4_0/bin/nt64/mig.exe -cg_exc_inp c:/Users/labview/project_107/project_107.srcs/sources_1/bd/design_1/ip/design_1_mig_7series_0_0/xil_txt.in -cg_exc_out c:/Users/labview/project_107/project_107.srcs/sources_1/bd/design_1/ip/design_1_mig_7series_0_0/xil_txt.out ... 
MIG: 18:48:55 : XML_INPUT_FILE: c:/Users/labview/project_107/project_107.srcs/sources_1/bd/design_1/ip/design_1_mig_7series_0_0/board.prj
MIG: 18:48:55 : Component_Name: design_1_mig_7series_0_0
MIG: 18:48:55 : Moving design_1_mig_7series_0_0 ...
MIG: 18:48:55 : Moving design_1_mig_7series_0_0.veo ...
MIG: 18:48:55 : Moving design_1_mig_7series_0_0_xmdf.tcl ...
MIG: 19:03:23 : Running synthesis.xit
MIG: 19:03:23 : ################# RUNNING MIG BATCH ###################
MIG: 19:03:23 : Writing IN file for 'design_1_mig_7series_0_0'...compDirPath: c:/Xilinx/Vivado/2017.4/data/ip/xilinx/mig_7series_v4_0... instDirPath: c:/Users/labview/project_107/project_107.srcs/sources_1/bd/design_1/ip/design_1_mig_7series_0_0
MIG: 19:03:23 : synp_flow:  -- synthesis_mode: Other
MIG: 19:03:23 : outputDirectory: c:/Users/labview/project_107/project_107.srcs/sources_1/bd/design_1/ip/design_1_mig_7series_0_0/_tmp/
MIG: 19:03:23 : vivado_mode: xpg_bd
MIG: 19:03:23 : isPortInterface: 0
MIG: 19:03:23 : isPortInterface: 0
MIG: 19:03:23 : isPortInterface: 0
MIG: 19:03:23 : isPortInterface: 0
MIG: 19:03:23 : isPortInterface: 0
MIG: 19:03:23 : isPortInterface: 0
MIG: 19:03:23 : isPortInterface: 0
MIG: 19:03:23 : isPortInterface: 0
MIG: 19:03:23 : isPortInterface: 0
MIG: 19:03:23 : isPortInterface: 0
MIG: 19:03:23 : isPortInterface: 0
MIG: 19:03:23 : isPortInterface: 0
MIG: 19:03:23 : isPortInterface: 0
MIG: 19:03:23 : isPortInterface: 0
MIG: 19:03:23 : isPortInterface: 0
MIG: 19:03:23 : isPortInterface: 0
MIG: 19:03:23 : isPortInterface: 0
MIG: 19:03:23 : isPortInterface: 0
MIG: 19:03:23 : isPortInterface: 0
MIG: 19:03:23 : isPortInterface: 0
MIG: 19:03:23 : isPortInterface: 0
MIG: 19:03:23 : isPortInterface: 0
MIG: 19:03:23 : isPortInterface: 0
MIG: 19:03:23 : isPortInterface: 0
MIG: 19:03:23 : isPortInterface: 0
MIG: 19:03:23 : isPortInterface: 0
MIG: 19:03:23 : isPortInterface: 0
MIG: 19:03:23 : isPortInterface: 0
MIG: 19:03:23 : isPortInterface: 0
MIG: 19:03:23 : isPortInterface: 0
MIG: 19:03:23 : isPortInterface: 0
MIG: 19:03:23 : isPortInterface: 0
MIG: 19:03:23 : isPortInterface: 0
MIG: 19:03:23 : isPortInterface: 0
MIG: 19:03:23 : isPortInterface: 0
MIG: 19:03:23 : isPortInterface: 0
MIG: 19:03:23 : isPortInterface: 0
MIG: 19:03:23 : isPortInterface: 0
MIG: 19:03:23 : isPortInterface: 0
MIG: 19:03:23 : isPortInterface: 0
MIG: 19:03:23 : isPortInterface: 0
MIG: 19:03:23 : isPortInterface: 0
MIG: 19:03:23 : isPortInterface: 0
MIG: 19:03:23 : isPortInterface: 0
MIG: 19:03:23 : isPortInterface: 0
MIG: 19:03:23 : isPortInterface: 0
MIG: 19:03:23 : isPortInterface: 0
MIG: 19:03:23 : isPortInterface: 0
MIG: 19:03:23 : isPortInterface: 0
MIG: 19:03:23 : isPortInterface: 0
MIG: 19:03:23 : isPortInterface: 0
MIG: 19:03:23 : isPortInterface: 0
MIG: 19:03:23 : isPortInterface: 0
MIG: 19:03:23 : isPortInterface: 0
MIG: 19:03:23 : isPortInterface: 0
MIG: 19:03:23 : isPortInterface: 0
MIG: 19:03:23 : isPortInterface: 0
MIG: 19:03:23 : isPortInterface: 0
MIG: 19:03:23 : isPortInterface: 0
MIG: 19:03:23 : isPortInterface: 0
MIG: 19:03:23 : isPortInterface: 0
MIG: 19:03:23 : isPortInterface: 0
MIG: 19:03:23 : isPortInterface: 0
MIG: 19:03:23 : isPortInterface: 0
MIG: 19:03:23 : isPortInterface: 0
MIG: 19:03:23 : isPortInterface: 0
MIG: 19:03:23 : isPortInterface: 0
MIG: 19:03:23 : isPortInterface: 0
MIG: 19:03:23 : isPortInterface: 0
MIG: 19:03:23 : isPortInterface: 0
MIG: 19:03:23 : isPortInterface: 0
MIG: 19:03:23 : isPortInterface: 0
MIG: 19:03:23 : isPortInterface: 0
MIG: 19:03:23 : isPortInterface: 0
MIG: 19:03:23 : isPortInterface: 0
MIG: 19:03:23 : isPortInterface: 0
MIG: 19:03:23 : isPortInterface: 0
MIG: 19:03:23 : isPortInterface: 0
MIG: 19:03:23 : isPortInterface: 0
MIG: 19:03:23 : isPortInterface: 0
MIG: 19:03:23 : isPortInterface: 0
MIG: 19:03:23 : isPortInterface: 0
MIG: 19:03:23 : isPortInterface: 0
MIG: 19:03:23 : isPortInterface: 0
MIG: 19:03:23 : isPortInterface: 0
MIG: 19:03:23 : isPortInterface: 0
MIG: 19:03:23 : isPortInterface: 0
MIG: 19:03:23 : isPortInterface: 0
MIG: 19:03:23 : isPortInterface: 0
MIG: 19:03:23 : isPortInterface: 0
MIG: 19:03:23 : isPortInterface: 0
MIG: 19:03:23 : isPortInterface: 0
MIG: 19:03:23 : isPortInterface: 0
MIG: 19:03:23 : isPortInterface: 0
MIG: 19:03:23 : isPortInterface: 0
MIG: 19:03:23 : isPortInterface: 0
MIG: 19:03:23 : isPortInterface: 0
MIG: 19:03:23 : isPortInterface: 0
MIG: 19:03:23 : isPortInterface: 0
MIG: 19:03:23 : isPortInterface: 0
MIG: 19:03:23 : isPortInterface: 0
MIG: 19:03:23 : isPortInterface: 0
MIG: 19:03:23 : isPortInterface: 0
MIG: 19:03:23 : isPortInterface: 0
MIG: 19:03:23 : isPortInterface: 0
MIG: 19:03:23 : isPortInterface: 0
MIG: 19:03:23 : isPortInterface: 0
MIG: 19:03:23 : isPortInterface: 0
MIG: 19:03:23 : isPortInterface: 0
MIG: 19:03:23 : isPortInterface: 0
MIG: 19:03:23 : isPortInterface: 0
MIG: 19:03:23 : isPortInterface: 0
MIG: 19:03:23 : isPortInterface: 0
MIG: 19:03:23 : isPortInterface: 0
MIG: 19:03:23 : isPortInterface: 0
MIG: 19:03:23 : isPortInterface: 0
MIG: 19:03:23 : isPortInterface: 0
MIG: 19:03:23 : isPortInterface: 1
MIG: 19:03:23 : isPortInterface: 0
MIG: 19:03:23 : isPortInterface: 0
MIG: 19:03:23 : isPortInterface: 0
MIG: 19:03:23 : isPortInterface: 0
MIG: 19:03:23 : isPortInterface: 0
MIG: 19:03:23 : isPortInterface: 0
MIG: 19:03:23 : isPortInterface: 0
MIG: 19:03:23 : isPortInterface: 0
MIG: 19:03:23 : isPortInterface: 0
MIG: 19:03:23 : isPortInterface: 0
MIG: 19:03:23 :  locked false  
MIG: 19:03:23 : HDL Language: Verilog
MIG: 19:03:23 : compInfo: false
MIG: 19:03:23 : Vivado Options xc7a100t csg324 -1
MIG: 19:03:23 : 1: xc7a100t 2: csg324 3: -1
MIG: 19:03:23 : relative mig path: coregen/ip/xilinx/other/com/xilinx/ip/mig_7series_v4_0/bin/nt64/mig.exe
MIG: 19:03:23 : xilinx_path: C:/Xilinx/Vivado/2017.4/ids_lite/ISE
MIG: 19:03:23 : I am in catch area
MIG: 19:03:23 : Running C:/Xilinx/Vivado/2017.4/ids_lite/ISE/coregen/ip/xilinx/other/com/xilinx/ip/mig_7series_v4_0/bin/nt64/mig.exe -cg_exc_inp c:/Users/labview/project_107/project_107.srcs/sources_1/bd/design_1/ip/design_1_mig_7series_0_0/xil_txt.in -cg_exc_out c:/Users/labview/project_107/project_107.srcs/sources_1/bd/design_1/ip/design_1_mig_7series_0_0/xil_txt.out ... 
MIG: 19:03:35 : XML_INPUT_FILE: c:/Users/labview/project_107/project_107.srcs/sources_1/bd/design_1/ip/design_1_mig_7series_0_0/board.prj
MIG: 19:03:35 : Component_Name: design_1_mig_7series_0_0
MIG: 19:03:35 : Moving design_1_mig_7series_0_0 ...
MIG: 19:03:35 : Moving design_1_mig_7series_0_0.veo ...
MIG: 19:03:35 : Moving design_1_mig_7series_0_0_xmdf.tcl ...
MIG: 19:03:35 : Running vlog_synth_rpr.xit
MIG: 19:03:36 : IGN:     <ModuleName>design_1_mig_7series_0_2</ModuleName> <==>     <ModuleName>design_1_mig_7series_0_0</ModuleName> 
MIG: 19:03:36 : ERR:     <Version>2.2</Version> <==>     <Version>4.0</Version> 
MIG: 19:03:36 : ################# RUNNING MIG BATCH ###################
MIG: 19:03:36 : Writing IN file for 'design_1_mig_7series_0_0'...compDirPath: c:/Xilinx/Vivado/2017.4/data/ip/xilinx/mig_7series_v4_0... instDirPath: c:/Users/labview/project_107/project_107.srcs/sources_1/bd/design_1/ip/design_1_mig_7series_0_0
MIG: 19:03:36 : synp_flow:  -- synthesis_mode: Other
MIG: 19:03:36 : outputDirectory: c:/Users/labview/project_107/project_107.srcs/sources_1/bd/design_1/ip/design_1_mig_7series_0_0/_tmp/
MIG: 19:03:36 : vivado_mode: xpg_bd
MIG: 19:03:36 : isPortInterface: 0
MIG: 19:03:36 : isPortInterface: 0
MIG: 19:03:36 : isPortInterface: 0
MIG: 19:03:36 : isPortInterface: 0
MIG: 19:03:36 : isPortInterface: 0
MIG: 19:03:36 : isPortInterface: 0
MIG: 19:03:36 : isPortInterface: 0
MIG: 19:03:36 : isPortInterface: 0
MIG: 19:03:36 : isPortInterface: 0
MIG: 19:03:36 : isPortInterface: 0
MIG: 19:03:36 : isPortInterface: 0
MIG: 19:03:36 : isPortInterface: 0
MIG: 19:03:36 : isPortInterface: 0
MIG: 19:03:36 : isPortInterface: 0
MIG: 19:03:36 : isPortInterface: 0
MIG: 19:03:36 : isPortInterface: 0
MIG: 19:03:36 : isPortInterface: 0
MIG: 19:03:36 : isPortInterface: 0
MIG: 19:03:36 : isPortInterface: 0
MIG: 19:03:36 : isPortInterface: 0
MIG: 19:03:36 : isPortInterface: 0
MIG: 19:03:36 : isPortInterface: 0
MIG: 19:03:36 : isPortInterface: 0
MIG: 19:03:36 : isPortInterface: 0
MIG: 19:03:36 : isPortInterface: 0
MIG: 19:03:36 : isPortInterface: 0
MIG: 19:03:36 : isPortInterface: 0
MIG: 19:03:36 : isPortInterface: 0
MIG: 19:03:36 : isPortInterface: 0
MIG: 19:03:36 : isPortInterface: 0
MIG: 19:03:36 : isPortInterface: 0
MIG: 19:03:36 : isPortInterface: 0
MIG: 19:03:36 : isPortInterface: 0
MIG: 19:03:36 : isPortInterface: 0
MIG: 19:03:36 : isPortInterface: 0
MIG: 19:03:36 : isPortInterface: 0
MIG: 19:03:36 : isPortInterface: 0
MIG: 19:03:36 : isPortInterface: 0
MIG: 19:03:36 : isPortInterface: 0
MIG: 19:03:36 : isPortInterface: 0
MIG: 19:03:36 : isPortInterface: 0
MIG: 19:03:36 : isPortInterface: 0
MIG: 19:03:36 : isPortInterface: 0
MIG: 19:03:36 : isPortInterface: 0
MIG: 19:03:36 : isPortInterface: 0
MIG: 19:03:36 : isPortInterface: 0
MIG: 19:03:36 : isPortInterface: 0
MIG: 19:03:36 : isPortInterface: 0
MIG: 19:03:36 : isPortInterface: 0
MIG: 19:03:36 : isPortInterface: 0
MIG: 19:03:36 : isPortInterface: 0
MIG: 19:03:36 : isPortInterface: 0
MIG: 19:03:36 : isPortInterface: 0
MIG: 19:03:36 : isPortInterface: 0
MIG: 19:03:36 : isPortInterface: 0
MIG: 19:03:36 : isPortInterface: 0
MIG: 19:03:36 : isPortInterface: 0
MIG: 19:03:36 : isPortInterface: 0
MIG: 19:03:36 : isPortInterface: 0
MIG: 19:03:36 : isPortInterface: 0
MIG: 19:03:36 : isPortInterface: 0
MIG: 19:03:36 : isPortInterface: 0
MIG: 19:03:36 : isPortInterface: 0
MIG: 19:03:36 : isPortInterface: 0
MIG: 19:03:36 : isPortInterface: 0
MIG: 19:03:36 : isPortInterface: 0
MIG: 19:03:36 : isPortInterface: 0
MIG: 19:03:36 : isPortInterface: 0
MIG: 19:03:36 : isPortInterface: 0
MIG: 19:03:36 : isPortInterface: 0
MIG: 19:03:36 : isPortInterface: 0
MIG: 19:03:36 : isPortInterface: 0
MIG: 19:03:36 : isPortInterface: 0
MIG: 19:03:36 : isPortInterface: 0
MIG: 19:03:36 : isPortInterface: 0
MIG: 19:03:36 : isPortInterface: 0
MIG: 19:03:36 : isPortInterface: 0
MIG: 19:03:36 : isPortInterface: 0
MIG: 19:03:36 : isPortInterface: 0
MIG: 19:03:36 : isPortInterface: 0
MIG: 19:03:36 : isPortInterface: 0
MIG: 19:03:36 : isPortInterface: 0
MIG: 19:03:36 : isPortInterface: 0
MIG: 19:03:36 : isPortInterface: 0
MIG: 19:03:36 : isPortInterface: 0
MIG: 19:03:36 : isPortInterface: 0
MIG: 19:03:36 : isPortInterface: 0
MIG: 19:03:36 : isPortInterface: 0
MIG: 19:03:36 : isPortInterface: 0
MIG: 19:03:36 : isPortInterface: 0
MIG: 19:03:36 : isPortInterface: 0
MIG: 19:03:36 : isPortInterface: 0
MIG: 19:03:36 : isPortInterface: 0
MIG: 19:03:36 : isPortInterface: 0
MIG: 19:03:36 : isPortInterface: 0
MIG: 19:03:36 : isPortInterface: 0
MIG: 19:03:36 : isPortInterface: 0
MIG: 19:03:36 : isPortInterface: 0
MIG: 19:03:36 : isPortInterface: 0
MIG: 19:03:36 : isPortInterface: 0
MIG: 19:03:36 : isPortInterface: 0
MIG: 19:03:36 : isPortInterface: 0
MIG: 19:03:36 : isPortInterface: 0
MIG: 19:03:36 : isPortInterface: 0
MIG: 19:03:36 : isPortInterface: 0
MIG: 19:03:36 : isPortInterface: 0
MIG: 19:03:36 : isPortInterface: 0
MIG: 19:03:36 : isPortInterface: 0
MIG: 19:03:36 : isPortInterface: 0
MIG: 19:03:36 : isPortInterface: 0
MIG: 19:03:36 : isPortInterface: 0
MIG: 19:03:36 : isPortInterface: 0
MIG: 19:03:36 : isPortInterface: 0
MIG: 19:03:36 : isPortInterface: 0
MIG: 19:03:36 : isPortInterface: 0
MIG: 19:03:36 : isPortInterface: 0
MIG: 19:03:36 : isPortInterface: 0
MIG: 19:03:36 : isPortInterface: 1
MIG: 19:03:36 : isPortInterface: 0
MIG: 19:03:36 : isPortInterface: 0
MIG: 19:03:36 : isPortInterface: 0
MIG: 19:03:36 : isPortInterface: 0
MIG: 19:03:36 : isPortInterface: 0
MIG: 19:03:36 : isPortInterface: 0
MIG: 19:03:36 : isPortInterface: 0
MIG: 19:03:36 : isPortInterface: 0
MIG: 19:03:36 : isPortInterface: 0
MIG: 19:03:36 : isPortInterface: 0
MIG: 19:03:36 :  locked false  
MIG: 19:03:36 : HDL Language: Verilog
MIG: 19:03:36 : compInfo: false
MIG: 19:03:36 : Vivado Options xc7a100t csg324 -1
MIG: 19:03:36 : 1: xc7a100t 2: csg324 3: -1
MIG: 19:03:36 : relative mig path: coregen/ip/xilinx/other/com/xilinx/ip/mig_7series_v4_0/bin/nt64/mig.exe
MIG: 19:03:36 : xilinx_path: C:/Xilinx/Vivado/2017.4/ids_lite/ISE
MIG: 19:03:36 : I am in catch area
MIG: 19:03:36 : Running C:/Xilinx/Vivado/2017.4/ids_lite/ISE/coregen/ip/xilinx/other/com/xilinx/ip/mig_7series_v4_0/bin/nt64/mig.exe -cg_exc_inp c:/Users/labview/project_107/project_107.srcs/sources_1/bd/design_1/ip/design_1_mig_7series_0_0/xil_txt.in -cg_exc_out c:/Users/labview/project_107/project_107.srcs/sources_1/bd/design_1/ip/design_1_mig_7series_0_0/xil_txt.out ... 
MIG: 19:03:42 : XML_INPUT_FILE: c:/Users/labview/project_107/project_107.srcs/sources_1/bd/design_1/ip/design_1_mig_7series_0_0/board.prj
MIG: 19:03:42 : Component_Name: design_1_mig_7series_0_0
MIG: 19:03:42 : Moving design_1_mig_7series_0_0 ...
MIG: 19:03:42 : Moving design_1_mig_7series_0_0.veo ...
MIG: 19:03:42 : Moving design_1_mig_7series_0_0_xmdf.tcl ...
MIG: 19:03:43 : Running simulation.xit
MIG: 19:03:43 : ################# RUNNING MIG BATCH ###################
MIG: 19:03:43 : Writing IN file for 'design_1_mig_7series_0_0'...compDirPath: c:/Xilinx/Vivado/2017.4/data/ip/xilinx/mig_7series_v4_0... instDirPath: c:/Users/labview/project_107/project_107.srcs/sources_1/bd/design_1/ip/design_1_mig_7series_0_0
MIG: 19:03:43 : synp_flow:  -- synthesis_mode: Other
MIG: 19:03:43 : outputDirectory: c:/Users/labview/project_107/project_107.srcs/sources_1/bd/design_1/ip/design_1_mig_7series_0_0/_tmp/
MIG: 19:03:43 : vivado_mode: xpg_bd
MIG: 19:03:43 : isPortInterface: 0
MIG: 19:03:43 : isPortInterface: 0
MIG: 19:03:43 : isPortInterface: 0
MIG: 19:03:43 : isPortInterface: 0
MIG: 19:03:43 : isPortInterface: 0
MIG: 19:03:43 : isPortInterface: 0
MIG: 19:03:43 : isPortInterface: 0
MIG: 19:03:43 : isPortInterface: 0
MIG: 19:03:43 : isPortInterface: 0
MIG: 19:03:43 : isPortInterface: 0
MIG: 19:03:43 : isPortInterface: 0
MIG: 19:03:43 : isPortInterface: 0
MIG: 19:03:43 : isPortInterface: 0
MIG: 19:03:43 : isPortInterface: 0
MIG: 19:03:43 : isPortInterface: 0
MIG: 19:03:43 : isPortInterface: 0
MIG: 19:03:43 : isPortInterface: 0
MIG: 19:03:43 : isPortInterface: 0
MIG: 19:03:43 : isPortInterface: 0
MIG: 19:03:43 : isPortInterface: 0
MIG: 19:03:43 : isPortInterface: 0
MIG: 19:03:43 : isPortInterface: 0
MIG: 19:03:43 : isPortInterface: 0
MIG: 19:03:43 : isPortInterface: 0
MIG: 19:03:43 : isPortInterface: 0
MIG: 19:03:43 : isPortInterface: 0
MIG: 19:03:43 : isPortInterface: 0
MIG: 19:03:43 : isPortInterface: 0
MIG: 19:03:43 : isPortInterface: 0
MIG: 19:03:43 : isPortInterface: 0
MIG: 19:03:43 : isPortInterface: 0
MIG: 19:03:43 : isPortInterface: 0
MIG: 19:03:43 : isPortInterface: 0
MIG: 19:03:43 : isPortInterface: 0
MIG: 19:03:43 : isPortInterface: 0
MIG: 19:03:43 : isPortInterface: 0
MIG: 19:03:43 : isPortInterface: 0
MIG: 19:03:43 : isPortInterface: 0
MIG: 19:03:43 : isPortInterface: 0
MIG: 19:03:43 : isPortInterface: 0
MIG: 19:03:43 : isPortInterface: 0
MIG: 19:03:43 : isPortInterface: 0
MIG: 19:03:43 : isPortInterface: 0
MIG: 19:03:43 : isPortInterface: 0
MIG: 19:03:43 : isPortInterface: 0
MIG: 19:03:43 : isPortInterface: 0
MIG: 19:03:43 : isPortInterface: 0
MIG: 19:03:43 : isPortInterface: 0
MIG: 19:03:43 : isPortInterface: 0
MIG: 19:03:43 : isPortInterface: 0
MIG: 19:03:43 : isPortInterface: 0
MIG: 19:03:43 : isPortInterface: 0
MIG: 19:03:43 : isPortInterface: 0
MIG: 19:03:43 : isPortInterface: 0
MIG: 19:03:43 : isPortInterface: 0
MIG: 19:03:43 : isPortInterface: 0
MIG: 19:03:43 : isPortInterface: 0
MIG: 19:03:43 : isPortInterface: 0
MIG: 19:03:43 : isPortInterface: 0
MIG: 19:03:43 : isPortInterface: 0
MIG: 19:03:43 : isPortInterface: 0
MIG: 19:03:43 : isPortInterface: 0
MIG: 19:03:43 : isPortInterface: 0
MIG: 19:03:43 : isPortInterface: 0
MIG: 19:03:43 : isPortInterface: 0
MIG: 19:03:43 : isPortInterface: 0
MIG: 19:03:43 : isPortInterface: 0
MIG: 19:03:43 : isPortInterface: 0
MIG: 19:03:43 : isPortInterface: 0
MIG: 19:03:43 : isPortInterface: 0
MIG: 19:03:43 : isPortInterface: 0
MIG: 19:03:43 : isPortInterface: 0
MIG: 19:03:43 : isPortInterface: 0
MIG: 19:03:43 : isPortInterface: 0
MIG: 19:03:43 : isPortInterface: 0
MIG: 19:03:43 : isPortInterface: 0
MIG: 19:03:43 : isPortInterface: 0
MIG: 19:03:43 : isPortInterface: 0
MIG: 19:03:43 : isPortInterface: 0
MIG: 19:03:43 : isPortInterface: 0
MIG: 19:03:43 : isPortInterface: 0
MIG: 19:03:43 : isPortInterface: 0
MIG: 19:03:43 : isPortInterface: 0
MIG: 19:03:43 : isPortInterface: 0
MIG: 19:03:43 : isPortInterface: 0
MIG: 19:03:43 : isPortInterface: 0
MIG: 19:03:43 : isPortInterface: 0
MIG: 19:03:43 : isPortInterface: 0
MIG: 19:03:43 : isPortInterface: 0
MIG: 19:03:43 : isPortInterface: 0
MIG: 19:03:43 : isPortInterface: 0
MIG: 19:03:43 : isPortInterface: 0
MIG: 19:03:43 : isPortInterface: 0
MIG: 19:03:43 : isPortInterface: 0
MIG: 19:03:43 : isPortInterface: 0
MIG: 19:03:43 : isPortInterface: 0
MIG: 19:03:43 : isPortInterface: 0
MIG: 19:03:43 : isPortInterface: 0
MIG: 19:03:43 : isPortInterface: 0
MIG: 19:03:43 : isPortInterface: 0
MIG: 19:03:43 : isPortInterface: 0
MIG: 19:03:43 : isPortInterface: 0
MIG: 19:03:43 : isPortInterface: 0
MIG: 19:03:43 : isPortInterface: 0
MIG: 19:03:43 : isPortInterface: 0
MIG: 19:03:43 : isPortInterface: 0
MIG: 19:03:43 : isPortInterface: 0
MIG: 19:03:43 : isPortInterface: 0
MIG: 19:03:43 : isPortInterface: 0
MIG: 19:03:43 : isPortInterface: 0
MIG: 19:03:43 : isPortInterface: 0
MIG: 19:03:43 : isPortInterface: 0
MIG: 19:03:43 : isPortInterface: 0
MIG: 19:03:43 : isPortInterface: 0
MIG: 19:03:43 : isPortInterface: 0
MIG: 19:03:43 : isPortInterface: 0
MIG: 19:03:43 : isPortInterface: 0
MIG: 19:03:43 : isPortInterface: 1
MIG: 19:03:43 : isPortInterface: 0
MIG: 19:03:43 : isPortInterface: 0
MIG: 19:03:43 : isPortInterface: 0
MIG: 19:03:43 : isPortInterface: 0
MIG: 19:03:43 : isPortInterface: 0
MIG: 19:03:43 : isPortInterface: 0
MIG: 19:03:43 : isPortInterface: 0
MIG: 19:03:43 : isPortInterface: 0
MIG: 19:03:43 : isPortInterface: 0
MIG: 19:03:43 : isPortInterface: 0
MIG: 19:03:43 :  locked false  
MIG: 19:03:43 : HDL Language: Verilog
MIG: 19:03:43 : compInfo: false
MIG: 19:03:43 : Vivado Options xc7a100t csg324 -1
MIG: 19:03:43 : 1: xc7a100t 2: csg324 3: -1
MIG: 19:03:43 : relative mig path: coregen/ip/xilinx/other/com/xilinx/ip/mig_7series_v4_0/bin/nt64/mig.exe
MIG: 19:03:43 : xilinx_path: C:/Xilinx/Vivado/2017.4/ids_lite/ISE
MIG: 19:03:43 : I am in catch area
MIG: 19:03:43 : Running C:/Xilinx/Vivado/2017.4/ids_lite/ISE/coregen/ip/xilinx/other/com/xilinx/ip/mig_7series_v4_0/bin/nt64/mig.exe -cg_exc_inp c:/Users/labview/project_107/project_107.srcs/sources_1/bd/design_1/ip/design_1_mig_7series_0_0/xil_txt.in -cg_exc_out c:/Users/labview/project_107/project_107.srcs/sources_1/bd/design_1/ip/design_1_mig_7series_0_0/xil_txt.out ... 
MIG: 19:03:50 : XML_INPUT_FILE: c:/Users/labview/project_107/project_107.srcs/sources_1/bd/design_1/ip/design_1_mig_7series_0_0/board.prj
MIG: 19:03:50 : Component_Name: design_1_mig_7series_0_0
MIG: 19:03:50 : Moving design_1_mig_7series_0_0 ...
MIG: 19:03:50 : Moving design_1_mig_7series_0_0.veo ...
MIG: 19:03:50 : Moving design_1_mig_7series_0_0_xmdf.tcl ...
MIG: 19:03:50 : Running vlog_sim_rpr.xit .. PRASAD DBG1
MIG: 19:03:50 : IGN:     <ModuleName>design_1_mig_7series_0_2</ModuleName> <==>     <ModuleName>design_1_mig_7series_0_0</ModuleName> 
MIG: 19:03:50 : ERR:     <Version>2.2</Version> <==>     <Version>4.0</Version> 
MIG: 19:03:50 : ################# RUNNING MIG BATCH ###################
MIG: 19:03:50 : Writing IN file for 'design_1_mig_7series_0_0'...compDirPath: c:/Xilinx/Vivado/2017.4/data/ip/xilinx/mig_7series_v4_0... instDirPath: c:/Users/labview/project_107/project_107.srcs/sources_1/bd/design_1/ip/design_1_mig_7series_0_0
MIG: 19:03:50 : synp_flow:  -- synthesis_mode: Other
MIG: 19:03:50 : outputDirectory: c:/Users/labview/project_107/project_107.srcs/sources_1/bd/design_1/ip/design_1_mig_7series_0_0/_tmp/
MIG: 19:03:50 : vivado_mode: xpg_bd
MIG: 19:03:50 : isPortInterface: 0
MIG: 19:03:50 : isPortInterface: 0
MIG: 19:03:50 : isPortInterface: 0
MIG: 19:03:50 : isPortInterface: 0
MIG: 19:03:50 : isPortInterface: 0
MIG: 19:03:50 : isPortInterface: 0
MIG: 19:03:50 : isPortInterface: 0
MIG: 19:03:50 : isPortInterface: 0
MIG: 19:03:50 : isPortInterface: 0
MIG: 19:03:50 : isPortInterface: 0
MIG: 19:03:50 : isPortInterface: 0
MIG: 19:03:50 : isPortInterface: 0
MIG: 19:03:50 : isPortInterface: 0
MIG: 19:03:50 : isPortInterface: 0
MIG: 19:03:50 : isPortInterface: 0
MIG: 19:03:50 : isPortInterface: 0
MIG: 19:03:50 : isPortInterface: 0
MIG: 19:03:50 : isPortInterface: 0
MIG: 19:03:50 : isPortInterface: 0
MIG: 19:03:50 : isPortInterface: 0
MIG: 19:03:50 : isPortInterface: 0
MIG: 19:03:50 : isPortInterface: 0
MIG: 19:03:50 : isPortInterface: 0
MIG: 19:03:50 : isPortInterface: 0
MIG: 19:03:50 : isPortInterface: 0
MIG: 19:03:50 : isPortInterface: 0
MIG: 19:03:50 : isPortInterface: 0
MIG: 19:03:50 : isPortInterface: 0
MIG: 19:03:50 : isPortInterface: 0
MIG: 19:03:50 : isPortInterface: 0
MIG: 19:03:50 : isPortInterface: 0
MIG: 19:03:50 : isPortInterface: 0
MIG: 19:03:50 : isPortInterface: 0
MIG: 19:03:50 : isPortInterface: 0
MIG: 19:03:50 : isPortInterface: 0
MIG: 19:03:50 : isPortInterface: 0
MIG: 19:03:50 : isPortInterface: 0
MIG: 19:03:50 : isPortInterface: 0
MIG: 19:03:50 : isPortInterface: 0
MIG: 19:03:50 : isPortInterface: 0
MIG: 19:03:50 : isPortInterface: 0
MIG: 19:03:50 : isPortInterface: 0
MIG: 19:03:50 : isPortInterface: 0
MIG: 19:03:50 : isPortInterface: 0
MIG: 19:03:50 : isPortInterface: 0
MIG: 19:03:50 : isPortInterface: 0
MIG: 19:03:50 : isPortInterface: 0
MIG: 19:03:50 : isPortInterface: 0
MIG: 19:03:50 : isPortInterface: 0
MIG: 19:03:50 : isPortInterface: 0
MIG: 19:03:50 : isPortInterface: 0
MIG: 19:03:50 : isPortInterface: 0
MIG: 19:03:50 : isPortInterface: 0
MIG: 19:03:50 : isPortInterface: 0
MIG: 19:03:50 : isPortInterface: 0
MIG: 19:03:50 : isPortInterface: 0
MIG: 19:03:50 : isPortInterface: 0
MIG: 19:03:50 : isPortInterface: 0
MIG: 19:03:50 : isPortInterface: 0
MIG: 19:03:50 : isPortInterface: 0
MIG: 19:03:50 : isPortInterface: 0
MIG: 19:03:50 : isPortInterface: 0
MIG: 19:03:50 : isPortInterface: 0
MIG: 19:03:50 : isPortInterface: 0
MIG: 19:03:50 : isPortInterface: 0
MIG: 19:03:50 : isPortInterface: 0
MIG: 19:03:50 : isPortInterface: 0
MIG: 19:03:50 : isPortInterface: 0
MIG: 19:03:50 : isPortInterface: 0
MIG: 19:03:50 : isPortInterface: 0
MIG: 19:03:50 : isPortInterface: 0
MIG: 19:03:50 : isPortInterface: 0
MIG: 19:03:50 : isPortInterface: 0
MIG: 19:03:50 : isPortInterface: 0
MIG: 19:03:50 : isPortInterface: 0
MIG: 19:03:50 : isPortInterface: 0
MIG: 19:03:50 : isPortInterface: 0
MIG: 19:03:50 : isPortInterface: 0
MIG: 19:03:50 : isPortInterface: 0
MIG: 19:03:50 : isPortInterface: 0
MIG: 19:03:50 : isPortInterface: 0
MIG: 19:03:50 : isPortInterface: 0
MIG: 19:03:50 : isPortInterface: 0
MIG: 19:03:50 : isPortInterface: 0
MIG: 19:03:50 : isPortInterface: 0
MIG: 19:03:50 : isPortInterface: 0
MIG: 19:03:50 : isPortInterface: 0
MIG: 19:03:50 : isPortInterface: 0
MIG: 19:03:50 : isPortInterface: 0
MIG: 19:03:50 : isPortInterface: 0
MIG: 19:03:50 : isPortInterface: 0
MIG: 19:03:50 : isPortInterface: 0
MIG: 19:03:50 : isPortInterface: 0
MIG: 19:03:50 : isPortInterface: 0
MIG: 19:03:50 : isPortInterface: 0
MIG: 19:03:50 : isPortInterface: 0
MIG: 19:03:50 : isPortInterface: 0
MIG: 19:03:50 : isPortInterface: 0
MIG: 19:03:50 : isPortInterface: 0
MIG: 19:03:50 : isPortInterface: 0
MIG: 19:03:50 : isPortInterface: 0
MIG: 19:03:50 : isPortInterface: 0
MIG: 19:03:50 : isPortInterface: 0
MIG: 19:03:50 : isPortInterface: 0
MIG: 19:03:50 : isPortInterface: 0
MIG: 19:03:50 : isPortInterface: 0
MIG: 19:03:50 : isPortInterface: 0
MIG: 19:03:50 : isPortInterface: 0
MIG: 19:03:50 : isPortInterface: 0
MIG: 19:03:50 : isPortInterface: 0
MIG: 19:03:50 : isPortInterface: 0
MIG: 19:03:50 : isPortInterface: 0
MIG: 19:03:50 : isPortInterface: 0
MIG: 19:03:50 : isPortInterface: 0
MIG: 19:03:50 : isPortInterface: 0
MIG: 19:03:50 : isPortInterface: 0
MIG: 19:03:50 : isPortInterface: 0
MIG: 19:03:50 : isPortInterface: 1
MIG: 19:03:50 : isPortInterface: 0
MIG: 19:03:50 : isPortInterface: 0
MIG: 19:03:50 : isPortInterface: 0
MIG: 19:03:50 : isPortInterface: 0
MIG: 19:03:50 : isPortInterface: 0
MIG: 19:03:50 : isPortInterface: 0
MIG: 19:03:50 : isPortInterface: 0
MIG: 19:03:50 : isPortInterface: 0
MIG: 19:03:50 : isPortInterface: 0
MIG: 19:03:50 : isPortInterface: 0
MIG: 19:03:50 :  locked false  
MIG: 19:03:50 : HDL Language: Verilog
MIG: 19:03:50 : compInfo: false
MIG: 19:03:50 : Vivado Options xc7a100t csg324 -1
MIG: 19:03:50 : 1: xc7a100t 2: csg324 3: -1
MIG: 19:03:50 : relative mig path: coregen/ip/xilinx/other/com/xilinx/ip/mig_7series_v4_0/bin/nt64/mig.exe
MIG: 19:03:50 : xilinx_path: C:/Xilinx/Vivado/2017.4/ids_lite/ISE
MIG: 19:03:50 : I am in catch area
MIG: 19:03:50 : Running C:/Xilinx/Vivado/2017.4/ids_lite/ISE/coregen/ip/xilinx/other/com/xilinx/ip/mig_7series_v4_0/bin/nt64/mig.exe -cg_exc_inp c:/Users/labview/project_107/project_107.srcs/sources_1/bd/design_1/ip/design_1_mig_7series_0_0/xil_txt.in -cg_exc_out c:/Users/labview/project_107/project_107.srcs/sources_1/bd/design_1/ip/design_1_mig_7series_0_0/xil_txt.out ... 
MIG: 19:03:57 : XML_INPUT_FILE: c:/Users/labview/project_107/project_107.srcs/sources_1/bd/design_1/ip/design_1_mig_7series_0_0/board.prj
MIG: 19:03:57 : Component_Name: design_1_mig_7series_0_0
MIG: 19:03:57 : Moving design_1_mig_7series_0_0 ...
MIG: 19:03:57 : Moving design_1_mig_7series_0_0.veo ...
MIG: 19:03:57 : Moving design_1_mig_7series_0_0_xmdf.tcl ...
MIG: 19:03:57 : Running implementation.xit
MIG: 19:03:57 : IGN:     <ModuleName>design_1_mig_7series_0_2</ModuleName> <==>     <ModuleName>design_1_mig_7series_0_0</ModuleName> 
MIG: 19:03:57 : ERR:     <Version>2.2</Version> <==>     <Version>4.0</Version> 
MIG: 19:03:57 : ################# RUNNING MIG BATCH ###################
MIG: 19:03:57 : Writing IN file for 'design_1_mig_7series_0_0'...compDirPath: c:/Xilinx/Vivado/2017.4/data/ip/xilinx/mig_7series_v4_0... instDirPath: c:/Users/labview/project_107/project_107.srcs/sources_1/bd/design_1/ip/design_1_mig_7series_0_0
MIG: 19:03:57 : synp_flow:  -- synthesis_mode: Other
MIG: 19:03:57 : outputDirectory: c:/Users/labview/project_107/project_107.srcs/sources_1/bd/design_1/ip/design_1_mig_7series_0_0/_tmp/
MIG: 19:03:57 : vivado_mode: xpg_bd
MIG: 19:03:57 : isPortInterface: 0
MIG: 19:03:57 : isPortInterface: 0
MIG: 19:03:57 : isPortInterface: 0
MIG: 19:03:57 : isPortInterface: 0
MIG: 19:03:57 : isPortInterface: 0
MIG: 19:03:57 : isPortInterface: 0
MIG: 19:03:57 : isPortInterface: 0
MIG: 19:03:57 : isPortInterface: 0
MIG: 19:03:57 : isPortInterface: 0
MIG: 19:03:57 : isPortInterface: 0
MIG: 19:03:57 : isPortInterface: 0
MIG: 19:03:57 : isPortInterface: 0
MIG: 19:03:57 : isPortInterface: 0
MIG: 19:03:57 : isPortInterface: 0
MIG: 19:03:57 : isPortInterface: 0
MIG: 19:03:57 : isPortInterface: 0
MIG: 19:03:57 : isPortInterface: 0
MIG: 19:03:57 : isPortInterface: 0
MIG: 19:03:57 : isPortInterface: 0
MIG: 19:03:57 : isPortInterface: 0
MIG: 19:03:57 : isPortInterface: 0
MIG: 19:03:57 : isPortInterface: 0
MIG: 19:03:57 : isPortInterface: 0
MIG: 19:03:57 : isPortInterface: 0
MIG: 19:03:57 : isPortInterface: 0
MIG: 19:03:57 : isPortInterface: 0
MIG: 19:03:57 : isPortInterface: 0
MIG: 19:03:57 : isPortInterface: 0
MIG: 19:03:57 : isPortInterface: 0
MIG: 19:03:57 : isPortInterface: 0
MIG: 19:03:57 : isPortInterface: 0
MIG: 19:03:57 : isPortInterface: 0
MIG: 19:03:57 : isPortInterface: 0
MIG: 19:03:57 : isPortInterface: 0
MIG: 19:03:57 : isPortInterface: 0
MIG: 19:03:57 : isPortInterface: 0
MIG: 19:03:57 : isPortInterface: 0
MIG: 19:03:57 : isPortInterface: 0
MIG: 19:03:57 : isPortInterface: 0
MIG: 19:03:57 : isPortInterface: 0
MIG: 19:03:57 : isPortInterface: 0
MIG: 19:03:57 : isPortInterface: 0
MIG: 19:03:57 : isPortInterface: 0
MIG: 19:03:57 : isPortInterface: 0
MIG: 19:03:57 : isPortInterface: 0
MIG: 19:03:57 : isPortInterface: 0
MIG: 19:03:57 : isPortInterface: 0
MIG: 19:03:57 : isPortInterface: 0
MIG: 19:03:57 : isPortInterface: 0
MIG: 19:03:57 : isPortInterface: 0
MIG: 19:03:57 : isPortInterface: 0
MIG: 19:03:57 : isPortInterface: 0
MIG: 19:03:57 : isPortInterface: 0
MIG: 19:03:57 : isPortInterface: 0
MIG: 19:03:57 : isPortInterface: 0
MIG: 19:03:57 : isPortInterface: 0
MIG: 19:03:57 : isPortInterface: 0
MIG: 19:03:57 : isPortInterface: 0
MIG: 19:03:57 : isPortInterface: 0
MIG: 19:03:57 : isPortInterface: 0
MIG: 19:03:57 : isPortInterface: 0
MIG: 19:03:57 : isPortInterface: 0
MIG: 19:03:57 : isPortInterface: 0
MIG: 19:03:57 : isPortInterface: 0
MIG: 19:03:57 : isPortInterface: 0
MIG: 19:03:57 : isPortInterface: 0
MIG: 19:03:57 : isPortInterface: 0
MIG: 19:03:57 : isPortInterface: 0
MIG: 19:03:57 : isPortInterface: 0
MIG: 19:03:57 : isPortInterface: 0
MIG: 19:03:57 : isPortInterface: 0
MIG: 19:03:57 : isPortInterface: 0
MIG: 19:03:57 : isPortInterface: 0
MIG: 19:03:57 : isPortInterface: 0
MIG: 19:03:57 : isPortInterface: 0
MIG: 19:03:57 : isPortInterface: 0
MIG: 19:03:57 : isPortInterface: 0
MIG: 19:03:57 : isPortInterface: 0
MIG: 19:03:57 : isPortInterface: 0
MIG: 19:03:57 : isPortInterface: 0
MIG: 19:03:57 : isPortInterface: 0
MIG: 19:03:57 : isPortInterface: 0
MIG: 19:03:57 : isPortInterface: 0
MIG: 19:03:57 : isPortInterface: 0
MIG: 19:03:57 : isPortInterface: 0
MIG: 19:03:57 : isPortInterface: 0
MIG: 19:03:57 : isPortInterface: 0
MIG: 19:03:57 : isPortInterface: 0
MIG: 19:03:57 : isPortInterface: 0
MIG: 19:03:57 : isPortInterface: 0
MIG: 19:03:57 : isPortInterface: 0
MIG: 19:03:57 : isPortInterface: 0
MIG: 19:03:57 : isPortInterface: 0
MIG: 19:03:57 : isPortInterface: 0
MIG: 19:03:57 : isPortInterface: 0
MIG: 19:03:57 : isPortInterface: 0
MIG: 19:03:57 : isPortInterface: 0
MIG: 19:03:57 : isPortInterface: 0
MIG: 19:03:57 : isPortInterface: 0
MIG: 19:03:57 : isPortInterface: 0
MIG: 19:03:57 : isPortInterface: 0
MIG: 19:03:57 : isPortInterface: 0
MIG: 19:03:57 : isPortInterface: 0
MIG: 19:03:57 : isPortInterface: 0
MIG: 19:03:57 : isPortInterface: 0
MIG: 19:03:57 : isPortInterface: 0
MIG: 19:03:57 : isPortInterface: 0
MIG: 19:03:57 : isPortInterface: 0
MIG: 19:03:57 : isPortInterface: 0
MIG: 19:03:57 : isPortInterface: 0
MIG: 19:03:57 : isPortInterface: 0
MIG: 19:03:57 : isPortInterface: 0
MIG: 19:03:57 : isPortInterface: 0
MIG: 19:03:57 : isPortInterface: 0
MIG: 19:03:57 : isPortInterface: 0
MIG: 19:03:57 : isPortInterface: 0
MIG: 19:03:57 : isPortInterface: 0
MIG: 19:03:57 : isPortInterface: 1
MIG: 19:03:57 : isPortInterface: 0
MIG: 19:03:57 : isPortInterface: 0
MIG: 19:03:57 : isPortInterface: 0
MIG: 19:03:57 : isPortInterface: 0
MIG: 19:03:57 : isPortInterface: 0
MIG: 19:03:57 : isPortInterface: 0
MIG: 19:03:57 : isPortInterface: 0
MIG: 19:03:57 : isPortInterface: 0
MIG: 19:03:57 : isPortInterface: 0
MIG: 19:03:57 : isPortInterface: 0
MIG: 19:03:57 :  locked false  
MIG: 19:03:57 : HDL Language: Verilog
MIG: 19:03:57 : compInfo: false
MIG: 19:03:57 : Vivado Options xc7a100t csg324 -1
MIG: 19:03:57 : 1: xc7a100t 2: csg324 3: -1
MIG: 19:03:57 : relative mig path: coregen/ip/xilinx/other/com/xilinx/ip/mig_7series_v4_0/bin/nt64/mig.exe
MIG: 19:03:57 : xilinx_path: C:/Xilinx/Vivado/2017.4/ids_lite/ISE
MIG: 19:03:57 : I am in catch area
MIG: 19:03:57 : Running C:/Xilinx/Vivado/2017.4/ids_lite/ISE/coregen/ip/xilinx/other/com/xilinx/ip/mig_7series_v4_0/bin/nt64/mig.exe -cg_exc_inp c:/Users/labview/project_107/project_107.srcs/sources_1/bd/design_1/ip/design_1_mig_7series_0_0/xil_txt.in -cg_exc_out c:/Users/labview/project_107/project_107.srcs/sources_1/bd/design_1/ip/design_1_mig_7series_0_0/xil_txt.out ... 
MIG: 19:04:04 : XML_INPUT_FILE: c:/Users/labview/project_107/project_107.srcs/sources_1/bd/design_1/ip/design_1_mig_7series_0_0/board.prj
MIG: 19:04:04 : Component_Name: design_1_mig_7series_0_0
MIG: 19:04:04 : Moving design_1_mig_7series_0_0 ...
MIG: 19:04:04 : Moving design_1_mig_7series_0_0.veo ...
MIG: 19:04:04 : Moving design_1_mig_7series_0_0_xmdf.tcl ...
