19:10:55 INFO  : Registering command handlers for SDK TCF services
19:10:56 INFO  : Launching XSCT server: xsct.bat -interactive C:\Users\labview\project_107\project_107.sdk\temp_xsdb_launch_script.tcl
19:11:03 INFO  : XSCT server has started successfully.
19:11:03 INFO  : Successfully done setting XSCT server connection channel  
19:11:03 INFO  : Successfully done setting SDK workspace  
19:11:03 INFO  : Processing command line option -hwspec C:/Users/labview/project_107/project_107.sdk/design_1_wrapper.hdf.
19:15:27 INFO  : Connected to target on host '127.0.0.1' and port '3121'.
19:15:29 INFO  : 'targets -set -filter {jtag_cable_name =~ "Digilent Nexys4DDR 210292744993A" && level==0} -index 0' command is executed.
19:15:31 INFO  : FPGA configured successfully with bitstream "C:/Users/labview/project_107/project_107.sdk/design_1_wrapper_hw_platform_0/download.bit"
19:15:51 INFO  : 'targets -set -filter {jtag_cable_name =~ "Digilent Nexys4DDR 210292744993A" && level==0} -index 0' command is executed.
19:15:51 INFO  : 'fpga -state' command is executed.
19:15:51 INFO  : Connected to target on host '127.0.0.1' and port '3121'.
19:15:52 INFO  : Jtag cable 'Digilent Nexys4DDR 210292744993A' is selected.
19:15:52 INFO  : 'jtag frequency' command is executed.
19:15:52 INFO  : Context for processor 'microblaze_0' is selected.
19:15:52 INFO  : Processor reset is completed for 'microblaze_0'.
19:15:52 INFO  : Context for processor 'microblaze_0' is selected.
19:15:52 INFO  : The application 'C:/Users/labview/project_107/project_107.sdk/top/Debug/top.elf' is downloaded to processor 'microblaze_0'.
19:15:52 INFO  : ----------------XSDB Script----------------
connect -url tcp:127.0.0.1:3121
targets -set -nocase -filter {name =~ "microblaze*#0" && bscan=="USER2"  && jtag_cable_name =~ "Digilent Nexys4DDR 210292744993A"} -index 0
rst -processor
targets -set -nocase -filter {name =~ "microblaze*#0" && bscan=="USER2"  && jtag_cable_name =~ "Digilent Nexys4DDR 210292744993A"} -index 0
dow C:/Users/labview/project_107/project_107.sdk/top/Debug/top.elf
----------------End of Script----------------

19:15:52 INFO  : Memory regions updated for context MicroBlaze #0
19:15:52 INFO  : Memory regions updated for context MicroBlaze #0
19:15:52 INFO  : Context for processor 'microblaze_0' is selected.
19:15:52 INFO  : 'con' command is executed.
19:15:52 INFO  : ----------------XSDB Script (After Launch)----------------
targets -set -nocase -filter {name =~ "microblaze*#0" && bscan=="USER2"  && jtag_cable_name =~ "Digilent Nexys4DDR 210292744993A"} -index 0
con
----------------End of Script----------------

19:15:52 INFO  : Launch script is exported to file 'C:\Users\labview\project_107\project_107.sdk\.sdk\launch_scripts\xilinx_c-c++_application_(system_debugger)\system_debugger_using_debug_top.elf_on_local.tcl'
19:16:24 INFO  : Disconnected from the channel tcfchan#1.
19:16:25 INFO  : 'targets -set -filter {jtag_cable_name =~ "Digilent Nexys4DDR 210292744993A" && level==0} -index 0' command is executed.
19:16:25 INFO  : 'fpga -state' command is executed.
19:16:25 INFO  : Connected to target on host '127.0.0.1' and port '3121'.
19:16:25 INFO  : Jtag cable 'Digilent Nexys4DDR 210292744993A' is selected.
19:16:25 INFO  : 'jtag frequency' command is executed.
19:16:25 INFO  : Context for processor 'microblaze_0' is selected.
19:16:25 INFO  : Processor reset is completed for 'microblaze_0'.
19:16:25 INFO  : Context for processor 'microblaze_0' is selected.
19:16:25 INFO  : The application 'C:/Users/labview/project_107/project_107.sdk/top/Debug/top.elf' is downloaded to processor 'microblaze_0'.
19:16:25 INFO  : ----------------XSDB Script----------------
connect -url tcp:127.0.0.1:3121
targets -set -nocase -filter {name =~ "microblaze*#0" && bscan=="USER2"  && jtag_cable_name =~ "Digilent Nexys4DDR 210292744993A"} -index 0
rst -processor
targets -set -nocase -filter {name =~ "microblaze*#0" && bscan=="USER2"  && jtag_cable_name =~ "Digilent Nexys4DDR 210292744993A"} -index 0
dow C:/Users/labview/project_107/project_107.sdk/top/Debug/top.elf
----------------End of Script----------------

19:16:25 INFO  : Memory regions updated for context MicroBlaze #0
19:16:25 INFO  : Memory regions updated for context MicroBlaze #0
19:16:26 INFO  : Context for processor 'microblaze_0' is selected.
19:16:26 INFO  : 'con' command is executed.
19:16:26 INFO  : ----------------XSDB Script (After Launch)----------------
targets -set -nocase -filter {name =~ "microblaze*#0" && bscan=="USER2"  && jtag_cable_name =~ "Digilent Nexys4DDR 210292744993A"} -index 0
con
----------------End of Script----------------

19:16:26 INFO  : Launch script is exported to file 'C:\Users\labview\project_107\project_107.sdk\.sdk\launch_scripts\xilinx_c-c++_application_(system_debugger)\system_debugger_using_debug_top.elf_on_local.tcl'
19:20:14 INFO  : Disconnected from the channel tcfchan#2.
19:20:15 INFO  : 'targets -set -filter {jtag_cable_name =~ "Digilent Nexys4DDR 210292744993A" && level==0} -index 0' command is executed.
19:20:16 INFO  : 'fpga -state' command is executed.
19:20:16 INFO  : Connected to target on host '127.0.0.1' and port '3121'.
19:20:16 INFO  : Jtag cable 'Digilent Nexys4DDR 210292744993A' is selected.
19:20:16 INFO  : 'jtag frequency' command is executed.
19:20:16 INFO  : Context for processor 'microblaze_0' is selected.
19:20:16 INFO  : Processor reset is completed for 'microblaze_0'.
19:20:16 INFO  : Context for processor 'microblaze_0' is selected.
19:20:16 INFO  : The application 'C:/Users/labview/project_107/project_107.sdk/top/Debug/top.elf' is downloaded to processor 'microblaze_0'.
19:20:16 INFO  : ----------------XSDB Script----------------
connect -url tcp:127.0.0.1:3121
targets -set -nocase -filter {name =~ "microblaze*#0" && bscan=="USER2"  && jtag_cable_name =~ "Digilent Nexys4DDR 210292744993A"} -index 0
rst -processor
targets -set -nocase -filter {name =~ "microblaze*#0" && bscan=="USER2"  && jtag_cable_name =~ "Digilent Nexys4DDR 210292744993A"} -index 0
dow C:/Users/labview/project_107/project_107.sdk/top/Debug/top.elf
----------------End of Script----------------

19:20:16 INFO  : Memory regions updated for context MicroBlaze #0
19:20:16 INFO  : Memory regions updated for context MicroBlaze #0
19:20:16 INFO  : Context for processor 'microblaze_0' is selected.
19:20:16 INFO  : 'con' command is executed.
19:20:16 INFO  : ----------------XSDB Script (After Launch)----------------
targets -set -nocase -filter {name =~ "microblaze*#0" && bscan=="USER2"  && jtag_cable_name =~ "Digilent Nexys4DDR 210292744993A"} -index 0
con
----------------End of Script----------------

19:20:16 INFO  : Launch script is exported to file 'C:\Users\labview\project_107\project_107.sdk\.sdk\launch_scripts\xilinx_c-c++_application_(system_debugger)\system_debugger_using_debug_top.elf_on_local.tcl'
19:40:45 INFO  : Disconnected from the channel tcfchan#3.
