Copyright 1986-2017 Xilinx, Inc. All Rights Reserved.
---------------------------------------------------------------------------------------------
| Tool Version : Vivado v.2017.4 (win64) Build 2086221 Fri Dec 15 20:55:39 MST 2017
| Date         : Sun Jan 10 23:59:27 2021
| Host         : DESKTOP-7PABT0M running 64-bit major release  (build 9200)
| Command      : report_control_sets -verbose -file design_1_wrapper_control_sets_placed.rpt
| Design       : design_1_wrapper
| Device       : xc7a100t
---------------------------------------------------------------------------------------------

Control Set Information

Table of Contents
-----------------
1. Summary
2. Flip-Flop Distribution
3. Detailed Control Set Information

1. Summary
----------

+----------------------------------------------------------+-------+
|                          Status                          | Count |
+----------------------------------------------------------+-------+
| Number of unique control sets                            |    76 |
| Unused register locations in slices containing registers |   208 |
+----------------------------------------------------------+-------+


2. Flip-Flop Distribution
-------------------------

+--------------+-----------------------+------------------------+-----------------+--------------+
| Clock Enable | Synchronous Set/Reset | Asynchronous Set/Reset | Total Registers | Total Slices |
+--------------+-----------------------+------------------------+-----------------+--------------+
| No           | No                    | No                     |             225 |          105 |
| No           | No                    | Yes                    |              29 |            8 |
| No           | Yes                   | No                     |             269 |          113 |
| Yes          | No                    | No                     |             173 |           47 |
| Yes          | No                    | Yes                    |              15 |            8 |
| Yes          | Yes                   | No                     |             617 |          236 |
+--------------+-----------------------+------------------------+-----------------+--------------+


3. Detailed Control Set Information
-----------------------------------

+-------------------------------------------------------------+---------------------------------------------------------------------------------------------------------------------------------------------------------------------------------------------------------+-------------------------------------------------------------------------------------------------------------------------------------------------------+------------------+----------------+
|                         Clock Signal                        |                                                                                              Enable Signal                                                                                              |                                                                    Set/Reset Signal                                                                   | Slice Load Count | Bel Load Count |
+-------------------------------------------------------------+---------------------------------------------------------------------------------------------------------------------------------------------------------------------------------------------------------+-------------------------------------------------------------------------------------------------------------------------------------------------------+------------------+----------------+
|  design_1_i/clk_wiz_1/inst/clk_out1                         |                                                                                                                                                                                                         | design_1_i/microblaze_0/U0/MicroBlaze_Core_I/Performance.Core/Use_Debug_Logic.Master_Core.Debug_Perf/capture_1                                        |                1 |              1 |
| ~design_1_i/mdm_1/U0/No_Dbg_Reg_Access.BUFG_DRCK/Dbg_Clk_31 | design_1_i/mdm_1/U0/MDM_Core_I1/JTAG_CONTROL_I/Use_BSCAN.FDC_I/CE                                                                                                                                       | design_1_i/mdm_1/U0/MDM_Core_I1/JTAG_CONTROL_I/Use_BSCAN.FDC_I/D_1                                                                                    |                1 |              1 |
|  design_1_i/mdm_1/U0/No_Dbg_Reg_Access.BUFG_DRCK/Dbg_Clk_31 | design_1_i/mdm_1/U0/Use_E2.BSCAN_I/Dbg_Capture_0                                                                                                                                                        | design_1_i/mdm_1/U0/MDM_Core_I1/JTAG_CONTROL_I/sel_reset                                                                                              |                1 |              1 |
|  design_1_i/mdm_1/U0/Use_E2.BSCAN_I/Ext_JTAG_UPDATE         | design_1_i/microblaze_0/U0/MicroBlaze_Core_I/Performance.Core/Use_Debug_Logic.Master_Core.Debug_Perf/Control_Reg_En                                                                                     | design_1_i/microblaze_0/U0/MicroBlaze_Core_I/Performance.Core/Use_Debug_Logic.Master_Core.Debug_Perf/Serial_Dbg_Intf.continue_from_brk_reg_n_0        |                1 |              1 |
|  design_1_i/mdm_1/U0/Use_E2.BSCAN_I/Ext_JTAG_UPDATE         | design_1_i/microblaze_0/U0/MicroBlaze_Core_I/Performance.Core/Use_Debug_Logic.Master_Core.Debug_Perf/Control_Reg_En                                                                                     | design_1_i/microblaze_0/U0/MicroBlaze_Core_I/Performance.Core/Use_Debug_Logic.Master_Core.Debug_Perf/Performance_Debug_Control.force_stop_cmd_1_reg_0 |                1 |              1 |
|  design_1_i/mdm_1/U0/Use_E2.BSCAN_I/Ext_JTAG_UPDATE         | design_1_i/microblaze_0/U0/MicroBlaze_Core_I/Performance.Core/Use_Debug_Logic.Master_Core.Debug_Perf/Control_Reg_En                                                                                     | design_1_i/microblaze_0/U0/MicroBlaze_Core_I/Performance.Core/Use_Debug_Logic.Master_Core.Debug_Perf/Serial_Dbg_Intf.normal_stop_cmd_i_reg_n_0        |                1 |              1 |
|  design_1_i/mdm_1/U0/Use_E2.BSCAN_I/Ext_JTAG_UPDATE         | design_1_i/microblaze_0/U0/MicroBlaze_Core_I/Performance.Core/Use_Debug_Logic.Master_Core.Debug_Perf/Control_Reg_En                                                                                     | design_1_i/microblaze_0/U0/MicroBlaze_Core_I/Performance.Core/Use_Debug_Logic.Master_Core.Debug_Perf/start_single_step_reg_n_0                        |                1 |              1 |
|  design_1_i/clk_wiz_1/inst/clk_out1                         |                                                                                                                                                                                                         | design_1_i/microblaze_0/U0/MicroBlaze_Core_I/Performance.Core/Decode_I/dbg_stop_i                                                                     |                1 |              1 |
| ~design_1_i/mdm_1/U0/Use_E2.BSCAN_I/Ext_JTAG_UPDATE         |                                                                                                                                                                                                         | design_1_i/mdm_1/U0/MDM_Core_I1/JTAG_CONTROL_I/sel_n                                                                                                  |                1 |              1 |
|  design_1_i/mdm_1/U0/Use_E2.BSCAN_I/Ext_JTAG_UPDATE         | design_1_i/microblaze_0/U0/MicroBlaze_Core_I/Performance.Core/Use_Debug_Logic.Master_Core.Debug_Perf/Command_Reg_En                                                                                     | design_1_i/microblaze_0/U0/MicroBlaze_Core_I/Performance.Core/Use_Debug_Logic.Master_Core.Debug_Perf/command_reg_clear                                |                1 |              2 |
|  design_1_i/clk_wiz_1/inst/clk_out1                         | design_1_i/microblaze_0/U0/MicroBlaze_Core_I/Performance.Core/Decode_I/Use_MuxCy[10].OF_Piperun_Stage/MUXCY_I/lopt_1                                                                                    |                                                                                                                                                       |                1 |              2 |
|  design_1_i/mdm_1/U0/Use_E2.BSCAN_I/Ext_JTAG_UPDATE         |                                                                                                                                                                                                         |                                                                                                                                                       |                1 |              3 |
|  design_1_i/clk_wiz_1/inst/clk_out1                         | design_1_i/axi_uart16550_0/U0/XUART_I_1/UART16550_I_1/tx16550_1/clkdiv[3]_i_1_n_0                                                                                                                       | design_1_i/axi_uart16550_0/U0/bus2ip_reset_int_core                                                                                                   |                1 |              4 |
|  design_1_i/mdm_1/U0/Use_E2.BSCAN_I/Ext_JTAG_UPDATE         | design_1_i/mdm_1/U0/MDM_Core_I1/MDM_SEL                                                                                                                                                                 | design_1_i/mdm_1/U0/Use_E2.BSCAN_I/AR[0]                                                                                                              |                1 |              4 |
|  design_1_i/mdm_1/U0/Use_E2.BSCAN_I/Ext_JTAG_UPDATE         | design_1_i/microblaze_0/U0/MicroBlaze_Core_I/Performance.Core/Use_Debug_Logic.Master_Core.Debug_Perf/Control_Reg_En                                                                                     |                                                                                                                                                       |                2 |              4 |
| ~design_1_i/mdm_1/U0/Use_E2.BSCAN_I/Ext_JTAG_UPDATE         |                                                                                                                                                                                                         | design_1_i/mdm_1/U0/Use_E2.BSCAN_I/AR[0]                                                                                                              |                1 |              4 |
|  design_1_i/clk_wiz_1/inst/clk_out1                         | design_1_i/axi_uart16550_0/U0/XUART_I_1/UART16550_I_1/rx16550_1/clkdiv[3]_i_2_n_0                                                                                                                       | design_1_i/axi_uart16550_0/U0/XUART_I_1/UART16550_I_1/rx16550_1/clkdiv[3]_i_1__0_n_0                                                                  |                1 |              4 |
|  design_1_i/clk_wiz_1/inst/clk_out1                         | design_1_i/axi_uart16550_0/U0/AXI_LITE_IPIF_I/I_SLAVE_ATTACHMENT/bus2ip_addr_i[4]_i_1_n_0                                                                                                               | design_1_i/axi_uart16550_0/U0/bus2ip_reset_int_core                                                                                                   |                1 |              4 |
|  design_1_i/clk_wiz_1/inst/clk_out1                         | design_1_i/axi_uart16550_0/U0/XUART_I_1/UART16550_I_1/modem_prev_val[3]_i_1_n_0                                                                                                                         |                                                                                                                                                       |                1 |              4 |
|  design_1_i/clk_wiz_1/inst/clk_out1                         | design_1_i/axi_uart16550_0/U0/XUART_I_1/UART16550_I_1/ier1                                                                                                                                              | design_1_i/axi_uart16550_0/U0/bus2ip_reset_int_core                                                                                                   |                1 |              4 |
|  design_1_i/clk_wiz_1/inst/clk_out1                         |                                                                                                                                                                                                         | design_1_i/axi_uart16550_0/U0/XUART_I_1/UART16550_I_1/rx16550_1/framing_error_flag0                                                                   |                2 |              4 |
|  design_1_i/clk_wiz_1/inst/clk_out1                         |                                                                                                                                                                                                         | design_1_i/axi_uart16550_0/U0/XUART_I_1/UART16550_I_1/modem_prev_val[3]_i_1_n_0                                                                       |                1 |              4 |
|  design_1_i/clk_wiz_1/inst/clk_out1                         | design_1_i/axi_uart16550_0/U0/XUART_I_1/UART16550_I_1/GENERATING_FIFOS.rx_error_in_fifo_cnt[3]_i_2_n_0                                                                                                  | design_1_i/axi_uart16550_0/U0/XUART_I_1/UART16550_I_1/p_1_out                                                                                         |                1 |              4 |
|  design_1_i/mdm_1/U0/No_Dbg_Reg_Access.BUFG_DRCK/Dbg_Clk_31 | design_1_i/mdm_1/U0/MDM_Core_I1/p_0_out                                                                                                                                                                 | design_1_i/mdm_1/U0/Use_E2.BSCAN_I/AR[0]                                                                                                              |                1 |              4 |
|  design_1_i/clk_wiz_1/inst/clk_out1                         | design_1_i/microblaze_0/U0/MicroBlaze_Core_I/Performance.Core/Decode_I/wb_Halted                                                                                                                        | design_1_i/microblaze_0/U0/MicroBlaze_Core_I/sync_reset                                                                                               |                2 |              5 |
|  design_1_i/clk_wiz_1/inst/clk_out1                         |                                                                                                                                                                                                         | design_1_i/rst_clk_wiz_1_100M/U0/EXT_LPF/lpf_int                                                                                                      |                3 |              5 |
|  design_1_i/clk_wiz_1/inst/clk_out1                         | design_1_i/axi_uart16550_0/U0/XUART_I_1/UART16550_I_1/mcr0                                                                                                                                              | design_1_i/axi_uart16550_0/U0/bus2ip_reset_int_core                                                                                                   |                1 |              5 |
|  design_1_i/mdm_1/U0/No_Dbg_Reg_Access.BUFG_DRCK/Dbg_Clk_31 | design_1_i/mdm_1/U0/Use_E2.BSCAN_I/E[0]                                                                                                                                                                 |                                                                                                                                                       |                2 |              6 |
|  design_1_i/mdm_1/U0/No_Dbg_Reg_Access.BUFG_DRCK/Dbg_Clk_31 | design_1_i/mdm_1/U0/MDM_Core_I1/JTAG_CONTROL_I/Use_BSCAN.FDC_I/Use_Serial_Unified_Completion.sample_1_reg[10][0]                                                                                        |                                                                                                                                                       |                1 |              6 |
|  design_1_i/clk_wiz_1/inst/clk_out1                         | design_1_i/rst_clk_wiz_1_100M/U0/SEQ/seq_cnt_en                                                                                                                                                         | design_1_i/rst_clk_wiz_1_100M/U0/SEQ/SEQ_COUNTER/clear                                                                                                |                1 |              6 |
|  design_1_i/clk_wiz_1/inst/clk_out1                         |                                                                                                                                                                                                         | design_1_i/axi_uart16550_0/U0/XUART_I_1/UART16550_I_1/rx_fifo_rst                                                                                     |                2 |              6 |
|  design_1_i/clk_wiz_1/inst/clk_out1                         |                                                                                                                                                                                                         | design_1_i/axi_uart16550_0/U0/XUART_I_1/UART16550_I_1/tx_fifo_rst                                                                                     |                3 |              6 |
|  design_1_i/mdm_1/U0/No_Dbg_Reg_Access.BUFG_DRCK/Dbg_Clk_31 | design_1_i/mdm_1/U0/Use_E2.BSCAN_I/Use_Serial_Unified_Completion.count_reg[5]_0[0]                                                                                                                      |                                                                                                                                                       |                3 |              6 |
|  design_1_i/clk_wiz_1/inst/clk_out1                         | design_1_i/axi_uart16550_0/U0/XUART_I_1/UART16550_I_1/rx16550_1/clk1x                                                                                                                                   | design_1_i/axi_uart16550_0/U0/XUART_I_1/UART16550_I_1/rx16550_1/parity_error_d0                                                                       |                6 |              7 |
|  design_1_i/mdm_1/U0/Use_E2.BSCAN_I/Ext_JTAG_UPDATE         | design_1_i/mdm_1/U0/MDM_Core_I1/JTAG_CONTROL_I/Use_BSCAN.FDC_I/command_1_reg[7]_0[0]                                                                                                                    |                                                                                                                                                       |                1 |              8 |
| ~design_1_i/mdm_1/U0/Use_E2.BSCAN_I/Ext_JTAG_UPDATE         | design_1_i/mdm_1/U0/MDM_Core_I1/JTAG_CONTROL_I/Use_BSCAN.command[0]_i_1_n_0                                                                                                                             |                                                                                                                                                       |                2 |              8 |
|  design_1_i/mdm_1/U0/No_Dbg_Reg_Access.BUFG_DRCK/Dbg_Clk_31 | design_1_i/mdm_1/U0/MDM_Core_I1/JTAG_CONTROL_I/tdi_shifter0                                                                                                                                             |                                                                                                                                                       |                3 |              8 |
|  design_1_i/mdm_1/U0/No_Dbg_Reg_Access.BUFG_DRCK/Dbg_Clk_31 | design_1_i/microblaze_0/U0/MicroBlaze_Core_I/Performance.Core/Use_Debug_Logic.Master_Core.Debug_Perf/Using_PC_Breakpoints.All_PC_Brks[0].Serial_Interface_1.address_hit_I/Compare[0].SRLC16E_I/which_pc |                                                                                                                                                       |                7 |              8 |
|  design_1_i/clk_wiz_1/inst/clk_out1                         | design_1_i/axi_uart16550_0/U0/XUART_I_1/UART16550_I_1/rx16550_1/clk1x_d                                                                                                                                 | design_1_i/axi_uart16550_0/U0/XUART_I_1/UART16550_I_1/rx16550_1/rx_rst                                                                                |                1 |              8 |
|  design_1_i/clk_wiz_1/inst/clk_out1                         | design_1_i/axi_uart16550_0/U0/XUART_I_1/UART16550_I_1/rx16550_1/rbr_d0                                                                                                                                  | design_1_i/axi_uart16550_0/U0/XUART_I_1/UART16550_I_1/rx16550_1/rx_rst                                                                                |                2 |              8 |
|  design_1_i/clk_wiz_1/inst/clk_out1                         | design_1_i/axi_uart16550_0/U0/XUART_I_1/UART16550_I_1/xuart_tx_load_sm_1/tsr_int[7]_i_1_n_0                                                                                                             | design_1_i/axi_uart16550_0/U0/bus2ip_reset_int_core                                                                                                   |                2 |              8 |
|  design_1_i/clk_wiz_1/inst/clk_out1                         | design_1_i/axi_uart16550_0/U0/XUART_I_1/UART16550_I_1/Thr0                                                                                                                                              | design_1_i/axi_uart16550_0/U0/bus2ip_reset_int_core                                                                                                   |                1 |              8 |
|  design_1_i/clk_wiz_1/inst/clk_out1                         | design_1_i/axi_uart16550_0/U0/XUART_I_1/UART16550_I_1/Lcr0                                                                                                                                              | design_1_i/axi_uart16550_0/U0/bus2ip_reset_int_core                                                                                                   |                2 |              8 |
|  design_1_i/clk_wiz_1/inst/clk_out1                         | design_1_i/axi_uart16550_0/U0/XUART_I_1/UART16550_I_1/dlm0                                                                                                                                              | design_1_i/axi_uart16550_0/U0/bus2ip_reset_int_core                                                                                                   |                2 |              8 |
|  design_1_i/clk_wiz_1/inst/clk_out1                         | design_1_i/axi_uart16550_0/U0/XUART_I_1/UART16550_I_1/dll0                                                                                                                                              | design_1_i/axi_uart16550_0/U0/bus2ip_reset_int_core                                                                                                   |                2 |              8 |
|  design_1_i/clk_wiz_1/inst/clk_out1                         | design_1_i/axi_uart16550_0/U0/XUART_I_1/UART16550_I_1/scr0                                                                                                                                              | design_1_i/axi_uart16550_0/U0/bus2ip_reset_int_core                                                                                                   |                3 |              8 |
|  design_1_i/clk_wiz_1/inst/clk_out1                         | design_1_i/axi_uart16550_0/U0/XUART_I_1/UART16550_I_1/p_229_in                                                                                                                                          | design_1_i/axi_uart16550_0/U0/bus2ip_reset_int_core                                                                                                   |                4 |              8 |
|  design_1_i/clk_wiz_1/inst/clk_out1                         | design_1_i/axi_uart16550_0/U0/AXI_LITE_IPIF_I/I_SLAVE_ATTACHMENT/s_axi_rvalid                                                                                                                           | design_1_i/microblaze_0/U0/MicroBlaze_Core_I/sync_reset                                                                                               |                1 |              8 |
|  design_1_i/clk_wiz_1/inst/clk_out1                         | design_1_i/axi_uart16550_0/U0/XUART_I_1/UART16550_I_1/GENERATING_FIFOS.tx_fifo_block_1/srl_fifo_rbu_f_i1/DYNSHREG_F_I/tx_fifo_wr_en_i                                                                   |                                                                                                                                                       |                2 |              8 |
|  design_1_i/clk_wiz_1/inst/clk_out1                         | design_1_i/axi_uart16550_0/U0/AXI_LITE_IPIF_I/I_SLAVE_ATTACHMENT/s_axi_rdata_i                                                                                                                          | design_1_i/axi_uart16550_0/U0/bus2ip_reset_int_core                                                                                                   |                1 |              8 |
|  design_1_i/mdm_1/U0/No_Dbg_Reg_Access.BUFG_DRCK/Dbg_Clk_31 | design_1_i/mdm_1/U0/MDM_Core_I1/JTAG_CONTROL_I/Use_BSCAN.FDC_I/E[0]                                                                                                                                     |                                                                                                                                                       |                4 |             10 |
|  design_1_i/clk_wiz_1/inst/clk_out1                         | design_1_i/axi_uart16550_0/U0/XUART_I_1/UART16550_I_1/GENERATING_FIFOS.rx_fifo_block_1/rx_fifo_control_1/character_counter0                                                                             | design_1_i/axi_uart16550_0/U0/XUART_I_1/UART16550_I_1/rx16550_1/SR[0]                                                                                 |                4 |             10 |
|  design_1_i/clk_wiz_1/inst/clk_out1                         | design_1_i/axi_uart16550_0/U0/XUART_I_1/UART16550_I_1/rx16550_1/rx_fifo_wr_en_i                                                                                                                         |                                                                                                                                                       |                2 |             11 |
|  design_1_i/clk_wiz_1/inst/clk_out1                         | design_1_i/axi_uart16550_0/U0/XUART_I_1/UART16550_I_1/rx16550_1/rclk_int                                                                                                                                | design_1_i/axi_uart16550_0/U0/XUART_I_1/UART16550_I_1/rx16550_1/rx_rst                                                                                |                2 |             12 |
|  design_1_i/clk_wiz_1/inst/clk_out1                         | design_1_i/axi_uart16550_0/U0/XUART_I_1/UART16550_I_1/tx16550_1/Sout0                                                                                                                                   | design_1_i/axi_uart16550_0/U0/bus2ip_reset_int_core                                                                                                   |                6 |             14 |
|  design_1_i/clk_wiz_1/inst/clk_out1                         | design_1_i/microblaze_0/U0/MicroBlaze_Core_I/Performance.Core/Decode_I/PreFetch_Buffer_I1/OF_Valid_DFF/E[0]                                                                                             | design_1_i/microblaze_0/U0/MicroBlaze_Core_I/sync_reset                                                                                               |                6 |             16 |
|  design_1_i/clk_wiz_1/inst/clk_out1                         |                                                                                                                                                                                                         | design_1_i/axi_uart16550_0/U0/XUART_I_1/UART16550_I_1/rx16550_1/rx_rst                                                                                |                6 |             18 |
|  design_1_i/clk_wiz_1/inst/clk_out1                         | design_1_i/microblaze_0/U0/MicroBlaze_Core_I/Performance.Core/mem_databus_ready_sel_carry_or/MUXCY_I/lopt_4                                                                                             | design_1_i/microblaze_0/U0/MicroBlaze_Core_I/sync_reset                                                                                               |                9 |             20 |
|  design_1_i/mdm_1/U0/No_Dbg_Reg_Access.BUFG_DRCK/Dbg_Clk_31 |                                                                                                                                                                                                         | design_1_i/mdm_1/U0/Use_E2.BSCAN_I/shift_n_reset                                                                                                      |                5 |             23 |
|  design_1_i/mdm_1/U0/No_Dbg_Reg_Access.BUFG_DRCK/Dbg_Clk_31 | design_1_i/microblaze_0/U0/MicroBlaze_Core_I/Performance.Core/Use_Debug_Logic.Master_Core.Debug_Perf/New_Dbg_Instr_TCK                                                                                  |                                                                                                                                                       |               10 |             32 |
|  design_1_i/clk_wiz_1/inst/clk_out1                         |                                                                                                                                                                                                         | design_1_i/microblaze_0/U0/MicroBlaze_Core_I/Performance.Core/p_1_out                                                                                 |               17 |             32 |
|  design_1_i/clk_wiz_1/inst/clk_out1                         | design_1_i/microblaze_0/U0/MicroBlaze_Core_I/Performance.Core/Decode_I/Use_MuxCy[2].OF_Piperun_Stage/MUXCY_I/lopt_1                                                                                     | design_1_i/microblaze_0/U0/MicroBlaze_Core_I/Performance.Core/Decode_I/R                                                                              |               16 |             32 |
|  design_1_i/clk_wiz_1/inst/clk_out1                         | design_1_i/microblaze_0/U0/MicroBlaze_Core_I/Performance.Core/Decode_I/Use_MuxCy[3].OF_Piperun_Stage/MUXCY_I/E[0]                                                                                       | design_1_i/microblaze_0/U0/MicroBlaze_Core_I/sync_reset                                                                                               |                5 |             32 |
|  design_1_i/clk_wiz_1/inst/clk_out1                         | design_1_i/microblaze_0/U0/MicroBlaze_Core_I/Performance.Core/Decode_I/jump_logic_I1/MUXCY_JUMP_CARRY6/if_pc_reg[0][0]                                                                                  | design_1_i/microblaze_0/U0/MicroBlaze_Core_I/sync_reset                                                                                               |               10 |             32 |
|  design_1_i/clk_wiz_1/inst/clk_out1                         | design_1_i/microblaze_0/U0/MicroBlaze_Core_I/Performance.Core/Use_Debug_Logic.Master_Core.Debug_Perf/data_rd_reg[0]_i_1_n_0                                                                             | design_1_i/microblaze_0/U0/MicroBlaze_Core_I/sync_reset                                                                                               |               10 |             32 |
|  design_1_i/clk_wiz_1/inst/clk_out1                         | design_1_i/microblaze_0/U0/MicroBlaze_Core_I/Performance.Core/mem_databus_ready_sel_carry_or/MUXCY_I/lopt_4                                                                                             |                                                                                                                                                       |                5 |             32 |
|  design_1_i/clk_wiz_1/inst/clk_out1                         | design_1_i/microblaze_0/U0/MicroBlaze_Core_I/Performance.Core/mem_databus_ready_sel_carry_or/MUXCY_I/lopt_4                                                                                             | design_1_i/microblaze_0/U0/MicroBlaze_Core_I/Performance.Core/Decode_I/SR[0]                                                                          |               16 |             32 |
|  design_1_i/clk_wiz_1/inst/clk_out1                         | design_1_i/microblaze_0/U0/MicroBlaze_Core_I/Performance.Core/Decode_I/Use_MuxCy[2].OF_Piperun_Stage/MUXCY_I/lopt_1                                                                                     | design_1_i/microblaze_0/U0/MicroBlaze_Core_I/sync_reset                                                                                               |               15 |             35 |
|  design_1_i/clk_wiz_1/inst/clk_out1                         |                                                                                                                                                                                                         | design_1_i/axi_uart16550_0/U0/bus2ip_reset_int_core                                                                                                   |               14 |             45 |
|  design_1_i/mdm_1/U0/No_Dbg_Reg_Access.BUFG_DRCK/Dbg_Clk_31 | design_1_i/mdm_1/U0/Use_E2.BSCAN_I/Dbg_Capture_0                                                                                                                                                        |                                                                                                                                                       |               12 |             47 |
|  design_1_i/clk_wiz_1/inst/clk_out1                         | design_1_i/microblaze_0/U0/MicroBlaze_Core_I/Performance.Core/Use_Debug_Logic.Master_Core.Debug_Perf/IReady_0                                                                                           |                                                                                                                                                       |               10 |             75 |
|  design_1_i/mdm_1/U0/No_Dbg_Reg_Access.BUFG_DRCK/Dbg_Clk_31 |                                                                                                                                                                                                         |                                                                                                                                                       |               35 |             80 |
|  design_1_i/clk_wiz_1/inst/clk_out1                         | design_1_i/microblaze_0/U0/MicroBlaze_Core_I/Performance.Core/Decode_I/mb_halted_1_reg[34]                                                                                                              |                                                                                                                                                       |               16 |            128 |
|  design_1_i/clk_wiz_1/inst/clk_out1                         |                                                                                                                                                                                                         | design_1_i/microblaze_0/U0/MicroBlaze_Core_I/sync_reset                                                                                               |               64 |            148 |
|  design_1_i/clk_wiz_1/inst/clk_out1                         |                                                                                                                                                                                                         |                                                                                                                                                       |               76 |            159 |
|  design_1_i/clk_wiz_1/inst/clk_out1                         | design_1_i/microblaze_0/U0/MicroBlaze_Core_I/Performance.Core/Decode_I/Use_MuxCy[10].OF_Piperun_Stage/MUXCY_I/lopt_1                                                                                    | design_1_i/microblaze_0/U0/MicroBlaze_Core_I/sync_reset                                                                                               |              100 |            218 |
+-------------------------------------------------------------+---------------------------------------------------------------------------------------------------------------------------------------------------------------------------------------------------------+-------------------------------------------------------------------------------------------------------------------------------------------------------+------------------+----------------+


+--------+-----------------------+
| Fanout | Number of ControlSets |
+--------+-----------------------+
| 1      |                     9 |
| 2      |                     2 |
| 3      |                     1 |
| 4      |                    12 |
| 5      |                     3 |
| 6      |                     6 |
| 7      |                     1 |
| 8      |                    16 |
| 10     |                     2 |
| 11     |                     1 |
| 12     |                     1 |
| 14     |                     1 |
| 16+    |                    21 |
+--------+-----------------------+


