20:51:49 INFO  : Registering command handlers for SDK TCF services
20:51:50 INFO  : Launching XSCT server: xsct.bat -interactive C:\Users\labview\gpio_interrupt_f\gpio_interrupt_f.sdk\temp_xsdb_launch_script.tcl
20:51:54 INFO  : XSCT server has started successfully.
20:51:57 INFO  : Successfully done setting XSCT server connection channel  
20:51:57 INFO  : Successfully done setting SDK workspace  
20:51:57 INFO  : Processing command line option -hwspec C:/Users/labview/gpio_interrupt_f/gpio_interrupt_f.sdk/design_1_wrapper.hdf.
21:16:50 INFO  : Connected to target on host '127.0.0.1' and port '3121'.
21:16:52 INFO  : 'targets -set -filter {jtag_cable_name =~ "Digilent Nexys4DDR 210292744993A" && level==0} -index 0' command is executed.
21:16:54 INFO  : FPGA configured successfully with bitstream "C:/Users/labview/gpio_interrupt_f/gpio_interrupt_f.sdk/design_1_wrapper_hw_platform_0/download.bit"
21:17:09 INFO  : 'targets -set -filter {jtag_cable_name =~ "Digilent Nexys4DDR 210292744993A" && level==0} -index 0' command is executed.
21:17:09 INFO  : 'fpga -state' command is executed.
21:17:09 INFO  : Connected to target on host '127.0.0.1' and port '3121'.
21:17:09 INFO  : Jtag cable 'Digilent Nexys4DDR 210292744993A' is selected.
21:17:09 INFO  : 'jtag frequency' command is executed.
21:17:09 INFO  : Context for processor 'microblaze_0' is selected.
21:17:09 INFO  : Processor reset is completed for 'microblaze_0'.
21:17:09 INFO  : Context for processor 'microblaze_0' is selected.
21:17:09 INFO  : The application 'C:/Users/labview/gpio_interrupt_f/gpio_interrupt_f.sdk/top/Debug/top.elf' is downloaded to processor 'microblaze_0'.
21:17:09 INFO  : ----------------XSDB Script----------------
connect -url tcp:127.0.0.1:3121
targets -set -nocase -filter {name =~ "microblaze*#0" && bscan=="USER2"  && jtag_cable_name =~ "Digilent Nexys4DDR 210292744993A"} -index 0
rst -processor
targets -set -nocase -filter {name =~ "microblaze*#0" && bscan=="USER2"  && jtag_cable_name =~ "Digilent Nexys4DDR 210292744993A"} -index 0
dow C:/Users/labview/gpio_interrupt_f/gpio_interrupt_f.sdk/top/Debug/top.elf
----------------End of Script----------------

21:17:10 INFO  : Memory regions updated for context MicroBlaze #0
21:17:10 INFO  : Memory regions updated for context MicroBlaze #0
21:17:10 INFO  : Context for processor 'microblaze_0' is selected.
21:17:10 INFO  : 'con' command is executed.
21:17:10 INFO  : ----------------XSDB Script (After Launch)----------------
targets -set -nocase -filter {name =~ "microblaze*#0" && bscan=="USER2"  && jtag_cable_name =~ "Digilent Nexys4DDR 210292744993A"} -index 0
con
----------------End of Script----------------

21:17:10 INFO  : Launch script is exported to file 'C:\Users\labview\gpio_interrupt_f\gpio_interrupt_f.sdk\.sdk\launch_scripts\xilinx_c-c++_application_(system_debugger)\system_debugger_using_debug_top.elf_on_local.tcl'
21:18:13 INFO  : Disconnected from the channel tcfchan#1.
21:18:14 INFO  : 'targets -set -filter {jtag_cable_name =~ "Digilent Nexys4DDR 210292744993A" && level==0} -index 0' command is executed.
21:18:14 INFO  : 'fpga -state' command is executed.
21:18:14 INFO  : Connected to target on host '127.0.0.1' and port '3121'.
21:18:14 INFO  : Jtag cable 'Digilent Nexys4DDR 210292744993A' is selected.
21:18:14 INFO  : 'jtag frequency' command is executed.
21:18:14 INFO  : Context for processor 'microblaze_0' is selected.
21:18:14 INFO  : Processor reset is completed for 'microblaze_0'.
21:18:14 INFO  : Context for processor 'microblaze_0' is selected.
21:18:14 INFO  : The application 'C:/Users/labview/gpio_interrupt_f/gpio_interrupt_f.sdk/top/Debug/top.elf' is downloaded to processor 'microblaze_0'.
21:18:14 INFO  : ----------------XSDB Script----------------
connect -url tcp:127.0.0.1:3121
targets -set -nocase -filter {name =~ "microblaze*#0" && bscan=="USER2"  && jtag_cable_name =~ "Digilent Nexys4DDR 210292744993A"} -index 0
rst -processor
targets -set -nocase -filter {name =~ "microblaze*#0" && bscan=="USER2"  && jtag_cable_name =~ "Digilent Nexys4DDR 210292744993A"} -index 0
dow C:/Users/labview/gpio_interrupt_f/gpio_interrupt_f.sdk/top/Debug/top.elf
----------------End of Script----------------

21:18:14 INFO  : Memory regions updated for context MicroBlaze #0
21:18:14 INFO  : Memory regions updated for context MicroBlaze #0
21:18:14 INFO  : Context for processor 'microblaze_0' is selected.
21:18:14 INFO  : 'con' command is executed.
21:18:14 INFO  : ----------------XSDB Script (After Launch)----------------
targets -set -nocase -filter {name =~ "microblaze*#0" && bscan=="USER2"  && jtag_cable_name =~ "Digilent Nexys4DDR 210292744993A"} -index 0
con
----------------End of Script----------------

21:18:14 INFO  : Launch script is exported to file 'C:\Users\labview\gpio_interrupt_f\gpio_interrupt_f.sdk\.sdk\launch_scripts\xilinx_c-c++_application_(system_debugger)\system_debugger_using_debug_top.elf_on_local.tcl'
21:20:05 INFO  : Disconnected from the channel tcfchan#2.
21:20:06 INFO  : 'targets -set -filter {jtag_cable_name =~ "Digilent Nexys4DDR 210292744993A" && level==0} -index 0' command is executed.
21:20:06 INFO  : 'fpga -state' command is executed.
21:20:06 INFO  : Connected to target on host '127.0.0.1' and port '3121'.
21:20:06 INFO  : Jtag cable 'Digilent Nexys4DDR 210292744993A' is selected.
21:20:06 INFO  : 'jtag frequency' command is executed.
21:20:06 INFO  : Context for processor 'microblaze_0' is selected.
21:20:06 INFO  : Processor reset is completed for 'microblaze_0'.
21:20:06 INFO  : Context for processor 'microblaze_0' is selected.
21:20:06 INFO  : The application 'C:/Users/labview/gpio_interrupt_f/gpio_interrupt_f.sdk/top/Debug/top.elf' is downloaded to processor 'microblaze_0'.
21:20:06 INFO  : ----------------XSDB Script----------------
connect -url tcp:127.0.0.1:3121
targets -set -nocase -filter {name =~ "microblaze*#0" && bscan=="USER2"  && jtag_cable_name =~ "Digilent Nexys4DDR 210292744993A"} -index 0
rst -processor
targets -set -nocase -filter {name =~ "microblaze*#0" && bscan=="USER2"  && jtag_cable_name =~ "Digilent Nexys4DDR 210292744993A"} -index 0
dow C:/Users/labview/gpio_interrupt_f/gpio_interrupt_f.sdk/top/Debug/top.elf
----------------End of Script----------------

21:20:06 INFO  : Memory regions updated for context MicroBlaze #0
21:20:06 INFO  : Memory regions updated for context MicroBlaze #0
21:20:06 INFO  : Context for processor 'microblaze_0' is selected.
21:20:06 INFO  : 'con' command is executed.
21:20:06 INFO  : ----------------XSDB Script (After Launch)----------------
targets -set -nocase -filter {name =~ "microblaze*#0" && bscan=="USER2"  && jtag_cable_name =~ "Digilent Nexys4DDR 210292744993A"} -index 0
con
----------------End of Script----------------

21:20:06 INFO  : Launch script is exported to file 'C:\Users\labview\gpio_interrupt_f\gpio_interrupt_f.sdk\.sdk\launch_scripts\xilinx_c-c++_application_(system_debugger)\system_debugger_using_debug_top.elf_on_local.tcl'
21:45:11 INFO  : Disconnected from the channel tcfchan#3.
21:45:12 INFO  : 'targets -set -filter {jtag_cable_name =~ "Digilent Nexys4DDR 210292744993A" && level==0} -index 0' command is executed.
21:45:12 INFO  : 'fpga -state' command is executed.
21:45:12 INFO  : Connected to target on host '127.0.0.1' and port '3121'.
21:45:12 INFO  : Jtag cable 'Digilent Nexys4DDR 210292744993A' is selected.
21:45:12 INFO  : 'jtag frequency' command is executed.
21:45:12 INFO  : Context for processor 'microblaze_0' is selected.
21:45:12 INFO  : Processor reset is completed for 'microblaze_0'.
21:45:12 INFO  : Context for processor 'microblaze_0' is selected.
21:45:12 INFO  : The application 'C:/Users/labview/gpio_interrupt_f/gpio_interrupt_f.sdk/top/Debug/top.elf' is downloaded to processor 'microblaze_0'.
21:45:12 INFO  : ----------------XSDB Script----------------
connect -url tcp:127.0.0.1:3121
targets -set -nocase -filter {name =~ "microblaze*#0" && bscan=="USER2"  && jtag_cable_name =~ "Digilent Nexys4DDR 210292744993A"} -index 0
rst -processor
targets -set -nocase -filter {name =~ "microblaze*#0" && bscan=="USER2"  && jtag_cable_name =~ "Digilent Nexys4DDR 210292744993A"} -index 0
dow C:/Users/labview/gpio_interrupt_f/gpio_interrupt_f.sdk/top/Debug/top.elf
----------------End of Script----------------

21:45:12 INFO  : Memory regions updated for context MicroBlaze #0
21:45:12 INFO  : Memory regions updated for context MicroBlaze #0
21:45:12 INFO  : Context for processor 'microblaze_0' is selected.
21:45:12 INFO  : 'con' command is executed.
21:45:12 INFO  : ----------------XSDB Script (After Launch)----------------
targets -set -nocase -filter {name =~ "microblaze*#0" && bscan=="USER2"  && jtag_cable_name =~ "Digilent Nexys4DDR 210292744993A"} -index 0
con
----------------End of Script----------------

21:45:12 INFO  : Launch script is exported to file 'C:\Users\labview\gpio_interrupt_f\gpio_interrupt_f.sdk\.sdk\launch_scripts\xilinx_c-c++_application_(system_debugger)\system_debugger_using_debug_top.elf_on_local.tcl'
21:50:39 INFO  : Disconnected from the channel tcfchan#4.
21:50:40 INFO  : 'targets -set -filter {jtag_cable_name =~ "Digilent Nexys4DDR 210292744993A" && level==0} -index 0' command is executed.
21:50:40 INFO  : 'fpga -state' command is executed.
21:50:40 INFO  : Connected to target on host '127.0.0.1' and port '3121'.
21:50:40 INFO  : Jtag cable 'Digilent Nexys4DDR 210292744993A' is selected.
21:50:40 INFO  : 'jtag frequency' command is executed.
21:50:40 INFO  : Context for processor 'microblaze_0' is selected.
21:50:40 INFO  : Processor reset is completed for 'microblaze_0'.
21:50:40 INFO  : Context for processor 'microblaze_0' is selected.
21:50:40 INFO  : The application 'C:/Users/labview/gpio_interrupt_f/gpio_interrupt_f.sdk/top/Debug/top.elf' is downloaded to processor 'microblaze_0'.
21:50:40 INFO  : ----------------XSDB Script----------------
connect -url tcp:127.0.0.1:3121
targets -set -nocase -filter {name =~ "microblaze*#0" && bscan=="USER2"  && jtag_cable_name =~ "Digilent Nexys4DDR 210292744993A"} -index 0
rst -processor
targets -set -nocase -filter {name =~ "microblaze*#0" && bscan=="USER2"  && jtag_cable_name =~ "Digilent Nexys4DDR 210292744993A"} -index 0
dow C:/Users/labview/gpio_interrupt_f/gpio_interrupt_f.sdk/top/Debug/top.elf
----------------End of Script----------------

21:50:40 INFO  : Memory regions updated for context MicroBlaze #0
21:50:40 INFO  : Memory regions updated for context MicroBlaze #0
21:50:40 INFO  : Context for processor 'microblaze_0' is selected.
21:50:40 INFO  : 'con' command is executed.
21:50:40 INFO  : ----------------XSDB Script (After Launch)----------------
targets -set -nocase -filter {name =~ "microblaze*#0" && bscan=="USER2"  && jtag_cable_name =~ "Digilent Nexys4DDR 210292744993A"} -index 0
con
----------------End of Script----------------

21:50:40 INFO  : Launch script is exported to file 'C:\Users\labview\gpio_interrupt_f\gpio_interrupt_f.sdk\.sdk\launch_scripts\xilinx_c-c++_application_(system_debugger)\system_debugger_using_debug_top.elf_on_local.tcl'
21:51:05 INFO  : Disconnected from the channel tcfchan#5.
21:51:06 INFO  : 'targets -set -filter {jtag_cable_name =~ "Digilent Nexys4DDR 210292744993A" && level==0} -index 0' command is executed.
21:51:06 INFO  : 'fpga -state' command is executed.
21:51:06 INFO  : Connected to target on host '127.0.0.1' and port '3121'.
21:51:06 INFO  : Jtag cable 'Digilent Nexys4DDR 210292744993A' is selected.
21:51:06 INFO  : 'jtag frequency' command is executed.
21:51:06 INFO  : Context for processor 'microblaze_0' is selected.
21:51:06 INFO  : Processor reset is completed for 'microblaze_0'.
21:51:07 INFO  : Context for processor 'microblaze_0' is selected.
21:51:07 INFO  : The application 'C:/Users/labview/gpio_interrupt_f/gpio_interrupt_f.sdk/top/Debug/top.elf' is downloaded to processor 'microblaze_0'.
21:51:07 INFO  : ----------------XSDB Script----------------
connect -url tcp:127.0.0.1:3121
targets -set -nocase -filter {name =~ "microblaze*#0" && bscan=="USER2"  && jtag_cable_name =~ "Digilent Nexys4DDR 210292744993A"} -index 0
rst -processor
targets -set -nocase -filter {name =~ "microblaze*#0" && bscan=="USER2"  && jtag_cable_name =~ "Digilent Nexys4DDR 210292744993A"} -index 0
dow C:/Users/labview/gpio_interrupt_f/gpio_interrupt_f.sdk/top/Debug/top.elf
----------------End of Script----------------

21:51:07 INFO  : Memory regions updated for context MicroBlaze #0
21:51:07 INFO  : Memory regions updated for context MicroBlaze #0
21:51:07 INFO  : Context for processor 'microblaze_0' is selected.
21:51:07 INFO  : 'con' command is executed.
21:51:07 INFO  : ----------------XSDB Script (After Launch)----------------
targets -set -nocase -filter {name =~ "microblaze*#0" && bscan=="USER2"  && jtag_cable_name =~ "Digilent Nexys4DDR 210292744993A"} -index 0
con
----------------End of Script----------------

21:51:07 INFO  : Launch script is exported to file 'C:\Users\labview\gpio_interrupt_f\gpio_interrupt_f.sdk\.sdk\launch_scripts\xilinx_c-c++_application_(system_debugger)\system_debugger_using_debug_top.elf_on_local.tcl'
21:51:44 INFO  : Disconnected from the channel tcfchan#6.
21:51:45 INFO  : 'targets -set -filter {jtag_cable_name =~ "Digilent Nexys4DDR 210292744993A" && level==0} -index 0' command is executed.
21:51:45 INFO  : 'fpga -state' command is executed.
21:51:45 INFO  : Connected to target on host '127.0.0.1' and port '3121'.
21:51:45 INFO  : Jtag cable 'Digilent Nexys4DDR 210292744993A' is selected.
21:51:45 INFO  : 'jtag frequency' command is executed.
21:51:45 INFO  : Context for processor 'microblaze_0' is selected.
21:51:45 INFO  : Processor reset is completed for 'microblaze_0'.
21:51:45 INFO  : Context for processor 'microblaze_0' is selected.
21:51:45 INFO  : The application 'C:/Users/labview/gpio_interrupt_f/gpio_interrupt_f.sdk/top/Debug/top.elf' is downloaded to processor 'microblaze_0'.
21:51:45 INFO  : ----------------XSDB Script----------------
connect -url tcp:127.0.0.1:3121
targets -set -nocase -filter {name =~ "microblaze*#0" && bscan=="USER2"  && jtag_cable_name =~ "Digilent Nexys4DDR 210292744993A"} -index 0
rst -processor
targets -set -nocase -filter {name =~ "microblaze*#0" && bscan=="USER2"  && jtag_cable_name =~ "Digilent Nexys4DDR 210292744993A"} -index 0
dow C:/Users/labview/gpio_interrupt_f/gpio_interrupt_f.sdk/top/Debug/top.elf
----------------End of Script----------------

21:51:45 INFO  : Memory regions updated for context MicroBlaze #0
21:51:45 INFO  : Memory regions updated for context MicroBlaze #0
21:51:45 INFO  : Context for processor 'microblaze_0' is selected.
21:51:45 INFO  : 'con' command is executed.
21:51:45 INFO  : ----------------XSDB Script (After Launch)----------------
targets -set -nocase -filter {name =~ "microblaze*#0" && bscan=="USER2"  && jtag_cable_name =~ "Digilent Nexys4DDR 210292744993A"} -index 0
con
----------------End of Script----------------

21:51:45 INFO  : Launch script is exported to file 'C:\Users\labview\gpio_interrupt_f\gpio_interrupt_f.sdk\.sdk\launch_scripts\xilinx_c-c++_application_(system_debugger)\system_debugger_using_debug_top.elf_on_local.tcl'
21:52:21 INFO  : Disconnected from the channel tcfchan#7.
21:52:22 INFO  : 'targets -set -filter {jtag_cable_name =~ "Digilent Nexys4DDR 210292744993A" && level==0} -index 0' command is executed.
21:52:22 INFO  : 'fpga -state' command is executed.
21:52:22 INFO  : Connected to target on host '127.0.0.1' and port '3121'.
21:52:22 INFO  : Jtag cable 'Digilent Nexys4DDR 210292744993A' is selected.
21:52:22 INFO  : 'jtag frequency' command is executed.
21:52:22 INFO  : Context for processor 'microblaze_0' is selected.
21:52:23 INFO  : Processor reset is completed for 'microblaze_0'.
21:52:23 INFO  : Context for processor 'microblaze_0' is selected.
21:52:23 INFO  : The application 'C:/Users/labview/gpio_interrupt_f/gpio_interrupt_f.sdk/top/Debug/top.elf' is downloaded to processor 'microblaze_0'.
21:52:23 INFO  : ----------------XSDB Script----------------
connect -url tcp:127.0.0.1:3121
targets -set -nocase -filter {name =~ "microblaze*#0" && bscan=="USER2"  && jtag_cable_name =~ "Digilent Nexys4DDR 210292744993A"} -index 0
rst -processor
targets -set -nocase -filter {name =~ "microblaze*#0" && bscan=="USER2"  && jtag_cable_name =~ "Digilent Nexys4DDR 210292744993A"} -index 0
dow C:/Users/labview/gpio_interrupt_f/gpio_interrupt_f.sdk/top/Debug/top.elf
----------------End of Script----------------

21:52:23 INFO  : Memory regions updated for context MicroBlaze #0
21:52:23 INFO  : Memory regions updated for context MicroBlaze #0
21:52:23 INFO  : Context for processor 'microblaze_0' is selected.
21:52:23 INFO  : 'con' command is executed.
21:52:23 INFO  : ----------------XSDB Script (After Launch)----------------
targets -set -nocase -filter {name =~ "microblaze*#0" && bscan=="USER2"  && jtag_cable_name =~ "Digilent Nexys4DDR 210292744993A"} -index 0
con
----------------End of Script----------------

21:52:23 INFO  : Launch script is exported to file 'C:\Users\labview\gpio_interrupt_f\gpio_interrupt_f.sdk\.sdk\launch_scripts\xilinx_c-c++_application_(system_debugger)\system_debugger_using_debug_top.elf_on_local.tcl'
21:53:34 INFO  : Disconnected from the channel tcfchan#8.
