#-----------------------------------------------------------
# Vivado v2017.4 (64-bit)
# SW Build 2086221 on Fri Dec 15 20:55:39 MST 2017
# IP Build 2085800 on Fri Dec 15 22:25:07 MST 2017
# Start of session at: Wed Jan  6 01:35:18 2021
# Process ID: 7332
# Current directory: D:/Microblaze COde/Micorblaze_Course/Timer/AXI_Timer_autoreload
# Command line: vivado.exe -gui_launcher_event rodinguilauncherevent3364 D:\Microblaze COde\Micorblaze_Course\Timer\AXI_Timer_autoreload\AXI_Timer_autoreload.xpr
# Log file: D:/Microblaze COde/Micorblaze_Course/Timer/AXI_Timer_autoreload/vivado.log
# Journal file: D:/Microblaze COde/Micorblaze_Course/Timer/AXI_Timer_autoreload\vivado.jou
#-----------------------------------------------------------
start_gui
open_project {D:/Microblaze COde/Micorblaze_Course/Timer/AXI_Timer_autoreload/AXI_Timer_autoreload.xpr}
Scanning sources...
Finished scanning sources
INFO: [IP_Flow 19-234] Refreshing IP repositories
INFO: [IP_Flow 19-1704] No user IP repositories specified
INFO: [IP_Flow 19-2313] Loaded Vivado IP repository 'C:/Xilinx/Vivado/2017.4/data/ip'.
open_project: Time (s): cpu = 00:00:15 ; elapsed = 00:00:14 . Memory (MB): peak = 892.484 ; gain = 187.035
update_compile_order -fileset sources_1
reset_run synth_1
WARNING: [Vivado 12-1017] Problems encountered:
1. Failed to delete one or more files in run directory D:/Microblaze COde/Micorblaze_Course/Timer/AXI_Timer_autoreload/AXI_Timer_autoreload.runs/synth_1

open_bd_design {D:/Microblaze COde/Micorblaze_Course/Timer/AXI_Timer_autoreload/AXI_Timer_autoreload.srcs/sources_1/bd/design_1/design_1.bd}
Adding cell -- xilinx.com:ip:microblaze:10.0 - microblaze_0
Adding cell -- xilinx.com:ip:mdm:3.2 - mdm_1
Adding cell -- xilinx.com:ip:clk_wiz:5.4 - clk_wiz_1
Adding cell -- xilinx.com:ip:proc_sys_reset:5.0 - rst_clk_wiz_1_100M
Adding cell -- xilinx.com:ip:axi_uartlite:2.0 - axi_uartlite_0
Adding cell -- xilinx.com:ip:axi_timer:2.0 - axi_timer_0
Adding cell -- xilinx.com:ip:axi_crossbar:2.1 - xbar
Adding cell -- xilinx.com:ip:lmb_v10:3.0 - dlmb_v10
Adding cell -- xilinx.com:ip:lmb_v10:3.0 - ilmb_v10
Adding cell -- xilinx.com:ip:lmb_bram_if_cntlr:4.0 - dlmb_bram_if_cntlr
Adding cell -- xilinx.com:ip:lmb_bram_if_cntlr:4.0 - ilmb_bram_if_cntlr
Adding cell -- xilinx.com:ip:blk_mem_gen:8.4 - lmb_bram
Successfully read diagram <design_1> from BD file <D:/Microblaze COde/Micorblaze_Course/Timer/AXI_Timer_autoreload/AXI_Timer_autoreload.srcs/sources_1/bd/design_1/design_1.bd>
open_bd_design: Time (s): cpu = 00:00:09 ; elapsed = 00:00:09 . Memory (MB): peak = 975.895 ; gain = 78.297
launch_runs impl_1 -to_step write_bitstream -jobs 4
[Wed Jan  6 01:36:32 2021] Launched synth_1...
Run output will be captured here: D:/Microblaze COde/Micorblaze_Course/Timer/AXI_Timer_autoreload/AXI_Timer_autoreload.runs/synth_1/runme.log
[Wed Jan  6 01:36:32 2021] Launched impl_1...
Run output will be captured here: D:/Microblaze COde/Micorblaze_Course/Timer/AXI_Timer_autoreload/AXI_Timer_autoreload.runs/impl_1/runme.log
launch_runs: Time (s): cpu = 00:00:15 ; elapsed = 00:00:11 . Memory (MB): peak = 1008.910 ; gain = 32.855
file copy -force {D:/Microblaze COde/Micorblaze_Course/Timer/AXI_Timer_autoreload/AXI_Timer_autoreload.runs/impl_1/design_1_wrapper.sysdef} {D:/Microblaze COde/Micorblaze_Course/Timer/AXI_Timer_autoreload/AXI_Timer_autoreload.sdk/design_1_wrapper.hdf}

launch_sdk -workspace {D:/Microblaze COde/Micorblaze_Course/Timer/AXI_Timer_autoreload/AXI_Timer_autoreload.sdk} -hwspec {D:/Microblaze COde/Micorblaze_Course/Timer/AXI_Timer_autoreload/AXI_Timer_autoreload.sdk/design_1_wrapper.hdf}
INFO: [Vivado 12-393] Launching SDK...
INFO: [Vivado 12-417] Running xsdk -workspace D:/Microblaze COde/Micorblaze_Course/Timer/AXI_Timer_autoreload/AXI_Timer_autoreload.sdk -hwspec D:/Microblaze COde/Micorblaze_Course/Timer/AXI_Timer_autoreload/AXI_Timer_autoreload.sdk/design_1_wrapper.hdf
INFO: [Vivado 12-3157] SDK launch initiated. Please check console for any further messages.
exit
INFO: [Common 17-206] Exiting Vivado at Wed Jan  6 01:40:35 2021...
