00:03:49 INFO  : Registering command handlers for SDK TCF services
00:03:50 INFO  : Launching XSCT server: xsct.bat -interactive C:\Users\labview\project_128\project_128.sdk\temp_xsdb_launch_script.tcl
00:03:54 INFO  : XSCT server has started successfully.
00:03:57 INFO  : Successfully done setting XSCT server connection channel  
00:03:57 INFO  : Successfully done setting SDK workspace  
00:03:57 INFO  : Processing command line option -hwspec C:/Users/labview/project_128/project_128.sdk/design_1_wrapper.hdf.
00:11:35 INFO  : Connected to target on host '127.0.0.1' and port '3121'.
00:11:37 INFO  : 'targets -set -filter {jtag_cable_name =~ "Digilent Nexys4DDR 210292744993A" && level==0} -index 0' command is executed.
00:11:39 INFO  : FPGA configured successfully with bitstream "C:/Users/labview/project_128/project_128.sdk/design_1_wrapper_hw_platform_0/download.bit"
00:15:00 INFO  : 'targets -set -filter {jtag_cable_name =~ "Digilent Nexys4DDR 210292744993A" && level==0} -index 0' command is executed.
00:15:00 INFO  : 'fpga -state' command is executed.
00:15:00 INFO  : Connected to target on host '127.0.0.1' and port '3121'.
00:15:01 INFO  : Jtag cable 'Digilent Nexys4DDR 210292744993A' is selected.
00:15:01 INFO  : 'jtag frequency' command is executed.
00:15:01 INFO  : Context for processor 'microblaze_0' is selected.
00:15:01 INFO  : Processor reset is completed for 'microblaze_0'.
00:15:01 INFO  : Context for processor 'microblaze_0' is selected.
00:15:01 INFO  : The application 'C:/Users/labview/project_128/project_128.sdk/top/Debug/top.elf' is downloaded to processor 'microblaze_0'.
00:15:01 INFO  : ----------------XSDB Script----------------
connect -url tcp:127.0.0.1:3121
targets -set -nocase -filter {name =~ "microblaze*#0" && bscan=="USER2"  && jtag_cable_name =~ "Digilent Nexys4DDR 210292744993A"} -index 0
rst -processor
targets -set -nocase -filter {name =~ "microblaze*#0" && bscan=="USER2"  && jtag_cable_name =~ "Digilent Nexys4DDR 210292744993A"} -index 0
dow C:/Users/labview/project_128/project_128.sdk/top/Debug/top.elf
----------------End of Script----------------

00:15:01 INFO  : Memory regions updated for context MicroBlaze #0
00:15:01 INFO  : Memory regions updated for context MicroBlaze #0
00:15:01 INFO  : Context for processor 'microblaze_0' is selected.
00:15:01 INFO  : 'con' command is executed.
00:15:01 INFO  : ----------------XSDB Script (After Launch)----------------
targets -set -nocase -filter {name =~ "microblaze*#0" && bscan=="USER2"  && jtag_cable_name =~ "Digilent Nexys4DDR 210292744993A"} -index 0
con
----------------End of Script----------------

00:15:01 INFO  : Launch script is exported to file 'C:\Users\labview\project_128\project_128.sdk\.sdk\launch_scripts\xilinx_c-c++_application_(system_debugger)\system_debugger_using_debug_top.elf_on_local.tcl'
00:15:29 INFO  : Disconnected from the channel tcfchan#1.
00:15:30 INFO  : 'targets -set -filter {jtag_cable_name =~ "Digilent Nexys4DDR 210292744993A" && level==0} -index 0' command is executed.
00:15:30 INFO  : 'fpga -state' command is executed.
00:15:30 INFO  : Connected to target on host '127.0.0.1' and port '3121'.
00:15:30 INFO  : Jtag cable 'Digilent Nexys4DDR 210292744993A' is selected.
00:15:30 INFO  : 'jtag frequency' command is executed.
00:15:30 INFO  : Context for processor 'microblaze_0' is selected.
00:15:30 INFO  : Processor reset is completed for 'microblaze_0'.
00:15:30 INFO  : Context for processor 'microblaze_0' is selected.
00:15:30 INFO  : The application 'C:/Users/labview/project_128/project_128.sdk/top/Debug/top.elf' is downloaded to processor 'microblaze_0'.
00:15:30 INFO  : ----------------XSDB Script----------------
connect -url tcp:127.0.0.1:3121
targets -set -nocase -filter {name =~ "microblaze*#0" && bscan=="USER2"  && jtag_cable_name =~ "Digilent Nexys4DDR 210292744993A"} -index 0
rst -processor
targets -set -nocase -filter {name =~ "microblaze*#0" && bscan=="USER2"  && jtag_cable_name =~ "Digilent Nexys4DDR 210292744993A"} -index 0
dow C:/Users/labview/project_128/project_128.sdk/top/Debug/top.elf
----------------End of Script----------------

00:15:30 INFO  : Memory regions updated for context MicroBlaze #0
00:15:30 INFO  : Memory regions updated for context MicroBlaze #0
00:15:30 INFO  : Context for processor 'microblaze_0' is selected.
00:15:30 INFO  : 'con' command is executed.
00:15:30 INFO  : ----------------XSDB Script (After Launch)----------------
targets -set -nocase -filter {name =~ "microblaze*#0" && bscan=="USER2"  && jtag_cable_name =~ "Digilent Nexys4DDR 210292744993A"} -index 0
con
----------------End of Script----------------

00:15:30 INFO  : Launch script is exported to file 'C:\Users\labview\project_128\project_128.sdk\.sdk\launch_scripts\xilinx_c-c++_application_(system_debugger)\system_debugger_using_debug_top.elf_on_local.tcl'
00:15:45 INFO  : Disconnected from the channel tcfchan#2.
00:15:46 INFO  : 'targets -set -filter {jtag_cable_name =~ "Digilent Nexys4DDR 210292744993A" && level==0} -index 0' command is executed.
00:15:46 INFO  : 'fpga -state' command is executed.
00:15:46 INFO  : Connected to target on host '127.0.0.1' and port '3121'.
00:15:47 INFO  : Jtag cable 'Digilent Nexys4DDR 210292744993A' is selected.
00:15:47 INFO  : 'jtag frequency' command is executed.
00:15:47 INFO  : Context for processor 'microblaze_0' is selected.
00:15:47 INFO  : Processor reset is completed for 'microblaze_0'.
00:15:47 INFO  : Context for processor 'microblaze_0' is selected.
00:15:47 INFO  : The application 'C:/Users/labview/project_128/project_128.sdk/top/Debug/top.elf' is downloaded to processor 'microblaze_0'.
00:15:47 INFO  : ----------------XSDB Script----------------
connect -url tcp:127.0.0.1:3121
targets -set -nocase -filter {name =~ "microblaze*#0" && bscan=="USER2"  && jtag_cable_name =~ "Digilent Nexys4DDR 210292744993A"} -index 0
rst -processor
targets -set -nocase -filter {name =~ "microblaze*#0" && bscan=="USER2"  && jtag_cable_name =~ "Digilent Nexys4DDR 210292744993A"} -index 0
dow C:/Users/labview/project_128/project_128.sdk/top/Debug/top.elf
----------------End of Script----------------

00:15:47 INFO  : Memory regions updated for context MicroBlaze #0
00:15:47 INFO  : Memory regions updated for context MicroBlaze #0
00:15:47 INFO  : Context for processor 'microblaze_0' is selected.
00:15:47 INFO  : 'con' command is executed.
00:15:47 INFO  : ----------------XSDB Script (After Launch)----------------
targets -set -nocase -filter {name =~ "microblaze*#0" && bscan=="USER2"  && jtag_cable_name =~ "Digilent Nexys4DDR 210292744993A"} -index 0
con
----------------End of Script----------------

00:15:47 INFO  : Launch script is exported to file 'C:\Users\labview\project_128\project_128.sdk\.sdk\launch_scripts\xilinx_c-c++_application_(system_debugger)\system_debugger_using_debug_top.elf_on_local.tcl'
00:21:38 INFO  : Disconnected from the channel tcfchan#3.
00:21:39 INFO  : 'targets -set -filter {jtag_cable_name =~ "Digilent Nexys4DDR 210292744993A" && level==0} -index 0' command is executed.
00:21:39 INFO  : 'fpga -state' command is executed.
00:21:39 INFO  : Connected to target on host '127.0.0.1' and port '3121'.
00:21:39 INFO  : Jtag cable 'Digilent Nexys4DDR 210292744993A' is selected.
00:21:39 INFO  : 'jtag frequency' command is executed.
00:21:39 INFO  : Context for processor 'microblaze_0' is selected.
00:21:39 INFO  : Processor reset is completed for 'microblaze_0'.
00:21:39 INFO  : Context for processor 'microblaze_0' is selected.
00:21:39 INFO  : The application 'C:/Users/labview/project_128/project_128.sdk/top/Debug/top.elf' is downloaded to processor 'microblaze_0'.
00:21:39 INFO  : ----------------XSDB Script----------------
connect -url tcp:127.0.0.1:3121
targets -set -nocase -filter {name =~ "microblaze*#0" && bscan=="USER2"  && jtag_cable_name =~ "Digilent Nexys4DDR 210292744993A"} -index 0
rst -processor
targets -set -nocase -filter {name =~ "microblaze*#0" && bscan=="USER2"  && jtag_cable_name =~ "Digilent Nexys4DDR 210292744993A"} -index 0
dow C:/Users/labview/project_128/project_128.sdk/top/Debug/top.elf
----------------End of Script----------------

00:21:39 INFO  : Memory regions updated for context MicroBlaze #0
00:21:39 INFO  : Memory regions updated for context MicroBlaze #0
00:21:39 INFO  : Context for processor 'microblaze_0' is selected.
00:21:39 INFO  : 'con' command is executed.
00:21:39 INFO  : ----------------XSDB Script (After Launch)----------------
targets -set -nocase -filter {name =~ "microblaze*#0" && bscan=="USER2"  && jtag_cable_name =~ "Digilent Nexys4DDR 210292744993A"} -index 0
con
----------------End of Script----------------

00:21:39 INFO  : Launch script is exported to file 'C:\Users\labview\project_128\project_128.sdk\.sdk\launch_scripts\xilinx_c-c++_application_(system_debugger)\system_debugger_using_debug_top.elf_on_local.tcl'
00:22:56 INFO  : Disconnected from the channel tcfchan#4.
00:22:57 INFO  : 'targets -set -filter {jtag_cable_name =~ "Digilent Nexys4DDR 210292744993A" && level==0} -index 0' command is executed.
00:22:57 INFO  : 'fpga -state' command is executed.
00:22:57 INFO  : Connected to target on host '127.0.0.1' and port '3121'.
00:22:57 INFO  : Jtag cable 'Digilent Nexys4DDR 210292744993A' is selected.
00:22:57 INFO  : 'jtag frequency' command is executed.
00:22:57 INFO  : Context for processor 'microblaze_0' is selected.
00:22:57 INFO  : Processor reset is completed for 'microblaze_0'.
00:22:57 INFO  : Context for processor 'microblaze_0' is selected.
00:22:58 INFO  : The application 'C:/Users/labview/project_128/project_128.sdk/top/Debug/top.elf' is downloaded to processor 'microblaze_0'.
00:22:58 INFO  : ----------------XSDB Script----------------
connect -url tcp:127.0.0.1:3121
targets -set -nocase -filter {name =~ "microblaze*#0" && bscan=="USER2"  && jtag_cable_name =~ "Digilent Nexys4DDR 210292744993A"} -index 0
rst -processor
targets -set -nocase -filter {name =~ "microblaze*#0" && bscan=="USER2"  && jtag_cable_name =~ "Digilent Nexys4DDR 210292744993A"} -index 0
dow C:/Users/labview/project_128/project_128.sdk/top/Debug/top.elf
----------------End of Script----------------

00:22:58 INFO  : Memory regions updated for context MicroBlaze #0
00:22:58 INFO  : Memory regions updated for context MicroBlaze #0
00:22:58 INFO  : Context for processor 'microblaze_0' is selected.
00:22:58 INFO  : 'con' command is executed.
00:22:58 INFO  : ----------------XSDB Script (After Launch)----------------
targets -set -nocase -filter {name =~ "microblaze*#0" && bscan=="USER2"  && jtag_cable_name =~ "Digilent Nexys4DDR 210292744993A"} -index 0
con
----------------End of Script----------------

00:22:58 INFO  : Launch script is exported to file 'C:\Users\labview\project_128\project_128.sdk\.sdk\launch_scripts\xilinx_c-c++_application_(system_debugger)\system_debugger_using_debug_top.elf_on_local.tcl'
00:23:11 INFO  : Disconnected from the channel tcfchan#5.
00:23:12 INFO  : 'targets -set -filter {jtag_cable_name =~ "Digilent Nexys4DDR 210292744993A" && level==0} -index 0' command is executed.
00:23:12 INFO  : 'fpga -state' command is executed.
00:23:12 INFO  : Connected to target on host '127.0.0.1' and port '3121'.
00:23:12 INFO  : Jtag cable 'Digilent Nexys4DDR 210292744993A' is selected.
00:23:12 INFO  : 'jtag frequency' command is executed.
00:23:12 INFO  : Context for processor 'microblaze_0' is selected.
00:23:12 INFO  : Processor reset is completed for 'microblaze_0'.
00:23:12 INFO  : Context for processor 'microblaze_0' is selected.
00:23:12 INFO  : The application 'C:/Users/labview/project_128/project_128.sdk/top/Debug/top.elf' is downloaded to processor 'microblaze_0'.
00:23:12 INFO  : ----------------XSDB Script----------------
connect -url tcp:127.0.0.1:3121
targets -set -nocase -filter {name =~ "microblaze*#0" && bscan=="USER2"  && jtag_cable_name =~ "Digilent Nexys4DDR 210292744993A"} -index 0
rst -processor
targets -set -nocase -filter {name =~ "microblaze*#0" && bscan=="USER2"  && jtag_cable_name =~ "Digilent Nexys4DDR 210292744993A"} -index 0
dow C:/Users/labview/project_128/project_128.sdk/top/Debug/top.elf
----------------End of Script----------------

00:23:12 INFO  : Memory regions updated for context MicroBlaze #0
00:23:12 INFO  : Memory regions updated for context MicroBlaze #0
00:23:12 INFO  : Context for processor 'microblaze_0' is selected.
00:23:12 INFO  : 'con' command is executed.
00:23:12 INFO  : ----------------XSDB Script (After Launch)----------------
targets -set -nocase -filter {name =~ "microblaze*#0" && bscan=="USER2"  && jtag_cable_name =~ "Digilent Nexys4DDR 210292744993A"} -index 0
con
----------------End of Script----------------

00:23:12 INFO  : Launch script is exported to file 'C:\Users\labview\project_128\project_128.sdk\.sdk\launch_scripts\xilinx_c-c++_application_(system_debugger)\system_debugger_using_debug_top.elf_on_local.tcl'
00:23:53 INFO  : Disconnected from the channel tcfchan#6.
00:23:54 INFO  : 'targets -set -filter {jtag_cable_name =~ "Digilent Nexys4DDR 210292744993A" && level==0} -index 0' command is executed.
00:23:54 INFO  : 'fpga -state' command is executed.
00:23:54 INFO  : Connected to target on host '127.0.0.1' and port '3121'.
00:23:54 INFO  : Jtag cable 'Digilent Nexys4DDR 210292744993A' is selected.
00:23:54 INFO  : 'jtag frequency' command is executed.
00:23:54 INFO  : Context for processor 'microblaze_0' is selected.
00:23:54 INFO  : Processor reset is completed for 'microblaze_0'.
00:23:54 INFO  : Context for processor 'microblaze_0' is selected.
00:23:54 INFO  : The application 'C:/Users/labview/project_128/project_128.sdk/top/Debug/top.elf' is downloaded to processor 'microblaze_0'.
00:23:54 INFO  : ----------------XSDB Script----------------
connect -url tcp:127.0.0.1:3121
targets -set -nocase -filter {name =~ "microblaze*#0" && bscan=="USER2"  && jtag_cable_name =~ "Digilent Nexys4DDR 210292744993A"} -index 0
rst -processor
targets -set -nocase -filter {name =~ "microblaze*#0" && bscan=="USER2"  && jtag_cable_name =~ "Digilent Nexys4DDR 210292744993A"} -index 0
dow C:/Users/labview/project_128/project_128.sdk/top/Debug/top.elf
----------------End of Script----------------

00:23:54 INFO  : Memory regions updated for context MicroBlaze #0
00:23:54 INFO  : Memory regions updated for context MicroBlaze #0
00:23:54 INFO  : Context for processor 'microblaze_0' is selected.
00:23:54 INFO  : 'con' command is executed.
00:23:54 INFO  : ----------------XSDB Script (After Launch)----------------
targets -set -nocase -filter {name =~ "microblaze*#0" && bscan=="USER2"  && jtag_cable_name =~ "Digilent Nexys4DDR 210292744993A"} -index 0
con
----------------End of Script----------------

00:23:54 INFO  : Launch script is exported to file 'C:\Users\labview\project_128\project_128.sdk\.sdk\launch_scripts\xilinx_c-c++_application_(system_debugger)\system_debugger_using_debug_top.elf_on_local.tcl'
00:33:38 INFO  : Disconnected from the channel tcfchan#7.
00:33:39 INFO  : 'targets -set -filter {jtag_cable_name =~ "Digilent Nexys4DDR 210292744993A" && level==0} -index 0' command is executed.
00:33:39 INFO  : 'fpga -state' command is executed.
00:33:39 INFO  : Connected to target on host '127.0.0.1' and port '3121'.
00:33:39 INFO  : Jtag cable 'Digilent Nexys4DDR 210292744993A' is selected.
00:33:39 INFO  : 'jtag frequency' command is executed.
00:33:39 INFO  : Context for processor 'microblaze_0' is selected.
00:33:39 INFO  : Processor reset is completed for 'microblaze_0'.
00:33:39 INFO  : Context for processor 'microblaze_0' is selected.
00:33:39 INFO  : The application 'C:/Users/labview/project_128/project_128.sdk/top/Debug/top.elf' is downloaded to processor 'microblaze_0'.
00:33:39 INFO  : ----------------XSDB Script----------------
connect -url tcp:127.0.0.1:3121
targets -set -nocase -filter {name =~ "microblaze*#0" && bscan=="USER2"  && jtag_cable_name =~ "Digilent Nexys4DDR 210292744993A"} -index 0
rst -processor
targets -set -nocase -filter {name =~ "microblaze*#0" && bscan=="USER2"  && jtag_cable_name =~ "Digilent Nexys4DDR 210292744993A"} -index 0
dow C:/Users/labview/project_128/project_128.sdk/top/Debug/top.elf
----------------End of Script----------------

00:33:39 INFO  : Memory regions updated for context MicroBlaze #0
00:33:39 INFO  : Memory regions updated for context MicroBlaze #0
00:33:39 INFO  : Context for processor 'microblaze_0' is selected.
00:33:39 INFO  : 'con' command is executed.
00:33:39 INFO  : ----------------XSDB Script (After Launch)----------------
targets -set -nocase -filter {name =~ "microblaze*#0" && bscan=="USER2"  && jtag_cable_name =~ "Digilent Nexys4DDR 210292744993A"} -index 0
con
----------------End of Script----------------

00:33:39 INFO  : Launch script is exported to file 'C:\Users\labview\project_128\project_128.sdk\.sdk\launch_scripts\xilinx_c-c++_application_(system_debugger)\system_debugger_using_debug_top.elf_on_local.tcl'
00:33:52 INFO  : Disconnected from the channel tcfchan#8.
00:33:53 INFO  : 'targets -set -filter {jtag_cable_name =~ "Digilent Nexys4DDR 210292744993A" && level==0} -index 0' command is executed.
00:33:53 INFO  : 'fpga -state' command is executed.
00:33:53 INFO  : Connected to target on host '127.0.0.1' and port '3121'.
00:33:53 INFO  : Jtag cable 'Digilent Nexys4DDR 210292744993A' is selected.
00:33:53 INFO  : 'jtag frequency' command is executed.
00:33:54 INFO  : Context for processor 'microblaze_0' is selected.
00:33:54 INFO  : Processor reset is completed for 'microblaze_0'.
00:33:54 INFO  : Context for processor 'microblaze_0' is selected.
00:33:54 INFO  : The application 'C:/Users/labview/project_128/project_128.sdk/top/Debug/top.elf' is downloaded to processor 'microblaze_0'.
00:33:54 INFO  : ----------------XSDB Script----------------
connect -url tcp:127.0.0.1:3121
targets -set -nocase -filter {name =~ "microblaze*#0" && bscan=="USER2"  && jtag_cable_name =~ "Digilent Nexys4DDR 210292744993A"} -index 0
rst -processor
targets -set -nocase -filter {name =~ "microblaze*#0" && bscan=="USER2"  && jtag_cable_name =~ "Digilent Nexys4DDR 210292744993A"} -index 0
dow C:/Users/labview/project_128/project_128.sdk/top/Debug/top.elf
----------------End of Script----------------

00:33:54 INFO  : Memory regions updated for context MicroBlaze #0
00:33:54 INFO  : Memory regions updated for context MicroBlaze #0
00:33:54 INFO  : Context for processor 'microblaze_0' is selected.
00:33:54 INFO  : 'con' command is executed.
00:33:54 INFO  : ----------------XSDB Script (After Launch)----------------
targets -set -nocase -filter {name =~ "microblaze*#0" && bscan=="USER2"  && jtag_cable_name =~ "Digilent Nexys4DDR 210292744993A"} -index 0
con
----------------End of Script----------------

00:33:54 INFO  : Launch script is exported to file 'C:\Users\labview\project_128\project_128.sdk\.sdk\launch_scripts\xilinx_c-c++_application_(system_debugger)\system_debugger_using_debug_top.elf_on_local.tcl'
00:35:10 INFO  : Disconnected from the channel tcfchan#9.
00:35:11 INFO  : 'targets -set -filter {jtag_cable_name =~ "Digilent Nexys4DDR 210292744993A" && level==0} -index 0' command is executed.
00:35:11 INFO  : 'fpga -state' command is executed.
00:35:11 INFO  : Connected to target on host '127.0.0.1' and port '3121'.
00:35:12 INFO  : Jtag cable 'Digilent Nexys4DDR 210292744993A' is selected.
00:35:12 INFO  : 'jtag frequency' command is executed.
00:35:12 INFO  : Context for processor 'microblaze_0' is selected.
00:35:12 INFO  : Processor reset is completed for 'microblaze_0'.
00:35:12 INFO  : Context for processor 'microblaze_0' is selected.
00:35:12 INFO  : The application 'C:/Users/labview/project_128/project_128.sdk/top/Debug/top.elf' is downloaded to processor 'microblaze_0'.
00:35:12 INFO  : ----------------XSDB Script----------------
connect -url tcp:127.0.0.1:3121
targets -set -nocase -filter {name =~ "microblaze*#0" && bscan=="USER2"  && jtag_cable_name =~ "Digilent Nexys4DDR 210292744993A"} -index 0
rst -processor
targets -set -nocase -filter {name =~ "microblaze*#0" && bscan=="USER2"  && jtag_cable_name =~ "Digilent Nexys4DDR 210292744993A"} -index 0
dow C:/Users/labview/project_128/project_128.sdk/top/Debug/top.elf
----------------End of Script----------------

00:35:12 INFO  : Memory regions updated for context MicroBlaze #0
00:35:12 INFO  : Memory regions updated for context MicroBlaze #0
00:35:12 INFO  : Context for processor 'microblaze_0' is selected.
00:35:12 INFO  : 'con' command is executed.
00:35:12 INFO  : ----------------XSDB Script (After Launch)----------------
targets -set -nocase -filter {name =~ "microblaze*#0" && bscan=="USER2"  && jtag_cable_name =~ "Digilent Nexys4DDR 210292744993A"} -index 0
con
----------------End of Script----------------

00:35:12 INFO  : Launch script is exported to file 'C:\Users\labview\project_128\project_128.sdk\.sdk\launch_scripts\xilinx_c-c++_application_(system_debugger)\system_debugger_using_debug_top.elf_on_local.tcl'
00:35:24 INFO  : Disconnected from the channel tcfchan#10.
00:35:25 INFO  : 'targets -set -filter {jtag_cable_name =~ "Digilent Nexys4DDR 210292744993A" && level==0} -index 0' command is executed.
00:35:25 INFO  : 'fpga -state' command is executed.
00:35:25 INFO  : Connected to target on host '127.0.0.1' and port '3121'.
00:35:25 INFO  : Jtag cable 'Digilent Nexys4DDR 210292744993A' is selected.
00:35:25 INFO  : 'jtag frequency' command is executed.
00:35:25 INFO  : Context for processor 'microblaze_0' is selected.
00:35:25 INFO  : Processor reset is completed for 'microblaze_0'.
00:35:25 INFO  : Context for processor 'microblaze_0' is selected.
00:35:26 INFO  : The application 'C:/Users/labview/project_128/project_128.sdk/top/Debug/top.elf' is downloaded to processor 'microblaze_0'.
00:35:26 INFO  : ----------------XSDB Script----------------
connect -url tcp:127.0.0.1:3121
targets -set -nocase -filter {name =~ "microblaze*#0" && bscan=="USER2"  && jtag_cable_name =~ "Digilent Nexys4DDR 210292744993A"} -index 0
rst -processor
targets -set -nocase -filter {name =~ "microblaze*#0" && bscan=="USER2"  && jtag_cable_name =~ "Digilent Nexys4DDR 210292744993A"} -index 0
dow C:/Users/labview/project_128/project_128.sdk/top/Debug/top.elf
----------------End of Script----------------

00:35:26 INFO  : Memory regions updated for context MicroBlaze #0
00:35:26 INFO  : Memory regions updated for context MicroBlaze #0
00:35:26 INFO  : Context for processor 'microblaze_0' is selected.
00:35:26 INFO  : 'con' command is executed.
00:35:26 INFO  : ----------------XSDB Script (After Launch)----------------
targets -set -nocase -filter {name =~ "microblaze*#0" && bscan=="USER2"  && jtag_cable_name =~ "Digilent Nexys4DDR 210292744993A"} -index 0
con
----------------End of Script----------------

00:35:26 INFO  : Launch script is exported to file 'C:\Users\labview\project_128\project_128.sdk\.sdk\launch_scripts\xilinx_c-c++_application_(system_debugger)\system_debugger_using_debug_top.elf_on_local.tcl'
00:35:49 INFO  : Disconnected from the channel tcfchan#11.
00:35:50 INFO  : 'targets -set -filter {jtag_cable_name =~ "Digilent Nexys4DDR 210292744993A" && level==0} -index 0' command is executed.
00:35:50 INFO  : 'fpga -state' command is executed.
00:35:50 INFO  : Connected to target on host '127.0.0.1' and port '3121'.
00:35:50 INFO  : Jtag cable 'Digilent Nexys4DDR 210292744993A' is selected.
00:35:50 INFO  : 'jtag frequency' command is executed.
00:35:50 INFO  : Context for processor 'microblaze_0' is selected.
00:35:50 INFO  : Processor reset is completed for 'microblaze_0'.
00:35:50 INFO  : Context for processor 'microblaze_0' is selected.
00:35:50 INFO  : The application 'C:/Users/labview/project_128/project_128.sdk/top/Debug/top.elf' is downloaded to processor 'microblaze_0'.
00:35:50 INFO  : ----------------XSDB Script----------------
connect -url tcp:127.0.0.1:3121
targets -set -nocase -filter {name =~ "microblaze*#0" && bscan=="USER2"  && jtag_cable_name =~ "Digilent Nexys4DDR 210292744993A"} -index 0
rst -processor
targets -set -nocase -filter {name =~ "microblaze*#0" && bscan=="USER2"  && jtag_cable_name =~ "Digilent Nexys4DDR 210292744993A"} -index 0
dow C:/Users/labview/project_128/project_128.sdk/top/Debug/top.elf
----------------End of Script----------------

00:35:50 INFO  : Memory regions updated for context MicroBlaze #0
00:35:50 INFO  : Memory regions updated for context MicroBlaze #0
00:35:50 INFO  : Context for processor 'microblaze_0' is selected.
00:35:50 INFO  : 'con' command is executed.
00:35:50 INFO  : ----------------XSDB Script (After Launch)----------------
targets -set -nocase -filter {name =~ "microblaze*#0" && bscan=="USER2"  && jtag_cable_name =~ "Digilent Nexys4DDR 210292744993A"} -index 0
con
----------------End of Script----------------

00:35:50 INFO  : Launch script is exported to file 'C:\Users\labview\project_128\project_128.sdk\.sdk\launch_scripts\xilinx_c-c++_application_(system_debugger)\system_debugger_using_debug_top.elf_on_local.tcl'
00:45:11 INFO  : Disconnected from the channel tcfchan#12.
00:45:12 INFO  : 'targets -set -filter {jtag_cable_name =~ "Digilent Nexys4DDR 210292744993A" && level==0} -index 0' command is executed.
00:45:12 INFO  : 'fpga -state' command is executed.
00:45:12 INFO  : Connected to target on host '127.0.0.1' and port '3121'.
00:45:13 INFO  : Jtag cable 'Digilent Nexys4DDR 210292744993A' is selected.
00:45:13 INFO  : 'jtag frequency' command is executed.
00:45:13 INFO  : Context for processor 'microblaze_0' is selected.
00:45:13 INFO  : Processor reset is completed for 'microblaze_0'.
00:45:13 INFO  : Context for processor 'microblaze_0' is selected.
00:45:13 INFO  : The application 'C:/Users/labview/project_128/project_128.sdk/top/Debug/top.elf' is downloaded to processor 'microblaze_0'.
00:45:13 INFO  : ----------------XSDB Script----------------
connect -url tcp:127.0.0.1:3121
targets -set -nocase -filter {name =~ "microblaze*#0" && bscan=="USER2"  && jtag_cable_name =~ "Digilent Nexys4DDR 210292744993A"} -index 0
rst -processor
targets -set -nocase -filter {name =~ "microblaze*#0" && bscan=="USER2"  && jtag_cable_name =~ "Digilent Nexys4DDR 210292744993A"} -index 0
dow C:/Users/labview/project_128/project_128.sdk/top/Debug/top.elf
----------------End of Script----------------

00:45:13 INFO  : Memory regions updated for context MicroBlaze #0
00:45:13 INFO  : Memory regions updated for context MicroBlaze #0
00:45:13 INFO  : Context for processor 'microblaze_0' is selected.
00:45:13 INFO  : 'con' command is executed.
00:45:13 INFO  : ----------------XSDB Script (After Launch)----------------
targets -set -nocase -filter {name =~ "microblaze*#0" && bscan=="USER2"  && jtag_cable_name =~ "Digilent Nexys4DDR 210292744993A"} -index 0
con
----------------End of Script----------------

00:45:13 INFO  : Launch script is exported to file 'C:\Users\labview\project_128\project_128.sdk\.sdk\launch_scripts\xilinx_c-c++_application_(system_debugger)\system_debugger_using_debug_top.elf_on_local.tcl'
00:46:07 INFO  : Disconnected from the channel tcfchan#13.
00:46:08 INFO  : 'targets -set -filter {jtag_cable_name =~ "Digilent Nexys4DDR 210292744993A" && level==0} -index 0' command is executed.
00:46:08 INFO  : 'fpga -state' command is executed.
00:46:08 INFO  : Connected to target on host '127.0.0.1' and port '3121'.
00:46:08 INFO  : Jtag cable 'Digilent Nexys4DDR 210292744993A' is selected.
00:46:08 INFO  : 'jtag frequency' command is executed.
00:46:08 INFO  : Context for processor 'microblaze_0' is selected.
00:46:08 INFO  : Processor reset is completed for 'microblaze_0'.
00:46:08 INFO  : Context for processor 'microblaze_0' is selected.
00:46:08 INFO  : The application 'C:/Users/labview/project_128/project_128.sdk/top/Debug/top.elf' is downloaded to processor 'microblaze_0'.
00:46:08 INFO  : ----------------XSDB Script----------------
connect -url tcp:127.0.0.1:3121
targets -set -nocase -filter {name =~ "microblaze*#0" && bscan=="USER2"  && jtag_cable_name =~ "Digilent Nexys4DDR 210292744993A"} -index 0
rst -processor
targets -set -nocase -filter {name =~ "microblaze*#0" && bscan=="USER2"  && jtag_cable_name =~ "Digilent Nexys4DDR 210292744993A"} -index 0
dow C:/Users/labview/project_128/project_128.sdk/top/Debug/top.elf
----------------End of Script----------------

00:46:08 INFO  : Memory regions updated for context MicroBlaze #0
00:46:08 INFO  : Memory regions updated for context MicroBlaze #0
00:46:08 INFO  : Context for processor 'microblaze_0' is selected.
00:46:08 INFO  : 'con' command is executed.
00:46:08 INFO  : ----------------XSDB Script (After Launch)----------------
targets -set -nocase -filter {name =~ "microblaze*#0" && bscan=="USER2"  && jtag_cable_name =~ "Digilent Nexys4DDR 210292744993A"} -index 0
con
----------------End of Script----------------

00:46:08 INFO  : Launch script is exported to file 'C:\Users\labview\project_128\project_128.sdk\.sdk\launch_scripts\xilinx_c-c++_application_(system_debugger)\system_debugger_using_debug_top.elf_on_local.tcl'
00:49:52 INFO  : Disconnected from the channel tcfchan#14.
00:49:53 INFO  : 'targets -set -filter {jtag_cable_name =~ "Digilent Nexys4DDR 210292744993A" && level==0} -index 0' command is executed.
00:49:53 INFO  : 'fpga -state' command is executed.
00:49:53 INFO  : Connected to target on host '127.0.0.1' and port '3121'.
00:49:53 INFO  : Jtag cable 'Digilent Nexys4DDR 210292744993A' is selected.
00:49:53 INFO  : 'jtag frequency' command is executed.
00:49:53 INFO  : Context for processor 'microblaze_0' is selected.
00:49:53 INFO  : Processor reset is completed for 'microblaze_0'.
00:49:53 INFO  : Context for processor 'microblaze_0' is selected.
00:49:53 INFO  : The application 'C:/Users/labview/project_128/project_128.sdk/top/Debug/top.elf' is downloaded to processor 'microblaze_0'.
00:49:53 INFO  : ----------------XSDB Script----------------
connect -url tcp:127.0.0.1:3121
targets -set -nocase -filter {name =~ "microblaze*#0" && bscan=="USER2"  && jtag_cable_name =~ "Digilent Nexys4DDR 210292744993A"} -index 0
rst -processor
targets -set -nocase -filter {name =~ "microblaze*#0" && bscan=="USER2"  && jtag_cable_name =~ "Digilent Nexys4DDR 210292744993A"} -index 0
dow C:/Users/labview/project_128/project_128.sdk/top/Debug/top.elf
----------------End of Script----------------

00:49:53 INFO  : Memory regions updated for context MicroBlaze #0
00:49:53 INFO  : Memory regions updated for context MicroBlaze #0
00:49:53 INFO  : Context for processor 'microblaze_0' is selected.
00:49:53 INFO  : 'con' command is executed.
00:49:53 INFO  : ----------------XSDB Script (After Launch)----------------
targets -set -nocase -filter {name =~ "microblaze*#0" && bscan=="USER2"  && jtag_cable_name =~ "Digilent Nexys4DDR 210292744993A"} -index 0
con
----------------End of Script----------------

00:49:53 INFO  : Launch script is exported to file 'C:\Users\labview\project_128\project_128.sdk\.sdk\launch_scripts\xilinx_c-c++_application_(system_debugger)\system_debugger_using_debug_top.elf_on_local.tcl'
00:51:01 INFO  : Disconnected from the channel tcfchan#15.
00:51:02 INFO  : 'targets -set -filter {jtag_cable_name =~ "Digilent Nexys4DDR 210292744993A" && level==0} -index 0' command is executed.
00:51:02 INFO  : 'fpga -state' command is executed.
00:51:02 INFO  : Connected to target on host '127.0.0.1' and port '3121'.
00:51:02 INFO  : Jtag cable 'Digilent Nexys4DDR 210292744993A' is selected.
00:51:02 INFO  : 'jtag frequency' command is executed.
00:51:02 INFO  : Context for processor 'microblaze_0' is selected.
00:51:02 INFO  : Processor reset is completed for 'microblaze_0'.
00:51:02 INFO  : Context for processor 'microblaze_0' is selected.
00:51:02 INFO  : The application 'C:/Users/labview/project_128/project_128.sdk/top/Debug/top.elf' is downloaded to processor 'microblaze_0'.
00:51:02 INFO  : ----------------XSDB Script----------------
connect -url tcp:127.0.0.1:3121
targets -set -nocase -filter {name =~ "microblaze*#0" && bscan=="USER2"  && jtag_cable_name =~ "Digilent Nexys4DDR 210292744993A"} -index 0
rst -processor
targets -set -nocase -filter {name =~ "microblaze*#0" && bscan=="USER2"  && jtag_cable_name =~ "Digilent Nexys4DDR 210292744993A"} -index 0
dow C:/Users/labview/project_128/project_128.sdk/top/Debug/top.elf
----------------End of Script----------------

00:51:02 INFO  : Memory regions updated for context MicroBlaze #0
00:51:02 INFO  : Memory regions updated for context MicroBlaze #0
00:51:02 INFO  : Context for processor 'microblaze_0' is selected.
00:51:02 INFO  : 'con' command is executed.
00:51:02 INFO  : ----------------XSDB Script (After Launch)----------------
targets -set -nocase -filter {name =~ "microblaze*#0" && bscan=="USER2"  && jtag_cable_name =~ "Digilent Nexys4DDR 210292744993A"} -index 0
con
----------------End of Script----------------

00:51:02 INFO  : Launch script is exported to file 'C:\Users\labview\project_128\project_128.sdk\.sdk\launch_scripts\xilinx_c-c++_application_(system_debugger)\system_debugger_using_debug_top.elf_on_local.tcl'
00:51:17 INFO  : Disconnected from the channel tcfchan#16.
00:51:18 INFO  : 'targets -set -filter {jtag_cable_name =~ "Digilent Nexys4DDR 210292744993A" && level==0} -index 0' command is executed.
00:51:18 INFO  : 'fpga -state' command is executed.
00:51:18 INFO  : Connected to target on host '127.0.0.1' and port '3121'.
00:51:19 INFO  : Jtag cable 'Digilent Nexys4DDR 210292744993A' is selected.
00:51:19 INFO  : 'jtag frequency' command is executed.
00:51:19 INFO  : Context for processor 'microblaze_0' is selected.
00:51:19 INFO  : Processor reset is completed for 'microblaze_0'.
00:51:19 INFO  : Context for processor 'microblaze_0' is selected.
00:51:19 INFO  : The application 'C:/Users/labview/project_128/project_128.sdk/top/Debug/top.elf' is downloaded to processor 'microblaze_0'.
00:51:19 INFO  : ----------------XSDB Script----------------
connect -url tcp:127.0.0.1:3121
targets -set -nocase -filter {name =~ "microblaze*#0" && bscan=="USER2"  && jtag_cable_name =~ "Digilent Nexys4DDR 210292744993A"} -index 0
rst -processor
targets -set -nocase -filter {name =~ "microblaze*#0" && bscan=="USER2"  && jtag_cable_name =~ "Digilent Nexys4DDR 210292744993A"} -index 0
dow C:/Users/labview/project_128/project_128.sdk/top/Debug/top.elf
----------------End of Script----------------

00:51:19 INFO  : Memory regions updated for context MicroBlaze #0
00:51:19 INFO  : Memory regions updated for context MicroBlaze #0
00:51:19 INFO  : Context for processor 'microblaze_0' is selected.
00:51:19 INFO  : 'con' command is executed.
00:51:19 INFO  : ----------------XSDB Script (After Launch)----------------
targets -set -nocase -filter {name =~ "microblaze*#0" && bscan=="USER2"  && jtag_cable_name =~ "Digilent Nexys4DDR 210292744993A"} -index 0
con
----------------End of Script----------------

00:51:19 INFO  : Launch script is exported to file 'C:\Users\labview\project_128\project_128.sdk\.sdk\launch_scripts\xilinx_c-c++_application_(system_debugger)\system_debugger_using_debug_top.elf_on_local.tcl'
00:52:16 INFO  : Disconnected from the channel tcfchan#17.
00:52:17 INFO  : 'targets -set -filter {jtag_cable_name =~ "Digilent Nexys4DDR 210292744993A" && level==0} -index 0' command is executed.
00:52:17 INFO  : 'fpga -state' command is executed.
00:52:17 INFO  : Connected to target on host '127.0.0.1' and port '3121'.
00:52:17 INFO  : Jtag cable 'Digilent Nexys4DDR 210292744993A' is selected.
00:52:17 INFO  : 'jtag frequency' command is executed.
00:52:17 INFO  : Context for processor 'microblaze_0' is selected.
00:52:17 INFO  : Processor reset is completed for 'microblaze_0'.
00:52:17 INFO  : Context for processor 'microblaze_0' is selected.
00:52:17 INFO  : The application 'C:/Users/labview/project_128/project_128.sdk/top/Debug/top.elf' is downloaded to processor 'microblaze_0'.
00:52:17 INFO  : ----------------XSDB Script----------------
connect -url tcp:127.0.0.1:3121
targets -set -nocase -filter {name =~ "microblaze*#0" && bscan=="USER2"  && jtag_cable_name =~ "Digilent Nexys4DDR 210292744993A"} -index 0
rst -processor
targets -set -nocase -filter {name =~ "microblaze*#0" && bscan=="USER2"  && jtag_cable_name =~ "Digilent Nexys4DDR 210292744993A"} -index 0
dow C:/Users/labview/project_128/project_128.sdk/top/Debug/top.elf
----------------End of Script----------------

00:52:17 INFO  : Memory regions updated for context MicroBlaze #0
00:52:17 INFO  : Memory regions updated for context MicroBlaze #0
00:52:17 INFO  : Context for processor 'microblaze_0' is selected.
00:52:17 INFO  : 'con' command is executed.
00:52:17 INFO  : ----------------XSDB Script (After Launch)----------------
targets -set -nocase -filter {name =~ "microblaze*#0" && bscan=="USER2"  && jtag_cable_name =~ "Digilent Nexys4DDR 210292744993A"} -index 0
con
----------------End of Script----------------

00:52:17 INFO  : Launch script is exported to file 'C:\Users\labview\project_128\project_128.sdk\.sdk\launch_scripts\xilinx_c-c++_application_(system_debugger)\system_debugger_using_debug_top.elf_on_local.tcl'
00:56:25 INFO  : Disconnected from the channel tcfchan#18.
00:56:26 INFO  : 'targets -set -filter {jtag_cable_name =~ "Digilent Nexys4DDR 210292744993A" && level==0} -index 0' command is executed.
00:56:26 INFO  : 'fpga -state' command is executed.
00:56:26 INFO  : Connected to target on host '127.0.0.1' and port '3121'.
00:56:26 INFO  : Jtag cable 'Digilent Nexys4DDR 210292744993A' is selected.
00:56:26 INFO  : 'jtag frequency' command is executed.
00:56:26 INFO  : Context for processor 'microblaze_0' is selected.
00:56:26 INFO  : Processor reset is completed for 'microblaze_0'.
00:56:26 INFO  : Context for processor 'microblaze_0' is selected.
00:56:27 INFO  : The application 'C:/Users/labview/project_128/project_128.sdk/top/Debug/top.elf' is downloaded to processor 'microblaze_0'.
00:56:27 INFO  : ----------------XSDB Script----------------
connect -url tcp:127.0.0.1:3121
targets -set -nocase -filter {name =~ "microblaze*#0" && bscan=="USER2"  && jtag_cable_name =~ "Digilent Nexys4DDR 210292744993A"} -index 0
rst -processor
targets -set -nocase -filter {name =~ "microblaze*#0" && bscan=="USER2"  && jtag_cable_name =~ "Digilent Nexys4DDR 210292744993A"} -index 0
dow C:/Users/labview/project_128/project_128.sdk/top/Debug/top.elf
----------------End of Script----------------

00:56:27 INFO  : Memory regions updated for context MicroBlaze #0
00:56:27 INFO  : Memory regions updated for context MicroBlaze #0
00:56:27 INFO  : Context for processor 'microblaze_0' is selected.
00:56:27 INFO  : 'con' command is executed.
00:56:27 INFO  : ----------------XSDB Script (After Launch)----------------
targets -set -nocase -filter {name =~ "microblaze*#0" && bscan=="USER2"  && jtag_cable_name =~ "Digilent Nexys4DDR 210292744993A"} -index 0
con
----------------End of Script----------------

00:56:27 INFO  : Launch script is exported to file 'C:\Users\labview\project_128\project_128.sdk\.sdk\launch_scripts\xilinx_c-c++_application_(system_debugger)\system_debugger_using_debug_top.elf_on_local.tcl'
00:59:46 INFO  : Disconnected from the channel tcfchan#19.
00:59:47 INFO  : 'targets -set -filter {jtag_cable_name =~ "Digilent Nexys4DDR 210292744993A" && level==0} -index 0' command is executed.
00:59:47 INFO  : 'fpga -state' command is executed.
00:59:47 INFO  : Connected to target on host '127.0.0.1' and port '3121'.
00:59:47 INFO  : Jtag cable 'Digilent Nexys4DDR 210292744993A' is selected.
00:59:47 INFO  : 'jtag frequency' command is executed.
00:59:47 INFO  : Context for processor 'microblaze_0' is selected.
00:59:47 INFO  : Processor reset is completed for 'microblaze_0'.
00:59:47 INFO  : Context for processor 'microblaze_0' is selected.
00:59:47 INFO  : The application 'C:/Users/labview/project_128/project_128.sdk/top/Debug/top.elf' is downloaded to processor 'microblaze_0'.
00:59:47 INFO  : ----------------XSDB Script----------------
connect -url tcp:127.0.0.1:3121
targets -set -nocase -filter {name =~ "microblaze*#0" && bscan=="USER2"  && jtag_cable_name =~ "Digilent Nexys4DDR 210292744993A"} -index 0
rst -processor
targets -set -nocase -filter {name =~ "microblaze*#0" && bscan=="USER2"  && jtag_cable_name =~ "Digilent Nexys4DDR 210292744993A"} -index 0
dow C:/Users/labview/project_128/project_128.sdk/top/Debug/top.elf
----------------End of Script----------------

00:59:47 INFO  : Memory regions updated for context MicroBlaze #0
00:59:47 INFO  : Memory regions updated for context MicroBlaze #0
00:59:47 INFO  : Context for processor 'microblaze_0' is selected.
00:59:47 INFO  : 'con' command is executed.
00:59:47 INFO  : ----------------XSDB Script (After Launch)----------------
targets -set -nocase -filter {name =~ "microblaze*#0" && bscan=="USER2"  && jtag_cable_name =~ "Digilent Nexys4DDR 210292744993A"} -index 0
con
----------------End of Script----------------

00:59:47 INFO  : Launch script is exported to file 'C:\Users\labview\project_128\project_128.sdk\.sdk\launch_scripts\xilinx_c-c++_application_(system_debugger)\system_debugger_using_debug_top.elf_on_local.tcl'
01:00:03 INFO  : Disconnected from the channel tcfchan#20.
01:00:04 INFO  : 'targets -set -filter {jtag_cable_name =~ "Digilent Nexys4DDR 210292744993A" && level==0} -index 0' command is executed.
01:00:04 INFO  : 'fpga -state' command is executed.
01:00:04 INFO  : Connected to target on host '127.0.0.1' and port '3121'.
01:00:04 INFO  : Jtag cable 'Digilent Nexys4DDR 210292744993A' is selected.
01:00:04 INFO  : 'jtag frequency' command is executed.
01:00:04 INFO  : Context for processor 'microblaze_0' is selected.
01:00:04 INFO  : Processor reset is completed for 'microblaze_0'.
01:00:04 INFO  : Context for processor 'microblaze_0' is selected.
01:00:04 INFO  : The application 'C:/Users/labview/project_128/project_128.sdk/top/Debug/top.elf' is downloaded to processor 'microblaze_0'.
01:00:04 INFO  : ----------------XSDB Script----------------
connect -url tcp:127.0.0.1:3121
targets -set -nocase -filter {name =~ "microblaze*#0" && bscan=="USER2"  && jtag_cable_name =~ "Digilent Nexys4DDR 210292744993A"} -index 0
rst -processor
targets -set -nocase -filter {name =~ "microblaze*#0" && bscan=="USER2"  && jtag_cable_name =~ "Digilent Nexys4DDR 210292744993A"} -index 0
dow C:/Users/labview/project_128/project_128.sdk/top/Debug/top.elf
----------------End of Script----------------

01:00:04 INFO  : Memory regions updated for context MicroBlaze #0
01:00:04 INFO  : Memory regions updated for context MicroBlaze #0
01:00:04 INFO  : Context for processor 'microblaze_0' is selected.
01:00:04 INFO  : 'con' command is executed.
01:00:04 INFO  : ----------------XSDB Script (After Launch)----------------
targets -set -nocase -filter {name =~ "microblaze*#0" && bscan=="USER2"  && jtag_cable_name =~ "Digilent Nexys4DDR 210292744993A"} -index 0
con
----------------End of Script----------------

01:00:04 INFO  : Launch script is exported to file 'C:\Users\labview\project_128\project_128.sdk\.sdk\launch_scripts\xilinx_c-c++_application_(system_debugger)\system_debugger_using_debug_top.elf_on_local.tcl'
01:00:47 INFO  : Disconnected from the channel tcfchan#21.
01:00:48 INFO  : 'targets -set -filter {jtag_cable_name =~ "Digilent Nexys4DDR 210292744993A" && level==0} -index 0' command is executed.
01:00:48 INFO  : 'fpga -state' command is executed.
01:00:48 INFO  : Connected to target on host '127.0.0.1' and port '3121'.
01:00:48 INFO  : Jtag cable 'Digilent Nexys4DDR 210292744993A' is selected.
01:00:48 INFO  : 'jtag frequency' command is executed.
01:00:48 INFO  : Context for processor 'microblaze_0' is selected.
01:00:48 INFO  : Processor reset is completed for 'microblaze_0'.
01:00:48 INFO  : Context for processor 'microblaze_0' is selected.
01:00:48 INFO  : The application 'C:/Users/labview/project_128/project_128.sdk/top/Debug/top.elf' is downloaded to processor 'microblaze_0'.
01:00:48 INFO  : ----------------XSDB Script----------------
connect -url tcp:127.0.0.1:3121
targets -set -nocase -filter {name =~ "microblaze*#0" && bscan=="USER2"  && jtag_cable_name =~ "Digilent Nexys4DDR 210292744993A"} -index 0
rst -processor
targets -set -nocase -filter {name =~ "microblaze*#0" && bscan=="USER2"  && jtag_cable_name =~ "Digilent Nexys4DDR 210292744993A"} -index 0
dow C:/Users/labview/project_128/project_128.sdk/top/Debug/top.elf
----------------End of Script----------------

01:00:48 INFO  : Memory regions updated for context MicroBlaze #0
01:00:48 INFO  : Memory regions updated for context MicroBlaze #0
01:00:48 INFO  : Context for processor 'microblaze_0' is selected.
01:00:48 INFO  : 'con' command is executed.
01:00:48 INFO  : ----------------XSDB Script (After Launch)----------------
targets -set -nocase -filter {name =~ "microblaze*#0" && bscan=="USER2"  && jtag_cable_name =~ "Digilent Nexys4DDR 210292744993A"} -index 0
con
----------------End of Script----------------

01:00:48 INFO  : Launch script is exported to file 'C:\Users\labview\project_128\project_128.sdk\.sdk\launch_scripts\xilinx_c-c++_application_(system_debugger)\system_debugger_using_debug_top.elf_on_local.tcl'
01:01:41 INFO  : Disconnected from the channel tcfchan#22.
01:01:42 INFO  : 'targets -set -filter {jtag_cable_name =~ "Digilent Nexys4DDR 210292744993A" && level==0} -index 0' command is executed.
01:01:42 INFO  : 'fpga -state' command is executed.
01:01:42 INFO  : Connected to target on host '127.0.0.1' and port '3121'.
01:01:42 INFO  : Jtag cable 'Digilent Nexys4DDR 210292744993A' is selected.
01:01:42 INFO  : 'jtag frequency' command is executed.
01:01:42 INFO  : Context for processor 'microblaze_0' is selected.
01:01:42 INFO  : Processor reset is completed for 'microblaze_0'.
01:01:42 INFO  : Context for processor 'microblaze_0' is selected.
01:01:42 INFO  : The application 'C:/Users/labview/project_128/project_128.sdk/top/Debug/top.elf' is downloaded to processor 'microblaze_0'.
01:01:42 INFO  : ----------------XSDB Script----------------
connect -url tcp:127.0.0.1:3121
targets -set -nocase -filter {name =~ "microblaze*#0" && bscan=="USER2"  && jtag_cable_name =~ "Digilent Nexys4DDR 210292744993A"} -index 0
rst -processor
targets -set -nocase -filter {name =~ "microblaze*#0" && bscan=="USER2"  && jtag_cable_name =~ "Digilent Nexys4DDR 210292744993A"} -index 0
dow C:/Users/labview/project_128/project_128.sdk/top/Debug/top.elf
----------------End of Script----------------

01:01:42 INFO  : Memory regions updated for context MicroBlaze #0
01:01:42 INFO  : Memory regions updated for context MicroBlaze #0
01:01:42 INFO  : Context for processor 'microblaze_0' is selected.
01:01:42 INFO  : 'con' command is executed.
01:01:42 INFO  : ----------------XSDB Script (After Launch)----------------
targets -set -nocase -filter {name =~ "microblaze*#0" && bscan=="USER2"  && jtag_cable_name =~ "Digilent Nexys4DDR 210292744993A"} -index 0
con
----------------End of Script----------------

01:01:42 INFO  : Launch script is exported to file 'C:\Users\labview\project_128\project_128.sdk\.sdk\launch_scripts\xilinx_c-c++_application_(system_debugger)\system_debugger_using_debug_top.elf_on_local.tcl'
01:03:09 INFO  : Disconnected from the channel tcfchan#23.
01:03:10 INFO  : 'targets -set -filter {jtag_cable_name =~ "Digilent Nexys4DDR 210292744993A" && level==0} -index 0' command is executed.
01:03:10 INFO  : 'fpga -state' command is executed.
01:03:10 INFO  : Connected to target on host '127.0.0.1' and port '3121'.
01:03:10 INFO  : Jtag cable 'Digilent Nexys4DDR 210292744993A' is selected.
01:03:10 INFO  : 'jtag frequency' command is executed.
01:03:10 INFO  : Context for processor 'microblaze_0' is selected.
01:03:10 INFO  : Processor reset is completed for 'microblaze_0'.
01:03:10 INFO  : Context for processor 'microblaze_0' is selected.
01:03:10 INFO  : The application 'C:/Users/labview/project_128/project_128.sdk/top/Debug/top.elf' is downloaded to processor 'microblaze_0'.
01:03:10 INFO  : ----------------XSDB Script----------------
connect -url tcp:127.0.0.1:3121
targets -set -nocase -filter {name =~ "microblaze*#0" && bscan=="USER2"  && jtag_cable_name =~ "Digilent Nexys4DDR 210292744993A"} -index 0
rst -processor
targets -set -nocase -filter {name =~ "microblaze*#0" && bscan=="USER2"  && jtag_cable_name =~ "Digilent Nexys4DDR 210292744993A"} -index 0
dow C:/Users/labview/project_128/project_128.sdk/top/Debug/top.elf
----------------End of Script----------------

01:03:11 INFO  : Memory regions updated for context MicroBlaze #0
01:03:11 INFO  : Memory regions updated for context MicroBlaze #0
01:03:11 INFO  : Context for processor 'microblaze_0' is selected.
01:03:11 INFO  : 'con' command is executed.
01:03:11 INFO  : ----------------XSDB Script (After Launch)----------------
targets -set -nocase -filter {name =~ "microblaze*#0" && bscan=="USER2"  && jtag_cable_name =~ "Digilent Nexys4DDR 210292744993A"} -index 0
con
----------------End of Script----------------

01:03:11 INFO  : Launch script is exported to file 'C:\Users\labview\project_128\project_128.sdk\.sdk\launch_scripts\xilinx_c-c++_application_(system_debugger)\system_debugger_using_debug_top.elf_on_local.tcl'
01:04:39 INFO  : Disconnected from the channel tcfchan#24.
01:10:16 INFO  : Registering command handlers for SDK TCF services
01:10:16 INFO  : Launching XSCT server: xsct.bat -interactive C:\Users\labview\project_128\project_128.sdk\temp_xsdb_launch_script.tcl
01:10:18 INFO  : XSCT server has started successfully.
01:10:19 INFO  : Successfully done setting XSCT server connection channel  
01:10:19 INFO  : Successfully done setting SDK workspace  
01:10:19 INFO  : Processing command line option -hwspec C:/Users/labview/project_128/project_128.sdk/design_1_wrapper.hdf.
01:10:19 INFO  : Checking for hwspec changes in the project design_1_wrapper_hw_platform_0.
