13:13:01 INFO  : Registering command handlers for SDK TCF services
13:13:02 INFO  : Launching XSCT server: xsct.bat -interactive C:\Users\labview\project_125\project_125.sdk\temp_xsdb_launch_script.tcl
13:13:06 INFO  : XSCT server has started successfully.
13:13:08 INFO  : Successfully done setting XSCT server connection channel  
13:13:08 INFO  : Successfully done setting SDK workspace  
13:13:08 INFO  : Processing command line option -hwspec C:/Users/labview/project_125/project_125.sdk/design_1_wrapper.hdf.
13:14:28 INFO  : Connected to target on host '127.0.0.1' and port '3121'.
13:14:30 INFO  : 'targets -set -filter {jtag_cable_name =~ "Digilent Nexys4DDR 210292744993A" && level==0} -index 0' command is executed.
13:14:32 INFO  : FPGA configured successfully with bitstream "C:/Users/labview/project_125/project_125.sdk/design_1_wrapper_hw_platform_0/download.bit"
13:14:48 INFO  : 'targets -set -filter {jtag_cable_name =~ "Digilent Nexys4DDR 210292744993A" && level==0} -index 0' command is executed.
13:14:48 INFO  : 'fpga -state' command is executed.
13:14:48 INFO  : Connected to target on host '127.0.0.1' and port '3121'.
13:14:48 INFO  : Jtag cable 'Digilent Nexys4DDR 210292744993A' is selected.
13:14:48 INFO  : 'jtag frequency' command is executed.
13:14:48 INFO  : Context for processor 'microblaze_0' is selected.
13:14:48 INFO  : Processor reset is completed for 'microblaze_0'.
13:14:48 INFO  : Context for processor 'microblaze_0' is selected.
13:14:48 INFO  : The application 'C:/Users/labview/project_125/project_125.sdk/top/Debug/top.elf' is downloaded to processor 'microblaze_0'.
13:14:48 INFO  : ----------------XSDB Script----------------
connect -url tcp:127.0.0.1:3121
targets -set -nocase -filter {name =~ "microblaze*#0" && bscan=="USER2"  && jtag_cable_name =~ "Digilent Nexys4DDR 210292744993A"} -index 0
rst -processor
targets -set -nocase -filter {name =~ "microblaze*#0" && bscan=="USER2"  && jtag_cable_name =~ "Digilent Nexys4DDR 210292744993A"} -index 0
dow C:/Users/labview/project_125/project_125.sdk/top/Debug/top.elf
----------------End of Script----------------

13:14:48 INFO  : Memory regions updated for context MicroBlaze #0
13:14:48 INFO  : Memory regions updated for context MicroBlaze #0
13:14:48 INFO  : Context for processor 'microblaze_0' is selected.
13:14:48 INFO  : 'con' command is executed.
13:14:48 INFO  : ----------------XSDB Script (After Launch)----------------
targets -set -nocase -filter {name =~ "microblaze*#0" && bscan=="USER2"  && jtag_cable_name =~ "Digilent Nexys4DDR 210292744993A"} -index 0
con
----------------End of Script----------------

13:14:48 INFO  : Launch script is exported to file 'C:\Users\labview\project_125\project_125.sdk\.sdk\launch_scripts\xilinx_c-c++_application_(system_debugger)\system_debugger_using_debug_top.elf_on_local.tcl'
13:15:28 INFO  : Disconnected from the channel tcfchan#1.
