00:20:34 INFO  : Registering command handlers for SDK TCF services
00:20:35 INFO  : Launching XSCT server: xsct.bat -interactive C:\Users\labview\project_104\project_104.sdk\temp_xsdb_launch_script.tcl
00:20:41 INFO  : XSCT server has started successfully.
00:20:42 INFO  : Successfully done setting XSCT server connection channel  
00:20:42 INFO  : Successfully done setting SDK workspace  
00:20:42 INFO  : Processing command line option -hwspec C:/Users/labview/project_104/project_104.sdk/design_1_wrapper.hdf.
00:29:58 INFO  : Connected to target on host '127.0.0.1' and port '3121'.
00:30:00 INFO  : 'targets -set -filter {jtag_cable_name =~ "Digilent Nexys4DDR 210292744993A" && level==0} -index 0' command is executed.
00:30:03 INFO  : FPGA configured successfully with bitstream "C:/Users/labview/project_104/project_104.sdk/design_1_wrapper_hw_platform_0/download.bit"
00:31:12 INFO  : 'targets -set -filter {jtag_cable_name =~ "Digilent Nexys4DDR 210292744993A" && level==0} -index 0' command is executed.
00:31:12 INFO  : 'fpga -state' command is executed.
00:31:12 INFO  : Connected to target on host '127.0.0.1' and port '3121'.
00:31:12 INFO  : Jtag cable 'Digilent Nexys4DDR 210292744993A' is selected.
00:31:12 INFO  : 'jtag frequency' command is executed.
00:31:12 INFO  : Context for processor 'microblaze_0' is selected.
00:31:12 INFO  : Processor reset is completed for 'microblaze_0'.
00:31:12 INFO  : Context for processor 'microblaze_0' is selected.
00:31:12 INFO  : The application 'C:/Users/labview/project_104/project_104.sdk/top/Debug/top.elf' is downloaded to processor 'microblaze_0'.
00:31:12 INFO  : ----------------XSDB Script----------------
connect -url tcp:127.0.0.1:3121
targets -set -nocase -filter {name =~ "microblaze*#0" && bscan=="USER2"  && jtag_cable_name =~ "Digilent Nexys4DDR 210292744993A"} -index 0
rst -processor
targets -set -nocase -filter {name =~ "microblaze*#0" && bscan=="USER2"  && jtag_cable_name =~ "Digilent Nexys4DDR 210292744993A"} -index 0
dow C:/Users/labview/project_104/project_104.sdk/top/Debug/top.elf
----------------End of Script----------------

00:31:12 INFO  : Memory regions updated for context MicroBlaze #0
00:31:12 INFO  : Memory regions updated for context MicroBlaze #0
00:31:12 INFO  : Context for processor 'microblaze_0' is selected.
00:31:12 INFO  : 'con' command is executed.
00:31:12 INFO  : ----------------XSDB Script (After Launch)----------------
targets -set -nocase -filter {name =~ "microblaze*#0" && bscan=="USER2"  && jtag_cable_name =~ "Digilent Nexys4DDR 210292744993A"} -index 0
con
----------------End of Script----------------

00:31:12 INFO  : Launch script is exported to file 'C:\Users\labview\project_104\project_104.sdk\.sdk\launch_scripts\xilinx_c-c++_application_(system_debugger)\system_debugger_using_debug_top.elf_on_local.tcl'
00:32:06 INFO  : Disconnected from the channel tcfchan#1.
