14:24:38 INFO  : Registering command handlers for SDK TCF services
14:24:39 INFO  : Launching XSCT server: xsct.bat -interactive C:\Users\labview\gpio_two_inst\gpio_two_inst.sdk\temp_xsdb_launch_script.tcl
14:24:44 INFO  : XSCT server has started successfully.
14:24:44 INFO  : Successfully done setting XSCT server connection channel  
14:24:44 INFO  : Successfully done setting SDK workspace  
14:24:44 INFO  : Processing command line option -hwspec C:/Users/labview/gpio_two_inst/gpio_two_inst.sdk/design_1_wrapper.hdf.
14:33:56 INFO  : Connected to target on host '127.0.0.1' and port '3121'.
14:33:57 INFO  : 'targets -set -filter {jtag_cable_name =~ "Digilent Nexys4DDR 210292744993A" && level==0} -index 0' command is executed.
14:34:00 INFO  : FPGA configured successfully with bitstream "C:/Users/labview/gpio_two_inst/gpio_two_inst.sdk/design_1_wrapper_hw_platform_0/download.bit"
14:34:17 INFO  : 'targets -set -filter {jtag_cable_name =~ "Digilent Nexys4DDR 210292744993A" && level==0} -index 0' command is executed.
14:34:17 INFO  : 'fpga -state' command is executed.
14:34:17 INFO  : Connected to target on host '127.0.0.1' and port '3121'.
14:34:17 INFO  : Jtag cable 'Digilent Nexys4DDR 210292744993A' is selected.
14:34:17 INFO  : 'jtag frequency' command is executed.
14:34:17 INFO  : Context for processor 'microblaze_0' is selected.
14:34:17 INFO  : Processor reset is completed for 'microblaze_0'.
14:34:17 INFO  : Context for processor 'microblaze_0' is selected.
14:34:17 INFO  : The application 'C:/Users/labview/gpio_two_inst/gpio_two_inst.sdk/top/Debug/top.elf' is downloaded to processor 'microblaze_0'.
14:34:17 INFO  : ----------------XSDB Script----------------
connect -url tcp:127.0.0.1:3121
targets -set -nocase -filter {name =~ "microblaze*#0" && bscan=="USER2"  && jtag_cable_name =~ "Digilent Nexys4DDR 210292744993A"} -index 0
rst -processor
targets -set -nocase -filter {name =~ "microblaze*#0" && bscan=="USER2"  && jtag_cable_name =~ "Digilent Nexys4DDR 210292744993A"} -index 0
dow C:/Users/labview/gpio_two_inst/gpio_two_inst.sdk/top/Debug/top.elf
----------------End of Script----------------

14:34:18 INFO  : Memory regions updated for context MicroBlaze #0
14:34:18 INFO  : Memory regions updated for context MicroBlaze #0
14:34:18 INFO  : Context for processor 'microblaze_0' is selected.
14:34:18 INFO  : 'con' command is executed.
14:34:18 INFO  : ----------------XSDB Script (After Launch)----------------
targets -set -nocase -filter {name =~ "microblaze*#0" && bscan=="USER2"  && jtag_cable_name =~ "Digilent Nexys4DDR 210292744993A"} -index 0
con
----------------End of Script----------------

14:34:18 INFO  : Launch script is exported to file 'C:\Users\labview\gpio_two_inst\gpio_two_inst.sdk\.sdk\launch_scripts\xilinx_c-c++_application_(system_debugger)\system_debugger_using_debug_top.elf_on_local.tcl'
14:34:39 INFO  : Disconnected from the channel tcfchan#1.
14:34:40 INFO  : 'targets -set -filter {jtag_cable_name =~ "Digilent Nexys4DDR 210292744993A" && level==0} -index 0' command is executed.
14:34:40 INFO  : 'fpga -state' command is executed.
14:34:40 INFO  : Connected to target on host '127.0.0.1' and port '3121'.
14:34:40 INFO  : Jtag cable 'Digilent Nexys4DDR 210292744993A' is selected.
14:34:40 INFO  : 'jtag frequency' command is executed.
14:34:40 INFO  : Context for processor 'microblaze_0' is selected.
14:34:40 INFO  : Processor reset is completed for 'microblaze_0'.
14:34:40 INFO  : Context for processor 'microblaze_0' is selected.
14:34:40 INFO  : The application 'C:/Users/labview/gpio_two_inst/gpio_two_inst.sdk/top/Debug/top.elf' is downloaded to processor 'microblaze_0'.
14:34:40 INFO  : ----------------XSDB Script----------------
connect -url tcp:127.0.0.1:3121
targets -set -nocase -filter {name =~ "microblaze*#0" && bscan=="USER2"  && jtag_cable_name =~ "Digilent Nexys4DDR 210292744993A"} -index 0
rst -processor
targets -set -nocase -filter {name =~ "microblaze*#0" && bscan=="USER2"  && jtag_cable_name =~ "Digilent Nexys4DDR 210292744993A"} -index 0
dow C:/Users/labview/gpio_two_inst/gpio_two_inst.sdk/top/Debug/top.elf
----------------End of Script----------------

14:34:40 INFO  : Memory regions updated for context MicroBlaze #0
14:34:40 INFO  : Memory regions updated for context MicroBlaze #0
14:34:40 INFO  : Context for processor 'microblaze_0' is selected.
14:34:40 INFO  : 'con' command is executed.
14:34:40 INFO  : ----------------XSDB Script (After Launch)----------------
targets -set -nocase -filter {name =~ "microblaze*#0" && bscan=="USER2"  && jtag_cable_name =~ "Digilent Nexys4DDR 210292744993A"} -index 0
con
----------------End of Script----------------

14:34:40 INFO  : Launch script is exported to file 'C:\Users\labview\gpio_two_inst\gpio_two_inst.sdk\.sdk\launch_scripts\xilinx_c-c++_application_(system_debugger)\system_debugger_using_debug_top.elf_on_local.tcl'
14:35:25 INFO  : Disconnected from the channel tcfchan#2.
