20:35:04 INFO  : Registering command handlers for SDK TCF services
20:35:06 INFO  : Launching XSCT server: xsct.bat -interactive C:\Users\labview\watchdog_intr\watchdog_intr.sdk\temp_xsdb_launch_script.tcl
20:35:13 INFO  : XSCT server has started successfully.
20:35:16 INFO  : Successfully done setting XSCT server connection channel  
20:35:16 INFO  : Successfully done setting SDK workspace  
20:35:16 INFO  : Processing command line option -hwspec C:/Users/labview/watchdog_intr/watchdog_intr.sdk/design_1_wrapper.hdf.
21:02:46 INFO  : Connected to target on host '127.0.0.1' and port '3121'.
21:02:48 INFO  : 'targets -set -filter {jtag_cable_name =~ "Digilent Nexys4DDR 210292744993A" && level==0} -index 0' command is executed.
21:02:50 INFO  : FPGA configured successfully with bitstream "C:/Users/labview/watchdog_intr/watchdog_intr.sdk/design_1_wrapper_hw_platform_0/download.bit"
21:03:22 INFO  : 'targets -set -filter {jtag_cable_name =~ "Digilent Nexys4DDR 210292744993A" && level==0} -index 0' command is executed.
21:03:22 INFO  : 'fpga -state' command is executed.
21:03:22 INFO  : Connected to target on host '127.0.0.1' and port '3121'.
21:03:22 INFO  : Jtag cable 'Digilent Nexys4DDR 210292744993A' is selected.
21:03:22 INFO  : 'jtag frequency' command is executed.
21:03:22 INFO  : Context for processor 'microblaze_0' is selected.
21:03:22 INFO  : Processor reset is completed for 'microblaze_0'.
21:03:22 INFO  : Context for processor 'microblaze_0' is selected.
21:03:22 INFO  : The application 'C:/Users/labview/watchdog_intr/watchdog_intr.sdk/top/Debug/top.elf' is downloaded to processor 'microblaze_0'.
21:03:22 INFO  : ----------------XSDB Script----------------
connect -url tcp:127.0.0.1:3121
targets -set -nocase -filter {name =~ "microblaze*#0" && bscan=="USER2"  && jtag_cable_name =~ "Digilent Nexys4DDR 210292744993A"} -index 0
rst -processor
targets -set -nocase -filter {name =~ "microblaze*#0" && bscan=="USER2"  && jtag_cable_name =~ "Digilent Nexys4DDR 210292744993A"} -index 0
dow C:/Users/labview/watchdog_intr/watchdog_intr.sdk/top/Debug/top.elf
----------------End of Script----------------

21:03:22 INFO  : Memory regions updated for context MicroBlaze #0
21:03:22 INFO  : Memory regions updated for context MicroBlaze #0
21:03:22 INFO  : Context for processor 'microblaze_0' is selected.
21:03:22 INFO  : 'con' command is executed.
21:03:22 INFO  : ----------------XSDB Script (After Launch)----------------
targets -set -nocase -filter {name =~ "microblaze*#0" && bscan=="USER2"  && jtag_cable_name =~ "Digilent Nexys4DDR 210292744993A"} -index 0
con
----------------End of Script----------------

21:03:22 INFO  : Launch script is exported to file 'C:\Users\labview\watchdog_intr\watchdog_intr.sdk\.sdk\launch_scripts\xilinx_c-c++_application_(system_debugger)\system_debugger_using_debug_top.elf_on_local.tcl'
21:03:53 INFO  : Disconnected from the channel tcfchan#1.
21:03:54 INFO  : 'targets -set -filter {jtag_cable_name =~ "Digilent Nexys4DDR 210292744993A" && level==0} -index 0' command is executed.
21:03:54 INFO  : 'fpga -state' command is executed.
21:03:54 INFO  : Connected to target on host '127.0.0.1' and port '3121'.
21:03:54 INFO  : Jtag cable 'Digilent Nexys4DDR 210292744993A' is selected.
21:03:54 INFO  : 'jtag frequency' command is executed.
21:03:54 INFO  : Context for processor 'microblaze_0' is selected.
21:03:54 INFO  : Processor reset is completed for 'microblaze_0'.
21:03:54 INFO  : Context for processor 'microblaze_0' is selected.
21:03:54 INFO  : The application 'C:/Users/labview/watchdog_intr/watchdog_intr.sdk/top/Debug/top.elf' is downloaded to processor 'microblaze_0'.
21:03:54 INFO  : ----------------XSDB Script----------------
connect -url tcp:127.0.0.1:3121
targets -set -nocase -filter {name =~ "microblaze*#0" && bscan=="USER2"  && jtag_cable_name =~ "Digilent Nexys4DDR 210292744993A"} -index 0
rst -processor
targets -set -nocase -filter {name =~ "microblaze*#0" && bscan=="USER2"  && jtag_cable_name =~ "Digilent Nexys4DDR 210292744993A"} -index 0
dow C:/Users/labview/watchdog_intr/watchdog_intr.sdk/top/Debug/top.elf
----------------End of Script----------------

21:03:54 INFO  : Memory regions updated for context MicroBlaze #0
21:03:54 INFO  : Memory regions updated for context MicroBlaze #0
21:03:54 INFO  : Context for processor 'microblaze_0' is selected.
21:03:54 INFO  : 'con' command is executed.
21:03:54 INFO  : ----------------XSDB Script (After Launch)----------------
targets -set -nocase -filter {name =~ "microblaze*#0" && bscan=="USER2"  && jtag_cable_name =~ "Digilent Nexys4DDR 210292744993A"} -index 0
con
----------------End of Script----------------

21:03:54 INFO  : Launch script is exported to file 'C:\Users\labview\watchdog_intr\watchdog_intr.sdk\.sdk\launch_scripts\xilinx_c-c++_application_(system_debugger)\system_debugger_using_debug_top.elf_on_local.tcl'
21:04:21 INFO  : Disconnected from the channel tcfchan#2.
21:04:22 INFO  : 'targets -set -filter {jtag_cable_name =~ "Digilent Nexys4DDR 210292744993A" && level==0} -index 0' command is executed.
21:04:22 INFO  : 'fpga -state' command is executed.
21:04:22 INFO  : Connected to target on host '127.0.0.1' and port '3121'.
21:04:22 INFO  : Jtag cable 'Digilent Nexys4DDR 210292744993A' is selected.
21:04:22 INFO  : 'jtag frequency' command is executed.
21:04:25 ERROR : no targets found with "name =~ "microblaze*#0" && bscan=="USER2"  && jtag_cable_name =~ "Digilent Nexys4DDR 210292744993A"". available targets:
  1* xc7a100t
21:04:25 INFO  : ----------------XSDB Script----------------
connect -url tcp:127.0.0.1:3121
targets -set -nocase -filter {name =~ "microblaze*#0" && bscan=="USER2"  && jtag_cable_name =~ "Digilent Nexys4DDR 210292744993A"} -index 0
----------------End of Script----------------

21:04:43 INFO  : Connected to target on host '127.0.0.1' and port '3121'.
21:04:43 INFO  : 'targets -set -filter {jtag_cable_name =~ "Digilent Nexys4DDR 210292744993A" && level==0} -index 0' command is executed.
21:04:45 INFO  : FPGA configured successfully with bitstream "C:/Users/labview/watchdog_intr/watchdog_intr.sdk/design_1_wrapper_hw_platform_0/download.bit"
21:04:49 INFO  : 'targets -set -filter {jtag_cable_name =~ "Digilent Nexys4DDR 210292744993A" && level==0} -index 0' command is executed.
21:04:49 INFO  : 'fpga -state' command is executed.
21:04:49 INFO  : Connected to target on host '127.0.0.1' and port '3121'.
21:04:49 INFO  : Jtag cable 'Digilent Nexys4DDR 210292744993A' is selected.
21:04:49 INFO  : 'jtag frequency' command is executed.
21:04:49 INFO  : Context for processor 'microblaze_0' is selected.
21:04:49 INFO  : Processor reset is completed for 'microblaze_0'.
21:04:49 INFO  : Context for processor 'microblaze_0' is selected.
21:04:49 INFO  : The application 'C:/Users/labview/watchdog_intr/watchdog_intr.sdk/top/Debug/top.elf' is downloaded to processor 'microblaze_0'.
21:04:49 INFO  : ----------------XSDB Script----------------
connect -url tcp:127.0.0.1:3121
targets -set -nocase -filter {name =~ "microblaze*#0" && bscan=="USER2"  && jtag_cable_name =~ "Digilent Nexys4DDR 210292744993A"} -index 0
rst -processor
targets -set -nocase -filter {name =~ "microblaze*#0" && bscan=="USER2"  && jtag_cable_name =~ "Digilent Nexys4DDR 210292744993A"} -index 0
dow C:/Users/labview/watchdog_intr/watchdog_intr.sdk/top/Debug/top.elf
----------------End of Script----------------

21:04:49 INFO  : Memory regions updated for context MicroBlaze #0
21:04:49 INFO  : Memory regions updated for context MicroBlaze #0
21:04:49 INFO  : Context for processor 'microblaze_0' is selected.
21:04:49 INFO  : 'con' command is executed.
21:04:49 INFO  : ----------------XSDB Script (After Launch)----------------
targets -set -nocase -filter {name =~ "microblaze*#0" && bscan=="USER2"  && jtag_cable_name =~ "Digilent Nexys4DDR 210292744993A"} -index 0
con
----------------End of Script----------------

21:04:49 INFO  : Launch script is exported to file 'C:\Users\labview\watchdog_intr\watchdog_intr.sdk\.sdk\launch_scripts\xilinx_c-c++_application_(system_debugger)\system_debugger_using_debug_top.elf_on_local.tcl'
21:06:55 INFO  : Disconnected from the channel tcfchan#3.
21:06:56 INFO  : 'targets -set -filter {jtag_cable_name =~ "Digilent Nexys4DDR 210292744993A" && level==0} -index 0' command is executed.
21:06:56 INFO  : 'fpga -state' command is executed.
21:06:56 INFO  : Connected to target on host '127.0.0.1' and port '3121'.
21:06:56 INFO  : Jtag cable 'Digilent Nexys4DDR 210292744993A' is selected.
21:06:56 INFO  : 'jtag frequency' command is executed.
21:06:56 INFO  : Context for processor 'microblaze_0' is selected.
21:06:56 INFO  : Processor reset is completed for 'microblaze_0'.
21:06:56 INFO  : Context for processor 'microblaze_0' is selected.
21:06:56 INFO  : The application 'C:/Users/labview/watchdog_intr/watchdog_intr.sdk/top/Debug/top.elf' is downloaded to processor 'microblaze_0'.
21:06:56 INFO  : ----------------XSDB Script----------------
connect -url tcp:127.0.0.1:3121
targets -set -nocase -filter {name =~ "microblaze*#0" && bscan=="USER2"  && jtag_cable_name =~ "Digilent Nexys4DDR 210292744993A"} -index 0
rst -processor
targets -set -nocase -filter {name =~ "microblaze*#0" && bscan=="USER2"  && jtag_cable_name =~ "Digilent Nexys4DDR 210292744993A"} -index 0
dow C:/Users/labview/watchdog_intr/watchdog_intr.sdk/top/Debug/top.elf
----------------End of Script----------------

21:06:56 INFO  : Memory regions updated for context MicroBlaze #0
21:06:56 INFO  : Memory regions updated for context MicroBlaze #0
21:06:56 INFO  : Context for processor 'microblaze_0' is selected.
21:06:56 INFO  : 'con' command is executed.
21:06:56 INFO  : ----------------XSDB Script (After Launch)----------------
targets -set -nocase -filter {name =~ "microblaze*#0" && bscan=="USER2"  && jtag_cable_name =~ "Digilent Nexys4DDR 210292744993A"} -index 0
con
----------------End of Script----------------

21:06:56 INFO  : Launch script is exported to file 'C:\Users\labview\watchdog_intr\watchdog_intr.sdk\.sdk\launch_scripts\xilinx_c-c++_application_(system_debugger)\system_debugger_using_debug_top.elf_on_local.tcl'
21:07:17 INFO  : Disconnected from the channel tcfchan#4.
21:07:18 INFO  : 'targets -set -filter {jtag_cable_name =~ "Digilent Nexys4DDR 210292744993A" && level==0} -index 0' command is executed.
21:07:18 INFO  : 'fpga -state' command is executed.
21:07:18 INFO  : Connected to target on host '127.0.0.1' and port '3121'.
21:07:18 INFO  : Jtag cable 'Digilent Nexys4DDR 210292744993A' is selected.
21:07:18 INFO  : 'jtag frequency' command is executed.
21:07:18 INFO  : Context for processor 'microblaze_0' is selected.
21:07:18 INFO  : Processor reset is completed for 'microblaze_0'.
21:07:18 INFO  : Context for processor 'microblaze_0' is selected.
21:07:18 INFO  : The application 'C:/Users/labview/watchdog_intr/watchdog_intr.sdk/top/Debug/top.elf' is downloaded to processor 'microblaze_0'.
21:07:18 INFO  : ----------------XSDB Script----------------
connect -url tcp:127.0.0.1:3121
targets -set -nocase -filter {name =~ "microblaze*#0" && bscan=="USER2"  && jtag_cable_name =~ "Digilent Nexys4DDR 210292744993A"} -index 0
rst -processor
targets -set -nocase -filter {name =~ "microblaze*#0" && bscan=="USER2"  && jtag_cable_name =~ "Digilent Nexys4DDR 210292744993A"} -index 0
dow C:/Users/labview/watchdog_intr/watchdog_intr.sdk/top/Debug/top.elf
----------------End of Script----------------

21:07:18 INFO  : Memory regions updated for context MicroBlaze #0
21:07:18 INFO  : Memory regions updated for context MicroBlaze #0
21:07:18 INFO  : Context for processor 'microblaze_0' is selected.
21:07:19 INFO  : 'con' command is executed.
21:07:19 INFO  : ----------------XSDB Script (After Launch)----------------
targets -set -nocase -filter {name =~ "microblaze*#0" && bscan=="USER2"  && jtag_cable_name =~ "Digilent Nexys4DDR 210292744993A"} -index 0
con
----------------End of Script----------------

21:07:19 INFO  : Launch script is exported to file 'C:\Users\labview\watchdog_intr\watchdog_intr.sdk\.sdk\launch_scripts\xilinx_c-c++_application_(system_debugger)\system_debugger_using_debug_top.elf_on_local.tcl'
21:07:47 INFO  : Disconnected from the channel tcfchan#5.
21:07:48 INFO  : 'targets -set -filter {jtag_cable_name =~ "Digilent Nexys4DDR 210292744993A" && level==0} -index 0' command is executed.
21:07:48 INFO  : 'fpga -state' command is executed.
21:07:48 INFO  : Connected to target on host '127.0.0.1' and port '3121'.
21:07:48 INFO  : Jtag cable 'Digilent Nexys4DDR 210292744993A' is selected.
21:07:48 INFO  : 'jtag frequency' command is executed.
21:07:48 INFO  : Context for processor 'microblaze_0' is selected.
21:07:48 INFO  : Processor reset is completed for 'microblaze_0'.
21:07:48 INFO  : Context for processor 'microblaze_0' is selected.
21:07:49 INFO  : The application 'C:/Users/labview/watchdog_intr/watchdog_intr.sdk/top/Debug/top.elf' is downloaded to processor 'microblaze_0'.
21:07:49 INFO  : ----------------XSDB Script----------------
connect -url tcp:127.0.0.1:3121
targets -set -nocase -filter {name =~ "microblaze*#0" && bscan=="USER2"  && jtag_cable_name =~ "Digilent Nexys4DDR 210292744993A"} -index 0
rst -processor
targets -set -nocase -filter {name =~ "microblaze*#0" && bscan=="USER2"  && jtag_cable_name =~ "Digilent Nexys4DDR 210292744993A"} -index 0
dow C:/Users/labview/watchdog_intr/watchdog_intr.sdk/top/Debug/top.elf
----------------End of Script----------------

21:07:49 INFO  : Memory regions updated for context MicroBlaze #0
21:07:49 INFO  : Memory regions updated for context MicroBlaze #0
21:07:49 INFO  : Context for processor 'microblaze_0' is selected.
21:07:49 INFO  : 'con' command is executed.
21:07:49 INFO  : ----------------XSDB Script (After Launch)----------------
targets -set -nocase -filter {name =~ "microblaze*#0" && bscan=="USER2"  && jtag_cable_name =~ "Digilent Nexys4DDR 210292744993A"} -index 0
con
----------------End of Script----------------

21:07:49 INFO  : Launch script is exported to file 'C:\Users\labview\watchdog_intr\watchdog_intr.sdk\.sdk\launch_scripts\xilinx_c-c++_application_(system_debugger)\system_debugger_using_debug_top.elf_on_local.tcl'
21:08:54 INFO  : Disconnected from the channel tcfchan#6.
21:08:55 INFO  : 'targets -set -filter {jtag_cable_name =~ "Digilent Nexys4DDR 210292744993A" && level==0} -index 0' command is executed.
21:08:55 INFO  : 'fpga -state' command is executed.
21:08:55 INFO  : Connected to target on host '127.0.0.1' and port '3121'.
21:08:56 INFO  : Jtag cable 'Digilent Nexys4DDR 210292744993A' is selected.
21:08:56 INFO  : 'jtag frequency' command is executed.
21:08:56 INFO  : Context for processor 'microblaze_0' is selected.
21:08:56 INFO  : Processor reset is completed for 'microblaze_0'.
21:08:56 INFO  : Context for processor 'microblaze_0' is selected.
21:08:56 INFO  : The application 'C:/Users/labview/watchdog_intr/watchdog_intr.sdk/top/Debug/top.elf' is downloaded to processor 'microblaze_0'.
21:08:56 INFO  : ----------------XSDB Script----------------
connect -url tcp:127.0.0.1:3121
targets -set -nocase -filter {name =~ "microblaze*#0" && bscan=="USER2"  && jtag_cable_name =~ "Digilent Nexys4DDR 210292744993A"} -index 0
rst -processor
targets -set -nocase -filter {name =~ "microblaze*#0" && bscan=="USER2"  && jtag_cable_name =~ "Digilent Nexys4DDR 210292744993A"} -index 0
dow C:/Users/labview/watchdog_intr/watchdog_intr.sdk/top/Debug/top.elf
----------------End of Script----------------

21:08:56 INFO  : Memory regions updated for context MicroBlaze #0
21:08:56 INFO  : Memory regions updated for context MicroBlaze #0
21:08:56 INFO  : Context for processor 'microblaze_0' is selected.
21:08:56 INFO  : 'con' command is executed.
21:08:56 INFO  : ----------------XSDB Script (After Launch)----------------
targets -set -nocase -filter {name =~ "microblaze*#0" && bscan=="USER2"  && jtag_cable_name =~ "Digilent Nexys4DDR 210292744993A"} -index 0
con
----------------End of Script----------------

21:08:56 INFO  : Launch script is exported to file 'C:\Users\labview\watchdog_intr\watchdog_intr.sdk\.sdk\launch_scripts\xilinx_c-c++_application_(system_debugger)\system_debugger_using_debug_top.elf_on_local.tcl'
21:10:34 INFO  : Disconnected from the channel tcfchan#7.
21:10:35 INFO  : 'targets -set -filter {jtag_cable_name =~ "Digilent Nexys4DDR 210292744993A" && level==0} -index 0' command is executed.
21:10:35 INFO  : 'fpga -state' command is executed.
21:10:35 INFO  : Connected to target on host '127.0.0.1' and port '3121'.
21:10:35 INFO  : Jtag cable 'Digilent Nexys4DDR 210292744993A' is selected.
21:10:35 INFO  : 'jtag frequency' command is executed.
21:10:35 INFO  : Context for processor 'microblaze_0' is selected.
21:10:35 INFO  : Processor reset is completed for 'microblaze_0'.
21:10:35 INFO  : Context for processor 'microblaze_0' is selected.
21:10:35 INFO  : The application 'C:/Users/labview/watchdog_intr/watchdog_intr.sdk/top/Debug/top.elf' is downloaded to processor 'microblaze_0'.
21:10:35 INFO  : ----------------XSDB Script----------------
connect -url tcp:127.0.0.1:3121
targets -set -nocase -filter {name =~ "microblaze*#0" && bscan=="USER2"  && jtag_cable_name =~ "Digilent Nexys4DDR 210292744993A"} -index 0
rst -processor
targets -set -nocase -filter {name =~ "microblaze*#0" && bscan=="USER2"  && jtag_cable_name =~ "Digilent Nexys4DDR 210292744993A"} -index 0
dow C:/Users/labview/watchdog_intr/watchdog_intr.sdk/top/Debug/top.elf
----------------End of Script----------------

21:10:36 INFO  : Memory regions updated for context MicroBlaze #0
21:10:36 INFO  : Memory regions updated for context MicroBlaze #0
21:10:36 INFO  : Context for processor 'microblaze_0' is selected.
21:10:36 INFO  : 'con' command is executed.
21:10:36 INFO  : ----------------XSDB Script (After Launch)----------------
targets -set -nocase -filter {name =~ "microblaze*#0" && bscan=="USER2"  && jtag_cable_name =~ "Digilent Nexys4DDR 210292744993A"} -index 0
con
----------------End of Script----------------

21:10:36 INFO  : Launch script is exported to file 'C:\Users\labview\watchdog_intr\watchdog_intr.sdk\.sdk\launch_scripts\xilinx_c-c++_application_(system_debugger)\system_debugger_using_debug_top.elf_on_local.tcl'
21:13:18 INFO  : Disconnected from the channel tcfchan#8.
21:13:19 INFO  : 'targets -set -filter {jtag_cable_name =~ "Digilent Nexys4DDR 210292744993A" && level==0} -index 0' command is executed.
21:13:19 INFO  : 'fpga -state' command is executed.
21:13:19 INFO  : Connected to target on host '127.0.0.1' and port '3121'.
21:13:19 INFO  : Jtag cable 'Digilent Nexys4DDR 210292744993A' is selected.
21:13:19 INFO  : 'jtag frequency' command is executed.
21:13:19 INFO  : Context for processor 'microblaze_0' is selected.
21:13:19 INFO  : Processor reset is completed for 'microblaze_0'.
21:13:19 INFO  : Context for processor 'microblaze_0' is selected.
21:13:20 INFO  : The application 'C:/Users/labview/watchdog_intr/watchdog_intr.sdk/top/Debug/top.elf' is downloaded to processor 'microblaze_0'.
21:13:20 INFO  : ----------------XSDB Script----------------
connect -url tcp:127.0.0.1:3121
targets -set -nocase -filter {name =~ "microblaze*#0" && bscan=="USER2"  && jtag_cable_name =~ "Digilent Nexys4DDR 210292744993A"} -index 0
rst -processor
targets -set -nocase -filter {name =~ "microblaze*#0" && bscan=="USER2"  && jtag_cable_name =~ "Digilent Nexys4DDR 210292744993A"} -index 0
dow C:/Users/labview/watchdog_intr/watchdog_intr.sdk/top/Debug/top.elf
----------------End of Script----------------

21:13:20 INFO  : Memory regions updated for context MicroBlaze #0
21:13:20 INFO  : Memory regions updated for context MicroBlaze #0
21:13:20 INFO  : Context for processor 'microblaze_0' is selected.
21:13:20 INFO  : 'con' command is executed.
21:13:20 INFO  : ----------------XSDB Script (After Launch)----------------
targets -set -nocase -filter {name =~ "microblaze*#0" && bscan=="USER2"  && jtag_cable_name =~ "Digilent Nexys4DDR 210292744993A"} -index 0
con
----------------End of Script----------------

21:13:20 INFO  : Launch script is exported to file 'C:\Users\labview\watchdog_intr\watchdog_intr.sdk\.sdk\launch_scripts\xilinx_c-c++_application_(system_debugger)\system_debugger_using_debug_top.elf_on_local.tcl'
21:13:30 INFO  : Disconnected from the channel tcfchan#9.
21:13:31 INFO  : 'targets -set -filter {jtag_cable_name =~ "Digilent Nexys4DDR 210292744993A" && level==0} -index 0' command is executed.
21:13:31 INFO  : 'fpga -state' command is executed.
21:13:31 INFO  : Connected to target on host '127.0.0.1' and port '3121'.
21:13:31 INFO  : Jtag cable 'Digilent Nexys4DDR 210292744993A' is selected.
21:13:31 INFO  : 'jtag frequency' command is executed.
21:13:31 INFO  : Context for processor 'microblaze_0' is selected.
21:13:31 INFO  : Processor reset is completed for 'microblaze_0'.
21:13:31 INFO  : Context for processor 'microblaze_0' is selected.
21:13:31 INFO  : The application 'C:/Users/labview/watchdog_intr/watchdog_intr.sdk/top/Debug/top.elf' is downloaded to processor 'microblaze_0'.
21:13:31 INFO  : ----------------XSDB Script----------------
connect -url tcp:127.0.0.1:3121
targets -set -nocase -filter {name =~ "microblaze*#0" && bscan=="USER2"  && jtag_cable_name =~ "Digilent Nexys4DDR 210292744993A"} -index 0
rst -processor
targets -set -nocase -filter {name =~ "microblaze*#0" && bscan=="USER2"  && jtag_cable_name =~ "Digilent Nexys4DDR 210292744993A"} -index 0
dow C:/Users/labview/watchdog_intr/watchdog_intr.sdk/top/Debug/top.elf
----------------End of Script----------------

21:13:32 INFO  : Memory regions updated for context MicroBlaze #0
21:13:32 INFO  : Memory regions updated for context MicroBlaze #0
21:13:32 INFO  : Context for processor 'microblaze_0' is selected.
21:13:32 INFO  : 'con' command is executed.
21:13:32 INFO  : ----------------XSDB Script (After Launch)----------------
targets -set -nocase -filter {name =~ "microblaze*#0" && bscan=="USER2"  && jtag_cable_name =~ "Digilent Nexys4DDR 210292744993A"} -index 0
con
----------------End of Script----------------

21:13:32 INFO  : Launch script is exported to file 'C:\Users\labview\watchdog_intr\watchdog_intr.sdk\.sdk\launch_scripts\xilinx_c-c++_application_(system_debugger)\system_debugger_using_debug_top.elf_on_local.tcl'
21:15:12 INFO  : Connected to target on host '127.0.0.1' and port '3121'.
21:15:13 INFO  : 'targets -set -filter {jtag_cable_name =~ "Digilent Nexys4DDR 210292744993A" && level==0} -index 0' command is executed.
21:15:15 INFO  : FPGA configured successfully with bitstream "C:/Users/labview/watchdog_intr/watchdog_intr.sdk/design_1_wrapper_hw_platform_0/download.bit"
21:15:21 INFO  : Disconnected from the channel tcfchan#10.
21:15:22 INFO  : 'targets -set -filter {jtag_cable_name =~ "Digilent Nexys4DDR 210292744993A" && level==0} -index 0' command is executed.
21:15:22 INFO  : 'fpga -state' command is executed.
21:15:22 INFO  : Connected to target on host '127.0.0.1' and port '3121'.
21:15:22 INFO  : Jtag cable 'Digilent Nexys4DDR 210292744993A' is selected.
21:15:22 INFO  : 'jtag frequency' command is executed.
21:15:22 INFO  : Context for processor 'microblaze_0' is selected.
21:15:22 INFO  : Processor reset is completed for 'microblaze_0'.
21:15:22 INFO  : Context for processor 'microblaze_0' is selected.
21:15:22 INFO  : The application 'C:/Users/labview/watchdog_intr/watchdog_intr.sdk/top/Debug/top.elf' is downloaded to processor 'microblaze_0'.
21:15:22 INFO  : ----------------XSDB Script----------------
connect -url tcp:127.0.0.1:3121
targets -set -nocase -filter {name =~ "microblaze*#0" && bscan=="USER2"  && jtag_cable_name =~ "Digilent Nexys4DDR 210292744993A"} -index 0
rst -processor
targets -set -nocase -filter {name =~ "microblaze*#0" && bscan=="USER2"  && jtag_cable_name =~ "Digilent Nexys4DDR 210292744993A"} -index 0
dow C:/Users/labview/watchdog_intr/watchdog_intr.sdk/top/Debug/top.elf
----------------End of Script----------------

21:15:22 INFO  : Memory regions updated for context MicroBlaze #0
21:15:22 INFO  : Memory regions updated for context MicroBlaze #0
21:15:22 INFO  : Context for processor 'microblaze_0' is selected.
21:15:22 INFO  : 'con' command is executed.
21:15:22 INFO  : ----------------XSDB Script (After Launch)----------------
targets -set -nocase -filter {name =~ "microblaze*#0" && bscan=="USER2"  && jtag_cable_name =~ "Digilent Nexys4DDR 210292744993A"} -index 0
con
----------------End of Script----------------

21:15:22 INFO  : Launch script is exported to file 'C:\Users\labview\watchdog_intr\watchdog_intr.sdk\.sdk\launch_scripts\xilinx_c-c++_application_(system_debugger)\system_debugger_using_debug_top.elf_on_local.tcl'
21:16:03 INFO  : Disconnected from the channel tcfchan#11.
21:16:04 INFO  : 'targets -set -filter {jtag_cable_name =~ "Digilent Nexys4DDR 210292744993A" && level==0} -index 0' command is executed.
21:16:04 INFO  : 'fpga -state' command is executed.
21:16:04 INFO  : Connected to target on host '127.0.0.1' and port '3121'.
21:16:05 INFO  : Jtag cable 'Digilent Nexys4DDR 210292744993A' is selected.
21:16:05 INFO  : 'jtag frequency' command is executed.
21:16:05 INFO  : Context for processor 'microblaze_0' is selected.
21:16:05 INFO  : Processor reset is completed for 'microblaze_0'.
21:16:05 INFO  : Context for processor 'microblaze_0' is selected.
21:16:05 INFO  : The application 'C:/Users/labview/watchdog_intr/watchdog_intr.sdk/top/Debug/top.elf' is downloaded to processor 'microblaze_0'.
21:16:05 INFO  : ----------------XSDB Script----------------
connect -url tcp:127.0.0.1:3121
targets -set -nocase -filter {name =~ "microblaze*#0" && bscan=="USER2"  && jtag_cable_name =~ "Digilent Nexys4DDR 210292744993A"} -index 0
rst -processor
targets -set -nocase -filter {name =~ "microblaze*#0" && bscan=="USER2"  && jtag_cable_name =~ "Digilent Nexys4DDR 210292744993A"} -index 0
dow C:/Users/labview/watchdog_intr/watchdog_intr.sdk/top/Debug/top.elf
----------------End of Script----------------

21:16:05 INFO  : Memory regions updated for context MicroBlaze #0
21:16:05 INFO  : Memory regions updated for context MicroBlaze #0
21:16:05 INFO  : Context for processor 'microblaze_0' is selected.
21:16:05 INFO  : 'con' command is executed.
21:16:05 INFO  : ----------------XSDB Script (After Launch)----------------
targets -set -nocase -filter {name =~ "microblaze*#0" && bscan=="USER2"  && jtag_cable_name =~ "Digilent Nexys4DDR 210292744993A"} -index 0
con
----------------End of Script----------------

21:16:05 INFO  : Launch script is exported to file 'C:\Users\labview\watchdog_intr\watchdog_intr.sdk\.sdk\launch_scripts\xilinx_c-c++_application_(system_debugger)\system_debugger_using_debug_top.elf_on_local.tcl'
21:24:07 INFO  : Disconnected from the channel tcfchan#12.
