
*** Running vivado
    with args -log design_1_wrapper.vds -m64 -product Vivado -mode batch -messageDb vivado.pb -notrace -source design_1_wrapper.tcl


****** Vivado v2017.4 (64-bit)
  **** SW Build 2086221 on Fri Dec 15 20:55:39 MST 2017
  **** IP Build 2085800 on Fri Dec 15 22:25:07 MST 2017
    ** Copyright 1986-2017 Xilinx, Inc. All Rights Reserved.

source design_1_wrapper.tcl -notrace
INFO: [IP_Flow 19-234] Refreshing IP repositories
INFO: [IP_Flow 19-1704] No user IP repositories specified
INFO: [IP_Flow 19-2313] Loaded Vivado IP repository 'C:/Xilinx/Vivado/2017.4/data/ip'.
Command: synth_design -top design_1_wrapper -part xc7a100tcsg324-1
Starting synth_design
Attempting to get a license for feature 'Synthesis' and/or device 'xc7a100t'
INFO: [Common 17-349] Got license for feature 'Synthesis' and/or device 'xc7a100t'
INFO: Launching helper process for spawning children vivado processes
INFO: Helper process launched with PID 9044 
---------------------------------------------------------------------------------
Starting RTL Elaboration : Time (s): cpu = 00:00:05 ; elapsed = 00:00:05 . Memory (MB): peak = 455.672 ; gain = 101.188
---------------------------------------------------------------------------------
INFO: [Synth 8-638] synthesizing module 'design_1_wrapper' [C:/Users/labview/watchdog_intr/watchdog_intr.srcs/sources_1/bd/design_1/hdl/design_1_wrapper.v:12]
INFO: [Synth 8-638] synthesizing module 'design_1' [C:/Users/labview/watchdog_intr/watchdog_intr.srcs/sources_1/bd/design_1/synth/design_1.v:13]
INFO: [Synth 8-638] synthesizing module 'design_1_axi_intc_0_0' [C:/Users/labview/watchdog_intr/watchdog_intr.runs/synth_1/.Xil/Vivado-6824-DESKTOP-7PABT0M/realtime/design_1_axi_intc_0_0_stub.v:6]
INFO: [Synth 8-256] done synthesizing module 'design_1_axi_intc_0_0' (1#1) [C:/Users/labview/watchdog_intr/watchdog_intr.runs/synth_1/.Xil/Vivado-6824-DESKTOP-7PABT0M/realtime/design_1_axi_intc_0_0_stub.v:6]
INFO: [Synth 8-638] synthesizing module 'design_1_axi_timebase_wdt_0_0' [C:/Users/labview/watchdog_intr/watchdog_intr.runs/synth_1/.Xil/Vivado-6824-DESKTOP-7PABT0M/realtime/design_1_axi_timebase_wdt_0_0_stub.v:6]
INFO: [Synth 8-256] done synthesizing module 'design_1_axi_timebase_wdt_0_0' (2#1) [C:/Users/labview/watchdog_intr/watchdog_intr.runs/synth_1/.Xil/Vivado-6824-DESKTOP-7PABT0M/realtime/design_1_axi_timebase_wdt_0_0_stub.v:6]
WARNING: [Synth 8-350] instance 'axi_timebase_wdt_0' of module 'design_1_axi_timebase_wdt_0_0' requires 23 connections, but only 21 given [C:/Users/labview/watchdog_intr/watchdog_intr.srcs/sources_1/bd/design_1/synth/design_1.v:161]
INFO: [Synth 8-638] synthesizing module 'design_1_axi_uartlite_0_0' [C:/Users/labview/watchdog_intr/watchdog_intr.runs/synth_1/.Xil/Vivado-6824-DESKTOP-7PABT0M/realtime/design_1_axi_uartlite_0_0_stub.v:6]
INFO: [Synth 8-256] done synthesizing module 'design_1_axi_uartlite_0_0' (3#1) [C:/Users/labview/watchdog_intr/watchdog_intr.runs/synth_1/.Xil/Vivado-6824-DESKTOP-7PABT0M/realtime/design_1_axi_uartlite_0_0_stub.v:6]
WARNING: [Synth 8-350] instance 'axi_uartlite_0' of module 'design_1_axi_uartlite_0_0' requires 22 connections, but only 21 given [C:/Users/labview/watchdog_intr/watchdog_intr.srcs/sources_1/bd/design_1/synth/design_1.v:183]
INFO: [Synth 8-638] synthesizing module 'design_1_clk_wiz_1_0' [C:/Users/labview/watchdog_intr/watchdog_intr.runs/synth_1/.Xil/Vivado-6824-DESKTOP-7PABT0M/realtime/design_1_clk_wiz_1_0_stub.v:5]
INFO: [Synth 8-256] done synthesizing module 'design_1_clk_wiz_1_0' (4#1) [C:/Users/labview/watchdog_intr/watchdog_intr.runs/synth_1/.Xil/Vivado-6824-DESKTOP-7PABT0M/realtime/design_1_clk_wiz_1_0_stub.v:5]
INFO: [Synth 8-638] synthesizing module 'design_1_mdm_1_0' [C:/Users/labview/watchdog_intr/watchdog_intr.runs/synth_1/.Xil/Vivado-6824-DESKTOP-7PABT0M/realtime/design_1_mdm_1_0_stub.v:6]
INFO: [Synth 8-256] done synthesizing module 'design_1_mdm_1_0' (5#1) [C:/Users/labview/watchdog_intr/watchdog_intr.runs/synth_1/.Xil/Vivado-6824-DESKTOP-7PABT0M/realtime/design_1_mdm_1_0_stub.v:6]
INFO: [Synth 8-638] synthesizing module 'design_1_microblaze_0_0' [C:/Users/labview/watchdog_intr/watchdog_intr.runs/synth_1/.Xil/Vivado-6824-DESKTOP-7PABT0M/realtime/design_1_microblaze_0_0_stub.v:6]
INFO: [Synth 8-256] done synthesizing module 'design_1_microblaze_0_0' (6#1) [C:/Users/labview/watchdog_intr/watchdog_intr.runs/synth_1/.Xil/Vivado-6824-DESKTOP-7PABT0M/realtime/design_1_microblaze_0_0_stub.v:6]
WARNING: [Synth 8-350] instance 'microblaze_0' of module 'design_1_microblaze_0_0' requires 52 connections, but only 51 given [C:/Users/labview/watchdog_intr/watchdog_intr.srcs/sources_1/bd/design_1/synth/design_1.v:223]
INFO: [Synth 8-638] synthesizing module 'design_1_microblaze_0_axi_periph_0' [C:/Users/labview/watchdog_intr/watchdog_intr.srcs/sources_1/bd/design_1/synth/design_1.v:390]
INFO: [Synth 8-638] synthesizing module 'm00_couplers_imp_8RVYHO' [C:/Users/labview/watchdog_intr/watchdog_intr.srcs/sources_1/bd/design_1/synth/design_1.v:984]
INFO: [Synth 8-256] done synthesizing module 'm00_couplers_imp_8RVYHO' (7#1) [C:/Users/labview/watchdog_intr/watchdog_intr.srcs/sources_1/bd/design_1/synth/design_1.v:984]
INFO: [Synth 8-638] synthesizing module 'm01_couplers_imp_1UTB3Y5' [C:/Users/labview/watchdog_intr/watchdog_intr.srcs/sources_1/bd/design_1/synth/design_1.v:1116]
INFO: [Synth 8-256] done synthesizing module 'm01_couplers_imp_1UTB3Y5' (8#1) [C:/Users/labview/watchdog_intr/watchdog_intr.srcs/sources_1/bd/design_1/synth/design_1.v:1116]
INFO: [Synth 8-638] synthesizing module 'm02_couplers_imp_7ANRHB' [C:/Users/labview/watchdog_intr/watchdog_intr.srcs/sources_1/bd/design_1/synth/design_1.v:1248]
INFO: [Synth 8-256] done synthesizing module 'm02_couplers_imp_7ANRHB' (9#1) [C:/Users/labview/watchdog_intr/watchdog_intr.srcs/sources_1/bd/design_1/synth/design_1.v:1248]
INFO: [Synth 8-638] synthesizing module 's00_couplers_imp_1RZP34U' [C:/Users/labview/watchdog_intr/watchdog_intr.srcs/sources_1/bd/design_1/synth/design_1.v:1614]
INFO: [Synth 8-256] done synthesizing module 's00_couplers_imp_1RZP34U' (10#1) [C:/Users/labview/watchdog_intr/watchdog_intr.srcs/sources_1/bd/design_1/synth/design_1.v:1614]
INFO: [Synth 8-638] synthesizing module 'design_1_xbar_0' [C:/Users/labview/watchdog_intr/watchdog_intr.runs/synth_1/.Xil/Vivado-6824-DESKTOP-7PABT0M/realtime/design_1_xbar_0_stub.v:6]
INFO: [Synth 8-256] done synthesizing module 'design_1_xbar_0' (11#1) [C:/Users/labview/watchdog_intr/watchdog_intr.runs/synth_1/.Xil/Vivado-6824-DESKTOP-7PABT0M/realtime/design_1_xbar_0_stub.v:6]
WARNING: [Synth 8-350] instance 'xbar' of module 'design_1_xbar_0' requires 40 connections, but only 38 given [C:/Users/labview/watchdog_intr/watchdog_intr.srcs/sources_1/bd/design_1/synth/design_1.v:943]
INFO: [Synth 8-256] done synthesizing module 'design_1_microblaze_0_axi_periph_0' (12#1) [C:/Users/labview/watchdog_intr/watchdog_intr.srcs/sources_1/bd/design_1/synth/design_1.v:390]
INFO: [Synth 8-638] synthesizing module 'microblaze_0_local_memory_imp_1K0VQXK' [C:/Users/labview/watchdog_intr/watchdog_intr.srcs/sources_1/bd/design_1/synth/design_1.v:1380]
INFO: [Synth 8-638] synthesizing module 'design_1_dlmb_bram_if_cntlr_0' [C:/Users/labview/watchdog_intr/watchdog_intr.runs/synth_1/.Xil/Vivado-6824-DESKTOP-7PABT0M/realtime/design_1_dlmb_bram_if_cntlr_0_stub.v:6]
INFO: [Synth 8-256] done synthesizing module 'design_1_dlmb_bram_if_cntlr_0' (13#1) [C:/Users/labview/watchdog_intr/watchdog_intr.runs/synth_1/.Xil/Vivado-6824-DESKTOP-7PABT0M/realtime/design_1_dlmb_bram_if_cntlr_0_stub.v:6]
INFO: [Synth 8-638] synthesizing module 'design_1_dlmb_v10_0' [C:/Users/labview/watchdog_intr/watchdog_intr.runs/synth_1/.Xil/Vivado-6824-DESKTOP-7PABT0M/realtime/design_1_dlmb_v10_0_stub.v:6]
INFO: [Synth 8-256] done synthesizing module 'design_1_dlmb_v10_0' (14#1) [C:/Users/labview/watchdog_intr/watchdog_intr.runs/synth_1/.Xil/Vivado-6824-DESKTOP-7PABT0M/realtime/design_1_dlmb_v10_0_stub.v:6]
WARNING: [Synth 8-350] instance 'dlmb_v10' of module 'design_1_dlmb_v10_0' requires 25 connections, but only 24 given [C:/Users/labview/watchdog_intr/watchdog_intr.srcs/sources_1/bd/design_1/synth/design_1.v:1526]
INFO: [Synth 8-638] synthesizing module 'design_1_ilmb_bram_if_cntlr_0' [C:/Users/labview/watchdog_intr/watchdog_intr.runs/synth_1/.Xil/Vivado-6824-DESKTOP-7PABT0M/realtime/design_1_ilmb_bram_if_cntlr_0_stub.v:6]
INFO: [Synth 8-256] done synthesizing module 'design_1_ilmb_bram_if_cntlr_0' (15#1) [C:/Users/labview/watchdog_intr/watchdog_intr.runs/synth_1/.Xil/Vivado-6824-DESKTOP-7PABT0M/realtime/design_1_ilmb_bram_if_cntlr_0_stub.v:6]
INFO: [Synth 8-638] synthesizing module 'design_1_ilmb_v10_0' [C:/Users/labview/watchdog_intr/watchdog_intr.runs/synth_1/.Xil/Vivado-6824-DESKTOP-7PABT0M/realtime/design_1_ilmb_v10_0_stub.v:6]
INFO: [Synth 8-256] done synthesizing module 'design_1_ilmb_v10_0' (16#1) [C:/Users/labview/watchdog_intr/watchdog_intr.runs/synth_1/.Xil/Vivado-6824-DESKTOP-7PABT0M/realtime/design_1_ilmb_v10_0_stub.v:6]
WARNING: [Synth 8-350] instance 'ilmb_v10' of module 'design_1_ilmb_v10_0' requires 25 connections, but only 24 given [C:/Users/labview/watchdog_intr/watchdog_intr.srcs/sources_1/bd/design_1/synth/design_1.v:1572]
INFO: [Synth 8-638] synthesizing module 'design_1_lmb_bram_0' [C:/Users/labview/watchdog_intr/watchdog_intr.runs/synth_1/.Xil/Vivado-6824-DESKTOP-7PABT0M/realtime/design_1_lmb_bram_0_stub.v:6]
INFO: [Synth 8-256] done synthesizing module 'design_1_lmb_bram_0' (17#1) [C:/Users/labview/watchdog_intr/watchdog_intr.runs/synth_1/.Xil/Vivado-6824-DESKTOP-7PABT0M/realtime/design_1_lmb_bram_0_stub.v:6]
WARNING: [Synth 8-350] instance 'lmb_bram' of module 'design_1_lmb_bram_0' requires 16 connections, but only 14 given [C:/Users/labview/watchdog_intr/watchdog_intr.srcs/sources_1/bd/design_1/synth/design_1.v:1597]
INFO: [Synth 8-256] done synthesizing module 'microblaze_0_local_memory_imp_1K0VQXK' (18#1) [C:/Users/labview/watchdog_intr/watchdog_intr.srcs/sources_1/bd/design_1/synth/design_1.v:1380]
INFO: [Synth 8-638] synthesizing module 'design_1_rst_clk_wiz_1_100M_0' [C:/Users/labview/watchdog_intr/watchdog_intr.runs/synth_1/.Xil/Vivado-6824-DESKTOP-7PABT0M/realtime/design_1_rst_clk_wiz_1_100M_0_stub.v:6]
INFO: [Synth 8-256] done synthesizing module 'design_1_rst_clk_wiz_1_100M_0' (19#1) [C:/Users/labview/watchdog_intr/watchdog_intr.runs/synth_1/.Xil/Vivado-6824-DESKTOP-7PABT0M/realtime/design_1_rst_clk_wiz_1_100M_0_stub.v:6]
WARNING: [Synth 8-350] instance 'rst_clk_wiz_1_100M' of module 'design_1_rst_clk_wiz_1_100M_0' requires 10 connections, but only 9 given [C:/Users/labview/watchdog_intr/watchdog_intr.srcs/sources_1/bd/design_1/synth/design_1.v:378]
INFO: [Synth 8-256] done synthesizing module 'design_1' (20#1) [C:/Users/labview/watchdog_intr/watchdog_intr.srcs/sources_1/bd/design_1/synth/design_1.v:13]
INFO: [Synth 8-256] done synthesizing module 'design_1_wrapper' (21#1) [C:/Users/labview/watchdog_intr/watchdog_intr.srcs/sources_1/bd/design_1/hdl/design_1_wrapper.v:12]
WARNING: [Synth 8-3331] design s00_couplers_imp_1RZP34U has unconnected port M_ACLK
WARNING: [Synth 8-3331] design s00_couplers_imp_1RZP34U has unconnected port M_ARESETN
WARNING: [Synth 8-3331] design s00_couplers_imp_1RZP34U has unconnected port S_ACLK
WARNING: [Synth 8-3331] design s00_couplers_imp_1RZP34U has unconnected port S_ARESETN
WARNING: [Synth 8-3331] design m02_couplers_imp_7ANRHB has unconnected port M_ACLK
WARNING: [Synth 8-3331] design m02_couplers_imp_7ANRHB has unconnected port M_ARESETN
WARNING: [Synth 8-3331] design m02_couplers_imp_7ANRHB has unconnected port S_ACLK
WARNING: [Synth 8-3331] design m02_couplers_imp_7ANRHB has unconnected port S_ARESETN
WARNING: [Synth 8-3331] design m01_couplers_imp_1UTB3Y5 has unconnected port M_ACLK
WARNING: [Synth 8-3331] design m01_couplers_imp_1UTB3Y5 has unconnected port M_ARESETN
WARNING: [Synth 8-3331] design m01_couplers_imp_1UTB3Y5 has unconnected port S_ACLK
WARNING: [Synth 8-3331] design m01_couplers_imp_1UTB3Y5 has unconnected port S_ARESETN
WARNING: [Synth 8-3331] design m00_couplers_imp_8RVYHO has unconnected port M_ACLK
WARNING: [Synth 8-3331] design m00_couplers_imp_8RVYHO has unconnected port M_ARESETN
WARNING: [Synth 8-3331] design m00_couplers_imp_8RVYHO has unconnected port S_ACLK
WARNING: [Synth 8-3331] design m00_couplers_imp_8RVYHO has unconnected port S_ARESETN
---------------------------------------------------------------------------------
Finished RTL Elaboration : Time (s): cpu = 00:00:05 ; elapsed = 00:00:06 . Memory (MB): peak = 507.863 ; gain = 153.379
---------------------------------------------------------------------------------

Report Check Netlist: 
+------+------------------+-------+---------+-------+------------------+
|      |Item              |Errors |Warnings |Status |Description       |
+------+------------------+-------+---------+-------+------------------+
|1     |multi_driven_nets |      0|        0|Passed |Multi driven nets |
+------+------------------+-------+---------+-------+------------------+
---------------------------------------------------------------------------------
Finished RTL Optimization Phase 1 : Time (s): cpu = 00:00:06 ; elapsed = 00:00:06 . Memory (MB): peak = 507.863 ; gain = 153.379
---------------------------------------------------------------------------------
INFO: [Device 21-403] Loading part xc7a100tcsg324-1
INFO: [Project 1-570] Preparing netlist for logic optimization

Processing XDC Constraints
Initializing timing engine
Parsing XDC File [C:/Users/labview/watchdog_intr/watchdog_intr.runs/synth_1/.Xil/Vivado-6824-DESKTOP-7PABT0M/dcp13/design_1_microblaze_0_0_in_context.xdc] for cell 'design_1_i/microblaze_0'
Finished Parsing XDC File [C:/Users/labview/watchdog_intr/watchdog_intr.runs/synth_1/.Xil/Vivado-6824-DESKTOP-7PABT0M/dcp13/design_1_microblaze_0_0_in_context.xdc] for cell 'design_1_i/microblaze_0'
Parsing XDC File [C:/Users/labview/watchdog_intr/watchdog_intr.runs/synth_1/.Xil/Vivado-6824-DESKTOP-7PABT0M/dcp14/design_1_mdm_1_0_in_context.xdc] for cell 'design_1_i/mdm_1'
Finished Parsing XDC File [C:/Users/labview/watchdog_intr/watchdog_intr.runs/synth_1/.Xil/Vivado-6824-DESKTOP-7PABT0M/dcp14/design_1_mdm_1_0_in_context.xdc] for cell 'design_1_i/mdm_1'
Parsing XDC File [C:/Users/labview/watchdog_intr/watchdog_intr.runs/synth_1/.Xil/Vivado-6824-DESKTOP-7PABT0M/dcp15/design_1_clk_wiz_1_0_in_context.xdc] for cell 'design_1_i/clk_wiz_1'
Finished Parsing XDC File [C:/Users/labview/watchdog_intr/watchdog_intr.runs/synth_1/.Xil/Vivado-6824-DESKTOP-7PABT0M/dcp15/design_1_clk_wiz_1_0_in_context.xdc] for cell 'design_1_i/clk_wiz_1'
Parsing XDC File [C:/Users/labview/watchdog_intr/watchdog_intr.runs/synth_1/.Xil/Vivado-6824-DESKTOP-7PABT0M/dcp16/design_1_rst_clk_wiz_1_100M_0_in_context.xdc] for cell 'design_1_i/rst_clk_wiz_1_100M'
Finished Parsing XDC File [C:/Users/labview/watchdog_intr/watchdog_intr.runs/synth_1/.Xil/Vivado-6824-DESKTOP-7PABT0M/dcp16/design_1_rst_clk_wiz_1_100M_0_in_context.xdc] for cell 'design_1_i/rst_clk_wiz_1_100M'
Parsing XDC File [C:/Users/labview/watchdog_intr/watchdog_intr.runs/synth_1/.Xil/Vivado-6824-DESKTOP-7PABT0M/dcp17/design_1_axi_uartlite_0_0_in_context.xdc] for cell 'design_1_i/axi_uartlite_0'
Finished Parsing XDC File [C:/Users/labview/watchdog_intr/watchdog_intr.runs/synth_1/.Xil/Vivado-6824-DESKTOP-7PABT0M/dcp17/design_1_axi_uartlite_0_0_in_context.xdc] for cell 'design_1_i/axi_uartlite_0'
Parsing XDC File [C:/Users/labview/watchdog_intr/watchdog_intr.runs/synth_1/.Xil/Vivado-6824-DESKTOP-7PABT0M/dcp18/design_1_axi_timebase_wdt_0_0_in_context.xdc] for cell 'design_1_i/axi_timebase_wdt_0'
Finished Parsing XDC File [C:/Users/labview/watchdog_intr/watchdog_intr.runs/synth_1/.Xil/Vivado-6824-DESKTOP-7PABT0M/dcp18/design_1_axi_timebase_wdt_0_0_in_context.xdc] for cell 'design_1_i/axi_timebase_wdt_0'
Parsing XDC File [C:/Users/labview/watchdog_intr/watchdog_intr.runs/synth_1/.Xil/Vivado-6824-DESKTOP-7PABT0M/dcp19/design_1_axi_intc_0_0_in_context.xdc] for cell 'design_1_i/axi_intc_0'
Finished Parsing XDC File [C:/Users/labview/watchdog_intr/watchdog_intr.runs/synth_1/.Xil/Vivado-6824-DESKTOP-7PABT0M/dcp19/design_1_axi_intc_0_0_in_context.xdc] for cell 'design_1_i/axi_intc_0'
Parsing XDC File [C:/Users/labview/watchdog_intr/watchdog_intr.runs/synth_1/.Xil/Vivado-6824-DESKTOP-7PABT0M/dcp20/design_1_xbar_0_in_context.xdc] for cell 'design_1_i/microblaze_0_axi_periph/xbar'
Finished Parsing XDC File [C:/Users/labview/watchdog_intr/watchdog_intr.runs/synth_1/.Xil/Vivado-6824-DESKTOP-7PABT0M/dcp20/design_1_xbar_0_in_context.xdc] for cell 'design_1_i/microblaze_0_axi_periph/xbar'
Parsing XDC File [C:/Users/labview/watchdog_intr/watchdog_intr.runs/synth_1/.Xil/Vivado-6824-DESKTOP-7PABT0M/dcp21/design_1_dlmb_v10_0_in_context.xdc] for cell 'design_1_i/microblaze_0_local_memory/dlmb_v10'
Finished Parsing XDC File [C:/Users/labview/watchdog_intr/watchdog_intr.runs/synth_1/.Xil/Vivado-6824-DESKTOP-7PABT0M/dcp21/design_1_dlmb_v10_0_in_context.xdc] for cell 'design_1_i/microblaze_0_local_memory/dlmb_v10'
Parsing XDC File [C:/Users/labview/watchdog_intr/watchdog_intr.runs/synth_1/.Xil/Vivado-6824-DESKTOP-7PABT0M/dcp22/design_1_dlmb_v10_0_in_context.xdc] for cell 'design_1_i/microblaze_0_local_memory/ilmb_v10'
Finished Parsing XDC File [C:/Users/labview/watchdog_intr/watchdog_intr.runs/synth_1/.Xil/Vivado-6824-DESKTOP-7PABT0M/dcp22/design_1_dlmb_v10_0_in_context.xdc] for cell 'design_1_i/microblaze_0_local_memory/ilmb_v10'
Parsing XDC File [C:/Users/labview/watchdog_intr/watchdog_intr.runs/synth_1/.Xil/Vivado-6824-DESKTOP-7PABT0M/dcp23/design_1_dlmb_bram_if_cntlr_0_in_context.xdc] for cell 'design_1_i/microblaze_0_local_memory/dlmb_bram_if_cntlr'
Finished Parsing XDC File [C:/Users/labview/watchdog_intr/watchdog_intr.runs/synth_1/.Xil/Vivado-6824-DESKTOP-7PABT0M/dcp23/design_1_dlmb_bram_if_cntlr_0_in_context.xdc] for cell 'design_1_i/microblaze_0_local_memory/dlmb_bram_if_cntlr'
Parsing XDC File [C:/Users/labview/watchdog_intr/watchdog_intr.runs/synth_1/.Xil/Vivado-6824-DESKTOP-7PABT0M/dcp24/design_1_ilmb_bram_if_cntlr_0_in_context.xdc] for cell 'design_1_i/microblaze_0_local_memory/ilmb_bram_if_cntlr'
Finished Parsing XDC File [C:/Users/labview/watchdog_intr/watchdog_intr.runs/synth_1/.Xil/Vivado-6824-DESKTOP-7PABT0M/dcp24/design_1_ilmb_bram_if_cntlr_0_in_context.xdc] for cell 'design_1_i/microblaze_0_local_memory/ilmb_bram_if_cntlr'
Parsing XDC File [C:/Users/labview/watchdog_intr/watchdog_intr.runs/synth_1/.Xil/Vivado-6824-DESKTOP-7PABT0M/dcp25/design_1_lmb_bram_0_in_context.xdc] for cell 'design_1_i/microblaze_0_local_memory/lmb_bram'
Finished Parsing XDC File [C:/Users/labview/watchdog_intr/watchdog_intr.runs/synth_1/.Xil/Vivado-6824-DESKTOP-7PABT0M/dcp25/design_1_lmb_bram_0_in_context.xdc] for cell 'design_1_i/microblaze_0_local_memory/lmb_bram'
Parsing XDC File [C:/Users/labview/watchdog_intr/watchdog_intr.runs/synth_1/dont_touch.xdc]
Finished Parsing XDC File [C:/Users/labview/watchdog_intr/watchdog_intr.runs/synth_1/dont_touch.xdc]
Completed Processing XDC Constraints

INFO: [Project 1-111] Unisim Transformation Summary:
No Unisim elements were transformed.

Constraint Validation Runtime : Time (s): cpu = 00:00:00 ; elapsed = 00:00:00.033 . Memory (MB): peak = 828.855 ; gain = 0.000
WARNING: [Timing 38-316] Clock period '20.000' specified during out-of-context synthesis of instance 'design_1_i/microblaze_0_local_memory/lmb_bram' at clock pin 'clka' is different from the actual clock period '10.000', this can lead to different synthesis results.
---------------------------------------------------------------------------------
Finished Constraint Validation : Time (s): cpu = 00:00:16 ; elapsed = 00:00:18 . Memory (MB): peak = 830.359 ; gain = 475.875
---------------------------------------------------------------------------------
---------------------------------------------------------------------------------
Start Loading Part and Timing Information
---------------------------------------------------------------------------------
Loading part: xc7a100tcsg324-1
---------------------------------------------------------------------------------
Finished Loading Part and Timing Information : Time (s): cpu = 00:00:16 ; elapsed = 00:00:18 . Memory (MB): peak = 830.359 ; gain = 475.875
---------------------------------------------------------------------------------
---------------------------------------------------------------------------------
Start Applying 'set_property' XDC Constraints
---------------------------------------------------------------------------------
Applied set_property IO_BUFFER_TYPE = NONE for sys_clock. (constraint file  C:/Users/labview/watchdog_intr/watchdog_intr.runs/synth_1/.Xil/Vivado-6824-DESKTOP-7PABT0M/dcp15/design_1_clk_wiz_1_0_in_context.xdc, line 3).
Applied set_property CLOCK_BUFFER_TYPE = NONE for sys_clock. (constraint file  C:/Users/labview/watchdog_intr/watchdog_intr.runs/synth_1/.Xil/Vivado-6824-DESKTOP-7PABT0M/dcp15/design_1_clk_wiz_1_0_in_context.xdc, line 4).
Applied set_property DONT_TOUCH = true for design_1_i. (constraint file  auto generated constraint, line ).
Applied set_property DONT_TOUCH = true for design_1_i/axi_intc_0. (constraint file  auto generated constraint, line ).
Applied set_property DONT_TOUCH = true for design_1_i/axi_timebase_wdt_0. (constraint file  auto generated constraint, line ).
Applied set_property DONT_TOUCH = true for design_1_i/axi_uartlite_0. (constraint file  auto generated constraint, line ).
Applied set_property DONT_TOUCH = true for design_1_i/clk_wiz_1. (constraint file  auto generated constraint, line ).
Applied set_property DONT_TOUCH = true for design_1_i/mdm_1. (constraint file  auto generated constraint, line ).
Applied set_property DONT_TOUCH = true for design_1_i/microblaze_0. (constraint file  auto generated constraint, line ).
Applied set_property DONT_TOUCH = true for design_1_i/microblaze_0_axi_periph. (constraint file  auto generated constraint, line ).
Applied set_property DONT_TOUCH = true for design_1_i/microblaze_0_axi_periph/xbar. (constraint file  auto generated constraint, line ).
Applied set_property DONT_TOUCH = true for design_1_i/microblaze_0_local_memory/dlmb_bram_if_cntlr. (constraint file  auto generated constraint, line ).
Applied set_property DONT_TOUCH = true for design_1_i/microblaze_0_local_memory/dlmb_v10. (constraint file  auto generated constraint, line ).
Applied set_property DONT_TOUCH = true for design_1_i/microblaze_0_local_memory/ilmb_bram_if_cntlr. (constraint file  auto generated constraint, line ).
Applied set_property DONT_TOUCH = true for design_1_i/microblaze_0_local_memory/ilmb_v10. (constraint file  auto generated constraint, line ).
Applied set_property DONT_TOUCH = true for design_1_i/microblaze_0_local_memory/lmb_bram. (constraint file  auto generated constraint, line ).
Applied set_property DONT_TOUCH = true for design_1_i/rst_clk_wiz_1_100M. (constraint file  auto generated constraint, line ).
---------------------------------------------------------------------------------
Finished applying 'set_property' XDC Constraints : Time (s): cpu = 00:00:16 ; elapsed = 00:00:18 . Memory (MB): peak = 830.359 ; gain = 475.875
---------------------------------------------------------------------------------
---------------------------------------------------------------------------------
Finished RTL Optimization Phase 2 : Time (s): cpu = 00:00:16 ; elapsed = 00:00:18 . Memory (MB): peak = 830.359 ; gain = 475.875
---------------------------------------------------------------------------------

Report RTL Partitions: 
+-+--------------+------------+----------+
| |RTL Partition |Replication |Instances |
+-+--------------+------------+----------+
+-+--------------+------------+----------+
---------------------------------------------------------------------------------
Start RTL Component Statistics 
---------------------------------------------------------------------------------
Detailed RTL Component Info : 
---------------------------------------------------------------------------------
Finished RTL Component Statistics 
---------------------------------------------------------------------------------
---------------------------------------------------------------------------------
Start RTL Hierarchical Component Statistics 
---------------------------------------------------------------------------------
Hierarchical RTL Component report 
---------------------------------------------------------------------------------
Finished RTL Hierarchical Component Statistics
---------------------------------------------------------------------------------
---------------------------------------------------------------------------------
Start Part Resource Summary
---------------------------------------------------------------------------------
Part Resources:
DSPs: 240 (col length:80)
BRAMs: 270 (col length: RAMB18 80 RAMB36 40)
---------------------------------------------------------------------------------
Finished Part Resource Summary
---------------------------------------------------------------------------------
---------------------------------------------------------------------------------
Start Cross Boundary and Area Optimization
---------------------------------------------------------------------------------
WARNING: [Synth 8-3331] design design_1_microblaze_0_axi_periph_0 has unconnected port M00_ACLK
WARNING: [Synth 8-3331] design design_1_microblaze_0_axi_periph_0 has unconnected port M00_ARESETN
WARNING: [Synth 8-3331] design design_1_microblaze_0_axi_periph_0 has unconnected port M01_ACLK
WARNING: [Synth 8-3331] design design_1_microblaze_0_axi_periph_0 has unconnected port M01_ARESETN
WARNING: [Synth 8-3331] design design_1_microblaze_0_axi_periph_0 has unconnected port M02_ACLK
WARNING: [Synth 8-3331] design design_1_microblaze_0_axi_periph_0 has unconnected port M02_ARESETN
WARNING: [Synth 8-3331] design design_1_microblaze_0_axi_periph_0 has unconnected port S00_ACLK
WARNING: [Synth 8-3331] design design_1_microblaze_0_axi_periph_0 has unconnected port S00_ARESETN
---------------------------------------------------------------------------------
Finished Cross Boundary and Area Optimization : Time (s): cpu = 00:00:17 ; elapsed = 00:00:19 . Memory (MB): peak = 830.359 ; gain = 475.875
---------------------------------------------------------------------------------

Report RTL Partitions: 
+-+--------------+------------+----------+
| |RTL Partition |Replication |Instances |
+-+--------------+------------+----------+
+-+--------------+------------+----------+
---------------------------------------------------------------------------------
Start Applying XDC Timing Constraints
---------------------------------------------------------------------------------
INFO: [Synth 8-5578] Moved timing constraint from pin 'design_1_i/mdm_1/Dbg_Clk_0' to pin 'design_1_i/mdm_1/bbstub_Dbg_Clk_0/O'
INFO: [Synth 8-5578] Moved timing constraint from pin 'design_1_i/mdm_1/Dbg_Update_0' to pin 'design_1_i/mdm_1/bbstub_Dbg_Update_0/O'
INFO: [Synth 8-5578] Moved timing constraint from pin 'design_1_i/clk_wiz_1/clk_out1' to pin 'design_1_i/clk_wiz_1/bbstub_clk_out1/O'
INFO: [Synth 8-5578] Moved timing constraint from pin 'design_1_i/microblaze_0_local_memory/dlmb_bram_if_cntlr/BRAM_Clk_A' to pin 'design_1_i/microblaze_0_local_memory/dlmb_bram_if_cntlr/bbstub_BRAM_Clk_A/O'
INFO: [Synth 8-5578] Moved timing constraint from pin 'design_1_i/microblaze_0_local_memory/ilmb_bram_if_cntlr/BRAM_Clk_A' to pin 'design_1_i/microblaze_0_local_memory/ilmb_bram_if_cntlr/bbstub_BRAM_Clk_A/O'
INFO: [Synth 8-5819] Moved 5 constraints on hierarchical pins to their respective driving/loading pins
---------------------------------------------------------------------------------
Finished Applying XDC Timing Constraints : Time (s): cpu = 00:00:25 ; elapsed = 00:00:26 . Memory (MB): peak = 836.527 ; gain = 482.043
---------------------------------------------------------------------------------
---------------------------------------------------------------------------------
Start Timing Optimization
---------------------------------------------------------------------------------
---------------------------------------------------------------------------------
Finished Timing Optimization : Time (s): cpu = 00:00:25 ; elapsed = 00:00:26 . Memory (MB): peak = 836.750 ; gain = 482.266
---------------------------------------------------------------------------------

Report RTL Partitions: 
+-+--------------+------------+----------+
| |RTL Partition |Replication |Instances |
+-+--------------+------------+----------+
+-+--------------+------------+----------+
---------------------------------------------------------------------------------
Start Technology Mapping
---------------------------------------------------------------------------------
---------------------------------------------------------------------------------
Finished Technology Mapping : Time (s): cpu = 00:00:25 ; elapsed = 00:00:27 . Memory (MB): peak = 847.207 ; gain = 492.723
---------------------------------------------------------------------------------

Report RTL Partitions: 
+-+--------------+------------+----------+
| |RTL Partition |Replication |Instances |
+-+--------------+------------+----------+
+-+--------------+------------+----------+
---------------------------------------------------------------------------------
Start IO Insertion
---------------------------------------------------------------------------------
---------------------------------------------------------------------------------
Start Flattening Before IO Insertion
---------------------------------------------------------------------------------
---------------------------------------------------------------------------------
Finished Flattening Before IO Insertion
---------------------------------------------------------------------------------
---------------------------------------------------------------------------------
Start Final Netlist Cleanup
---------------------------------------------------------------------------------
---------------------------------------------------------------------------------
Finished Final Netlist Cleanup
---------------------------------------------------------------------------------
---------------------------------------------------------------------------------
Finished IO Insertion : Time (s): cpu = 00:00:26 ; elapsed = 00:00:27 . Memory (MB): peak = 847.207 ; gain = 492.723
---------------------------------------------------------------------------------

Report Check Netlist: 
+------+------------------+-------+---------+-------+------------------+
|      |Item              |Errors |Warnings |Status |Description       |
+------+------------------+-------+---------+-------+------------------+
|1     |multi_driven_nets |      0|        0|Passed |Multi driven nets |
+------+------------------+-------+---------+-------+------------------+
---------------------------------------------------------------------------------
Start Renaming Generated Instances
---------------------------------------------------------------------------------
---------------------------------------------------------------------------------
Finished Renaming Generated Instances : Time (s): cpu = 00:00:26 ; elapsed = 00:00:27 . Memory (MB): peak = 847.207 ; gain = 492.723
---------------------------------------------------------------------------------

Report RTL Partitions: 
+-+--------------+------------+----------+
| |RTL Partition |Replication |Instances |
+-+--------------+------------+----------+
+-+--------------+------------+----------+
---------------------------------------------------------------------------------
Start Rebuilding User Hierarchy
---------------------------------------------------------------------------------
---------------------------------------------------------------------------------
Finished Rebuilding User Hierarchy : Time (s): cpu = 00:00:26 ; elapsed = 00:00:27 . Memory (MB): peak = 847.207 ; gain = 492.723
---------------------------------------------------------------------------------
---------------------------------------------------------------------------------
Start Renaming Generated Ports
---------------------------------------------------------------------------------
---------------------------------------------------------------------------------
Finished Renaming Generated Ports : Time (s): cpu = 00:00:26 ; elapsed = 00:00:27 . Memory (MB): peak = 847.207 ; gain = 492.723
---------------------------------------------------------------------------------
---------------------------------------------------------------------------------
Start Handling Custom Attributes
---------------------------------------------------------------------------------
---------------------------------------------------------------------------------
Finished Handling Custom Attributes : Time (s): cpu = 00:00:26 ; elapsed = 00:00:27 . Memory (MB): peak = 847.207 ; gain = 492.723
---------------------------------------------------------------------------------
---------------------------------------------------------------------------------
Start Renaming Generated Nets
---------------------------------------------------------------------------------
---------------------------------------------------------------------------------
Finished Renaming Generated Nets : Time (s): cpu = 00:00:26 ; elapsed = 00:00:27 . Memory (MB): peak = 847.207 ; gain = 492.723
---------------------------------------------------------------------------------
---------------------------------------------------------------------------------
Start Writing Synthesis Report
---------------------------------------------------------------------------------

Report BlackBoxes: 
+------+------------------------------+----------+
|      |BlackBox name                 |Instances |
+------+------------------------------+----------+
|1     |design_1_xbar_0               |         1|
|2     |design_1_axi_intc_0_0         |         1|
|3     |design_1_axi_timebase_wdt_0_0 |         1|
|4     |design_1_axi_uartlite_0_0     |         1|
|5     |design_1_clk_wiz_1_0          |         1|
|6     |design_1_mdm_1_0              |         1|
|7     |design_1_microblaze_0_0       |         1|
|8     |design_1_rst_clk_wiz_1_100M_0 |         1|
|9     |design_1_dlmb_bram_if_cntlr_0 |         1|
|10    |design_1_dlmb_v10_0           |         1|
|11    |design_1_ilmb_bram_if_cntlr_0 |         1|
|12    |design_1_ilmb_v10_0           |         1|
|13    |design_1_lmb_bram_0           |         1|
+------+------------------------------+----------+

Report Cell Usage: 
+------+------------------------------+------+
|      |Cell                          |Count |
+------+------------------------------+------+
|1     |design_1_axi_intc_0_0         |     1|
|2     |design_1_axi_timebase_wdt_0_0 |     1|
|3     |design_1_axi_uartlite_0_0     |     1|
|4     |design_1_clk_wiz_1_0          |     1|
|5     |design_1_dlmb_bram_if_cntlr_0 |     1|
|6     |design_1_dlmb_v10_0           |     1|
|7     |design_1_ilmb_bram_if_cntlr_0 |     1|
|8     |design_1_ilmb_v10_0           |     1|
|9     |design_1_lmb_bram_0           |     1|
|10    |design_1_mdm_1_0              |     1|
|11    |design_1_microblaze_0_0       |     1|
|12    |design_1_rst_clk_wiz_1_100M_0 |     1|
|13    |design_1_xbar_0               |     1|
|14    |IBUF                          |     2|
|15    |OBUF                          |     1|
+------+------------------------------+------+

Report Instance Areas: 
+------+------------------------------+--------------------------------------+------+
|      |Instance                      |Module                                |Cells |
+------+------------------------------+--------------------------------------+------+
|1     |top                           |                                      |  1244|
|2     |  design_1_i                  |design_1                              |  1241|
|3     |    microblaze_0_axi_periph   |design_1_microblaze_0_axi_periph_0    |   374|
|4     |    microblaze_0_local_memory |microblaze_0_local_memory_imp_1K0VQXK |   496|
+------+------------------------------+--------------------------------------+------+
---------------------------------------------------------------------------------
Finished Writing Synthesis Report : Time (s): cpu = 00:00:26 ; elapsed = 00:00:27 . Memory (MB): peak = 847.207 ; gain = 492.723
---------------------------------------------------------------------------------
Synthesis finished with 0 errors, 0 critical warnings and 8 warnings.
Synthesis Optimization Runtime : Time (s): cpu = 00:00:15 ; elapsed = 00:00:21 . Memory (MB): peak = 847.207 ; gain = 170.227
Synthesis Optimization Complete : Time (s): cpu = 00:00:26 ; elapsed = 00:00:28 . Memory (MB): peak = 847.207 ; gain = 492.723
INFO: [Project 1-571] Translating synthesized netlist
INFO: [Netlist 29-17] Analyzing 2 Unisim elements for replacement
INFO: [Netlist 29-28] Unisim Transformation completed in 0 CPU seconds
INFO: [Project 1-570] Preparing netlist for logic optimization
INFO: [Opt 31-138] Pushed 0 inverter(s) to 0 load pin(s).
INFO: [Project 1-111] Unisim Transformation Summary:
No Unisim elements were transformed.

INFO: [Common 17-83] Releasing license: Synthesis
62 Infos, 33 Warnings, 0 Critical Warnings and 0 Errors encountered.
synth_design completed successfully
synth_design: Time (s): cpu = 00:00:28 ; elapsed = 00:00:32 . Memory (MB): peak = 856.918 ; gain = 509.344
INFO: [Common 17-1381] The checkpoint 'C:/Users/labview/watchdog_intr/watchdog_intr.runs/synth_1/design_1_wrapper.dcp' has been generated.
INFO: [runtcl-4] Executing : report_utilization -file design_1_wrapper_utilization_synth.rpt -pb design_1_wrapper_utilization_synth.pb
report_utilization: Time (s): cpu = 00:00:00 ; elapsed = 00:00:00.029 . Memory (MB): peak = 856.918 ; gain = 0.000
INFO: [Common 17-206] Exiting Vivado at Thu Jan  7 19:47:14 2021...
