13:18:21 INFO  : Registering command handlers for SDK TCF services
13:18:22 INFO  : Launching XSCT server: xsct.bat -interactive C:\Users\labview\axi_timer\axi_timer.sdk\temp_xsdb_launch_script.tcl
13:18:28 INFO  : XSCT server has started successfully.
13:18:29 INFO  : Successfully done setting XSCT server connection channel  
13:18:29 INFO  : Successfully done setting SDK workspace  
13:18:29 INFO  : Processing command line option -hwspec C:/Users/labview/axi_timer/axi_timer.sdk/design_1_wrapper.hdf.
13:25:05 INFO  : Connected to target on host '127.0.0.1' and port '3121'.
13:25:07 INFO  : 'targets -set -filter {jtag_cable_name =~ "Digilent Nexys4DDR 210292744993A" && level==0} -index 0' command is executed.
13:25:09 INFO  : FPGA configured successfully with bitstream "C:/Users/labview/axi_timer/axi_timer.sdk/design_1_wrapper_hw_platform_0/download.bit"
13:25:27 INFO  : 'targets -set -filter {jtag_cable_name =~ "Digilent Nexys4DDR 210292744993A" && level==0} -index 0' command is executed.
13:25:27 INFO  : 'fpga -state' command is executed.
13:25:27 INFO  : Connected to target on host '127.0.0.1' and port '3121'.
13:25:28 INFO  : Jtag cable 'Digilent Nexys4DDR 210292744993A' is selected.
13:25:28 INFO  : 'jtag frequency' command is executed.
13:25:28 INFO  : Context for processor 'microblaze_0' is selected.
13:25:28 INFO  : Processor reset is completed for 'microblaze_0'.
13:25:28 INFO  : Context for processor 'microblaze_0' is selected.
13:25:28 INFO  : The application 'C:/Users/labview/axi_timer/axi_timer.sdk/top/Debug/top.elf' is downloaded to processor 'microblaze_0'.
13:25:28 INFO  : ----------------XSDB Script----------------
connect -url tcp:127.0.0.1:3121
targets -set -nocase -filter {name =~ "microblaze*#0" && bscan=="USER2"  && jtag_cable_name =~ "Digilent Nexys4DDR 210292744993A"} -index 0
rst -processor
targets -set -nocase -filter {name =~ "microblaze*#0" && bscan=="USER2"  && jtag_cable_name =~ "Digilent Nexys4DDR 210292744993A"} -index 0
dow C:/Users/labview/axi_timer/axi_timer.sdk/top/Debug/top.elf
----------------End of Script----------------

13:25:28 INFO  : Memory regions updated for context MicroBlaze #0
13:25:28 INFO  : Memory regions updated for context MicroBlaze #0
13:25:28 INFO  : Context for processor 'microblaze_0' is selected.
13:25:28 INFO  : 'con' command is executed.
13:25:28 INFO  : ----------------XSDB Script (After Launch)----------------
targets -set -nocase -filter {name =~ "microblaze*#0" && bscan=="USER2"  && jtag_cable_name =~ "Digilent Nexys4DDR 210292744993A"} -index 0
con
----------------End of Script----------------

13:25:28 INFO  : Launch script is exported to file 'C:\Users\labview\axi_timer\axi_timer.sdk\.sdk\launch_scripts\xilinx_c-c++_application_(system_debugger)\system_debugger_using_debug_top.elf_on_local.tcl'
13:25:42 INFO  : Disconnected from the channel tcfchan#1.
13:25:44 INFO  : 'targets -set -filter {jtag_cable_name =~ "Digilent Nexys4DDR 210292744993A" && level==0} -index 0' command is executed.
13:25:44 INFO  : 'fpga -state' command is executed.
13:25:44 INFO  : Connected to target on host '127.0.0.1' and port '3121'.
13:25:44 INFO  : Jtag cable 'Digilent Nexys4DDR 210292744993A' is selected.
13:25:44 INFO  : 'jtag frequency' command is executed.
13:25:44 INFO  : Context for processor 'microblaze_0' is selected.
13:25:44 INFO  : Processor reset is completed for 'microblaze_0'.
13:25:44 INFO  : Context for processor 'microblaze_0' is selected.
13:25:44 INFO  : The application 'C:/Users/labview/axi_timer/axi_timer.sdk/top/Debug/top.elf' is downloaded to processor 'microblaze_0'.
13:25:44 INFO  : ----------------XSDB Script----------------
connect -url tcp:127.0.0.1:3121
targets -set -nocase -filter {name =~ "microblaze*#0" && bscan=="USER2"  && jtag_cable_name =~ "Digilent Nexys4DDR 210292744993A"} -index 0
rst -processor
targets -set -nocase -filter {name =~ "microblaze*#0" && bscan=="USER2"  && jtag_cable_name =~ "Digilent Nexys4DDR 210292744993A"} -index 0
dow C:/Users/labview/axi_timer/axi_timer.sdk/top/Debug/top.elf
----------------End of Script----------------

13:25:44 INFO  : Memory regions updated for context MicroBlaze #0
13:25:44 INFO  : Memory regions updated for context MicroBlaze #0
13:25:44 INFO  : Context for processor 'microblaze_0' is selected.
13:25:44 INFO  : 'con' command is executed.
13:25:44 INFO  : ----------------XSDB Script (After Launch)----------------
targets -set -nocase -filter {name =~ "microblaze*#0" && bscan=="USER2"  && jtag_cable_name =~ "Digilent Nexys4DDR 210292744993A"} -index 0
con
----------------End of Script----------------

13:25:44 INFO  : Launch script is exported to file 'C:\Users\labview\axi_timer\axi_timer.sdk\.sdk\launch_scripts\xilinx_c-c++_application_(system_debugger)\system_debugger_using_debug_top.elf_on_local.tcl'
13:29:19 INFO  : Disconnected from the channel tcfchan#2.
