15:04:54 INFO  : Registering command handlers for SDK TCF services
15:04:55 INFO  : Launching XSCT server: xsct.bat -interactive C:\Users\labview\project_117\project_117.sdk\temp_xsdb_launch_script.tcl
15:05:01 INFO  : XSCT server has started successfully.
15:05:02 INFO  : Successfully done setting XSCT server connection channel  
15:05:02 INFO  : Successfully done setting SDK workspace  
15:05:02 INFO  : Processing command line option -hwspec C:/Users/labview/project_117/project_117.sdk/design_1_wrapper.hdf.
15:16:10 INFO  : Connected to target on host '127.0.0.1' and port '3121'.
15:16:12 INFO  : 'targets -set -filter {jtag_cable_name =~ "Digilent Nexys4DDR 210292744993A" && level==0} -index 0' command is executed.
15:16:14 INFO  : FPGA configured successfully with bitstream "C:/Users/labview/project_117/project_117.sdk/design_1_wrapper_hw_platform_0/download.bit"
15:18:11 INFO  : 'targets -set -filter {jtag_cable_name =~ "Digilent Nexys4DDR 210292744993A" && level==0} -index 0' command is executed.
15:18:11 INFO  : 'fpga -state' command is executed.
15:18:11 INFO  : Connected to target on host '127.0.0.1' and port '3121'.
15:18:11 INFO  : Jtag cable 'Digilent Nexys4DDR 210292744993A' is selected.
15:18:11 INFO  : 'jtag frequency' command is executed.
15:18:11 INFO  : Context for processor 'microblaze_0' is selected.
15:18:11 INFO  : Processor reset is completed for 'microblaze_0'.
15:18:11 INFO  : Context for processor 'microblaze_0' is selected.
15:18:11 INFO  : The application 'C:/Users/labview/project_117/project_117.sdk/top/Debug/top.elf' is downloaded to processor 'microblaze_0'.
15:18:11 INFO  : ----------------XSDB Script----------------
connect -url tcp:127.0.0.1:3121
targets -set -nocase -filter {name =~ "microblaze*#0" && bscan=="USER2"  && jtag_cable_name =~ "Digilent Nexys4DDR 210292744993A"} -index 0
rst -processor
targets -set -nocase -filter {name =~ "microblaze*#0" && bscan=="USER2"  && jtag_cable_name =~ "Digilent Nexys4DDR 210292744993A"} -index 0
dow C:/Users/labview/project_117/project_117.sdk/top/Debug/top.elf
----------------End of Script----------------

15:18:12 INFO  : Memory regions updated for context MicroBlaze #0
15:18:12 INFO  : Memory regions updated for context MicroBlaze #0
15:18:12 INFO  : Context for processor 'microblaze_0' is selected.
15:18:12 INFO  : 'con' command is executed.
15:18:12 INFO  : ----------------XSDB Script (After Launch)----------------
targets -set -nocase -filter {name =~ "microblaze*#0" && bscan=="USER2"  && jtag_cable_name =~ "Digilent Nexys4DDR 210292744993A"} -index 0
con
----------------End of Script----------------

15:18:12 INFO  : Launch script is exported to file 'C:\Users\labview\project_117\project_117.sdk\.sdk\launch_scripts\xilinx_c-c++_application_(system_debugger)\system_debugger_using_debug_top.elf_on_local.tcl'
15:18:25 INFO  : Disconnected from the channel tcfchan#1.
15:18:26 INFO  : 'targets -set -filter {jtag_cable_name =~ "Digilent Nexys4DDR 210292744993A" && level==0} -index 0' command is executed.
15:18:26 INFO  : 'fpga -state' command is executed.
15:18:26 INFO  : Connected to target on host '127.0.0.1' and port '3121'.
15:18:26 INFO  : Jtag cable 'Digilent Nexys4DDR 210292744993A' is selected.
15:18:26 INFO  : 'jtag frequency' command is executed.
15:18:26 INFO  : Context for processor 'microblaze_0' is selected.
15:18:26 INFO  : Processor reset is completed for 'microblaze_0'.
15:18:26 INFO  : Context for processor 'microblaze_0' is selected.
15:18:26 INFO  : The application 'C:/Users/labview/project_117/project_117.sdk/top/Debug/top.elf' is downloaded to processor 'microblaze_0'.
15:18:26 INFO  : ----------------XSDB Script----------------
connect -url tcp:127.0.0.1:3121
targets -set -nocase -filter {name =~ "microblaze*#0" && bscan=="USER2"  && jtag_cable_name =~ "Digilent Nexys4DDR 210292744993A"} -index 0
rst -processor
targets -set -nocase -filter {name =~ "microblaze*#0" && bscan=="USER2"  && jtag_cable_name =~ "Digilent Nexys4DDR 210292744993A"} -index 0
dow C:/Users/labview/project_117/project_117.sdk/top/Debug/top.elf
----------------End of Script----------------

15:18:26 INFO  : Memory regions updated for context MicroBlaze #0
15:18:26 INFO  : Memory regions updated for context MicroBlaze #0
15:18:27 INFO  : Context for processor 'microblaze_0' is selected.
15:18:27 INFO  : 'con' command is executed.
15:18:27 INFO  : ----------------XSDB Script (After Launch)----------------
targets -set -nocase -filter {name =~ "microblaze*#0" && bscan=="USER2"  && jtag_cable_name =~ "Digilent Nexys4DDR 210292744993A"} -index 0
con
----------------End of Script----------------

15:18:27 INFO  : Launch script is exported to file 'C:\Users\labview\project_117\project_117.sdk\.sdk\launch_scripts\xilinx_c-c++_application_(system_debugger)\system_debugger_using_debug_top.elf_on_local.tcl'
15:29:09 INFO  : Disconnected from the channel tcfchan#2.
15:29:10 INFO  : 'targets -set -filter {jtag_cable_name =~ "Digilent Nexys4DDR 210292744993A" && level==0} -index 0' command is executed.
15:29:10 INFO  : 'fpga -state' command is executed.
15:29:10 INFO  : Connected to target on host '127.0.0.1' and port '3121'.
15:29:10 INFO  : Jtag cable 'Digilent Nexys4DDR 210292744993A' is selected.
15:29:10 INFO  : 'jtag frequency' command is executed.
15:29:10 INFO  : Context for processor 'microblaze_0' is selected.
15:29:10 INFO  : Processor reset is completed for 'microblaze_0'.
15:29:10 INFO  : Context for processor 'microblaze_0' is selected.
15:29:11 INFO  : The application 'C:/Users/labview/project_117/project_117.sdk/top/Debug/top.elf' is downloaded to processor 'microblaze_0'.
15:29:11 INFO  : ----------------XSDB Script----------------
connect -url tcp:127.0.0.1:3121
targets -set -nocase -filter {name =~ "microblaze*#0" && bscan=="USER2"  && jtag_cable_name =~ "Digilent Nexys4DDR 210292744993A"} -index 0
rst -processor
targets -set -nocase -filter {name =~ "microblaze*#0" && bscan=="USER2"  && jtag_cable_name =~ "Digilent Nexys4DDR 210292744993A"} -index 0
dow C:/Users/labview/project_117/project_117.sdk/top/Debug/top.elf
----------------End of Script----------------

15:29:11 INFO  : Memory regions updated for context MicroBlaze #0
15:29:11 INFO  : Memory regions updated for context MicroBlaze #0
15:29:11 INFO  : Context for processor 'microblaze_0' is selected.
15:29:11 INFO  : 'con' command is executed.
15:29:11 INFO  : ----------------XSDB Script (After Launch)----------------
targets -set -nocase -filter {name =~ "microblaze*#0" && bscan=="USER2"  && jtag_cable_name =~ "Digilent Nexys4DDR 210292744993A"} -index 0
con
----------------End of Script----------------

15:29:11 INFO  : Launch script is exported to file 'C:\Users\labview\project_117\project_117.sdk\.sdk\launch_scripts\xilinx_c-c++_application_(system_debugger)\system_debugger_using_debug_top.elf_on_local.tcl'
15:29:25 INFO  : Disconnected from the channel tcfchan#3.
15:29:26 INFO  : 'targets -set -filter {jtag_cable_name =~ "Digilent Nexys4DDR 210292744993A" && level==0} -index 0' command is executed.
15:29:26 INFO  : 'fpga -state' command is executed.
15:29:26 INFO  : Connected to target on host '127.0.0.1' and port '3121'.
15:29:27 INFO  : Jtag cable 'Digilent Nexys4DDR 210292744993A' is selected.
15:29:27 INFO  : 'jtag frequency' command is executed.
15:29:27 INFO  : Context for processor 'microblaze_0' is selected.
15:29:27 INFO  : Processor reset is completed for 'microblaze_0'.
15:29:27 INFO  : Context for processor 'microblaze_0' is selected.
15:29:27 INFO  : The application 'C:/Users/labview/project_117/project_117.sdk/top/Debug/top.elf' is downloaded to processor 'microblaze_0'.
15:29:27 INFO  : ----------------XSDB Script----------------
connect -url tcp:127.0.0.1:3121
targets -set -nocase -filter {name =~ "microblaze*#0" && bscan=="USER2"  && jtag_cable_name =~ "Digilent Nexys4DDR 210292744993A"} -index 0
rst -processor
targets -set -nocase -filter {name =~ "microblaze*#0" && bscan=="USER2"  && jtag_cable_name =~ "Digilent Nexys4DDR 210292744993A"} -index 0
dow C:/Users/labview/project_117/project_117.sdk/top/Debug/top.elf
----------------End of Script----------------

15:29:27 INFO  : Memory regions updated for context MicroBlaze #0
15:29:27 INFO  : Memory regions updated for context MicroBlaze #0
15:29:27 INFO  : Context for processor 'microblaze_0' is selected.
15:29:27 INFO  : 'con' command is executed.
15:29:27 INFO  : ----------------XSDB Script (After Launch)----------------
targets -set -nocase -filter {name =~ "microblaze*#0" && bscan=="USER2"  && jtag_cable_name =~ "Digilent Nexys4DDR 210292744993A"} -index 0
con
----------------End of Script----------------

15:29:27 INFO  : Launch script is exported to file 'C:\Users\labview\project_117\project_117.sdk\.sdk\launch_scripts\xilinx_c-c++_application_(system_debugger)\system_debugger_using_debug_top.elf_on_local.tcl'
15:29:55 INFO  : Disconnected from the channel tcfchan#4.
15:29:56 INFO  : 'targets -set -filter {jtag_cable_name =~ "Digilent Nexys4DDR 210292744993A" && level==0} -index 0' command is executed.
15:29:56 INFO  : 'fpga -state' command is executed.
15:29:56 INFO  : Connected to target on host '127.0.0.1' and port '3121'.
15:29:56 INFO  : Jtag cable 'Digilent Nexys4DDR 210292744993A' is selected.
15:29:56 INFO  : 'jtag frequency' command is executed.
15:29:57 INFO  : Context for processor 'microblaze_0' is selected.
15:29:57 INFO  : Processor reset is completed for 'microblaze_0'.
15:29:57 INFO  : Context for processor 'microblaze_0' is selected.
15:29:57 INFO  : The application 'C:/Users/labview/project_117/project_117.sdk/top/Debug/top.elf' is downloaded to processor 'microblaze_0'.
15:29:57 INFO  : ----------------XSDB Script----------------
connect -url tcp:127.0.0.1:3121
targets -set -nocase -filter {name =~ "microblaze*#0" && bscan=="USER2"  && jtag_cable_name =~ "Digilent Nexys4DDR 210292744993A"} -index 0
rst -processor
targets -set -nocase -filter {name =~ "microblaze*#0" && bscan=="USER2"  && jtag_cable_name =~ "Digilent Nexys4DDR 210292744993A"} -index 0
dow C:/Users/labview/project_117/project_117.sdk/top/Debug/top.elf
----------------End of Script----------------

15:29:57 INFO  : Memory regions updated for context MicroBlaze #0
15:29:57 INFO  : Memory regions updated for context MicroBlaze #0
15:29:57 INFO  : Context for processor 'microblaze_0' is selected.
15:29:57 INFO  : 'con' command is executed.
15:29:57 INFO  : ----------------XSDB Script (After Launch)----------------
targets -set -nocase -filter {name =~ "microblaze*#0" && bscan=="USER2"  && jtag_cable_name =~ "Digilent Nexys4DDR 210292744993A"} -index 0
con
----------------End of Script----------------

15:29:57 INFO  : Launch script is exported to file 'C:\Users\labview\project_117\project_117.sdk\.sdk\launch_scripts\xilinx_c-c++_application_(system_debugger)\system_debugger_using_debug_top.elf_on_local.tcl'
15:30:31 INFO  : Disconnected from the channel tcfchan#5.
15:30:33 INFO  : 'targets -set -filter {jtag_cable_name =~ "Digilent Nexys4DDR 210292744993A" && level==0} -index 0' command is executed.
15:30:33 INFO  : 'fpga -state' command is executed.
15:30:33 INFO  : Connected to target on host '127.0.0.1' and port '3121'.
15:30:33 INFO  : Jtag cable 'Digilent Nexys4DDR 210292744993A' is selected.
15:30:33 INFO  : 'jtag frequency' command is executed.
15:30:33 INFO  : Context for processor 'microblaze_0' is selected.
15:30:33 INFO  : Processor reset is completed for 'microblaze_0'.
15:30:33 INFO  : Context for processor 'microblaze_0' is selected.
15:30:33 INFO  : The application 'C:/Users/labview/project_117/project_117.sdk/top/Debug/top.elf' is downloaded to processor 'microblaze_0'.
15:30:33 INFO  : ----------------XSDB Script----------------
connect -url tcp:127.0.0.1:3121
targets -set -nocase -filter {name =~ "microblaze*#0" && bscan=="USER2"  && jtag_cable_name =~ "Digilent Nexys4DDR 210292744993A"} -index 0
rst -processor
targets -set -nocase -filter {name =~ "microblaze*#0" && bscan=="USER2"  && jtag_cable_name =~ "Digilent Nexys4DDR 210292744993A"} -index 0
dow C:/Users/labview/project_117/project_117.sdk/top/Debug/top.elf
----------------End of Script----------------

15:30:33 INFO  : Memory regions updated for context MicroBlaze #0
15:30:33 INFO  : Memory regions updated for context MicroBlaze #0
15:30:33 INFO  : Context for processor 'microblaze_0' is selected.
15:30:33 INFO  : 'con' command is executed.
15:30:33 INFO  : ----------------XSDB Script (After Launch)----------------
targets -set -nocase -filter {name =~ "microblaze*#0" && bscan=="USER2"  && jtag_cable_name =~ "Digilent Nexys4DDR 210292744993A"} -index 0
con
----------------End of Script----------------

15:30:33 INFO  : Launch script is exported to file 'C:\Users\labview\project_117\project_117.sdk\.sdk\launch_scripts\xilinx_c-c++_application_(system_debugger)\system_debugger_using_debug_top.elf_on_local.tcl'
15:31:09 INFO  : Disconnected from the channel tcfchan#6.
15:31:10 INFO  : 'targets -set -filter {jtag_cable_name =~ "Digilent Nexys4DDR 210292744993A" && level==0} -index 0' command is executed.
15:31:10 INFO  : 'fpga -state' command is executed.
15:31:10 INFO  : Connected to target on host '127.0.0.1' and port '3121'.
15:31:10 INFO  : Jtag cable 'Digilent Nexys4DDR 210292744993A' is selected.
15:31:10 INFO  : 'jtag frequency' command is executed.
15:31:10 INFO  : Context for processor 'microblaze_0' is selected.
15:31:10 INFO  : Processor reset is completed for 'microblaze_0'.
15:31:10 INFO  : Context for processor 'microblaze_0' is selected.
15:31:10 INFO  : The application 'C:/Users/labview/project_117/project_117.sdk/top/Debug/top.elf' is downloaded to processor 'microblaze_0'.
15:31:10 INFO  : ----------------XSDB Script----------------
connect -url tcp:127.0.0.1:3121
targets -set -nocase -filter {name =~ "microblaze*#0" && bscan=="USER2"  && jtag_cable_name =~ "Digilent Nexys4DDR 210292744993A"} -index 0
rst -processor
targets -set -nocase -filter {name =~ "microblaze*#0" && bscan=="USER2"  && jtag_cable_name =~ "Digilent Nexys4DDR 210292744993A"} -index 0
dow C:/Users/labview/project_117/project_117.sdk/top/Debug/top.elf
----------------End of Script----------------

15:31:10 INFO  : Memory regions updated for context MicroBlaze #0
15:31:10 INFO  : Memory regions updated for context MicroBlaze #0
15:31:10 INFO  : Context for processor 'microblaze_0' is selected.
15:31:10 INFO  : 'con' command is executed.
15:31:10 INFO  : ----------------XSDB Script (After Launch)----------------
targets -set -nocase -filter {name =~ "microblaze*#0" && bscan=="USER2"  && jtag_cable_name =~ "Digilent Nexys4DDR 210292744993A"} -index 0
con
----------------End of Script----------------

15:31:10 INFO  : Launch script is exported to file 'C:\Users\labview\project_117\project_117.sdk\.sdk\launch_scripts\xilinx_c-c++_application_(system_debugger)\system_debugger_using_debug_top.elf_on_local.tcl'
15:31:39 INFO  : Disconnected from the channel tcfchan#7.
15:31:41 INFO  : 'targets -set -filter {jtag_cable_name =~ "Digilent Nexys4DDR 210292744993A" && level==0} -index 0' command is executed.
15:31:41 INFO  : 'fpga -state' command is executed.
15:31:41 INFO  : Connected to target on host '127.0.0.1' and port '3121'.
15:31:41 INFO  : Jtag cable 'Digilent Nexys4DDR 210292744993A' is selected.
15:31:41 INFO  : 'jtag frequency' command is executed.
15:31:41 INFO  : Context for processor 'microblaze_0' is selected.
15:31:41 INFO  : Processor reset is completed for 'microblaze_0'.
15:31:41 INFO  : Context for processor 'microblaze_0' is selected.
15:31:41 INFO  : The application 'C:/Users/labview/project_117/project_117.sdk/top/Debug/top.elf' is downloaded to processor 'microblaze_0'.
15:31:41 INFO  : ----------------XSDB Script----------------
connect -url tcp:127.0.0.1:3121
targets -set -nocase -filter {name =~ "microblaze*#0" && bscan=="USER2"  && jtag_cable_name =~ "Digilent Nexys4DDR 210292744993A"} -index 0
rst -processor
targets -set -nocase -filter {name =~ "microblaze*#0" && bscan=="USER2"  && jtag_cable_name =~ "Digilent Nexys4DDR 210292744993A"} -index 0
dow C:/Users/labview/project_117/project_117.sdk/top/Debug/top.elf
----------------End of Script----------------

15:31:41 INFO  : Memory regions updated for context MicroBlaze #0
15:31:41 INFO  : Memory regions updated for context MicroBlaze #0
15:31:41 INFO  : Context for processor 'microblaze_0' is selected.
15:31:41 INFO  : 'con' command is executed.
15:31:41 INFO  : ----------------XSDB Script (After Launch)----------------
targets -set -nocase -filter {name =~ "microblaze*#0" && bscan=="USER2"  && jtag_cable_name =~ "Digilent Nexys4DDR 210292744993A"} -index 0
con
----------------End of Script----------------

15:31:41 INFO  : Launch script is exported to file 'C:\Users\labview\project_117\project_117.sdk\.sdk\launch_scripts\xilinx_c-c++_application_(system_debugger)\system_debugger_using_debug_top.elf_on_local.tcl'
15:33:07 INFO  : Disconnected from the channel tcfchan#8.
15:33:08 INFO  : 'targets -set -filter {jtag_cable_name =~ "Digilent Nexys4DDR 210292744993A" && level==0} -index 0' command is executed.
15:33:08 INFO  : 'fpga -state' command is executed.
15:33:08 INFO  : Connected to target on host '127.0.0.1' and port '3121'.
15:33:08 INFO  : Jtag cable 'Digilent Nexys4DDR 210292744993A' is selected.
15:33:08 INFO  : 'jtag frequency' command is executed.
15:33:08 INFO  : Context for processor 'microblaze_0' is selected.
15:33:08 INFO  : Processor reset is completed for 'microblaze_0'.
15:33:08 INFO  : Context for processor 'microblaze_0' is selected.
15:33:08 INFO  : The application 'C:/Users/labview/project_117/project_117.sdk/top/Debug/top.elf' is downloaded to processor 'microblaze_0'.
15:33:08 INFO  : ----------------XSDB Script----------------
connect -url tcp:127.0.0.1:3121
targets -set -nocase -filter {name =~ "microblaze*#0" && bscan=="USER2"  && jtag_cable_name =~ "Digilent Nexys4DDR 210292744993A"} -index 0
rst -processor
targets -set -nocase -filter {name =~ "microblaze*#0" && bscan=="USER2"  && jtag_cable_name =~ "Digilent Nexys4DDR 210292744993A"} -index 0
dow C:/Users/labview/project_117/project_117.sdk/top/Debug/top.elf
----------------End of Script----------------

15:33:08 INFO  : Memory regions updated for context MicroBlaze #0
15:33:08 INFO  : Memory regions updated for context MicroBlaze #0
15:33:08 INFO  : Context for processor 'microblaze_0' is selected.
15:33:08 INFO  : 'con' command is executed.
15:33:08 INFO  : ----------------XSDB Script (After Launch)----------------
targets -set -nocase -filter {name =~ "microblaze*#0" && bscan=="USER2"  && jtag_cable_name =~ "Digilent Nexys4DDR 210292744993A"} -index 0
con
----------------End of Script----------------

15:33:08 INFO  : Launch script is exported to file 'C:\Users\labview\project_117\project_117.sdk\.sdk\launch_scripts\xilinx_c-c++_application_(system_debugger)\system_debugger_using_debug_top.elf_on_local.tcl'
15:33:50 INFO  : Disconnected from the channel tcfchan#9.
15:33:51 INFO  : 'targets -set -filter {jtag_cable_name =~ "Digilent Nexys4DDR 210292744993A" && level==0} -index 0' command is executed.
15:33:51 INFO  : 'fpga -state' command is executed.
15:33:51 INFO  : Connected to target on host '127.0.0.1' and port '3121'.
15:33:52 INFO  : Jtag cable 'Digilent Nexys4DDR 210292744993A' is selected.
15:33:52 INFO  : 'jtag frequency' command is executed.
15:33:52 INFO  : Context for processor 'microblaze_0' is selected.
15:33:52 INFO  : Processor reset is completed for 'microblaze_0'.
15:33:52 INFO  : Context for processor 'microblaze_0' is selected.
15:33:52 INFO  : The application 'C:/Users/labview/project_117/project_117.sdk/top/Debug/top.elf' is downloaded to processor 'microblaze_0'.
15:33:52 INFO  : ----------------XSDB Script----------------
connect -url tcp:127.0.0.1:3121
targets -set -nocase -filter {name =~ "microblaze*#0" && bscan=="USER2"  && jtag_cable_name =~ "Digilent Nexys4DDR 210292744993A"} -index 0
rst -processor
targets -set -nocase -filter {name =~ "microblaze*#0" && bscan=="USER2"  && jtag_cable_name =~ "Digilent Nexys4DDR 210292744993A"} -index 0
dow C:/Users/labview/project_117/project_117.sdk/top/Debug/top.elf
----------------End of Script----------------

15:33:52 INFO  : Memory regions updated for context MicroBlaze #0
15:33:52 INFO  : Memory regions updated for context MicroBlaze #0
15:33:52 INFO  : Context for processor 'microblaze_0' is selected.
15:33:52 INFO  : 'con' command is executed.
15:33:52 INFO  : ----------------XSDB Script (After Launch)----------------
targets -set -nocase -filter {name =~ "microblaze*#0" && bscan=="USER2"  && jtag_cable_name =~ "Digilent Nexys4DDR 210292744993A"} -index 0
con
----------------End of Script----------------

15:33:52 INFO  : Launch script is exported to file 'C:\Users\labview\project_117\project_117.sdk\.sdk\launch_scripts\xilinx_c-c++_application_(system_debugger)\system_debugger_using_debug_top.elf_on_local.tcl'
15:34:13 INFO  : Disconnected from the channel tcfchan#10.
15:34:14 INFO  : 'targets -set -filter {jtag_cable_name =~ "Digilent Nexys4DDR 210292744993A" && level==0} -index 0' command is executed.
15:34:14 INFO  : 'fpga -state' command is executed.
15:34:14 INFO  : Connected to target on host '127.0.0.1' and port '3121'.
15:34:14 INFO  : Jtag cable 'Digilent Nexys4DDR 210292744993A' is selected.
15:34:14 INFO  : 'jtag frequency' command is executed.
15:34:14 INFO  : Context for processor 'microblaze_0' is selected.
15:34:14 INFO  : Processor reset is completed for 'microblaze_0'.
15:34:14 INFO  : Context for processor 'microblaze_0' is selected.
15:34:14 INFO  : The application 'C:/Users/labview/project_117/project_117.sdk/top/Debug/top.elf' is downloaded to processor 'microblaze_0'.
15:34:14 INFO  : ----------------XSDB Script----------------
connect -url tcp:127.0.0.1:3121
targets -set -nocase -filter {name =~ "microblaze*#0" && bscan=="USER2"  && jtag_cable_name =~ "Digilent Nexys4DDR 210292744993A"} -index 0
rst -processor
targets -set -nocase -filter {name =~ "microblaze*#0" && bscan=="USER2"  && jtag_cable_name =~ "Digilent Nexys4DDR 210292744993A"} -index 0
dow C:/Users/labview/project_117/project_117.sdk/top/Debug/top.elf
----------------End of Script----------------

15:34:14 INFO  : Memory regions updated for context MicroBlaze #0
15:34:14 INFO  : Memory regions updated for context MicroBlaze #0
15:34:14 INFO  : Context for processor 'microblaze_0' is selected.
15:34:14 INFO  : 'con' command is executed.
15:34:14 INFO  : ----------------XSDB Script (After Launch)----------------
targets -set -nocase -filter {name =~ "microblaze*#0" && bscan=="USER2"  && jtag_cable_name =~ "Digilent Nexys4DDR 210292744993A"} -index 0
con
----------------End of Script----------------

15:34:14 INFO  : Launch script is exported to file 'C:\Users\labview\project_117\project_117.sdk\.sdk\launch_scripts\xilinx_c-c++_application_(system_debugger)\system_debugger_using_debug_top.elf_on_local.tcl'
15:35:01 INFO  : Disconnected from the channel tcfchan#11.
15:35:02 INFO  : 'targets -set -filter {jtag_cable_name =~ "Digilent Nexys4DDR 210292744993A" && level==0} -index 0' command is executed.
15:35:02 INFO  : 'fpga -state' command is executed.
15:35:02 INFO  : Connected to target on host '127.0.0.1' and port '3121'.
15:35:03 INFO  : Jtag cable 'Digilent Nexys4DDR 210292744993A' is selected.
15:35:03 INFO  : 'jtag frequency' command is executed.
15:35:03 INFO  : Context for processor 'microblaze_0' is selected.
15:35:03 INFO  : Processor reset is completed for 'microblaze_0'.
15:35:03 INFO  : Context for processor 'microblaze_0' is selected.
15:35:03 INFO  : The application 'C:/Users/labview/project_117/project_117.sdk/top/Debug/top.elf' is downloaded to processor 'microblaze_0'.
15:35:03 INFO  : ----------------XSDB Script----------------
connect -url tcp:127.0.0.1:3121
targets -set -nocase -filter {name =~ "microblaze*#0" && bscan=="USER2"  && jtag_cable_name =~ "Digilent Nexys4DDR 210292744993A"} -index 0
rst -processor
targets -set -nocase -filter {name =~ "microblaze*#0" && bscan=="USER2"  && jtag_cable_name =~ "Digilent Nexys4DDR 210292744993A"} -index 0
dow C:/Users/labview/project_117/project_117.sdk/top/Debug/top.elf
----------------End of Script----------------

15:35:03 INFO  : Memory regions updated for context MicroBlaze #0
15:35:03 INFO  : Memory regions updated for context MicroBlaze #0
15:35:03 INFO  : Context for processor 'microblaze_0' is selected.
15:35:03 INFO  : 'con' command is executed.
15:35:03 INFO  : ----------------XSDB Script (After Launch)----------------
targets -set -nocase -filter {name =~ "microblaze*#0" && bscan=="USER2"  && jtag_cable_name =~ "Digilent Nexys4DDR 210292744993A"} -index 0
con
----------------End of Script----------------

15:35:03 INFO  : Launch script is exported to file 'C:\Users\labview\project_117\project_117.sdk\.sdk\launch_scripts\xilinx_c-c++_application_(system_debugger)\system_debugger_using_debug_top.elf_on_local.tcl'
15:35:19 INFO  : Disconnected from the channel tcfchan#12.
15:35:20 INFO  : 'targets -set -filter {jtag_cable_name =~ "Digilent Nexys4DDR 210292744993A" && level==0} -index 0' command is executed.
15:35:20 INFO  : 'fpga -state' command is executed.
15:35:20 INFO  : Connected to target on host '127.0.0.1' and port '3121'.
15:35:20 INFO  : Jtag cable 'Digilent Nexys4DDR 210292744993A' is selected.
15:35:20 INFO  : 'jtag frequency' command is executed.
15:35:21 INFO  : Context for processor 'microblaze_0' is selected.
15:35:21 INFO  : Processor reset is completed for 'microblaze_0'.
15:35:21 INFO  : Context for processor 'microblaze_0' is selected.
15:35:21 INFO  : The application 'C:/Users/labview/project_117/project_117.sdk/top/Debug/top.elf' is downloaded to processor 'microblaze_0'.
15:35:21 INFO  : ----------------XSDB Script----------------
connect -url tcp:127.0.0.1:3121
targets -set -nocase -filter {name =~ "microblaze*#0" && bscan=="USER2"  && jtag_cable_name =~ "Digilent Nexys4DDR 210292744993A"} -index 0
rst -processor
targets -set -nocase -filter {name =~ "microblaze*#0" && bscan=="USER2"  && jtag_cable_name =~ "Digilent Nexys4DDR 210292744993A"} -index 0
dow C:/Users/labview/project_117/project_117.sdk/top/Debug/top.elf
----------------End of Script----------------

15:35:21 INFO  : Memory regions updated for context MicroBlaze #0
15:35:21 INFO  : Memory regions updated for context MicroBlaze #0
15:35:21 INFO  : Context for processor 'microblaze_0' is selected.
15:35:21 INFO  : 'con' command is executed.
15:35:21 INFO  : ----------------XSDB Script (After Launch)----------------
targets -set -nocase -filter {name =~ "microblaze*#0" && bscan=="USER2"  && jtag_cable_name =~ "Digilent Nexys4DDR 210292744993A"} -index 0
con
----------------End of Script----------------

15:35:21 INFO  : Launch script is exported to file 'C:\Users\labview\project_117\project_117.sdk\.sdk\launch_scripts\xilinx_c-c++_application_(system_debugger)\system_debugger_using_debug_top.elf_on_local.tcl'
